
============================================================
[2026-01-19T15:10:46.428497] Starting download for task 93
Command: /usr/bin/python3 main.py -c https://samsungu.udemy.com/course/chua-de-thi-jlpt-n4/ -b BXkdOY7L4dK19hrNj1GnplHFHoMbkXpiLlSn9dcU -o Staging_Download/Task_93 -q 720 --download-captions --download-assets --download-quizzes --concurrent-downloads 10 --continue-lecture-numbers
============================================================

============================================================
[LOGGING MODULE] Starting download process
============================================================
[03:10:47] [udemy-downloader] [pre_run:394] INFO: Output directory set to /root/project/server/udemy_dl/Staging_Download/Task_93
[03:10:47] [udemy-downloader] [pre_run:404] WARNING: > Keyfile not found! You won't be able to decrypt any encrypted videos!
[03:10:47] [udemy-downloader] [visit:1203] INFO: Visit request successful
[03:10:47] [udemy-downloader] [main:2044] INFO: > Fetching course information, this may take a minute...
[03:10:48] [udemy-downloader] [_handle_pagination:914] INFO: > Downloading data page 2/2
[03:10:50] [udemy-downloader] [main:2047] INFO: > Course information retrieved!
[03:10:50] [udemy-downloader] [main:2052] INFO: > Fetching course curriculum, this may take a minute...
[03:10:52] [udemy-downloader] [main:2076] INFO: > Course curriculum retrieved!
[03:10:52] [udemy-downloader] [main:2107] INFO: > Processing course data, this may take a minute. 
[03:10:52] [udemy-downloader] [main:2151] INFO: Processing 2 of 31
[03:10:52] [udemy-downloader] [main:2151] INFO: Processing 4 of 31
[03:10:52] [udemy-downloader] [main:2151] INFO: Processing 5 of 31
[03:10:52] [udemy-downloader] [main:2151] INFO: Processing 6 of 31
[03:10:52] [udemy-downloader] [main:2151] INFO: Processing 7 of 31
[03:10:52] [udemy-downloader] [main:2151] INFO: Processing 8 of 31
[03:10:52] [udemy-downloader] [main:2151] INFO: Processing 9 of 31
[03:10:52] [udemy-downloader] [main:2151] INFO: Processing 11 of 31
[03:10:52] [udemy-downloader] [main:2151] INFO: Processing 12 of 31
[03:10:52] [udemy-downloader] [main:2151] INFO: Processing 13 of 31
[03:10:52] [udemy-downloader] [main:2151] INFO: Processing 14 of 31
[03:10:52] [udemy-downloader] [main:2151] INFO: Processing 15 of 31
[03:10:52] [udemy-downloader] [main:2151] INFO: Processing 16 of 31
[03:10:52] [udemy-downloader] [main:2151] INFO: Processing 17 of 31
[03:10:52] [udemy-downloader] [main:2151] INFO: Processing 18 of 31
[03:10:52] [udemy-downloader] [main:2151] INFO: Processing 19 of 31
[03:10:52] [udemy-downloader] [main:2151] INFO: Processing 20 of 31
[03:10:52] [udemy-downloader] [main:2151] INFO: Processing 21 of 31
[03:10:52] [udemy-downloader] [main:2151] INFO: Processing 23 of 31
[03:10:52] [udemy-downloader] [main:2151] INFO: Processing 24 of 31
[03:10:52] [udemy-downloader] [main:2151] INFO: Processing 25 of 31
[03:10:52] [udemy-downloader] [main:2151] INFO: Processing 26 of 31
[03:10:52] [udemy-downloader] [main:2151] INFO: Processing 27 of 31
[03:10:52] [udemy-downloader] [main:2151] INFO: Processing 28 of 31
[03:10:52] [udemy-downloader] [main:2151] INFO: Processing 29 of 31
[03:10:52] [udemy-downloader] [main:2151] INFO: Processing 30 of 31
[03:10:52] [udemy-downloader] [main:2151] INFO: Processing 31 of 31
[03:10:52] [udemy-downloader] [parse_new:1731] INFO: Chapter(s) (4)
[03:10:52] [udemy-downloader] [parse_new:1732] INFO: Lecture(s) (27)
[03:10:52] [udemy-downloader] [parse_new:1754] INFO: ======= Processing chapter 1 of 4 =======
[03:10:58] [udemy-downloader] [parse_new:1782] INFO:   > Processing lecture 1 of 27
[03:10:58] [udemy-downloader] [process_lecture:1598] INFO:       > Lecture doesn't have DRM, attempting to download...
[03:10:58] [udemy-downloader] [process_lecture:1603] INFO:       ====== Selected quality: video 720
[03:11:00] [udemy-downloader] [parse_new:1808] INFO: Processing 0 caption(s)...
[03:11:00] [udemy-downloader] [parse_new:1822] INFO:     > Processing 0 asset(s) for lecture...
[03:11:00] [udemy-downloader] [parse_new:1754] INFO: ======= Processing chapter 2 of 4 =======
[03:11:04] [udemy-downloader] [parse_new:1782] INFO:   > Processing lecture 2 of 27
[03:11:04] [udemy-downloader] [process_lecture:1598] INFO:       > Lecture doesn't have DRM, attempting to download...
[03:11:04] [udemy-downloader] [process_lecture:1603] INFO:       ====== Selected quality: video 720
[03:11:06] [udemy-downloader] [parse_new:1808] INFO: Processing 0 caption(s)...
[03:11:06] [udemy-downloader] [parse_new:1822] INFO:     > Processing 0 asset(s) for lecture...
[03:11:11] [udemy-downloader] [parse_new:1782] INFO:   > Processing lecture 3 of 27
[03:11:11] [udemy-downloader] [process_lecture:1598] INFO:       > Lecture doesn't have DRM, attempting to download...
[03:11:11] [udemy-downloader] [process_lecture:1603] INFO:       ====== Selected quality: video 720
[03:11:14] [udemy-downloader] [parse_new:1808] INFO: Processing 0 caption(s)...
[03:11:14] [udemy-downloader] [parse_new:1822] INFO:     > Processing 0 asset(s) for lecture...
[03:11:17] [udemy-downloader] [parse_new:1782] INFO:   > Processing lecture 4 of 27
[03:11:17] [udemy-downloader] [process_lecture:1598] INFO:       > Lecture doesn't have DRM, attempting to download...
[03:11:17] [udemy-downloader] [process_lecture:1603] INFO:       ====== Selected quality: video 720
[03:11:20] [udemy-downloader] [parse_new:1808] INFO: Processing 0 caption(s)...
[03:11:20] [udemy-downloader] [parse_new:1822] INFO:     > Processing 0 asset(s) for lecture...
[03:11:25] [udemy-downloader] [parse_new:1782] INFO:   > Processing lecture 5 of 27
[03:11:25] [udemy-downloader] [process_lecture:1598] INFO:       > Lecture doesn't have DRM, attempting to download...
[03:11:25] [udemy-downloader] [process_lecture:1603] INFO:       ====== Selected quality: video 720
[03:11:28] [udemy-downloader] [parse_new:1808] INFO: Processing 0 caption(s)...
[03:11:28] [udemy-downloader] [parse_new:1822] INFO:     > Processing 0 asset(s) for lecture...
[03:11:33] [udemy-downloader] [parse_new:1782] INFO:   > Processing lecture 6 of 27
[03:11:33] [udemy-downloader] [process_lecture:1598] INFO:       > Lecture doesn't have DRM, attempting to download...
[03:11:33] [udemy-downloader] [process_lecture:1603] INFO:       ====== Selected quality: video 720
[03:11:35] [udemy-downloader] [parse_new:1808] INFO: Processing 0 caption(s)...
[03:11:35] [udemy-downloader] [parse_new:1822] INFO:     > Processing 0 asset(s) for lecture...
[03:11:40] [udemy-downloader] [parse_new:1782] INFO:   > Processing lecture 7 of 27
[03:11:40] [udemy-downloader] [process_lecture:1598] INFO:       > Lecture doesn't have DRM, attempting to download...
[03:11:40] [udemy-downloader] [process_lecture:1603] INFO:       ====== Selected quality: video 720
[03:11:43] [udemy-downloader] [parse_new:1808] INFO: Processing 0 caption(s)...
[03:11:43] [udemy-downloader] [parse_new:1822] INFO:     > Processing 0 asset(s) for lecture...
[03:11:43] [udemy-downloader] [parse_new:1754] INFO: ======= Processing chapter 3 of 4 =======
[03:11:47] [udemy-downloader] [parse_new:1782] INFO:   > Processing lecture 8 of 27
[03:11:47] [udemy-downloader] [process_lecture:1598] INFO:       > Lecture doesn't have DRM, attempting to download...
[03:11:47] [udemy-downloader] [process_lecture:1603] INFO:       ====== Selected quality: video 720
[03:11:50] [udemy-downloader] [parse_new:1808] INFO: Processing 0 caption(s)...
[03:11:50] [udemy-downloader] [parse_new:1822] INFO:     > Processing 0 asset(s) for lecture...
[03:11:54] [udemy-downloader] [parse_new:1782] INFO:   > Processing lecture 9 of 27
[03:11:54] [udemy-downloader] [process_lecture:1598] INFO:       > Lecture doesn't have DRM, attempting to download...
[03:11:54] [udemy-downloader] [process_lecture:1603] INFO:       ====== Selected quality: video 720
[03:11:56] [udemy-downloader] [parse_new:1808] INFO: Processing 0 caption(s)...
[03:11:56] [udemy-downloader] [parse_new:1822] INFO:     > Processing 0 asset(s) for lecture...
[03:12:02] [udemy-downloader] [parse_new:1782] INFO:   > Processing lecture 10 of 27
[03:12:02] [udemy-downloader] [process_lecture:1598] INFO:       > Lecture doesn't have DRM, attempting to download...
[03:12:02] [udemy-downloader] [process_lecture:1603] INFO:       ====== Selected quality: video 720
[03:12:04] [udemy-downloader] [parse_new:1808] INFO: Processing 0 caption(s)...
[03:12:04] [udemy-downloader] [parse_new:1822] INFO:     > Processing 0 asset(s) for lecture...
[03:12:07] [udemy-downloader] [parse_new:1782] INFO:   > Processing lecture 11 of 27
[03:12:07] [udemy-downloader] [process_lecture:1598] INFO:       > Lecture doesn't have DRM, attempting to download...
[03:12:07] [udemy-downloader] [process_lecture:1603] INFO:       ====== Selected quality: video 720
[03:12:10] [udemy-downloader] [parse_new:1808] INFO: Processing 0 caption(s)...
[03:12:10] [udemy-downloader] [parse_new:1822] INFO:     > Processing 0 asset(s) for lecture...
[03:12:14] [udemy-downloader] [parse_new:1782] INFO:   > Processing lecture 12 of 27
[03:12:14] [udemy-downloader] [process_lecture:1598] INFO:       > Lecture doesn't have DRM, attempting to download...
[03:12:14] [udemy-downloader] [process_lecture:1603] INFO:       ====== Selected quality: video 720
[03:12:16] [udemy-downloader] [parse_new:1808] INFO: Processing 0 caption(s)...
[03:12:16] [udemy-downloader] [parse_new:1822] INFO:     > Processing 0 asset(s) for lecture...
[03:12:19] [udemy-downloader] [parse_new:1782] INFO:   > Processing lecture 13 of 27
[03:12:19] [udemy-downloader] [process_lecture:1598] INFO:       > Lecture doesn't have DRM, attempting to download...
[03:12:19] [udemy-downloader] [process_lecture:1603] INFO:       ====== Selected quality: video 720
[03:12:22] [udemy-downloader] [parse_new:1808] INFO: Processing 0 caption(s)...
[03:12:22] [udemy-downloader] [parse_new:1822] INFO:     > Processing 0 asset(s) for lecture...
[03:12:27] [udemy-downloader] [parse_new:1782] INFO:   > Processing lecture 14 of 27
[03:12:27] [udemy-downloader] [process_lecture:1598] INFO:       > Lecture doesn't have DRM, attempting to download...
[03:12:27] [udemy-downloader] [process_lecture:1603] INFO:       ====== Selected quality: video 720
[03:12:28] [udemy-downloader] [parse_new:1808] INFO: Processing 0 caption(s)...
[03:12:28] [udemy-downloader] [parse_new:1822] INFO:     > Processing 0 asset(s) for lecture...
[03:12:31] [udemy-downloader] [parse_new:1782] INFO:   > Processing lecture 15 of 27
[03:12:31] [udemy-downloader] [process_lecture:1598] INFO:       > Lecture doesn't have DRM, attempting to download...
[03:12:31] [udemy-downloader] [process_lecture:1603] INFO:       ====== Selected quality: video 720
[03:12:33] [udemy-downloader] [parse_new:1808] INFO: Processing 0 caption(s)...
[03:12:33] [udemy-downloader] [parse_new:1822] INFO:     > Processing 0 asset(s) for lecture...
[03:12:38] [udemy-downloader] [parse_new:1782] INFO:   > Processing lecture 16 of 27
[03:12:38] [udemy-downloader] [process_lecture:1598] INFO:       > Lecture doesn't have DRM, attempting to download...
[03:12:38] [udemy-downloader] [process_lecture:1603] INFO:       ====== Selected quality: video 720
[03:12:40] [udemy-downloader] [parse_new:1808] INFO: Processing 0 caption(s)...
[03:12:40] [udemy-downloader] [parse_new:1822] INFO:     > Processing 0 asset(s) for lecture...
[03:12:43] [udemy-downloader] [parse_new:1782] INFO:   > Processing lecture 17 of 27
[03:12:43] [udemy-downloader] [process_lecture:1598] INFO:       > Lecture doesn't have DRM, attempting to download...
[03:12:43] [udemy-downloader] [process_lecture:1603] INFO:       ====== Selected quality: video 720
[03:12:45] [udemy-downloader] [parse_new:1808] INFO: Processing 0 caption(s)...
[03:12:45] [udemy-downloader] [parse_new:1822] INFO:     > Processing 0 asset(s) for lecture...
[03:12:49] [udemy-downloader] [parse_new:1782] INFO:   > Processing lecture 18 of 27
[03:12:49] [udemy-downloader] [process_lecture:1598] INFO:       > Lecture doesn't have DRM, attempting to download...
[03:12:49] [udemy-downloader] [process_lecture:1603] INFO:       ====== Selected quality: video 720
[03:12:53] [udemy-downloader] [parse_new:1808] INFO: Processing 0 caption(s)...
[03:12:53] [udemy-downloader] [parse_new:1822] INFO:     > Processing 0 asset(s) for lecture...
[03:12:53] [udemy-downloader] [parse_new:1754] INFO: ======= Processing chapter 4 of 4 =======
[03:12:57] [udemy-downloader] [parse_new:1782] INFO:   > Processing lecture 19 of 27
[03:12:57] [udemy-downloader] [process_lecture:1598] INFO:       > Lecture doesn't have DRM, attempting to download...
[03:12:57] [udemy-downloader] [process_lecture:1603] INFO:       ====== Selected quality: video 720
[03:12:59] [udemy-downloader] [parse_new:1808] INFO: Processing 0 caption(s)...
[03:12:59] [udemy-downloader] [parse_new:1822] INFO:     > Processing 0 asset(s) for lecture...
[03:13:04] [udemy-downloader] [parse_new:1782] INFO:   > Processing lecture 20 of 27
[03:13:04] [udemy-downloader] [process_lecture:1598] INFO:       > Lecture doesn't have DRM, attempting to download...
[03:13:04] [udemy-downloader] [process_lecture:1603] INFO:       ====== Selected quality: video 720
[03:13:06] [udemy-downloader] [parse_new:1808] INFO: Processing 0 caption(s)...
[03:13:06] [udemy-downloader] [parse_new:1822] INFO:     > Processing 0 asset(s) for lecture...
[03:13:09] [udemy-downloader] [parse_new:1782] INFO:   > Processing lecture 21 of 27
[03:13:09] [udemy-downloader] [process_lecture:1598] INFO:       > Lecture doesn't have DRM, attempting to download...
[03:13:09] [udemy-downloader] [process_lecture:1603] INFO:       ====== Selected quality: video 720
[03:13:11] [udemy-downloader] [parse_new:1808] INFO: Processing 0 caption(s)...
[03:13:11] [udemy-downloader] [parse_new:1822] INFO:     > Processing 0 asset(s) for lecture...
[03:13:15] [udemy-downloader] [parse_new:1782] INFO:   > Processing lecture 22 of 27
[03:13:15] [udemy-downloader] [process_lecture:1598] INFO:       > Lecture doesn't have DRM, attempting to download...
[03:13:15] [udemy-downloader] [process_lecture:1603] INFO:       ====== Selected quality: video 720
[03:13:17] [udemy-downloader] [parse_new:1808] INFO: Processing 0 caption(s)...
[03:13:17] [udemy-downloader] [parse_new:1822] INFO:     > Processing 0 asset(s) for lecture...
[03:13:20] [udemy-downloader] [parse_new:1782] INFO:   > Processing lecture 23 of 27
[03:13:20] [udemy-downloader] [process_lecture:1598] INFO:       > Lecture doesn't have DRM, attempting to download...
[03:13:20] [udemy-downloader] [process_lecture:1603] INFO:       ====== Selected quality: video 720
[03:13:23] [udemy-downloader] [parse_new:1808] INFO: Processing 0 caption(s)...
[03:13:23] [udemy-downloader] [parse_new:1822] INFO:     > Processing 0 asset(s) for lecture...
[03:13:27] [udemy-downloader] [parse_new:1782] INFO:   > Processing lecture 24 of 27
[03:13:27] [udemy-downloader] [process_lecture:1598] INFO:       > Lecture doesn't have DRM, attempting to download...
[03:13:27] [udemy-downloader] [process_lecture:1603] INFO:       ====== Selected quality: video 720
[03:13:30] [udemy-downloader] [parse_new:1808] INFO: Processing 0 caption(s)...
[03:13:30] [udemy-downloader] [parse_new:1822] INFO:     > Processing 0 asset(s) for lecture...
[03:13:34] [udemy-downloader] [parse_new:1782] INFO:   > Processing lecture 25 of 27
[03:13:34] [udemy-downloader] [process_lecture:1598] INFO:       > Lecture doesn't have DRM, attempting to download...
[03:13:34] [udemy-downloader] [process_lecture:1603] INFO:       ====== Selected quality: video 720
[03:13:36] [udemy-downloader] [parse_new:1808] INFO: Processing 0 caption(s)...
[03:13:36] [udemy-downloader] [parse_new:1822] INFO:     > Processing 0 asset(s) for lecture...
[03:13:41] [udemy-downloader] [parse_new:1782] INFO:   > Processing lecture 26 of 27
[03:13:41] [udemy-downloader] [process_lecture:1598] INFO:       > Lecture doesn't have DRM, attempting to download...
[03:13:41] [udemy-downloader] [process_lecture:1603] INFO:       ====== Selected quality: video 720
[03:13:43] [udemy-downloader] [parse_new:1808] INFO: Processing 0 caption(s)...
[03:13:43] [udemy-downloader] [parse_new:1822] INFO:     > Processing 0 asset(s) for lecture...
[03:13:47] [udemy-downloader] [parse_new:1782] INFO:   > Processing lecture 27 of 27
[03:13:47] [udemy-downloader] [process_lecture:1598] INFO:       > Lecture doesn't have DRM, attempting to download...
[03:13:47] [udemy-downloader] [process_lecture:1603] INFO:       ====== Selected quality: video 720
[03:13:48] [udemy-downloader] [parse_new:1808] INFO: Processing 0 caption(s)...
[03:13:48] [udemy-downloader] [parse_new:1822] INFO:     > Processing 0 asset(s) for lecture...
