{"timestamp":"2026-01-15T09:25:01.832Z","level":"info","category":"download","source":"python_worker","orderId":20,"taskId":29,"message":"Download started","details":{"courseUrl":"https://samsungu.udemy.com/course/sinavlar-ve-mulakatlar-icin-html5-ve-css3-deneme-sinavlari/"},"progress":null,"currentFile":null,"stack":null,"metadata":null}
{"timestamp":"2026-01-15T09:25:01.874Z","level":"info","category":"download","source":"python_worker","orderId":20,"taskId":29,"message":"Download progress: 30% (Downloading course content...)","details":{"attempt":1},"progress":30,"currentFile":"Downloading course content...","stack":null,"metadata":null}

============================================================
[2026-01-15T16:25:01.882876] Starting download for task 29
Command: /usr/bin/python3 main.py -c https://samsungu.udemy.com/course/sinavlar-ve-mulakatlar-icin-html5-ve-css3-deneme-sinavlari/ -b BXkdOY7L4dK19hrNj1GnplHFHoMbkXpiLlSn9dcU -o Staging_Download/Task_29 -q 720 --download-captions --download-assets --download-quizzes --concurrent-downloads 10 --continue-lecture-numbers
============================================================

============================================================
[LOGGING MODULE] Starting download process
============================================================
[32m[04:25:02][0m [34m[udemy-downloader][0m [pre_run:394] [1;30mINFO:[0m Output directory set to /root/project/server/udemy_dl/Staging_Download/Task_29
[04:25:02] [udemy-downloader] [pre_run:394] INFO: Output directory set to /root/project/server/udemy_dl/Staging_Download/Task_29
[32m[04:25:02][0m [34m[udemy-downloader][0m [pre_run:404] [1;30mWARNING:[0m [33m> Keyfile not found! You won't be able to decrypt any encrypted videos![0m
[04:25:02] [udemy-downloader] [pre_run:404] WARNING: > Keyfile not found! You won't be able to decrypt any encrypted videos!
[32m[04:25:04][0m [34m[udemy-downloader][0m [visit:1203] [1;30mINFO:[0m Visit request successful
[04:25:04] [udemy-downloader] [visit:1203] INFO: Visit request successful
[32m[04:25:04][0m [34m[udemy-downloader][0m [main:2044] [1;30mINFO:[0m > Fetching course information, this may take a minute...
[04:25:04] [udemy-downloader] [main:2044] INFO: > Fetching course information, this may take a minute...
[32m[04:25:04][0m [34m[udemy-downloader][0m [_handle_pagination:914] [1;30mINFO:[0m > Downloading data page 2/2
[04:25:04] [udemy-downloader] [_handle_pagination:914] INFO: > Downloading data page 2/2
[32m[04:25:05][0m [34m[udemy-downloader][0m [main:2047] [1;30mINFO:[0m > Course information retrieved!
[04:25:05] [udemy-downloader] [main:2047] INFO: > Course information retrieved!
[32m[04:25:05][0m [34m[udemy-downloader][0m [main:2052] [1;30mINFO:[0m > Fetching course curriculum, this may take a minute...
[04:25:05] [udemy-downloader] [main:2052] INFO: > Fetching course curriculum, this may take a minute...
[32m[04:25:06][0m [34m[udemy-downloader][0m [main:2076] [1;30mINFO:[0m > Course curriculum retrieved!
[04:25:06] [udemy-downloader] [main:2076] INFO: > Course curriculum retrieved!
[32m[04:25:06][0m [34m[udemy-downloader][0m [main:2107] [1;30mINFO:[0m > Processing course data, this may take a minute. 
[04:25:06] [udemy-downloader] [main:2107] INFO: > Processing course data, this may take a minute. 
[32m[04:25:06][0m [34m[udemy-downloader][0m [main:2187] [1;30mINFO:[0m Processing 1 of 6
[04:25:06] [udemy-downloader] [main:2187] INFO: Processing 1 of 6
[32m[04:25:06][0m [34m[udemy-downloader][0m [main:2187] [1;30mINFO:[0m Processing 2 of 6
[04:25:06] [udemy-downloader] [main:2187] INFO: Processing 2 of 6
[32m[04:25:06][0m [34m[udemy-downloader][0m [main:2187] [1;30mINFO:[0m Processing 3 of 6
[04:25:06] [udemy-downloader] [main:2187] INFO: Processing 3 of 6
[32m[04:25:06][0m [34m[udemy-downloader][0m [main:2187] [1;30mINFO:[0m Processing 4 of 6
[04:25:06] [udemy-downloader] [main:2187] INFO: Processing 4 of 6
[32m[04:25:06][0m [34m[udemy-downloader][0m [main:2187] [1;30mINFO:[0m Processing 5 of 6
[04:25:06] [udemy-downloader] [main:2187] INFO: Processing 5 of 6
[32m[04:25:06][0m [34m[udemy-downloader][0m [main:2187] [1;30mINFO:[0m Processing 6 of 6
[04:25:06] [udemy-downloader] [main:2187] INFO: Processing 6 of 6
[32m[04:25:06][0m [34m[udemy-downloader][0m [parse_new:1731] [1;30mINFO:[0m Chapter(s) (1)
[04:25:06] [udemy-downloader] [parse_new:1731] INFO: Chapter(s) (1)
[32m[04:25:06][0m [34m[udemy-downloader][0m [parse_new:1732] [1;30mINFO:[0m Lecture(s) (6)
[04:25:06] [udemy-downloader] [parse_new:1732] INFO: Lecture(s) (6)
[32m[04:25:06][0m [34m[udemy-downloader][0m [parse_new:1754] [1;30mINFO:[0m ======= Processing chapter 1 of 1 =======
[04:25:06] [udemy-downloader] [parse_new:1754] INFO: ======= Processing chapter 1 of 1 =======
[32m[04:25:06][0m [34m[udemy-downloader][0m [process_normal_quiz:1687] [1;30mINFO:[0m   > Processing quiz 1
[04:25:06] [udemy-downloader] [process_normal_quiz:1687] INFO:   > Processing quiz 1
[32m[04:25:07][0m [34m[udemy-downloader][0m [process_normal_quiz:1687] [1;30mINFO:[0m   > Processing quiz 2
[04:25:07] [udemy-downloader] [process_normal_quiz:1687] INFO:   > Processing quiz 2
[32m[04:25:07][0m [34m[udemy-downloader][0m [process_normal_quiz:1687] [1;30mINFO:[0m   > Processing quiz 3
[04:25:07] [udemy-downloader] [process_normal_quiz:1687] INFO:   > Processing quiz 3
[32m[04:25:08][0m [34m[udemy-downloader][0m [process_normal_quiz:1687] [1;30mINFO:[0m   > Processing quiz 4
[04:25:08] [udemy-downloader] [process_normal_quiz:1687] INFO:   > Processing quiz 4
[32m[04:25:09][0m [34m[udemy-downloader][0m [process_normal_quiz:1687] [1;30mINFO:[0m   > Processing quiz 5
[04:25:09] [udemy-downloader] [process_normal_quiz:1687] INFO:   > Processing quiz 5
[32m[04:25:09][0m [34m[udemy-downloader][0m [process_normal_quiz:1687] [1;30mINFO:[0m   > Processing quiz 6
[04:25:09] [udemy-downloader] [process_normal_quiz:1687] INFO:   > Processing quiz 6
{"timestamp":"2026-01-15T09:25:09.937Z","level":"info","category":"download","source":"python_worker","orderId":20,"taskId":29,"message":"Download progress: 70% (Download completed, preparing upload...)","details":{"duration":8,"attempt":1},"progress":70,"currentFile":"Download completed, preparing upload...","stack":null,"metadata":null}
{"timestamp":"2026-01-15T09:25:40.994Z","level":"info","category":"download","source":"python_worker","orderId":20,"taskId":29,"message":"Download progress: 100% (Task completed successfully!)","details":{"duration":39,"folderName":"sinavlar-ve-mulakatlar-icin-html5-ve-css3-deneme-sinavlari"},"progress":100,"currentFile":"Task completed successfully!","stack":null,"metadata":null}
