
============================================================
[2026-01-18T21:55:39.537755] Starting download for task 72
Command: /usr/bin/python3 main.py -c https://samsungu.udemy.com/course/huong-dan-chua-e-thi-tieng-nhat-cap-do-n5-jlpt/ -b BXkdOY7L4dK19hrNj1GnplHFHoMbkXpiLlSn9dcU -o Staging_Download/Task_72 -q 720 --download-captions --download-assets --download-quizzes --concurrent-downloads 10 --continue-lecture-numbers
============================================================

============================================================
[LOGGING MODULE] Starting download process
============================================================
[09:55:40] [udemy-downloader] [pre_run:394] INFO: Output directory set to /root/project/server/udemy_dl/Staging_Download/Task_72
[09:55:40] [udemy-downloader] [pre_run:404] WARNING: > Keyfile not found! You won't be able to decrypt any encrypted videos!
[09:55:41] [udemy-downloader] [visit:1203] INFO: Visit request successful
[09:55:41] [udemy-downloader] [main:2044] INFO: > Fetching course information, this may take a minute...
[09:55:42] [udemy-downloader] [_handle_pagination:914] INFO: > Downloading data page 2/2
[09:55:43] [udemy-downloader] [main:2047] INFO: > Course information retrieved!
[09:55:43] [udemy-downloader] [main:2052] INFO: > Fetching course curriculum, this may take a minute...
[09:55:46] [udemy-downloader] [main:2076] INFO: > Course curriculum retrieved!
[09:55:46] [udemy-downloader] [main:2107] INFO: > Processing course data, this may take a minute. 
[09:55:46] [udemy-downloader] [main:2151] INFO: Processing 2 of 33
[09:55:46] [udemy-downloader] [main:2151] INFO: Processing 4 of 33
[09:55:46] [udemy-downloader] [main:2151] INFO: Processing 5 of 33
[09:55:46] [udemy-downloader] [main:2151] INFO: Processing 6 of 33
[09:55:46] [udemy-downloader] [main:2151] INFO: Processing 7 of 33
[09:55:46] [udemy-downloader] [main:2151] INFO: Processing 8 of 33
[09:55:46] [udemy-downloader] [main:2151] INFO: Processing 9 of 33
[09:55:46] [udemy-downloader] [main:2151] INFO: Processing 11 of 33
[09:55:46] [udemy-downloader] [main:2151] INFO: Processing 12 of 33
[09:55:46] [udemy-downloader] [main:2151] INFO: Processing 13 of 33
[09:55:46] [udemy-downloader] [main:2151] INFO: Processing 14 of 33
[09:55:46] [udemy-downloader] [main:2151] INFO: Processing 15 of 33
[09:55:46] [udemy-downloader] [main:2151] INFO: Processing 16 of 33
[09:55:46] [udemy-downloader] [main:2151] INFO: Processing 17 of 33
[09:55:46] [udemy-downloader] [main:2151] INFO: Processing 18 of 33
[09:55:46] [udemy-downloader] [main:2151] INFO: Processing 19 of 33
[09:55:46] [udemy-downloader] [main:2151] INFO: Processing 20 of 33
[09:55:46] [udemy-downloader] [main:2151] INFO: Processing 22 of 33
[09:55:46] [udemy-downloader] [main:2151] INFO: Processing 23 of 33
[09:55:46] [udemy-downloader] [main:2151] INFO: Processing 24 of 33
[09:55:46] [udemy-downloader] [main:2151] INFO: Processing 25 of 33
[09:55:46] [udemy-downloader] [main:2151] INFO: Processing 26 of 33
[09:55:46] [udemy-downloader] [main:2151] INFO: Processing 27 of 33
[09:55:46] [udemy-downloader] [main:2151] INFO: Processing 28 of 33
[09:55:46] [udemy-downloader] [main:2151] INFO: Processing 29 of 33
[09:55:46] [udemy-downloader] [main:2151] INFO: Processing 30 of 33
[09:55:46] [udemy-downloader] [main:2151] INFO: Processing 31 of 33
[09:55:46] [udemy-downloader] [main:2151] INFO: Processing 32 of 33
[09:55:46] [udemy-downloader] [main:2151] INFO: Processing 33 of 33
[09:55:46] [udemy-downloader] [parse_new:1731] INFO: Chapter(s) (4)
[09:55:46] [udemy-downloader] [parse_new:1732] INFO: Lecture(s) (29)
[09:55:46] [udemy-downloader] [parse_new:1754] INFO: ======= Processing chapter 1 of 4 =======
[09:55:51] [udemy-downloader] [parse_new:1782] INFO:   > Processing lecture 1 of 29
[09:55:51] [udemy-downloader] [process_lecture:1598] INFO:       > Lecture doesn't have DRM, attempting to download...
[09:55:51] [udemy-downloader] [process_lecture:1603] INFO:       ====== Selected quality: video 720
[09:55:53] [udemy-downloader] [parse_new:1808] INFO: Processing 0 caption(s)...
[09:55:53] [udemy-downloader] [parse_new:1822] INFO:     > Processing 0 asset(s) for lecture...
[09:55:53] [udemy-downloader] [parse_new:1754] INFO: ======= Processing chapter 2 of 4 =======
[09:55:58] [udemy-downloader] [parse_new:1782] INFO:   > Processing lecture 2 of 29
[09:55:58] [udemy-downloader] [process_lecture:1598] INFO:       > Lecture doesn't have DRM, attempting to download...
[09:55:58] [udemy-downloader] [process_lecture:1603] INFO:       ====== Selected quality: video 720
[09:55:59] [udemy-downloader] [parse_new:1808] INFO: Processing 0 caption(s)...
[09:55:59] [udemy-downloader] [parse_new:1822] INFO:     > Processing 0 asset(s) for lecture...
[09:56:04] [udemy-downloader] [parse_new:1782] INFO:   > Processing lecture 3 of 29
[09:56:04] [udemy-downloader] [process_lecture:1598] INFO:       > Lecture doesn't have DRM, attempting to download...
[09:56:04] [udemy-downloader] [process_lecture:1603] INFO:       ====== Selected quality: video 720
[09:56:06] [udemy-downloader] [parse_new:1808] INFO: Processing 0 caption(s)...
[09:56:06] [udemy-downloader] [parse_new:1822] INFO:     > Processing 0 asset(s) for lecture...
[09:56:10] [udemy-downloader] [parse_new:1782] INFO:   > Processing lecture 4 of 29
[09:56:10] [udemy-downloader] [process_lecture:1598] INFO:       > Lecture doesn't have DRM, attempting to download...
[09:56:10] [udemy-downloader] [process_lecture:1603] INFO:       ====== Selected quality: video 720
[09:56:14] [udemy-downloader] [parse_new:1808] INFO: Processing 0 caption(s)...
[09:56:14] [udemy-downloader] [parse_new:1822] INFO:     > Processing 0 asset(s) for lecture...
[09:56:19] [udemy-downloader] [parse_new:1782] INFO:   > Processing lecture 5 of 29
[09:56:19] [udemy-downloader] [process_lecture:1598] INFO:       > Lecture doesn't have DRM, attempting to download...
[09:56:19] [udemy-downloader] [process_lecture:1603] INFO:       ====== Selected quality: video 720
[09:56:21] [udemy-downloader] [parse_new:1808] INFO: Processing 0 caption(s)...
[09:56:21] [udemy-downloader] [parse_new:1822] INFO:     > Processing 0 asset(s) for lecture...
[09:56:25] [udemy-downloader] [parse_new:1782] INFO:   > Processing lecture 6 of 29
[09:56:25] [udemy-downloader] [process_lecture:1598] INFO:       > Lecture doesn't have DRM, attempting to download...
[09:56:25] [udemy-downloader] [process_lecture:1603] INFO:       ====== Selected quality: video 720
[09:56:26] [udemy-downloader] [parse_new:1808] INFO: Processing 0 caption(s)...
[09:56:26] [udemy-downloader] [parse_new:1822] INFO:     > Processing 0 asset(s) for lecture...
[09:56:31] [udemy-downloader] [parse_new:1782] INFO:   > Processing lecture 7 of 29
[09:56:31] [udemy-downloader] [process_lecture:1598] INFO:       > Lecture doesn't have DRM, attempting to download...
[09:56:31] [udemy-downloader] [process_lecture:1603] INFO:       ====== Selected quality: video 720
[09:56:33] [udemy-downloader] [parse_new:1808] INFO: Processing 0 caption(s)...
[09:56:33] [udemy-downloader] [parse_new:1822] INFO:     > Processing 0 asset(s) for lecture...
[09:56:33] [udemy-downloader] [parse_new:1754] INFO: ======= Processing chapter 3 of 4 =======
[09:56:38] [udemy-downloader] [parse_new:1782] INFO:   > Processing lecture 8 of 29
[09:56:38] [udemy-downloader] [process_lecture:1598] INFO:       > Lecture doesn't have DRM, attempting to download...
[09:56:38] [udemy-downloader] [process_lecture:1603] INFO:       ====== Selected quality: video 720
[09:56:40] [udemy-downloader] [parse_new:1808] INFO: Processing 0 caption(s)...
[09:56:40] [udemy-downloader] [parse_new:1822] INFO:     > Processing 0 asset(s) for lecture...
[09:56:45] [udemy-downloader] [parse_new:1782] INFO:   > Processing lecture 9 of 29
[09:56:45] [udemy-downloader] [process_lecture:1598] INFO:       > Lecture doesn't have DRM, attempting to download...
[09:56:45] [udemy-downloader] [process_lecture:1603] INFO:       ====== Selected quality: video 720
[09:56:48] [udemy-downloader] [parse_new:1808] INFO: Processing 0 caption(s)...
[09:56:48] [udemy-downloader] [parse_new:1822] INFO:     > Processing 0 asset(s) for lecture...
[09:56:53] [udemy-downloader] [parse_new:1782] INFO:   > Processing lecture 10 of 29
[09:56:53] [udemy-downloader] [process_lecture:1598] INFO:       > Lecture doesn't have DRM, attempting to download...
[09:56:53] [udemy-downloader] [process_lecture:1603] INFO:       ====== Selected quality: video 720
[09:56:55] [udemy-downloader] [parse_new:1808] INFO: Processing 0 caption(s)...
[09:56:55] [udemy-downloader] [parse_new:1822] INFO:     > Processing 0 asset(s) for lecture...
[09:57:01] [udemy-downloader] [parse_new:1782] INFO:   > Processing lecture 11 of 29
[09:57:01] [udemy-downloader] [process_lecture:1598] INFO:       > Lecture doesn't have DRM, attempting to download...
[09:57:01] [udemy-downloader] [process_lecture:1603] INFO:       ====== Selected quality: video 720
[09:57:02] [udemy-downloader] [parse_new:1808] INFO: Processing 0 caption(s)...
[09:57:02] [udemy-downloader] [parse_new:1822] INFO:     > Processing 0 asset(s) for lecture...
[09:57:06] [udemy-downloader] [parse_new:1782] INFO:   > Processing lecture 12 of 29
[09:57:06] [udemy-downloader] [process_lecture:1598] INFO:       > Lecture doesn't have DRM, attempting to download...
[09:57:06] [udemy-downloader] [process_lecture:1603] INFO:       ====== Selected quality: video 720
[09:57:08] [udemy-downloader] [parse_new:1808] INFO: Processing 0 caption(s)...
[09:57:08] [udemy-downloader] [parse_new:1822] INFO:     > Processing 0 asset(s) for lecture...
[09:57:12] [udemy-downloader] [parse_new:1782] INFO:   > Processing lecture 13 of 29
[09:57:12] [udemy-downloader] [process_lecture:1598] INFO:       > Lecture doesn't have DRM, attempting to download...
[09:57:12] [udemy-downloader] [process_lecture:1603] INFO:       ====== Selected quality: video 720
[09:57:14] [udemy-downloader] [parse_new:1808] INFO: Processing 0 caption(s)...
[09:57:14] [udemy-downloader] [parse_new:1822] INFO:     > Processing 0 asset(s) for lecture...
[09:57:18] [udemy-downloader] [parse_new:1782] INFO:   > Processing lecture 14 of 29
[09:57:18] [udemy-downloader] [process_lecture:1598] INFO:       > Lecture doesn't have DRM, attempting to download...
[09:57:18] [udemy-downloader] [process_lecture:1603] INFO:       ====== Selected quality: video 720
[09:57:20] [udemy-downloader] [parse_new:1808] INFO: Processing 0 caption(s)...
[09:57:20] [udemy-downloader] [parse_new:1822] INFO:     > Processing 0 asset(s) for lecture...
[09:57:23] [udemy-downloader] [parse_new:1782] INFO:   > Processing lecture 15 of 29
[09:57:23] [udemy-downloader] [process_lecture:1598] INFO:       > Lecture doesn't have DRM, attempting to download...
[09:57:23] [udemy-downloader] [process_lecture:1603] INFO:       ====== Selected quality: video 720
[09:57:24] [udemy-downloader] [parse_new:1808] INFO: Processing 0 caption(s)...
[09:57:24] [udemy-downloader] [parse_new:1822] INFO:     > Processing 0 asset(s) for lecture...
[09:57:29] [udemy-downloader] [parse_new:1782] INFO:   > Processing lecture 16 of 29
[09:57:29] [udemy-downloader] [process_lecture:1598] INFO:       > Lecture doesn't have DRM, attempting to download...
[09:57:29] [udemy-downloader] [process_lecture:1603] INFO:       ====== Selected quality: video 720
[09:57:31] [udemy-downloader] [parse_new:1808] INFO: Processing 0 caption(s)...
[09:57:31] [udemy-downloader] [parse_new:1822] INFO:     > Processing 0 asset(s) for lecture...
[09:57:35] [udemy-downloader] [parse_new:1782] INFO:   > Processing lecture 17 of 29
[09:57:35] [udemy-downloader] [process_lecture:1598] INFO:       > Lecture doesn't have DRM, attempting to download...
[09:57:35] [udemy-downloader] [process_lecture:1603] INFO:       ====== Selected quality: video 720
[09:57:36] [udemy-downloader] [parse_new:1808] INFO: Processing 0 caption(s)...
[09:57:36] [udemy-downloader] [parse_new:1822] INFO:     > Processing 0 asset(s) for lecture...
[09:57:36] [udemy-downloader] [parse_new:1754] INFO: ======= Processing chapter 4 of 4 =======
[09:57:41] [udemy-downloader] [parse_new:1782] INFO:   > Processing lecture 18 of 29
[09:57:41] [udemy-downloader] [process_lecture:1598] INFO:       > Lecture doesn't have DRM, attempting to download...
[09:57:41] [udemy-downloader] [process_lecture:1603] INFO:       ====== Selected quality: video 720
[09:57:43] [udemy-downloader] [parse_new:1808] INFO: Processing 0 caption(s)...
[09:57:43] [udemy-downloader] [parse_new:1822] INFO:     > Processing 0 asset(s) for lecture...
[09:57:48] [udemy-downloader] [parse_new:1782] INFO:   > Processing lecture 19 of 29
[09:57:48] [udemy-downloader] [process_lecture:1598] INFO:       > Lecture doesn't have DRM, attempting to download...
[09:57:48] [udemy-downloader] [process_lecture:1603] INFO:       ====== Selected quality: video 720
[09:57:50] [udemy-downloader] [parse_new:1808] INFO: Processing 0 caption(s)...
[09:57:50] [udemy-downloader] [parse_new:1822] INFO:     > Processing 0 asset(s) for lecture...
[09:57:55] [udemy-downloader] [parse_new:1782] INFO:   > Processing lecture 20 of 29
[09:57:55] [udemy-downloader] [process_lecture:1598] INFO:       > Lecture doesn't have DRM, attempting to download...
[09:57:55] [udemy-downloader] [process_lecture:1603] INFO:       ====== Selected quality: video 720
[09:57:58] [udemy-downloader] [parse_new:1808] INFO: Processing 0 caption(s)...
[09:57:58] [udemy-downloader] [parse_new:1822] INFO:     > Processing 0 asset(s) for lecture...
[09:58:02] [udemy-downloader] [parse_new:1782] INFO:   > Processing lecture 21 of 29
[09:58:02] [udemy-downloader] [process_lecture:1598] INFO:       > Lecture doesn't have DRM, attempting to download...
[09:58:02] [udemy-downloader] [process_lecture:1603] INFO:       ====== Selected quality: video 720
[09:58:04] [udemy-downloader] [parse_new:1808] INFO: Processing 0 caption(s)...
[09:58:04] [udemy-downloader] [parse_new:1822] INFO:     > Processing 0 asset(s) for lecture...
[09:58:10] [udemy-downloader] [parse_new:1782] INFO:   > Processing lecture 22 of 29
[09:58:10] [udemy-downloader] [process_lecture:1598] INFO:       > Lecture doesn't have DRM, attempting to download...
[09:58:10] [udemy-downloader] [process_lecture:1603] INFO:       ====== Selected quality: video 720
[09:58:12] [udemy-downloader] [parse_new:1808] INFO: Processing 0 caption(s)...
[09:58:12] [udemy-downloader] [parse_new:1822] INFO:     > Processing 0 asset(s) for lecture...
[09:58:17] [udemy-downloader] [parse_new:1782] INFO:   > Processing lecture 23 of 29
[09:58:17] [udemy-downloader] [process_lecture:1598] INFO:       > Lecture doesn't have DRM, attempting to download...
[09:58:17] [udemy-downloader] [process_lecture:1603] INFO:       ====== Selected quality: video 720
[09:58:19] [udemy-downloader] [parse_new:1808] INFO: Processing 0 caption(s)...
[09:58:19] [udemy-downloader] [parse_new:1822] INFO:     > Processing 0 asset(s) for lecture...
[09:58:24] [udemy-downloader] [parse_new:1782] INFO:   > Processing lecture 24 of 29
[09:58:24] [udemy-downloader] [process_lecture:1598] INFO:       > Lecture doesn't have DRM, attempting to download...
[09:58:24] [udemy-downloader] [process_lecture:1603] INFO:       ====== Selected quality: video 720
[09:58:27] [udemy-downloader] [parse_new:1808] INFO: Processing 0 caption(s)...
[09:58:27] [udemy-downloader] [parse_new:1822] INFO:     > Processing 0 asset(s) for lecture...
[09:58:32] [udemy-downloader] [parse_new:1782] INFO:   > Processing lecture 25 of 29
[09:58:32] [udemy-downloader] [process_lecture:1598] INFO:       > Lecture doesn't have DRM, attempting to download...
[09:58:32] [udemy-downloader] [process_lecture:1603] INFO:       ====== Selected quality: video 720
[09:58:35] [udemy-downloader] [parse_new:1808] INFO: Processing 0 caption(s)...
[09:58:35] [udemy-downloader] [parse_new:1822] INFO:     > Processing 0 asset(s) for lecture...
[09:58:41] [udemy-downloader] [parse_new:1782] INFO:   > Processing lecture 26 of 29
[09:58:41] [udemy-downloader] [process_lecture:1598] INFO:       > Lecture doesn't have DRM, attempting to download...
[09:58:41] [udemy-downloader] [process_lecture:1603] INFO:       ====== Selected quality: video 720
[09:58:43] [udemy-downloader] [parse_new:1808] INFO: Processing 0 caption(s)...
[09:58:43] [udemy-downloader] [parse_new:1822] INFO:     > Processing 0 asset(s) for lecture...
[09:58:48] [udemy-downloader] [parse_new:1782] INFO:   > Processing lecture 27 of 29
[09:58:48] [udemy-downloader] [process_lecture:1598] INFO:       > Lecture doesn't have DRM, attempting to download...
[09:58:48] [udemy-downloader] [process_lecture:1603] INFO:       ====== Selected quality: video 720
[09:58:50] [udemy-downloader] [parse_new:1808] INFO: Processing 0 caption(s)...
[09:58:50] [udemy-downloader] [parse_new:1822] INFO:     > Processing 0 asset(s) for lecture...
[09:58:56] [udemy-downloader] [parse_new:1782] INFO:   > Processing lecture 28 of 29
[09:58:56] [udemy-downloader] [process_lecture:1598] INFO:       > Lecture doesn't have DRM, attempting to download...
[09:58:56] [udemy-downloader] [process_lecture:1603] INFO:       ====== Selected quality: video 720
[09:58:58] [udemy-downloader] [parse_new:1808] INFO: Processing 0 caption(s)...
[09:58:58] [udemy-downloader] [parse_new:1822] INFO:     > Processing 0 asset(s) for lecture...
[09:59:03] [udemy-downloader] [parse_new:1782] INFO:   > Processing lecture 29 of 29
[09:59:03] [udemy-downloader] [process_lecture:1598] INFO:       > Lecture doesn't have DRM, attempting to download...
[09:59:03] [udemy-downloader] [process_lecture:1603] INFO:       ====== Selected quality: video 720
[09:59:06] [udemy-downloader] [parse_new:1808] INFO: Processing 0 caption(s)...
[09:59:06] [udemy-downloader] [parse_new:1822] INFO:     > Processing 0 asset(s) for lecture...
