{"timestamp":"2026-01-16T17:19:22.925Z","level":"info","category":"download","source":"python_worker","orderId":35,"taskId":55,"message":"Download started","details":{"courseUrl":"https://samsungu.udemy.com/course/r-analytics/"},"progress":null,"currentFile":null,"stack":null,"metadata":null}
{"timestamp":"2026-01-16T17:19:22.936Z","level":"info","category":"download","source":"python_worker","orderId":35,"taskId":55,"message":"Download progress: 30% (Downloading course content...)","details":{"attempt":1},"progress":30,"currentFile":"Downloading course content...","stack":null,"metadata":null}

============================================================
[2026-01-17T00:19:22.940445] Starting download for task 55
Command: /usr/bin/python3 main.py -c https://samsungu.udemy.com/course/r-analytics/ -b BXkdOY7L4dK19hrNj1GnplHFHoMbkXpiLlSn9dcU -o Staging_Download/Task_55 -q 720 --download-captions --download-assets --download-quizzes --concurrent-downloads 10 --continue-lecture-numbers
============================================================

============================================================
[LOGGING MODULE] Starting download process
============================================================
[12:19:23] [udemy-downloader] [pre_run:394] INFO: Output directory set to /root/project/server/udemy_dl/Staging_Download/Task_55
[12:19:23] [udemy-downloader] [pre_run:404] WARNING: > Keyfile not found! You won't be able to decrypt any encrypted videos!
[12:19:24] [udemy-downloader] [visit:1203] INFO: Visit request successful
[12:19:24] [udemy-downloader] [main:2044] INFO: > Fetching course information, this may take a minute...
[12:19:25] [udemy-downloader] [_handle_pagination:914] INFO: > Downloading data page 2/2
[12:19:26] [udemy-downloader] [main:2047] INFO: > Course information retrieved!
[12:19:26] [udemy-downloader] [main:2052] INFO: > Fetching course curriculum, this may take a minute...
[12:19:36] [udemy-downloader] [main:2076] INFO: > Course curriculum retrieved!
[12:19:36] [udemy-downloader] [main:2107] INFO: > Processing course data, this may take a minute. 
[12:19:36] [udemy-downloader] [main:2151] INFO: Processing 2 of 61
[12:19:36] [udemy-downloader] [main:2151] INFO: Processing 3 of 61
[12:19:36] [udemy-downloader] [main:2151] INFO: Processing 4 of 61
[12:19:36] [udemy-downloader] [main:2151] INFO: Processing 5 of 61
[12:19:36] [udemy-downloader] [main:2151] INFO: Processing 6 of 61
[12:19:36] [udemy-downloader] [main:2151] INFO: Processing 8 of 61
[12:19:36] [udemy-downloader] [main:2151] INFO: Processing 9 of 61
[12:19:36] [udemy-downloader] [main:2151] INFO: Processing 10 of 61
[12:19:36] [udemy-downloader] [main:2151] INFO: Processing 11 of 61
[12:19:36] [udemy-downloader] [main:2151] INFO: Processing 12 of 61
[12:19:36] [udemy-downloader] [main:2151] INFO: Processing 13 of 61
[12:19:36] [udemy-downloader] [main:2151] INFO: Processing 14 of 61
[12:19:36] [udemy-downloader] [main:2151] INFO: Processing 15 of 61
[12:19:36] [udemy-downloader] [main:2151] INFO: Processing 16 of 61
[12:19:36] [udemy-downloader] [main:2151] INFO: Processing 17 of 61
[12:19:36] [udemy-downloader] [main:2151] INFO: Processing 18 of 61
[12:19:36] [udemy-downloader] [main:2151] INFO: Processing 19 of 61
[12:19:36] [udemy-downloader] [main:2151] INFO: Processing 20 of 61
[12:19:36] [udemy-downloader] [main:2151] INFO: Processing 21 of 61
[12:19:36] [udemy-downloader] [main:2151] INFO: Processing 22 of 61
[12:19:36] [udemy-downloader] [main:2151] INFO: Processing 23 of 61
[12:19:36] [udemy-downloader] [main:2151] INFO: Processing 24 of 61
[12:19:36] [udemy-downloader] [main:2151] INFO: Processing 25 of 61
[12:19:36] [udemy-downloader] [main:2151] INFO: Processing 26 of 61
[12:19:36] [udemy-downloader] [main:2151] INFO: Processing 27 of 61
[12:19:36] [udemy-downloader] [main:2151] INFO: Processing 28 of 61
[12:19:36] [udemy-downloader] [main:2187] INFO: Processing 29 of 61
[12:19:36] [udemy-downloader] [main:2151] INFO: Processing 31 of 61
[12:19:36] [udemy-downloader] [main:2151] INFO: Processing 32 of 61
[12:19:36] [udemy-downloader] [main:2151] INFO: Processing 33 of 61
[12:19:36] [udemy-downloader] [main:2151] INFO: Processing 34 of 61
[12:19:36] [udemy-downloader] [main:2151] INFO: Processing 35 of 61
[12:19:36] [udemy-downloader] [main:2151] INFO: Processing 36 of 61
[12:19:36] [udemy-downloader] [main:2151] INFO: Processing 37 of 61
[12:19:36] [udemy-downloader] [main:2151] INFO: Processing 38 of 61
[12:19:36] [udemy-downloader] [main:2151] INFO: Processing 39 of 61
[12:19:36] [udemy-downloader] [main:2151] INFO: Processing 40 of 61
[12:19:36] [udemy-downloader] [main:2151] INFO: Processing 41 of 61
[12:19:36] [udemy-downloader] [main:2187] INFO: Processing 42 of 61
[12:19:36] [udemy-downloader] [main:2151] INFO: Processing 44 of 61
[12:19:36] [udemy-downloader] [main:2151] INFO: Processing 45 of 61
[12:19:36] [udemy-downloader] [main:2151] INFO: Processing 46 of 61
[12:19:36] [udemy-downloader] [main:2151] INFO: Processing 47 of 61
[12:19:36] [udemy-downloader] [main:2151] INFO: Processing 48 of 61
[12:19:36] [udemy-downloader] [main:2151] INFO: Processing 49 of 61
[12:19:36] [udemy-downloader] [main:2151] INFO: Processing 50 of 61
[12:19:36] [udemy-downloader] [main:2151] INFO: Processing 51 of 61
[12:19:36] [udemy-downloader] [main:2151] INFO: Processing 52 of 61
[12:19:36] [udemy-downloader] [main:2151] INFO: Processing 53 of 61
[12:19:36] [udemy-downloader] [main:2151] INFO: Processing 54 of 61
[12:19:36] [udemy-downloader] [main:2151] INFO: Processing 55 of 61
[12:19:36] [udemy-downloader] [main:2151] INFO: Processing 56 of 61
[12:19:36] [udemy-downloader] [main:2187] INFO: Processing 57 of 61
[12:19:36] [udemy-downloader] [main:2151] INFO: Processing 58 of 61
[12:19:36] [udemy-downloader] [main:2151] INFO: Processing 60 of 61
[12:19:36] [udemy-downloader] [main:2151] INFO: Processing 61 of 61
[12:19:36] [udemy-downloader] [parse_new:1731] INFO: Chapter(s) (5)
[12:19:36] [udemy-downloader] [parse_new:1732] INFO: Lecture(s) (56)
[12:19:36] [udemy-downloader] [parse_new:1754] INFO: ======= Processing chapter 1 of 5 =======
[12:19:40] [udemy-downloader] [parse_new:1782] INFO:   > Processing lecture 1 of 56
[12:19:40] [udemy-downloader] [process_lecture:1598] INFO:       > Lecture doesn't have DRM, attempting to download...
[12:19:40] [udemy-downloader] [process_lecture:1603] INFO:       ====== Selected quality: video 720
[12:19:41] [udemy-downloader] [parse_new:1808] INFO: Processing 8 caption(s)...
[12:19:41] [udemy-downloader] [process_caption:1546] INFO:     >  Downloading caption: '001 Welcome to the Advanced R Programming Course!_en.vtt'
[12:19:42] [udemy-downloader] [process_caption:1559] INFO:     > Converting caption to SRT format...
[12:19:42] [udemy-downloader] [process_caption:1561] INFO:     > Caption conversion complete.
[12:19:42] [udemy-downloader] [parse_new:1822] INFO:     > Processing 0 asset(s) for lecture...
[12:19:42] [udemy-downloader] [parse_new:1782] INFO:   > Processing lecture 2 of 56
[12:19:42] [udemy-downloader] [parse_new:1822] INFO:     > Processing 1 asset(s) for lecture...
[12:19:42] [udemy-downloader] [parse_new:1782] INFO:   > Processing lecture 3 of 56
[12:19:42] [udemy-downloader] [parse_new:1822] INFO:     > Processing 1 asset(s) for lecture...
[12:19:42] [udemy-downloader] [parse_new:1782] INFO:   > Processing lecture 4 of 56
[12:19:42] [udemy-downloader] [parse_new:1822] INFO:     > Processing 1 asset(s) for lecture...
[12:19:42] [udemy-downloader] [parse_new:1782] INFO:   > Processing lecture 5 of 56
[12:19:42] [udemy-downloader] [parse_new:1822] INFO:     > Processing 1 asset(s) for lecture...
[12:19:42] [udemy-downloader] [parse_new:1754] INFO: ======= Processing chapter 2 of 5 =======
[12:19:45] [udemy-downloader] [parse_new:1782] INFO:   > Processing lecture 6 of 56
[12:19:45] [udemy-downloader] [process_lecture:1598] INFO:       > Lecture doesn't have DRM, attempting to download...
[12:19:45] [udemy-downloader] [process_lecture:1603] INFO:       ====== Selected quality: video 720
[12:19:47] [udemy-downloader] [parse_new:1808] INFO: Processing 8 caption(s)...
[12:19:47] [udemy-downloader] [process_caption:1546] INFO:     >  Downloading caption: '006 Welcome to this section. This is what you will learn!_en.vtt'
[12:19:47] [udemy-downloader] [process_caption:1559] INFO:     > Converting caption to SRT format...
[12:19:47] [udemy-downloader] [process_caption:1561] INFO:     > Caption conversion complete.
[12:19:47] [udemy-downloader] [parse_new:1822] INFO:     > Processing 0 asset(s) for lecture...
[12:19:52] [udemy-downloader] [parse_new:1782] INFO:   > Processing lecture 7 of 56
[12:19:52] [udemy-downloader] [process_lecture:1598] INFO:       > Lecture doesn't have DRM, attempting to download...
[12:19:52] [udemy-downloader] [process_lecture:1603] INFO:       ====== Selected quality: video 720
[12:19:52] [udemy-downloader] [parse_new:1808] INFO: Processing 8 caption(s)...
[12:19:52] [udemy-downloader] [process_caption:1546] INFO:     >  Downloading caption: '007 Project Brief Financial Review_en.vtt'
[12:19:53] [udemy-downloader] [process_caption:1559] INFO:     > Converting caption to SRT format...
[12:19:53] [udemy-downloader] [process_caption:1561] INFO:     > Caption conversion complete.
[12:19:53] [udemy-downloader] [parse_new:1822] INFO:     > Processing 0 asset(s) for lecture...
[12:19:57] [udemy-downloader] [parse_new:1782] INFO:   > Processing lecture 8 of 56
[12:19:57] [udemy-downloader] [process_lecture:1598] INFO:       > Lecture doesn't have DRM, attempting to download...
[12:19:57] [udemy-downloader] [process_lecture:1603] INFO:       ====== Selected quality: video 720
[12:19:58] [udemy-downloader] [parse_new:1808] INFO: Processing 8 caption(s)...
[12:19:58] [udemy-downloader] [process_caption:1546] INFO:     >  Downloading caption: '008 Import Data into R_en.vtt'
[12:19:58] [udemy-downloader] [process_caption:1559] INFO:     > Converting caption to SRT format...
[12:19:58] [udemy-downloader] [process_caption:1561] INFO:     > Caption conversion complete.
[12:19:58] [udemy-downloader] [parse_new:1822] INFO:     > Processing 0 asset(s) for lecture...
[12:20:04] [udemy-downloader] [parse_new:1782] INFO:   > Processing lecture 9 of 56
[12:20:04] [udemy-downloader] [process_lecture:1598] INFO:       > Lecture doesn't have DRM, attempting to download...
[12:20:04] [udemy-downloader] [process_lecture:1603] INFO:       ====== Selected quality: video 720
[12:20:05] [udemy-downloader] [parse_new:1808] INFO: Processing 8 caption(s)...
[12:20:05] [udemy-downloader] [process_caption:1546] INFO:     >  Downloading caption: '009 What are Factors (Refresher)_en.vtt'
[12:20:06] [udemy-downloader] [process_caption:1559] INFO:     > Converting caption to SRT format...
[12:20:06] [udemy-downloader] [process_caption:1561] INFO:     > Caption conversion complete.
[12:20:06] [udemy-downloader] [parse_new:1822] INFO:     > Processing 0 asset(s) for lecture...
[12:20:10] [udemy-downloader] [parse_new:1782] INFO:   > Processing lecture 10 of 56
[12:20:10] [udemy-downloader] [process_lecture:1598] INFO:       > Lecture doesn't have DRM, attempting to download...
[12:20:10] [udemy-downloader] [process_lecture:1603] INFO:       ====== Selected quality: video 720
[12:20:12] [udemy-downloader] [parse_new:1808] INFO: Processing 8 caption(s)...
[12:20:12] [udemy-downloader] [process_caption:1546] INFO:     >  Downloading caption: '010 The Factor Variable Trap_en.vtt'
[12:20:12] [udemy-downloader] [process_caption:1559] INFO:     > Converting caption to SRT format...
[12:20:12] [udemy-downloader] [process_caption:1561] INFO:     > Caption conversion complete.
[12:20:12] [udemy-downloader] [parse_new:1822] INFO:     > Processing 0 asset(s) for lecture...
[12:20:16] [udemy-downloader] [parse_new:1782] INFO:   > Processing lecture 11 of 56
[12:20:16] [udemy-downloader] [process_lecture:1598] INFO:       > Lecture doesn't have DRM, attempting to download...
[12:20:16] [udemy-downloader] [process_lecture:1603] INFO:       ====== Selected quality: video 720
[12:20:17] [udemy-downloader] [parse_new:1808] INFO: Processing 8 caption(s)...
[12:20:17] [udemy-downloader] [process_caption:1546] INFO:     >  Downloading caption: '011 FVT Example_en.vtt'
[12:20:18] [udemy-downloader] [process_caption:1559] INFO:     > Converting caption to SRT format...
[12:20:18] [udemy-downloader] [process_caption:1561] INFO:     > Caption conversion complete.
[12:20:18] [udemy-downloader] [parse_new:1822] INFO:     > Processing 0 asset(s) for lecture...
[12:20:22] [udemy-downloader] [parse_new:1782] INFO:   > Processing lecture 12 of 56
[12:20:22] [udemy-downloader] [process_lecture:1598] INFO:       > Lecture doesn't have DRM, attempting to download...
[12:20:22] [udemy-downloader] [process_lecture:1603] INFO:       ====== Selected quality: video 720
[12:20:24] [udemy-downloader] [parse_new:1808] INFO: Processing 8 caption(s)...
[12:20:24] [udemy-downloader] [process_caption:1546] INFO:     >  Downloading caption: '012 gsub() and sub()_en.vtt'
[12:20:25] [udemy-downloader] [process_caption:1559] INFO:     > Converting caption to SRT format...
[12:20:25] [udemy-downloader] [process_caption:1561] INFO:     > Caption conversion complete.
[12:20:25] [udemy-downloader] [parse_new:1822] INFO:     > Processing 0 asset(s) for lecture...
[12:20:29] [udemy-downloader] [parse_new:1782] INFO:   > Processing lecture 13 of 56
[12:20:29] [udemy-downloader] [process_lecture:1598] INFO:       > Lecture doesn't have DRM, attempting to download...
[12:20:29] [udemy-downloader] [process_lecture:1603] INFO:       ====== Selected quality: video 720
[12:20:31] [udemy-downloader] [parse_new:1808] INFO: Processing 8 caption(s)...
[12:20:31] [udemy-downloader] [process_caption:1546] INFO:     >  Downloading caption: '013 Dealing with Missing Data_en.vtt'
[12:20:31] [udemy-downloader] [process_caption:1559] INFO:     > Converting caption to SRT format...
[12:20:31] [udemy-downloader] [process_caption:1561] INFO:     > Caption conversion complete.
[12:20:31] [udemy-downloader] [parse_new:1822] INFO:     > Processing 0 asset(s) for lecture...
[12:20:35] [udemy-downloader] [parse_new:1782] INFO:   > Processing lecture 14 of 56
[12:20:35] [udemy-downloader] [process_lecture:1598] INFO:       > Lecture doesn't have DRM, attempting to download...
[12:20:35] [udemy-downloader] [process_lecture:1603] INFO:       ====== Selected quality: video 720
[12:20:36] [udemy-downloader] [parse_new:1808] INFO: Processing 8 caption(s)...
[12:20:36] [udemy-downloader] [process_caption:1546] INFO:     >  Downloading caption: '014 What is an NA_en.vtt'
[12:20:36] [udemy-downloader] [process_caption:1559] INFO:     > Converting caption to SRT format...
[12:20:36] [udemy-downloader] [process_caption:1561] INFO:     > Caption conversion complete.
[12:20:36] [udemy-downloader] [parse_new:1822] INFO:     > Processing 0 asset(s) for lecture...
[12:20:40] [udemy-downloader] [parse_new:1782] INFO:   > Processing lecture 15 of 56
[12:20:40] [udemy-downloader] [process_lecture:1598] INFO:       > Lecture doesn't have DRM, attempting to download...
[12:20:40] [udemy-downloader] [process_lecture:1603] INFO:       ====== Selected quality: video 720
[12:20:42] [udemy-downloader] [parse_new:1808] INFO: Processing 8 caption(s)...
[12:20:42] [udemy-downloader] [process_caption:1546] INFO:     >  Downloading caption: '015 An Elegant Way To Locate Missing Data_en.vtt'
[12:20:43] [udemy-downloader] [process_caption:1559] INFO:     > Converting caption to SRT format...
[12:20:43] [udemy-downloader] [process_caption:1561] INFO:     > Caption conversion complete.
[12:20:43] [udemy-downloader] [parse_new:1822] INFO:     > Processing 0 asset(s) for lecture...
[12:20:48] [udemy-downloader] [parse_new:1782] INFO:   > Processing lecture 16 of 56
[12:20:48] [udemy-downloader] [process_lecture:1598] INFO:       > Lecture doesn't have DRM, attempting to download...
[12:20:48] [udemy-downloader] [process_lecture:1603] INFO:       ====== Selected quality: video 720
[12:20:50] [udemy-downloader] [parse_new:1808] INFO: Processing 8 caption(s)...
[12:20:50] [udemy-downloader] [process_caption:1546] INFO:     >  Downloading caption: '016 Data Filters which() for Non-Missing Data_en.vtt'
[12:20:50] [udemy-downloader] [process_caption:1559] INFO:     > Converting caption to SRT format...
[12:20:50] [udemy-downloader] [process_caption:1561] INFO:     > Caption conversion complete.
[12:20:50] [udemy-downloader] [parse_new:1822] INFO:     > Processing 0 asset(s) for lecture...
[12:20:54] [udemy-downloader] [parse_new:1782] INFO:   > Processing lecture 17 of 56
[12:20:54] [udemy-downloader] [process_lecture:1598] INFO:       > Lecture doesn't have DRM, attempting to download...
[12:20:54] [udemy-downloader] [process_lecture:1603] INFO:       ====== Selected quality: video 720
[12:20:55] [udemy-downloader] [parse_new:1808] INFO: Processing 8 caption(s)...
[12:20:55] [udemy-downloader] [process_caption:1546] INFO:     >  Downloading caption: '017 Data Filters is.na() for Missing Data_en.vtt'
[12:20:56] [udemy-downloader] [process_caption:1559] INFO:     > Converting caption to SRT format...
[12:20:56] [udemy-downloader] [process_caption:1561] INFO:     > Caption conversion complete.
[12:20:56] [udemy-downloader] [parse_new:1822] INFO:     > Processing 0 asset(s) for lecture...
[12:20:59] [udemy-downloader] [parse_new:1782] INFO:   > Processing lecture 18 of 56
[12:20:59] [udemy-downloader] [process_lecture:1598] INFO:       > Lecture doesn't have DRM, attempting to download...
[12:20:59] [udemy-downloader] [process_lecture:1603] INFO:       ====== Selected quality: video 720
[12:21:02] [udemy-downloader] [parse_new:1808] INFO: Processing 8 caption(s)...
[12:21:02] [udemy-downloader] [process_caption:1546] INFO:     >  Downloading caption: '018 Removing records with missing data_en.vtt'
[12:21:03] [udemy-downloader] [process_caption:1559] INFO:     > Converting caption to SRT format...
[12:21:03] [udemy-downloader] [process_caption:1561] INFO:     > Caption conversion complete.
[12:21:03] [udemy-downloader] [parse_new:1822] INFO:     > Processing 0 asset(s) for lecture...
[12:21:06] [udemy-downloader] [parse_new:1782] INFO:   > Processing lecture 19 of 56
[12:21:06] [udemy-downloader] [process_lecture:1598] INFO:       > Lecture doesn't have DRM, attempting to download...
[12:21:06] [udemy-downloader] [process_lecture:1603] INFO:       ====== Selected quality: video 720
[12:21:08] [udemy-downloader] [parse_new:1808] INFO: Processing 8 caption(s)...
[12:21:08] [udemy-downloader] [process_caption:1546] INFO:     >  Downloading caption: '019 Reseting the dataframe index_en.vtt'
[12:21:09] [udemy-downloader] [process_caption:1559] INFO:     > Converting caption to SRT format...
[12:21:09] [udemy-downloader] [process_caption:1561] INFO:     > Caption conversion complete.
[12:21:09] [udemy-downloader] [parse_new:1822] INFO:     > Processing 0 asset(s) for lecture...
[12:21:12] [udemy-downloader] [parse_new:1782] INFO:   > Processing lecture 20 of 56
[12:21:12] [udemy-downloader] [process_lecture:1598] INFO:       > Lecture doesn't have DRM, attempting to download...
[12:21:12] [udemy-downloader] [process_lecture:1603] INFO:       ====== Selected quality: video 720
[12:21:14] [udemy-downloader] [parse_new:1808] INFO: Processing 8 caption(s)...
[12:21:14] [udemy-downloader] [process_caption:1546] INFO:     >  Downloading caption: '020 Replacing Missing Data Factual Analysis Method_en.vtt'
[12:21:15] [udemy-downloader] [process_caption:1559] INFO:     > Converting caption to SRT format...
[12:21:15] [udemy-downloader] [process_caption:1561] INFO:     > Caption conversion complete.
[12:21:15] [udemy-downloader] [parse_new:1822] INFO:     > Processing 0 asset(s) for lecture...
[12:21:20] [udemy-downloader] [parse_new:1782] INFO:   > Processing lecture 21 of 56
[12:21:20] [udemy-downloader] [process_lecture:1598] INFO:       > Lecture doesn't have DRM, attempting to download...
[12:21:20] [udemy-downloader] [process_lecture:1603] INFO:       ====== Selected quality: video 720
[12:21:22] [udemy-downloader] [parse_new:1808] INFO: Processing 8 caption(s)...
[12:21:22] [udemy-downloader] [process_caption:1546] INFO:     >  Downloading caption: '021 Replacing Missing Data Median Imputation Method (Part 1)_en.vtt'
[12:21:22] [udemy-downloader] [process_caption:1559] INFO:     > Converting caption to SRT format...
[12:21:22] [udemy-downloader] [process_caption:1561] INFO:     > Caption conversion complete.
[12:21:22] [udemy-downloader] [parse_new:1822] INFO:     > Processing 0 asset(s) for lecture...
[12:21:26] [udemy-downloader] [parse_new:1782] INFO:   > Processing lecture 22 of 56
[12:21:26] [udemy-downloader] [process_lecture:1598] INFO:       > Lecture doesn't have DRM, attempting to download...
[12:21:26] [udemy-downloader] [process_lecture:1603] INFO:       ====== Selected quality: video 720
[12:21:28] [udemy-downloader] [parse_new:1808] INFO: Processing 8 caption(s)...
[12:21:28] [udemy-downloader] [process_caption:1546] INFO:     >  Downloading caption: '022 Replacing Missing Data Median Imputation Method (Part 2)_en.vtt'
[12:21:28] [udemy-downloader] [process_caption:1559] INFO:     > Converting caption to SRT format...
[12:21:28] [udemy-downloader] [process_caption:1561] INFO:     > Caption conversion complete.
[12:21:28] [udemy-downloader] [parse_new:1822] INFO:     > Processing 0 asset(s) for lecture...
[12:21:32] [udemy-downloader] [parse_new:1782] INFO:   > Processing lecture 23 of 56
[12:21:32] [udemy-downloader] [process_lecture:1598] INFO:       > Lecture doesn't have DRM, attempting to download...
[12:21:32] [udemy-downloader] [process_lecture:1603] INFO:       ====== Selected quality: video 720
[12:21:33] [udemy-downloader] [parse_new:1808] INFO: Processing 8 caption(s)...
[12:21:33] [udemy-downloader] [process_caption:1546] INFO:     >  Downloading caption: '023 Replacing Missing Data Median Imputation Method (Part 3)_en.vtt'
[12:21:34] [udemy-downloader] [process_caption:1559] INFO:     > Converting caption to SRT format...
[12:21:34] [udemy-downloader] [process_caption:1561] INFO:     > Caption conversion complete.
[12:21:34] [udemy-downloader] [parse_new:1822] INFO:     > Processing 0 asset(s) for lecture...
[12:21:38] [udemy-downloader] [parse_new:1782] INFO:   > Processing lecture 24 of 56
[12:21:38] [udemy-downloader] [process_lecture:1598] INFO:       > Lecture doesn't have DRM, attempting to download...
[12:21:38] [udemy-downloader] [process_lecture:1603] INFO:       ====== Selected quality: video 720
[12:21:40] [udemy-downloader] [parse_new:1808] INFO: Processing 8 caption(s)...
[12:21:40] [udemy-downloader] [process_caption:1546] INFO:     >  Downloading caption: '024 Replacing Missing Data Deriving Values Method_en.vtt'
[12:21:40] [udemy-downloader] [process_caption:1559] INFO:     > Converting caption to SRT format...
[12:21:40] [udemy-downloader] [process_caption:1561] INFO:     > Caption conversion complete.
[12:21:40] [udemy-downloader] [parse_new:1822] INFO:     > Processing 0 asset(s) for lecture...
[12:21:44] [udemy-downloader] [parse_new:1782] INFO:   > Processing lecture 25 of 56
[12:21:44] [udemy-downloader] [process_lecture:1598] INFO:       > Lecture doesn't have DRM, attempting to download...
[12:21:44] [udemy-downloader] [process_lecture:1603] INFO:       ====== Selected quality: video 720
[12:21:46] [udemy-downloader] [parse_new:1808] INFO: Processing 8 caption(s)...
[12:21:46] [udemy-downloader] [process_caption:1546] INFO:     >  Downloading caption: '025 Visualizing results_en.vtt'
[12:21:47] [udemy-downloader] [process_caption:1559] INFO:     > Converting caption to SRT format...
[12:21:47] [udemy-downloader] [process_caption:1561] INFO:     > Caption conversion complete.
[12:21:47] [udemy-downloader] [parse_new:1822] INFO:     > Processing 0 asset(s) for lecture...
[12:21:51] [udemy-downloader] [parse_new:1782] INFO:   > Processing lecture 26 of 56
[12:21:51] [udemy-downloader] [process_lecture:1598] INFO:       > Lecture doesn't have DRM, attempting to download...
[12:21:51] [udemy-downloader] [process_lecture:1603] INFO:       ====== Selected quality: video 720
[12:21:52] [udemy-downloader] [parse_new:1808] INFO: Processing 8 caption(s)...
[12:21:52] [udemy-downloader] [process_caption:1546] INFO:     >  Downloading caption: '026 Section Recap_en.vtt'
[12:21:53] [udemy-downloader] [process_caption:1559] INFO:     > Converting caption to SRT format...
[12:21:53] [udemy-downloader] [process_caption:1561] INFO:     > Caption conversion complete.
[12:21:53] [udemy-downloader] [parse_new:1822] INFO:     > Processing 0 asset(s) for lecture...
[12:21:53] [udemy-downloader] [process_normal_quiz:1687] INFO:   > Processing quiz 1
[12:21:53] [udemy-downloader] [parse_new:1754] INFO: ======= Processing chapter 3 of 5 =======
[12:21:57] [udemy-downloader] [parse_new:1782] INFO:   > Processing lecture 28 of 56
[12:21:57] [udemy-downloader] [process_lecture:1598] INFO:       > Lecture doesn't have DRM, attempting to download...
[12:21:57] [udemy-downloader] [process_lecture:1603] INFO:       ====== Selected quality: video 720
[12:21:58] [udemy-downloader] [parse_new:1808] INFO: Processing 8 caption(s)...
[12:21:58] [udemy-downloader] [process_caption:1546] INFO:     >  Downloading caption: '028 Welcome to this section. This is what you will learn!_en.vtt'
[12:21:59] [udemy-downloader] [process_caption:1559] INFO:     > Converting caption to SRT format...
[12:21:59] [udemy-downloader] [process_caption:1561] INFO:     > Caption conversion complete.
[12:21:59] [udemy-downloader] [parse_new:1822] INFO:     > Processing 0 asset(s) for lecture...
[12:22:04] [udemy-downloader] [parse_new:1782] INFO:   > Processing lecture 29 of 56
[12:22:04] [udemy-downloader] [process_lecture:1598] INFO:       > Lecture doesn't have DRM, attempting to download...
[12:22:04] [udemy-downloader] [process_lecture:1603] INFO:       ====== Selected quality: video 720
[12:22:07] [udemy-downloader] [parse_new:1808] INFO: Processing 8 caption(s)...
[12:22:07] [udemy-downloader] [process_caption:1546] INFO:     >  Downloading caption: '029 Project Brief Machine Utilization_en.vtt'
[12:22:07] [udemy-downloader] [process_caption:1559] INFO:     > Converting caption to SRT format...
[12:22:07] [udemy-downloader] [process_caption:1561] INFO:     > Caption conversion complete.
[12:22:07] [udemy-downloader] [parse_new:1822] INFO:     > Processing 0 asset(s) for lecture...
[12:22:11] [udemy-downloader] [parse_new:1782] INFO:   > Processing lecture 30 of 56
[12:22:11] [udemy-downloader] [process_lecture:1598] INFO:       > Lecture doesn't have DRM, attempting to download...
[12:22:11] [udemy-downloader] [process_lecture:1603] INFO:       ====== Selected quality: video 720
[12:22:13] [udemy-downloader] [parse_new:1808] INFO: Processing 8 caption(s)...
[12:22:13] [udemy-downloader] [process_caption:1546] INFO:     >  Downloading caption: '030 Import Data Into R_en.vtt'
[12:22:13] [udemy-downloader] [process_caption:1559] INFO:     > Converting caption to SRT format...
[12:22:13] [udemy-downloader] [process_caption:1561] INFO:     > Caption conversion complete.
[12:22:13] [udemy-downloader] [parse_new:1822] INFO:     > Processing 0 asset(s) for lecture...
[12:22:17] [udemy-downloader] [parse_new:1782] INFO:   > Processing lecture 31 of 56
[12:22:17] [udemy-downloader] [process_lecture:1598] INFO:       > Lecture doesn't have DRM, attempting to download...
[12:22:17] [udemy-downloader] [process_lecture:1603] INFO:       ====== Selected quality: video 720
[12:22:20] [udemy-downloader] [parse_new:1808] INFO: Processing 8 caption(s)...
[12:22:20] [udemy-downloader] [process_caption:1546] INFO:     >  Downloading caption: '031 Handling Date-Times in R_en.vtt'
[12:22:20] [udemy-downloader] [process_caption:1559] INFO:     > Converting caption to SRT format...
[12:22:20] [udemy-downloader] [process_caption:1561] INFO:     > Caption conversion complete.
[12:22:20] [udemy-downloader] [parse_new:1822] INFO:     > Processing 0 asset(s) for lecture...
[12:22:25] [udemy-downloader] [parse_new:1782] INFO:   > Processing lecture 32 of 56
[12:22:25] [udemy-downloader] [process_lecture:1598] INFO:       > Lecture doesn't have DRM, attempting to download...
[12:22:25] [udemy-downloader] [process_lecture:1603] INFO:       ====== Selected quality: video 720
[12:22:27] [udemy-downloader] [parse_new:1808] INFO: Processing 7 caption(s)...
[12:22:27] [udemy-downloader] [process_caption:1546] INFO:     >  Downloading caption: '032 R programming What is a List_en.vtt'
[12:22:28] [udemy-downloader] [process_caption:1559] INFO:     > Converting caption to SRT format...
[12:22:28] [udemy-downloader] [process_caption:1561] INFO:     > Caption conversion complete.
[12:22:28] [udemy-downloader] [parse_new:1822] INFO:     > Processing 0 asset(s) for lecture...
[12:22:32] [udemy-downloader] [parse_new:1782] INFO:   > Processing lecture 33 of 56
[12:22:32] [udemy-downloader] [process_lecture:1598] INFO:       > Lecture doesn't have DRM, attempting to download...
[12:22:32] [udemy-downloader] [process_lecture:1603] INFO:       ====== Selected quality: video 720
[12:22:33] [udemy-downloader] [parse_new:1808] INFO: Processing 8 caption(s)...
[12:22:33] [udemy-downloader] [process_caption:1546] INFO:     >  Downloading caption: '033 Naming components of a list_en.vtt'
[12:22:34] [udemy-downloader] [process_caption:1559] INFO:     > Converting caption to SRT format...
[12:22:34] [udemy-downloader] [process_caption:1561] INFO:     > Caption conversion complete.
[12:22:34] [udemy-downloader] [parse_new:1822] INFO:     > Processing 0 asset(s) for lecture...
[12:22:38] [udemy-downloader] [parse_new:1782] INFO:   > Processing lecture 34 of 56
[12:22:38] [udemy-downloader] [process_lecture:1598] INFO:       > Lecture doesn't have DRM, attempting to download...
[12:22:38] [udemy-downloader] [process_lecture:1603] INFO:       ====== Selected quality: video 720
[12:22:39] [udemy-downloader] [parse_new:1808] INFO: Processing 8 caption(s)...
[12:22:39] [udemy-downloader] [process_caption:1546] INFO:     >  Downloading caption: '034 Extracting components of lists [] vs [[]] vs $_en.vtt'
[12:22:40] [udemy-downloader] [process_caption:1559] INFO:     > Converting caption to SRT format...
[12:22:40] [udemy-downloader] [process_caption:1561] INFO:     > Caption conversion complete.
[12:22:40] [udemy-downloader] [parse_new:1822] INFO:     > Processing 0 asset(s) for lecture...
[12:22:43] [udemy-downloader] [parse_new:1782] INFO:   > Processing lecture 35 of 56
[12:22:43] [udemy-downloader] [process_lecture:1598] INFO:       > Lecture doesn't have DRM, attempting to download...
[12:22:43] [udemy-downloader] [process_lecture:1603] INFO:       ====== Selected quality: video 720
[12:22:46] [udemy-downloader] [parse_new:1808] INFO: Processing 8 caption(s)...
[12:22:46] [udemy-downloader] [process_caption:1546] INFO:     >  Downloading caption: '035 Adding and deleting components_en.vtt'
[12:22:46] [udemy-downloader] [process_caption:1559] INFO:     > Converting caption to SRT format...
[12:22:46] [udemy-downloader] [process_caption:1561] INFO:     > Caption conversion complete.
[12:22:46] [udemy-downloader] [parse_new:1822] INFO:     > Processing 0 asset(s) for lecture...
[12:22:51] [udemy-downloader] [parse_new:1782] INFO:   > Processing lecture 36 of 56
[12:22:51] [udemy-downloader] [process_lecture:1598] INFO:       > Lecture doesn't have DRM, attempting to download...
[12:22:51] [udemy-downloader] [process_lecture:1603] INFO:       ====== Selected quality: video 720
[12:22:52] [udemy-downloader] [parse_new:1808] INFO: Processing 8 caption(s)...
[12:22:52] [udemy-downloader] [process_caption:1546] INFO:     >  Downloading caption: '036 Subsetting a list_en.vtt'
[12:22:53] [udemy-downloader] [process_caption:1559] INFO:     > Converting caption to SRT format...
[12:22:53] [udemy-downloader] [process_caption:1561] INFO:     > Caption conversion complete.
[12:22:53] [udemy-downloader] [parse_new:1822] INFO:     > Processing 0 asset(s) for lecture...
[12:22:56] [udemy-downloader] [parse_new:1782] INFO:   > Processing lecture 37 of 56
[12:22:56] [udemy-downloader] [process_lecture:1598] INFO:       > Lecture doesn't have DRM, attempting to download...
[12:22:56] [udemy-downloader] [process_lecture:1603] INFO:       ====== Selected quality: video 720
[12:22:59] [udemy-downloader] [parse_new:1808] INFO: Processing 8 caption(s)...
[12:22:59] [udemy-downloader] [process_caption:1546] INFO:     >  Downloading caption: '037 Creating a Timeseries Plot_en.vtt'
[12:22:59] [udemy-downloader] [process_caption:1559] INFO:     > Converting caption to SRT format...
[12:22:59] [udemy-downloader] [process_caption:1561] INFO:     > Caption conversion complete.
[12:22:59] [udemy-downloader] [parse_new:1822] INFO:     > Processing 0 asset(s) for lecture...
[12:23:03] [udemy-downloader] [parse_new:1782] INFO:   > Processing lecture 38 of 56
[12:23:03] [udemy-downloader] [process_lecture:1598] INFO:       > Lecture doesn't have DRM, attempting to download...
[12:23:03] [udemy-downloader] [process_lecture:1603] INFO:       ====== Selected quality: video 720
[12:23:04] [udemy-downloader] [parse_new:1808] INFO: Processing 8 caption(s)...
[12:23:04] [udemy-downloader] [process_caption:1546] INFO:     >  Downloading caption: '038 Section Recap_en.vtt'
[12:23:04] [udemy-downloader] [process_caption:1559] INFO:     > Converting caption to SRT format...
[12:23:04] [udemy-downloader] [process_caption:1561] INFO:     > Caption conversion complete.
[12:23:04] [udemy-downloader] [parse_new:1822] INFO:     > Processing 0 asset(s) for lecture...
[12:23:04] [udemy-downloader] [process_normal_quiz:1687] INFO:   > Processing quiz 2
[12:23:04] [udemy-downloader] [parse_new:1754] INFO: ======= Processing chapter 4 of 5 =======
[12:23:09] [udemy-downloader] [parse_new:1782] INFO:   > Processing lecture 40 of 56
[12:23:09] [udemy-downloader] [process_lecture:1598] INFO:       > Lecture doesn't have DRM, attempting to download...
[12:23:09] [udemy-downloader] [process_lecture:1603] INFO:       ====== Selected quality: video 720
[12:23:11] [udemy-downloader] [parse_new:1808] INFO: Processing 8 caption(s)...
[12:23:11] [udemy-downloader] [process_caption:1546] INFO:     >  Downloading caption: '040 Welcome to this section. This is what you will learn!_en.vtt'
[12:23:11] [udemy-downloader] [process_caption:1559] INFO:     > Converting caption to SRT format...
[12:23:11] [udemy-downloader] [process_caption:1561] INFO:     > Caption conversion complete.
[12:23:11] [udemy-downloader] [parse_new:1822] INFO:     > Processing 0 asset(s) for lecture...
[12:23:15] [udemy-downloader] [parse_new:1782] INFO:   > Processing lecture 41 of 56
[12:23:15] [udemy-downloader] [process_lecture:1598] INFO:       > Lecture doesn't have DRM, attempting to download...
[12:23:15] [udemy-downloader] [process_lecture:1603] INFO:       ====== Selected quality: video 720
[12:23:17] [udemy-downloader] [parse_new:1808] INFO: Processing 8 caption(s)...
[12:23:17] [udemy-downloader] [process_caption:1546] INFO:     >  Downloading caption: '041 Project Brief Weather Patterns_en.vtt'
[12:23:18] [udemy-downloader] [process_caption:1559] INFO:     > Converting caption to SRT format...
[12:23:18] [udemy-downloader] [process_caption:1561] INFO:     > Caption conversion complete.
[12:23:18] [udemy-downloader] [parse_new:1822] INFO:     > Processing 0 asset(s) for lecture...
[12:23:22] [udemy-downloader] [parse_new:1782] INFO:   > Processing lecture 42 of 56
[12:23:22] [udemy-downloader] [process_lecture:1598] INFO:       > Lecture doesn't have DRM, attempting to download...
[12:23:22] [udemy-downloader] [process_lecture:1603] INFO:       ====== Selected quality: video 720
[12:23:24] [udemy-downloader] [parse_new:1808] INFO: Processing 8 caption(s)...
[12:23:24] [udemy-downloader] [process_caption:1546] INFO:     >  Downloading caption: '042 Import Data into R_en.vtt'
[12:23:24] [udemy-downloader] [process_caption:1559] INFO:     > Converting caption to SRT format...
[12:23:24] [udemy-downloader] [process_caption:1561] INFO:     > Caption conversion complete.
[12:23:24] [udemy-downloader] [parse_new:1822] INFO:     > Processing 0 asset(s) for lecture...
[12:23:28] [udemy-downloader] [parse_new:1782] INFO:   > Processing lecture 43 of 56
[12:23:28] [udemy-downloader] [process_lecture:1598] INFO:       > Lecture doesn't have DRM, attempting to download...
[12:23:28] [udemy-downloader] [process_lecture:1603] INFO:       ====== Selected quality: video 720
[12:23:30] [udemy-downloader] [parse_new:1808] INFO: Processing 7 caption(s)...
[12:23:30] [udemy-downloader] [process_caption:1546] INFO:     >  Downloading caption: '043 R programming What is the Apply family_en.vtt'
[12:23:30] [udemy-downloader] [process_caption:1559] INFO:     > Converting caption to SRT format...
[12:23:30] [udemy-downloader] [process_caption:1561] INFO:     > Caption conversion complete.
[12:23:30] [udemy-downloader] [parse_new:1822] INFO:     > Processing 0 asset(s) for lecture...
[12:23:34] [udemy-downloader] [parse_new:1782] INFO:   > Processing lecture 44 of 56
[12:23:34] [udemy-downloader] [process_lecture:1598] INFO:       > Lecture doesn't have DRM, attempting to download...
[12:23:34] [udemy-downloader] [process_lecture:1603] INFO:       ====== Selected quality: video 720
[12:23:36] [udemy-downloader] [parse_new:1808] INFO: Processing 8 caption(s)...
[12:23:36] [udemy-downloader] [process_caption:1546] INFO:     >  Downloading caption: '044 Using apply()_en.vtt'
[12:23:36] [udemy-downloader] [process_caption:1559] INFO:     > Converting caption to SRT format...
[12:23:36] [udemy-downloader] [process_caption:1561] INFO:     > Caption conversion complete.
[12:23:36] [udemy-downloader] [parse_new:1822] INFO:     > Processing 0 asset(s) for lecture...
[12:23:40] [udemy-downloader] [parse_new:1782] INFO:   > Processing lecture 45 of 56
[12:23:40] [udemy-downloader] [process_lecture:1598] INFO:       > Lecture doesn't have DRM, attempting to download...
[12:23:40] [udemy-downloader] [process_lecture:1603] INFO:       ====== Selected quality: video 720
[12:23:41] [udemy-downloader] [parse_new:1808] INFO: Processing 8 caption(s)...
[12:23:41] [udemy-downloader] [process_caption:1546] INFO:     >  Downloading caption: '045 Recreating the apply function with loops (advanced topic)_en.vtt'
[12:23:42] [udemy-downloader] [process_caption:1559] INFO:     > Converting caption to SRT format...
[12:23:42] [udemy-downloader] [process_caption:1561] INFO:     > Caption conversion complete.
[12:23:42] [udemy-downloader] [parse_new:1822] INFO:     > Processing 0 asset(s) for lecture...
[12:23:47] [udemy-downloader] [parse_new:1782] INFO:   > Processing lecture 46 of 56
[12:23:47] [udemy-downloader] [process_lecture:1598] INFO:       > Lecture doesn't have DRM, attempting to download...
[12:23:47] [udemy-downloader] [process_lecture:1603] INFO:       ====== Selected quality: video 720
[12:23:49] [udemy-downloader] [parse_new:1808] INFO: Processing 8 caption(s)...
[12:23:49] [udemy-downloader] [process_caption:1546] INFO:     >  Downloading caption: '046 Using lapply()_en.vtt'
[12:23:49] [udemy-downloader] [process_caption:1559] INFO:     > Converting caption to SRT format...
[12:23:49] [udemy-downloader] [process_caption:1561] INFO:     > Caption conversion complete.
[12:23:49] [udemy-downloader] [parse_new:1822] INFO:     > Processing 0 asset(s) for lecture...
[12:23:54] [udemy-downloader] [parse_new:1782] INFO:   > Processing lecture 47 of 56
[12:23:54] [udemy-downloader] [process_lecture:1598] INFO:       > Lecture doesn't have DRM, attempting to download...
[12:23:54] [udemy-downloader] [process_lecture:1603] INFO:       ====== Selected quality: video 720
[12:23:56] [udemy-downloader] [parse_new:1808] INFO: Processing 8 caption(s)...
[12:23:56] [udemy-downloader] [process_caption:1546] INFO:     >  Downloading caption: '047 Combining lapply() with []_en.vtt'
[12:23:56] [udemy-downloader] [process_caption:1559] INFO:     > Converting caption to SRT format...
[12:23:56] [udemy-downloader] [process_caption:1561] INFO:     > Caption conversion complete.
[12:23:56] [udemy-downloader] [parse_new:1822] INFO:     > Processing 0 asset(s) for lecture...
[12:24:01] [udemy-downloader] [parse_new:1782] INFO:   > Processing lecture 48 of 56
[12:24:01] [udemy-downloader] [process_lecture:1598] INFO:       > Lecture doesn't have DRM, attempting to download...
[12:24:01] [udemy-downloader] [process_lecture:1603] INFO:       ====== Selected quality: video 720
[12:24:03] [udemy-downloader] [parse_new:1808] INFO: Processing 8 caption(s)...
[12:24:03] [udemy-downloader] [process_caption:1546] INFO:     >  Downloading caption: '048 Adding your own functions_en.vtt'
[12:24:04] [udemy-downloader] [process_caption:1559] INFO:     > Converting caption to SRT format...
[12:24:04] [udemy-downloader] [process_caption:1561] INFO:     > Caption conversion complete.
[12:24:04] [udemy-downloader] [parse_new:1822] INFO:     > Processing 0 asset(s) for lecture...
[12:24:08] [udemy-downloader] [parse_new:1782] INFO:   > Processing lecture 49 of 56
[12:24:08] [udemy-downloader] [process_lecture:1598] INFO:       > Lecture doesn't have DRM, attempting to download...
[12:24:08] [udemy-downloader] [process_lecture:1603] INFO:       ====== Selected quality: video 720
[12:24:10] [udemy-downloader] [parse_new:1808] INFO: Processing 8 caption(s)...
[12:24:10] [udemy-downloader] [process_caption:1546] INFO:     >  Downloading caption: '049 Using sapply()_en.vtt'
[12:24:10] [udemy-downloader] [process_caption:1559] INFO:     > Converting caption to SRT format...
[12:24:10] [udemy-downloader] [process_caption:1561] INFO:     > Caption conversion complete.
[12:24:10] [udemy-downloader] [parse_new:1822] INFO:     > Processing 0 asset(s) for lecture...
[12:24:14] [udemy-downloader] [parse_new:1782] INFO:   > Processing lecture 50 of 56
[12:24:14] [udemy-downloader] [process_lecture:1598] INFO:       > Lecture doesn't have DRM, attempting to download...
[12:24:14] [udemy-downloader] [process_lecture:1603] INFO:       ====== Selected quality: video 720
[12:24:16] [udemy-downloader] [parse_new:1808] INFO: Processing 8 caption(s)...
[12:24:16] [udemy-downloader] [process_caption:1546] INFO:     >  Downloading caption: '050 Nesting apply() functions_en.vtt'
[12:24:16] [udemy-downloader] [process_caption:1559] INFO:     > Converting caption to SRT format...
[12:24:16] [udemy-downloader] [process_caption:1561] INFO:     > Caption conversion complete.
[12:24:16] [udemy-downloader] [parse_new:1822] INFO:     > Processing 0 asset(s) for lecture...
[12:24:20] [udemy-downloader] [parse_new:1782] INFO:   > Processing lecture 51 of 56
[12:24:20] [udemy-downloader] [process_lecture:1598] INFO:       > Lecture doesn't have DRM, attempting to download...
[12:24:20] [udemy-downloader] [process_lecture:1603] INFO:       ====== Selected quality: video 720
[12:24:22] [udemy-downloader] [parse_new:1808] INFO: Processing 8 caption(s)...
[12:24:22] [udemy-downloader] [process_caption:1546] INFO:     >  Downloading caption: '051 which.max() and which.min() (advanced topic)_en.vtt'
[12:24:23] [udemy-downloader] [process_caption:1559] INFO:     > Converting caption to SRT format...
[12:24:23] [udemy-downloader] [process_caption:1561] INFO:     > Caption conversion complete.
[12:24:23] [udemy-downloader] [parse_new:1822] INFO:     > Processing 0 asset(s) for lecture...
[12:24:26] [udemy-downloader] [parse_new:1782] INFO:   > Processing lecture 52 of 56
[12:24:26] [udemy-downloader] [process_lecture:1598] INFO:       > Lecture doesn't have DRM, attempting to download...
[12:24:26] [udemy-downloader] [process_lecture:1603] INFO:       ====== Selected quality: video 720
[12:24:27] [udemy-downloader] [parse_new:1808] INFO: Processing 8 caption(s)...
[12:24:27] [udemy-downloader] [process_caption:1546] INFO:     >  Downloading caption: '052 Section Recap_en.vtt'
[12:24:28] [udemy-downloader] [process_caption:1559] INFO:     > Converting caption to SRT format...
[12:24:28] [udemy-downloader] [process_caption:1561] INFO:     > Caption conversion complete.
[12:24:28] [udemy-downloader] [parse_new:1822] INFO:     > Processing 0 asset(s) for lecture...
[12:24:28] [udemy-downloader] [process_normal_quiz:1687] INFO:   > Processing quiz 3
[12:24:31] [udemy-downloader] [parse_new:1782] INFO:   > Processing lecture 54 of 56
[12:24:31] [udemy-downloader] [process_lecture:1598] INFO:       > Lecture doesn't have DRM, attempting to download...
[12:24:31] [udemy-downloader] [process_lecture:1603] INFO:       ====== Selected quality: video 720
[12:24:34] [udemy-downloader] [parse_new:1808] INFO: Processing 7 caption(s)...
[12:24:34] [udemy-downloader] [process_caption:1546] INFO:     >  Downloading caption: '054 THANK YOU Video_en.vtt'
[12:24:34] [udemy-downloader] [process_caption:1559] INFO:     > Converting caption to SRT format...
[12:24:34] [udemy-downloader] [process_caption:1561] INFO:     > Caption conversion complete.
[12:24:34] [udemy-downloader] [parse_new:1822] INFO:     > Processing 0 asset(s) for lecture...
[12:24:34] [udemy-downloader] [parse_new:1754] INFO: ======= Processing chapter 5 of 5 =======
[12:24:34] [udemy-downloader] [parse_new:1782] INFO:   > Processing lecture 55 of 56
[12:24:34] [udemy-downloader] [parse_new:1822] INFO:     > Processing 1 asset(s) for lecture...
[12:24:34] [udemy-downloader] [parse_new:1782] INFO:   > Processing lecture 56 of 56
[12:24:34] [udemy-downloader] [parse_new:1822] INFO:     > Processing 1 asset(s) for lecture...
{"timestamp":"2026-01-16T17:24:34.849Z","level":"info","category":"download","source":"python_worker","orderId":35,"taskId":55,"message":"Download progress: 70% (Download completed, preparing upload...)","details":{"duration":311,"attempt":1},"progress":70,"currentFile":"Download completed, preparing upload...","stack":null,"metadata":null}
{"timestamp":"2026-01-16T17:25:29.251Z","level":"info","category":"download","source":"python_worker","orderId":35,"taskId":55,"message":"Download progress: 100% (Task completed successfully!)","details":{"duration":366,"folderName":"r-analytics"},"progress":100,"currentFile":"Task completed successfully!","stack":null,"metadata":null}
