
============================================================
[2026-01-19T15:08:13.301998] Starting download for task 91
Command: /usr/bin/python3 main.py -c https://samsungu.udemy.com/course/tieng-nhat-giao-tiep-cho-nguoi-i-lam-n5/ -b BXkdOY7L4dK19hrNj1GnplHFHoMbkXpiLlSn9dcU -o Staging_Download/Task_91 -q 720 --download-captions --download-assets --download-quizzes --concurrent-downloads 10 --continue-lecture-numbers
============================================================

============================================================
[LOGGING MODULE] Starting download process
============================================================
[03:08:14] [udemy-downloader] [pre_run:394] INFO: Output directory set to /root/project/server/udemy_dl/Staging_Download/Task_91
[03:08:14] [udemy-downloader] [pre_run:404] WARNING: > Keyfile not found! You won't be able to decrypt any encrypted videos!
[03:08:15] [udemy-downloader] [visit:1203] INFO: Visit request successful
[03:08:15] [udemy-downloader] [main:2044] INFO: > Fetching course information, this may take a minute...
[03:08:16] [udemy-downloader] [_handle_pagination:914] INFO: > Downloading data page 2/2
[03:08:17] [udemy-downloader] [main:2047] INFO: > Course information retrieved!
[03:08:17] [udemy-downloader] [main:2052] INFO: > Fetching course curriculum, this may take a minute...
[03:08:22] [udemy-downloader] [main:2076] INFO: > Course curriculum retrieved!
[03:08:22] [udemy-downloader] [main:2107] INFO: > Processing course data, this may take a minute. 
[03:08:22] [udemy-downloader] [main:2151] INFO: Processing 2 of 81
[03:08:22] [udemy-downloader] [main:2151] INFO: Processing 3 of 81
[03:08:22] [udemy-downloader] [main:2151] INFO: Processing 5 of 81
[03:08:22] [udemy-downloader] [main:2151] INFO: Processing 6 of 81
[03:08:22] [udemy-downloader] [main:2151] INFO: Processing 7 of 81
[03:08:22] [udemy-downloader] [main:2151] INFO: Processing 8 of 81
[03:08:22] [udemy-downloader] [main:2151] INFO: Processing 9 of 81
[03:08:22] [udemy-downloader] [main:2151] INFO: Processing 10 of 81
[03:08:22] [udemy-downloader] [main:2151] INFO: Processing 12 of 81
[03:08:22] [udemy-downloader] [main:2187] INFO: Processing 13 of 81
[03:08:22] [udemy-downloader] [main:2151] INFO: Processing 14 of 81
[03:08:22] [udemy-downloader] [main:2187] INFO: Processing 15 of 81
[03:08:22] [udemy-downloader] [main:2151] INFO: Processing 16 of 81
[03:08:22] [udemy-downloader] [main:2187] INFO: Processing 17 of 81
[03:08:22] [udemy-downloader] [main:2151] INFO: Processing 18 of 81
[03:08:22] [udemy-downloader] [main:2187] INFO: Processing 19 of 81
[03:08:22] [udemy-downloader] [main:2151] INFO: Processing 20 of 81
[03:08:22] [udemy-downloader] [main:2187] INFO: Processing 21 of 81
[03:08:22] [udemy-downloader] [main:2151] INFO: Processing 22 of 81
[03:08:22] [udemy-downloader] [main:2187] INFO: Processing 23 of 81
[03:08:22] [udemy-downloader] [main:2151] INFO: Processing 24 of 81
[03:08:22] [udemy-downloader] [main:2187] INFO: Processing 25 of 81
[03:08:22] [udemy-downloader] [main:2151] INFO: Processing 26 of 81
[03:08:22] [udemy-downloader] [main:2187] INFO: Processing 27 of 81
[03:08:22] [udemy-downloader] [main:2151] INFO: Processing 28 of 81
[03:08:22] [udemy-downloader] [main:2187] INFO: Processing 29 of 81
[03:08:22] [udemy-downloader] [main:2151] INFO: Processing 30 of 81
[03:08:22] [udemy-downloader] [main:2187] INFO: Processing 31 of 81
[03:08:22] [udemy-downloader] [main:2151] INFO: Processing 32 of 81
[03:08:22] [udemy-downloader] [main:2187] INFO: Processing 33 of 81
[03:08:22] [udemy-downloader] [main:2151] INFO: Processing 34 of 81
[03:08:22] [udemy-downloader] [main:2187] INFO: Processing 35 of 81
[03:08:22] [udemy-downloader] [main:2151] INFO: Processing 36 of 81
[03:08:22] [udemy-downloader] [main:2187] INFO: Processing 37 of 81
[03:08:22] [udemy-downloader] [main:2151] INFO: Processing 38 of 81
[03:08:22] [udemy-downloader] [main:2187] INFO: Processing 39 of 81
[03:08:22] [udemy-downloader] [main:2151] INFO: Processing 40 of 81
[03:08:22] [udemy-downloader] [main:2187] INFO: Processing 41 of 81
[03:08:22] [udemy-downloader] [main:2151] INFO: Processing 42 of 81
[03:08:22] [udemy-downloader] [main:2187] INFO: Processing 43 of 81
[03:08:22] [udemy-downloader] [main:2151] INFO: Processing 44 of 81
[03:08:22] [udemy-downloader] [main:2187] INFO: Processing 45 of 81
[03:08:22] [udemy-downloader] [main:2151] INFO: Processing 46 of 81
[03:08:22] [udemy-downloader] [main:2187] INFO: Processing 47 of 81
[03:08:22] [udemy-downloader] [main:2151] INFO: Processing 48 of 81
[03:08:22] [udemy-downloader] [main:2187] INFO: Processing 49 of 81
[03:08:22] [udemy-downloader] [main:2151] INFO: Processing 50 of 81
[03:08:22] [udemy-downloader] [main:2187] INFO: Processing 51 of 81
[03:08:22] [udemy-downloader] [main:2151] INFO: Processing 52 of 81
[03:08:22] [udemy-downloader] [main:2187] INFO: Processing 53 of 81
[03:08:22] [udemy-downloader] [main:2151] INFO: Processing 54 of 81
[03:08:22] [udemy-downloader] [main:2187] INFO: Processing 55 of 81
[03:08:22] [udemy-downloader] [main:2151] INFO: Processing 56 of 81
[03:08:22] [udemy-downloader] [main:2187] INFO: Processing 57 of 81
[03:08:22] [udemy-downloader] [main:2151] INFO: Processing 58 of 81
[03:08:22] [udemy-downloader] [main:2187] INFO: Processing 59 of 81
[03:08:22] [udemy-downloader] [main:2151] INFO: Processing 60 of 81
[03:08:22] [udemy-downloader] [main:2187] INFO: Processing 61 of 81
[03:08:22] [udemy-downloader] [main:2151] INFO: Processing 62 of 81
[03:08:22] [udemy-downloader] [main:2187] INFO: Processing 63 of 81
[03:08:22] [udemy-downloader] [main:2151] INFO: Processing 64 of 81
[03:08:22] [udemy-downloader] [main:2187] INFO: Processing 65 of 81
[03:08:22] [udemy-downloader] [main:2151] INFO: Processing 66 of 81
[03:08:22] [udemy-downloader] [main:2187] INFO: Processing 67 of 81
[03:08:22] [udemy-downloader] [main:2151] INFO: Processing 68 of 81
[03:08:22] [udemy-downloader] [main:2187] INFO: Processing 69 of 81
[03:08:22] [udemy-downloader] [main:2151] INFO: Processing 70 of 81
[03:08:22] [udemy-downloader] [main:2187] INFO: Processing 71 of 81
[03:08:22] [udemy-downloader] [main:2151] INFO: Processing 72 of 81
[03:08:22] [udemy-downloader] [main:2187] INFO: Processing 73 of 81
[03:08:22] [udemy-downloader] [main:2151] INFO: Processing 74 of 81
[03:08:22] [udemy-downloader] [main:2187] INFO: Processing 75 of 81
[03:08:22] [udemy-downloader] [main:2151] INFO: Processing 76 of 81
[03:08:22] [udemy-downloader] [main:2187] INFO: Processing 77 of 81
[03:08:22] [udemy-downloader] [main:2151] INFO: Processing 78 of 81
[03:08:22] [udemy-downloader] [main:2187] INFO: Processing 79 of 81
[03:08:22] [udemy-downloader] [main:2151] INFO: Processing 80 of 81
[03:08:22] [udemy-downloader] [main:2187] INFO: Processing 81 of 81
[03:08:22] [udemy-downloader] [parse_new:1731] INFO: Chapter(s) (3)
[03:08:22] [udemy-downloader] [parse_new:1732] INFO: Lecture(s) (78)
[03:08:22] [udemy-downloader] [parse_new:1754] INFO: ======= Processing chapter 1 of 3 =======
[03:08:26] [udemy-downloader] [parse_new:1782] INFO:   > Processing lecture 1 of 78
[03:08:26] [udemy-downloader] [process_lecture:1598] INFO:       > Lecture doesn't have DRM, attempting to download...
[03:08:26] [udemy-downloader] [process_lecture:1603] INFO:       ====== Selected quality: video 720
[03:08:31] [udemy-downloader] [parse_new:1808] INFO: Processing 0 caption(s)...
[03:08:31] [udemy-downloader] [parse_new:1822] INFO:     > Processing 0 asset(s) for lecture...
[03:08:35] [udemy-downloader] [parse_new:1782] INFO:   > Processing lecture 2 of 78
[03:08:35] [udemy-downloader] [process_lecture:1598] INFO:       > Lecture doesn't have DRM, attempting to download...
[03:08:35] [udemy-downloader] [process_lecture:1603] INFO:       ====== Selected quality: video 720
[03:08:39] [udemy-downloader] [parse_new:1808] INFO: Processing 0 caption(s)...
[03:08:39] [udemy-downloader] [parse_new:1822] INFO:     > Processing 0 asset(s) for lecture...
[03:08:39] [udemy-downloader] [parse_new:1754] INFO: ======= Processing chapter 2 of 3 =======
[03:08:44] [udemy-downloader] [parse_new:1782] INFO:   > Processing lecture 3 of 78
[03:08:44] [udemy-downloader] [process_lecture:1598] INFO:       > Lecture doesn't have DRM, attempting to download...
[03:08:44] [udemy-downloader] [process_lecture:1603] INFO:       ====== Selected quality: video 720
[03:08:51] [udemy-downloader] [parse_new:1808] INFO: Processing 0 caption(s)...
[03:08:51] [udemy-downloader] [parse_new:1822] INFO:     > Processing 0 asset(s) for lecture...
[03:08:57] [udemy-downloader] [parse_new:1782] INFO:   > Processing lecture 4 of 78
[03:08:57] [udemy-downloader] [process_lecture:1598] INFO:       > Lecture doesn't have DRM, attempting to download...
[03:08:57] [udemy-downloader] [process_lecture:1603] INFO:       ====== Selected quality: video 720
[03:09:05] [udemy-downloader] [parse_new:1808] INFO: Processing 0 caption(s)...
[03:09:05] [udemy-downloader] [parse_new:1822] INFO:     > Processing 0 asset(s) for lecture...
[03:09:10] [udemy-downloader] [parse_new:1782] INFO:   > Processing lecture 5 of 78
[03:09:10] [udemy-downloader] [process_lecture:1598] INFO:       > Lecture doesn't have DRM, attempting to download...
[03:09:10] [udemy-downloader] [process_lecture:1603] INFO:       ====== Selected quality: video 720
[03:09:15] [udemy-downloader] [parse_new:1808] INFO: Processing 0 caption(s)...
[03:09:15] [udemy-downloader] [parse_new:1822] INFO:     > Processing 0 asset(s) for lecture...
[03:09:20] [udemy-downloader] [parse_new:1782] INFO:   > Processing lecture 6 of 78
[03:09:20] [udemy-downloader] [process_lecture:1598] INFO:       > Lecture doesn't have DRM, attempting to download...
[03:09:20] [udemy-downloader] [process_lecture:1603] INFO:       ====== Selected quality: video 720
[03:09:27] [udemy-downloader] [parse_new:1808] INFO: Processing 0 caption(s)...
[03:09:27] [udemy-downloader] [parse_new:1822] INFO:     > Processing 0 asset(s) for lecture...
[03:09:31] [udemy-downloader] [parse_new:1782] INFO:   > Processing lecture 7 of 78
[03:09:31] [udemy-downloader] [process_lecture:1598] INFO:       > Lecture doesn't have DRM, attempting to download...
[03:09:31] [udemy-downloader] [process_lecture:1603] INFO:       ====== Selected quality: video 720
[03:09:42] [udemy-downloader] [parse_new:1808] INFO: Processing 0 caption(s)...
[03:09:42] [udemy-downloader] [parse_new:1822] INFO:     > Processing 0 asset(s) for lecture...
[03:09:47] [udemy-downloader] [parse_new:1782] INFO:   > Processing lecture 8 of 78
[03:09:47] [udemy-downloader] [process_lecture:1598] INFO:       > Lecture doesn't have DRM, attempting to download...
[03:09:47] [udemy-downloader] [process_lecture:1603] INFO:       ====== Selected quality: video 720
[03:09:54] [udemy-downloader] [parse_new:1808] INFO: Processing 0 caption(s)...
[03:09:54] [udemy-downloader] [parse_new:1822] INFO:     > Processing 0 asset(s) for lecture...
[03:09:54] [udemy-downloader] [parse_new:1754] INFO: ======= Processing chapter 3 of 3 =======
[03:09:57] [udemy-downloader] [parse_new:1782] INFO:   > Processing lecture 9 of 78
[03:09:57] [udemy-downloader] [process_lecture:1598] INFO:       > Lecture doesn't have DRM, attempting to download...
[03:09:57] [udemy-downloader] [process_lecture:1603] INFO:       ====== Selected quality: video 720
[03:10:05] [udemy-downloader] [parse_new:1808] INFO: Processing 0 caption(s)...
[03:10:05] [udemy-downloader] [parse_new:1822] INFO:     > Processing 0 asset(s) for lecture...
[03:10:05] [udemy-downloader] [process_normal_quiz:1687] INFO:   > Processing quiz 1
[03:10:10] [udemy-downloader] [parse_new:1782] INFO:   > Processing lecture 11 of 78
[03:10:10] [udemy-downloader] [process_lecture:1598] INFO:       > Lecture doesn't have DRM, attempting to download...
[03:10:10] [udemy-downloader] [process_lecture:1603] INFO:       ====== Selected quality: video 720
[03:10:17] [udemy-downloader] [parse_new:1808] INFO: Processing 0 caption(s)...
[03:10:17] [udemy-downloader] [parse_new:1822] INFO:     > Processing 0 asset(s) for lecture...
[03:10:18] [udemy-downloader] [process_normal_quiz:1687] INFO:   > Processing quiz 2
[03:10:22] [udemy-downloader] [parse_new:1782] INFO:   > Processing lecture 13 of 78
[03:10:22] [udemy-downloader] [process_lecture:1598] INFO:       > Lecture doesn't have DRM, attempting to download...
[03:10:22] [udemy-downloader] [process_lecture:1603] INFO:       ====== Selected quality: video 720
[03:10:30] [udemy-downloader] [parse_new:1808] INFO: Processing 0 caption(s)...
[03:10:30] [udemy-downloader] [parse_new:1822] INFO:     > Processing 0 asset(s) for lecture...
[03:10:31] [udemy-downloader] [process_normal_quiz:1687] INFO:   > Processing quiz 3
[03:10:36] [udemy-downloader] [parse_new:1782] INFO:   > Processing lecture 15 of 78
[03:10:36] [udemy-downloader] [process_lecture:1598] INFO:       > Lecture doesn't have DRM, attempting to download...
[03:10:36] [udemy-downloader] [process_lecture:1603] INFO:       ====== Selected quality: video 720
[03:10:45] [udemy-downloader] [parse_new:1808] INFO: Processing 0 caption(s)...
[03:10:45] [udemy-downloader] [parse_new:1822] INFO:     > Processing 0 asset(s) for lecture...
[03:10:46] [udemy-downloader] [process_normal_quiz:1687] INFO:   > Processing quiz 4
[03:10:51] [udemy-downloader] [parse_new:1782] INFO:   > Processing lecture 17 of 78
[03:10:51] [udemy-downloader] [process_lecture:1598] INFO:       > Lecture doesn't have DRM, attempting to download...
[03:10:51] [udemy-downloader] [process_lecture:1603] INFO:       ====== Selected quality: video 720
[03:10:59] [udemy-downloader] [parse_new:1808] INFO: Processing 0 caption(s)...
[03:10:59] [udemy-downloader] [parse_new:1822] INFO:     > Processing 0 asset(s) for lecture...
[03:11:00] [udemy-downloader] [process_normal_quiz:1687] INFO:   > Processing quiz 5
[03:11:05] [udemy-downloader] [parse_new:1782] INFO:   > Processing lecture 19 of 78
[03:11:05] [udemy-downloader] [process_lecture:1598] INFO:       > Lecture doesn't have DRM, attempting to download...
[03:11:05] [udemy-downloader] [process_lecture:1603] INFO:       ====== Selected quality: video 720
[03:11:12] [udemy-downloader] [parse_new:1808] INFO: Processing 0 caption(s)...
[03:11:12] [udemy-downloader] [parse_new:1822] INFO:     > Processing 0 asset(s) for lecture...
[03:11:12] [udemy-downloader] [process_normal_quiz:1687] INFO:   > Processing quiz 6
[03:11:18] [udemy-downloader] [parse_new:1782] INFO:   > Processing lecture 21 of 78
[03:11:18] [udemy-downloader] [process_lecture:1598] INFO:       > Lecture doesn't have DRM, attempting to download...
[03:11:18] [udemy-downloader] [process_lecture:1603] INFO:       ====== Selected quality: video 720
[03:11:27] [udemy-downloader] [parse_new:1808] INFO: Processing 0 caption(s)...
[03:11:27] [udemy-downloader] [parse_new:1822] INFO:     > Processing 0 asset(s) for lecture...
[03:11:28] [udemy-downloader] [process_normal_quiz:1687] INFO:   > Processing quiz 7
[03:11:32] [udemy-downloader] [parse_new:1782] INFO:   > Processing lecture 23 of 78
[03:11:32] [udemy-downloader] [process_lecture:1598] INFO:       > Lecture doesn't have DRM, attempting to download...
[03:11:32] [udemy-downloader] [process_lecture:1603] INFO:       ====== Selected quality: video 720
[03:11:39] [udemy-downloader] [parse_new:1808] INFO: Processing 0 caption(s)...
[03:11:39] [udemy-downloader] [parse_new:1822] INFO:     > Processing 0 asset(s) for lecture...
[03:11:39] [udemy-downloader] [process_normal_quiz:1687] INFO:   > Processing quiz 8
[03:11:43] [udemy-downloader] [parse_new:1782] INFO:   > Processing lecture 25 of 78
[03:11:43] [udemy-downloader] [process_lecture:1598] INFO:       > Lecture doesn't have DRM, attempting to download...
[03:11:43] [udemy-downloader] [process_lecture:1603] INFO:       ====== Selected quality: video 720
[03:11:51] [udemy-downloader] [parse_new:1808] INFO: Processing 0 caption(s)...
[03:11:51] [udemy-downloader] [parse_new:1822] INFO:     > Processing 0 asset(s) for lecture...
[03:11:53] [udemy-downloader] [process_normal_quiz:1687] INFO:   > Processing quiz 9
[03:11:57] [udemy-downloader] [parse_new:1782] INFO:   > Processing lecture 27 of 78
[03:11:57] [udemy-downloader] [process_lecture:1598] INFO:       > Lecture doesn't have DRM, attempting to download...
[03:11:57] [udemy-downloader] [process_lecture:1603] INFO:       ====== Selected quality: video 720
[03:12:04] [udemy-downloader] [parse_new:1808] INFO: Processing 0 caption(s)...
[03:12:04] [udemy-downloader] [parse_new:1822] INFO:     > Processing 0 asset(s) for lecture...
[03:12:05] [udemy-downloader] [process_normal_quiz:1687] INFO:   > Processing quiz 10
[03:12:09] [udemy-downloader] [parse_new:1782] INFO:   > Processing lecture 29 of 78
[03:12:09] [udemy-downloader] [process_lecture:1598] INFO:       > Lecture doesn't have DRM, attempting to download...
[03:12:09] [udemy-downloader] [process_lecture:1603] INFO:       ====== Selected quality: video 720
[03:12:15] [udemy-downloader] [parse_new:1808] INFO: Processing 0 caption(s)...
[03:12:15] [udemy-downloader] [parse_new:1822] INFO:     > Processing 0 asset(s) for lecture...
[03:12:16] [udemy-downloader] [process_normal_quiz:1687] INFO:   > Processing quiz 11
[03:12:22] [udemy-downloader] [parse_new:1782] INFO:   > Processing lecture 31 of 78
[03:12:22] [udemy-downloader] [process_lecture:1598] INFO:       > Lecture doesn't have DRM, attempting to download...
[03:12:22] [udemy-downloader] [process_lecture:1603] INFO:       ====== Selected quality: video 720
[03:12:31] [udemy-downloader] [parse_new:1808] INFO: Processing 0 caption(s)...
[03:12:31] [udemy-downloader] [parse_new:1822] INFO:     > Processing 0 asset(s) for lecture...
[03:12:31] [udemy-downloader] [process_normal_quiz:1687] INFO:   > Processing quiz 12
[03:12:35] [udemy-downloader] [parse_new:1782] INFO:   > Processing lecture 33 of 78
[03:12:35] [udemy-downloader] [process_lecture:1598] INFO:       > Lecture doesn't have DRM, attempting to download...
[03:12:35] [udemy-downloader] [process_lecture:1603] INFO:       ====== Selected quality: video 720
[03:12:42] [udemy-downloader] [parse_new:1808] INFO: Processing 0 caption(s)...
[03:12:42] [udemy-downloader] [parse_new:1822] INFO:     > Processing 0 asset(s) for lecture...
[03:12:43] [udemy-downloader] [process_normal_quiz:1687] INFO:   > Processing quiz 13
[03:12:48] [udemy-downloader] [parse_new:1782] INFO:   > Processing lecture 35 of 78
[03:12:48] [udemy-downloader] [process_lecture:1598] INFO:       > Lecture doesn't have DRM, attempting to download...
[03:12:48] [udemy-downloader] [process_lecture:1603] INFO:       ====== Selected quality: video 720
[03:12:54] [udemy-downloader] [parse_new:1808] INFO: Processing 0 caption(s)...
[03:12:54] [udemy-downloader] [parse_new:1822] INFO:     > Processing 0 asset(s) for lecture...
[03:12:55] [udemy-downloader] [process_normal_quiz:1687] INFO:   > Processing quiz 14
[03:12:58] [udemy-downloader] [parse_new:1782] INFO:   > Processing lecture 37 of 78
[03:12:58] [udemy-downloader] [process_lecture:1598] INFO:       > Lecture doesn't have DRM, attempting to download...
[03:12:58] [udemy-downloader] [process_lecture:1603] INFO:       ====== Selected quality: video 720
[03:13:06] [udemy-downloader] [parse_new:1808] INFO: Processing 0 caption(s)...
[03:13:06] [udemy-downloader] [parse_new:1822] INFO:     > Processing 0 asset(s) for lecture...
[03:13:06] [udemy-downloader] [process_normal_quiz:1687] INFO:   > Processing quiz 15
[03:13:10] [udemy-downloader] [parse_new:1782] INFO:   > Processing lecture 39 of 78
[03:13:10] [udemy-downloader] [process_lecture:1598] INFO:       > Lecture doesn't have DRM, attempting to download...
[03:13:10] [udemy-downloader] [process_lecture:1603] INFO:       ====== Selected quality: video 720
[03:13:18] [udemy-downloader] [parse_new:1808] INFO: Processing 0 caption(s)...
[03:13:18] [udemy-downloader] [parse_new:1822] INFO:     > Processing 0 asset(s) for lecture...
[03:13:19] [udemy-downloader] [process_normal_quiz:1687] INFO:   > Processing quiz 16
[03:13:24] [udemy-downloader] [parse_new:1782] INFO:   > Processing lecture 41 of 78
[03:13:24] [udemy-downloader] [process_lecture:1598] INFO:       > Lecture doesn't have DRM, attempting to download...
[03:13:24] [udemy-downloader] [process_lecture:1603] INFO:       ====== Selected quality: video 720
[03:13:32] [udemy-downloader] [parse_new:1808] INFO: Processing 0 caption(s)...
[03:13:32] [udemy-downloader] [parse_new:1822] INFO:     > Processing 0 asset(s) for lecture...
[03:13:33] [udemy-downloader] [process_normal_quiz:1687] INFO:   > Processing quiz 17
[03:13:38] [udemy-downloader] [parse_new:1782] INFO:   > Processing lecture 43 of 78
[03:13:38] [udemy-downloader] [process_lecture:1598] INFO:       > Lecture doesn't have DRM, attempting to download...
[03:13:38] [udemy-downloader] [process_lecture:1603] INFO:       ====== Selected quality: video 720
[03:13:43] [udemy-downloader] [parse_new:1808] INFO: Processing 0 caption(s)...
[03:13:43] [udemy-downloader] [parse_new:1822] INFO:     > Processing 0 asset(s) for lecture...
[03:13:44] [udemy-downloader] [process_normal_quiz:1687] INFO:   > Processing quiz 18
[03:13:49] [udemy-downloader] [parse_new:1782] INFO:   > Processing lecture 45 of 78
[03:13:49] [udemy-downloader] [process_lecture:1598] INFO:       > Lecture doesn't have DRM, attempting to download...
[03:13:49] [udemy-downloader] [process_lecture:1603] INFO:       ====== Selected quality: video 720
[03:13:56] [udemy-downloader] [parse_new:1808] INFO: Processing 0 caption(s)...
[03:13:56] [udemy-downloader] [parse_new:1822] INFO:     > Processing 0 asset(s) for lecture...
[03:13:57] [udemy-downloader] [process_normal_quiz:1687] INFO:   > Processing quiz 19
[03:14:00] [udemy-downloader] [parse_new:1782] INFO:   > Processing lecture 47 of 78
[03:14:00] [udemy-downloader] [process_lecture:1598] INFO:       > Lecture doesn't have DRM, attempting to download...
[03:14:00] [udemy-downloader] [process_lecture:1603] INFO:       ====== Selected quality: video 720
[03:14:08] [udemy-downloader] [parse_new:1808] INFO: Processing 0 caption(s)...
[03:14:08] [udemy-downloader] [parse_new:1822] INFO:     > Processing 0 asset(s) for lecture...
[03:14:09] [udemy-downloader] [process_normal_quiz:1687] INFO:   > Processing quiz 20
[03:14:13] [udemy-downloader] [parse_new:1782] INFO:   > Processing lecture 49 of 78
[03:14:13] [udemy-downloader] [process_lecture:1598] INFO:       > Lecture doesn't have DRM, attempting to download...
[03:14:13] [udemy-downloader] [process_lecture:1603] INFO:       ====== Selected quality: video 720
[03:14:20] [udemy-downloader] [parse_new:1808] INFO: Processing 0 caption(s)...
[03:14:21] [udemy-downloader] [parse_new:1822] INFO:     > Processing 0 asset(s) for lecture...
[03:14:22] [udemy-downloader] [process_normal_quiz:1687] INFO:   > Processing quiz 21
[03:14:28] [udemy-downloader] [parse_new:1782] INFO:   > Processing lecture 51 of 78
[03:14:28] [udemy-downloader] [process_lecture:1598] INFO:       > Lecture doesn't have DRM, attempting to download...
[03:14:28] [udemy-downloader] [process_lecture:1603] INFO:       ====== Selected quality: video 720
[03:14:35] [udemy-downloader] [parse_new:1808] INFO: Processing 0 caption(s)...
[03:14:35] [udemy-downloader] [parse_new:1822] INFO:     > Processing 0 asset(s) for lecture...
[03:14:36] [udemy-downloader] [process_normal_quiz:1687] INFO:   > Processing quiz 22
[03:14:43] [udemy-downloader] [parse_new:1782] INFO:   > Processing lecture 53 of 78
[03:14:43] [udemy-downloader] [process_lecture:1598] INFO:       > Lecture doesn't have DRM, attempting to download...
[03:14:43] [udemy-downloader] [process_lecture:1603] INFO:       ====== Selected quality: video 720
[03:14:48] [udemy-downloader] [parse_new:1808] INFO: Processing 0 caption(s)...
[03:14:48] [udemy-downloader] [parse_new:1822] INFO:     > Processing 0 asset(s) for lecture...
[03:14:49] [udemy-downloader] [process_normal_quiz:1687] INFO:   > Processing quiz 23
[03:14:53] [udemy-downloader] [parse_new:1782] INFO:   > Processing lecture 55 of 78
[03:14:53] [udemy-downloader] [process_lecture:1598] INFO:       > Lecture doesn't have DRM, attempting to download...
[03:14:53] [udemy-downloader] [process_lecture:1603] INFO:       ====== Selected quality: video 720
[03:15:02] [udemy-downloader] [parse_new:1808] INFO: Processing 0 caption(s)...
[03:15:02] [udemy-downloader] [parse_new:1822] INFO:     > Processing 0 asset(s) for lecture...
[03:15:02] [udemy-downloader] [process_normal_quiz:1687] INFO:   > Processing quiz 24
[03:15:07] [udemy-downloader] [parse_new:1782] INFO:   > Processing lecture 57 of 78
[03:15:07] [udemy-downloader] [process_lecture:1598] INFO:       > Lecture doesn't have DRM, attempting to download...
[03:15:07] [udemy-downloader] [process_lecture:1603] INFO:       ====== Selected quality: video 720
[03:15:16] [udemy-downloader] [parse_new:1808] INFO: Processing 0 caption(s)...
[03:15:16] [udemy-downloader] [parse_new:1822] INFO:     > Processing 0 asset(s) for lecture...
[03:15:16] [udemy-downloader] [process_normal_quiz:1687] INFO:   > Processing quiz 25
[03:15:20] [udemy-downloader] [parse_new:1782] INFO:   > Processing lecture 59 of 78
[03:15:21] [udemy-downloader] [process_lecture:1598] INFO:       > Lecture doesn't have DRM, attempting to download...
[03:15:21] [udemy-downloader] [process_lecture:1603] INFO:       ====== Selected quality: video 720
[03:15:26] [udemy-downloader] [parse_new:1808] INFO: Processing 0 caption(s)...
[03:15:26] [udemy-downloader] [parse_new:1822] INFO:     > Processing 0 asset(s) for lecture...
[03:15:26] [udemy-downloader] [process_normal_quiz:1687] INFO:   > Processing quiz 26
[03:15:30] [udemy-downloader] [parse_new:1782] INFO:   > Processing lecture 61 of 78
[03:15:30] [udemy-downloader] [process_lecture:1598] INFO:       > Lecture doesn't have DRM, attempting to download...
[03:15:30] [udemy-downloader] [process_lecture:1603] INFO:       ====== Selected quality: video 720
[03:15:37] [udemy-downloader] [parse_new:1808] INFO: Processing 0 caption(s)...
[03:15:37] [udemy-downloader] [parse_new:1822] INFO:     > Processing 0 asset(s) for lecture...
[03:15:38] [udemy-downloader] [process_normal_quiz:1687] INFO:   > Processing quiz 27
[03:15:43] [udemy-downloader] [parse_new:1782] INFO:   > Processing lecture 63 of 78
[03:15:43] [udemy-downloader] [process_lecture:1598] INFO:       > Lecture doesn't have DRM, attempting to download...
[03:15:43] [udemy-downloader] [process_lecture:1603] INFO:       ====== Selected quality: video 720
[03:15:49] [udemy-downloader] [parse_new:1808] INFO: Processing 0 caption(s)...
[03:15:49] [udemy-downloader] [parse_new:1822] INFO:     > Processing 0 asset(s) for lecture...
[03:15:50] [udemy-downloader] [process_normal_quiz:1687] INFO:   > Processing quiz 28
[03:15:55] [udemy-downloader] [parse_new:1782] INFO:   > Processing lecture 65 of 78
[03:15:55] [udemy-downloader] [process_lecture:1598] INFO:       > Lecture doesn't have DRM, attempting to download...
[03:15:55] [udemy-downloader] [process_lecture:1603] INFO:       ====== Selected quality: video 720
[03:16:02] [udemy-downloader] [parse_new:1808] INFO: Processing 0 caption(s)...
[03:16:02] [udemy-downloader] [parse_new:1822] INFO:     > Processing 0 asset(s) for lecture...
[03:16:03] [udemy-downloader] [process_normal_quiz:1687] INFO:   > Processing quiz 29
[03:16:07] [udemy-downloader] [parse_new:1782] INFO:   > Processing lecture 67 of 78
[03:16:07] [udemy-downloader] [process_lecture:1598] INFO:       > Lecture doesn't have DRM, attempting to download...
[03:16:07] [udemy-downloader] [process_lecture:1603] INFO:       ====== Selected quality: video 720
[03:16:16] [udemy-downloader] [parse_new:1808] INFO: Processing 0 caption(s)...
[03:16:16] [udemy-downloader] [parse_new:1822] INFO:     > Processing 0 asset(s) for lecture...
[03:16:17] [udemy-downloader] [process_normal_quiz:1687] INFO:   > Processing quiz 30
[03:16:20] [udemy-downloader] [parse_new:1782] INFO:   > Processing lecture 69 of 78
[03:16:20] [udemy-downloader] [process_lecture:1598] INFO:       > Lecture doesn't have DRM, attempting to download...
[03:16:20] [udemy-downloader] [process_lecture:1603] INFO:       ====== Selected quality: video 720
[03:16:30] [udemy-downloader] [parse_new:1808] INFO: Processing 0 caption(s)...
[03:16:30] [udemy-downloader] [parse_new:1822] INFO:     > Processing 0 asset(s) for lecture...
[03:16:31] [udemy-downloader] [process_normal_quiz:1687] INFO:   > Processing quiz 31
[03:16:36] [udemy-downloader] [parse_new:1782] INFO:   > Processing lecture 71 of 78
[03:16:36] [udemy-downloader] [process_lecture:1598] INFO:       > Lecture doesn't have DRM, attempting to download...
[03:16:36] [udemy-downloader] [process_lecture:1603] INFO:       ====== Selected quality: video 720
[03:16:43] [udemy-downloader] [parse_new:1808] INFO: Processing 0 caption(s)...
[03:16:43] [udemy-downloader] [parse_new:1822] INFO:     > Processing 0 asset(s) for lecture...
[03:16:44] [udemy-downloader] [process_normal_quiz:1687] INFO:   > Processing quiz 32
[03:16:47] [udemy-downloader] [parse_new:1782] INFO:   > Processing lecture 73 of 78
[03:16:47] [udemy-downloader] [process_lecture:1598] INFO:       > Lecture doesn't have DRM, attempting to download...
[03:16:47] [udemy-downloader] [process_lecture:1603] INFO:       ====== Selected quality: video 720
[03:16:53] [udemy-downloader] [parse_new:1808] INFO: Processing 0 caption(s)...
[03:16:53] [udemy-downloader] [parse_new:1822] INFO:     > Processing 0 asset(s) for lecture...
[03:16:54] [udemy-downloader] [process_normal_quiz:1687] INFO:   > Processing quiz 33
[03:16:59] [udemy-downloader] [parse_new:1782] INFO:   > Processing lecture 75 of 78
[03:16:59] [udemy-downloader] [process_lecture:1598] INFO:       > Lecture doesn't have DRM, attempting to download...
[03:16:59] [udemy-downloader] [process_lecture:1603] INFO:       ====== Selected quality: video 720
[03:17:05] [udemy-downloader] [parse_new:1808] INFO: Processing 0 caption(s)...
[03:17:05] [udemy-downloader] [parse_new:1822] INFO:     > Processing 0 asset(s) for lecture...
[03:17:06] [udemy-downloader] [process_normal_quiz:1687] INFO:   > Processing quiz 34
[03:17:10] [udemy-downloader] [parse_new:1782] INFO:   > Processing lecture 77 of 78
[03:17:10] [udemy-downloader] [process_lecture:1598] INFO:       > Lecture doesn't have DRM, attempting to download...
[03:17:10] [udemy-downloader] [process_lecture:1603] INFO:       ====== Selected quality: video 720
[03:17:15] [udemy-downloader] [parse_new:1808] INFO: Processing 0 caption(s)...
[03:17:15] [udemy-downloader] [parse_new:1822] INFO:     > Processing 0 asset(s) for lecture...
[03:17:16] [udemy-downloader] [process_normal_quiz:1687] INFO:   > Processing quiz 35
