
============================================================
[2026-01-19T14:52:49.600365] Starting download for task 90
Command: /usr/bin/python3 main.py -c https://samsungu.udemy.com/course/hoc-chu-cai-tieng-nhat-cho-nguoi-moi/ -b BXkdOY7L4dK19hrNj1GnplHFHoMbkXpiLlSn9dcU -o Staging_Download/Task_90 -q 720 --download-captions --download-assets --download-quizzes --concurrent-downloads 10 --continue-lecture-numbers
============================================================

============================================================
[LOGGING MODULE] Starting download process
============================================================
[02:52:50] [udemy-downloader] [pre_run:394] INFO: Output directory set to /root/project/server/udemy_dl/Staging_Download/Task_90
[02:52:50] [udemy-downloader] [pre_run:404] WARNING: > Keyfile not found! You won't be able to decrypt any encrypted videos!
[02:52:50] [udemy-downloader] [visit:1203] INFO: Visit request successful
[02:52:50] [udemy-downloader] [main:2044] INFO: > Fetching course information, this may take a minute...
[02:52:52] [udemy-downloader] [_handle_pagination:914] INFO: > Downloading data page 2/2
[02:52:53] [udemy-downloader] [main:2047] INFO: > Course information retrieved!
[02:52:53] [udemy-downloader] [main:2052] INFO: > Fetching course curriculum, this may take a minute...
[02:52:59] [udemy-downloader] [_handle_pagination:914] INFO: > Downloading data page 2/2
[02:53:03] [udemy-downloader] [main:2076] INFO: > Course curriculum retrieved!
[02:53:03] [udemy-downloader] [main:2107] INFO: > Processing course data, this may take a minute. 
[02:53:03] [udemy-downloader] [main:2151] INFO: Processing 2 of 144
[02:53:03] [udemy-downloader] [main:2151] INFO: Processing 4 of 144
[02:53:03] [udemy-downloader] [main:2151] INFO: Processing 5 of 144
[02:53:03] [udemy-downloader] [main:2151] INFO: Processing 6 of 144
[02:53:03] [udemy-downloader] [main:2151] INFO: Processing 7 of 144
[02:53:03] [udemy-downloader] [main:2151] INFO: Processing 8 of 144
[02:53:03] [udemy-downloader] [main:2151] INFO: Processing 9 of 144
[02:53:03] [udemy-downloader] [main:2151] INFO: Processing 10 of 144
[02:53:03] [udemy-downloader] [main:2151] INFO: Processing 11 of 144
[02:53:03] [udemy-downloader] [main:2151] INFO: Processing 12 of 144
[02:53:03] [udemy-downloader] [main:2151] INFO: Processing 13 of 144
[02:53:03] [udemy-downloader] [main:2151] INFO: Processing 14 of 144
[02:53:03] [udemy-downloader] [main:2151] INFO: Processing 16 of 144
[02:53:03] [udemy-downloader] [main:2151] INFO: Processing 17 of 144
[02:53:03] [udemy-downloader] [main:2151] INFO: Processing 18 of 144
[02:53:03] [udemy-downloader] [main:2151] INFO: Processing 19 of 144
[02:53:03] [udemy-downloader] [main:2151] INFO: Processing 20 of 144
[02:53:03] [udemy-downloader] [main:2151] INFO: Processing 21 of 144
[02:53:03] [udemy-downloader] [main:2151] INFO: Processing 23 of 144
[02:53:03] [udemy-downloader] [main:2151] INFO: Processing 24 of 144
[02:53:03] [udemy-downloader] [main:2151] INFO: Processing 25 of 144
[02:53:03] [udemy-downloader] [main:2151] INFO: Processing 26 of 144
[02:53:03] [udemy-downloader] [main:2151] INFO: Processing 27 of 144
[02:53:03] [udemy-downloader] [main:2151] INFO: Processing 28 of 144
[02:53:03] [udemy-downloader] [main:2151] INFO: Processing 29 of 144
[02:53:03] [udemy-downloader] [main:2151] INFO: Processing 30 of 144
[02:53:03] [udemy-downloader] [main:2151] INFO: Processing 31 of 144
[02:53:03] [udemy-downloader] [main:2151] INFO: Processing 32 of 144
[02:53:04] [udemy-downloader] [main:2151] INFO: Processing 33 of 144
[02:53:04] [udemy-downloader] [main:2151] INFO: Processing 34 of 144
[02:53:04] [udemy-downloader] [main:2187] INFO: Processing 36 of 144
[02:53:04] [udemy-downloader] [main:2151] INFO: Processing 38 of 144
[02:53:04] [udemy-downloader] [main:2151] INFO: Processing 40 of 144
[02:53:04] [udemy-downloader] [main:2151] INFO: Processing 41 of 144
[02:53:04] [udemy-downloader] [main:2151] INFO: Processing 42 of 144
[02:53:04] [udemy-downloader] [main:2151] INFO: Processing 43 of 144
[02:53:04] [udemy-downloader] [main:2151] INFO: Processing 44 of 144
[02:53:04] [udemy-downloader] [main:2151] INFO: Processing 46 of 144
[02:53:04] [udemy-downloader] [main:2151] INFO: Processing 48 of 144
[02:53:04] [udemy-downloader] [main:2151] INFO: Processing 50 of 144
[02:53:04] [udemy-downloader] [main:2151] INFO: Processing 51 of 144
[02:53:04] [udemy-downloader] [main:2151] INFO: Processing 52 of 144
[02:53:04] [udemy-downloader] [main:2151] INFO: Processing 53 of 144
[02:53:04] [udemy-downloader] [main:2151] INFO: Processing 54 of 144
[02:53:04] [udemy-downloader] [main:2151] INFO: Processing 56 of 144
[02:53:04] [udemy-downloader] [main:2151] INFO: Processing 57 of 144
[02:53:04] [udemy-downloader] [main:2151] INFO: Processing 58 of 144
[02:53:04] [udemy-downloader] [main:2151] INFO: Processing 59 of 144
[02:53:04] [udemy-downloader] [main:2151] INFO: Processing 60 of 144
[02:53:04] [udemy-downloader] [main:2151] INFO: Processing 61 of 144
[02:53:04] [udemy-downloader] [main:2151] INFO: Processing 63 of 144
[02:53:04] [udemy-downloader] [main:2151] INFO: Processing 64 of 144
[02:53:04] [udemy-downloader] [main:2151] INFO: Processing 65 of 144
[02:53:04] [udemy-downloader] [main:2151] INFO: Processing 66 of 144
[02:53:04] [udemy-downloader] [main:2151] INFO: Processing 68 of 144
[02:53:04] [udemy-downloader] [main:2151] INFO: Processing 69 of 144
[02:53:04] [udemy-downloader] [main:2151] INFO: Processing 70 of 144
[02:53:04] [udemy-downloader] [main:2151] INFO: Processing 71 of 144
[02:53:04] [udemy-downloader] [main:2151] INFO: Processing 72 of 144
[02:53:04] [udemy-downloader] [main:2151] INFO: Processing 73 of 144
[02:53:04] [udemy-downloader] [main:2151] INFO: Processing 75 of 144
[02:53:04] [udemy-downloader] [main:2151] INFO: Processing 76 of 144
[02:53:04] [udemy-downloader] [main:2151] INFO: Processing 77 of 144
[02:53:04] [udemy-downloader] [main:2151] INFO: Processing 78 of 144
[02:53:04] [udemy-downloader] [main:2151] INFO: Processing 79 of 144
[02:53:04] [udemy-downloader] [main:2151] INFO: Processing 80 of 144
[02:53:04] [udemy-downloader] [main:2151] INFO: Processing 82 of 144
[02:53:04] [udemy-downloader] [main:2151] INFO: Processing 83 of 144
[02:53:04] [udemy-downloader] [main:2151] INFO: Processing 84 of 144
[02:53:04] [udemy-downloader] [main:2151] INFO: Processing 85 of 144
[02:53:04] [udemy-downloader] [main:2151] INFO: Processing 86 of 144
[02:53:04] [udemy-downloader] [main:2151] INFO: Processing 87 of 144
[02:53:04] [udemy-downloader] [main:2151] INFO: Processing 89 of 144
[02:53:04] [udemy-downloader] [main:2151] INFO: Processing 90 of 144
[02:53:04] [udemy-downloader] [main:2151] INFO: Processing 91 of 144
[02:53:04] [udemy-downloader] [main:2151] INFO: Processing 92 of 144
[02:53:04] [udemy-downloader] [main:2151] INFO: Processing 93 of 144
[02:53:04] [udemy-downloader] [main:2151] INFO: Processing 95 of 144
[02:53:04] [udemy-downloader] [main:2151] INFO: Processing 96 of 144
[02:53:04] [udemy-downloader] [main:2151] INFO: Processing 97 of 144
[02:53:04] [udemy-downloader] [main:2151] INFO: Processing 98 of 144
[02:53:04] [udemy-downloader] [main:2151] INFO: Processing 99 of 144
[02:53:04] [udemy-downloader] [main:2151] INFO: Processing 100 of 144
[02:53:04] [udemy-downloader] [main:2151] INFO: Processing 101 of 144
[02:53:04] [udemy-downloader] [main:2151] INFO: Processing 103 of 144
[02:53:04] [udemy-downloader] [main:2151] INFO: Processing 104 of 144
[02:53:04] [udemy-downloader] [main:2151] INFO: Processing 105 of 144
[02:53:04] [udemy-downloader] [main:2151] INFO: Processing 106 of 144
[02:53:04] [udemy-downloader] [main:2151] INFO: Processing 107 of 144
[02:53:04] [udemy-downloader] [main:2151] INFO: Processing 108 of 144
[02:53:04] [udemy-downloader] [main:2151] INFO: Processing 110 of 144
[02:53:04] [udemy-downloader] [main:2151] INFO: Processing 111 of 144
[02:53:04] [udemy-downloader] [main:2151] INFO: Processing 112 of 144
[02:53:04] [udemy-downloader] [main:2151] INFO: Processing 113 of 144
[02:53:04] [udemy-downloader] [main:2151] INFO: Processing 114 of 144
[02:53:04] [udemy-downloader] [main:2151] INFO: Processing 115 of 144
[02:53:04] [udemy-downloader] [main:2151] INFO: Processing 117 of 144
[02:53:04] [udemy-downloader] [main:2151] INFO: Processing 118 of 144
[02:53:04] [udemy-downloader] [main:2151] INFO: Processing 119 of 144
[02:53:04] [udemy-downloader] [main:2151] INFO: Processing 120 of 144
[02:53:04] [udemy-downloader] [main:2151] INFO: Processing 121 of 144
[02:53:04] [udemy-downloader] [main:2151] INFO: Processing 122 of 144
[02:53:04] [udemy-downloader] [main:2151] INFO: Processing 123 of 144
[02:53:04] [udemy-downloader] [main:2151] INFO: Processing 124 of 144
[02:53:04] [udemy-downloader] [main:2151] INFO: Processing 126 of 144
[02:53:04] [udemy-downloader] [main:2151] INFO: Processing 127 of 144
[02:53:04] [udemy-downloader] [main:2151] INFO: Processing 128 of 144
[02:53:04] [udemy-downloader] [main:2151] INFO: Processing 129 of 144
[02:53:04] [udemy-downloader] [main:2151] INFO: Processing 130 of 144
[02:53:04] [udemy-downloader] [main:2151] INFO: Processing 131 of 144
[02:53:04] [udemy-downloader] [main:2151] INFO: Processing 133 of 144
[02:53:04] [udemy-downloader] [main:2151] INFO: Processing 134 of 144
[02:53:04] [udemy-downloader] [main:2151] INFO: Processing 135 of 144
[02:53:04] [udemy-downloader] [main:2151] INFO: Processing 136 of 144
[02:53:04] [udemy-downloader] [main:2151] INFO: Processing 138 of 144
[02:53:04] [udemy-downloader] [main:2151] INFO: Processing 139 of 144
[02:53:04] [udemy-downloader] [main:2151] INFO: Processing 140 of 144
[02:53:04] [udemy-downloader] [main:2151] INFO: Processing 141 of 144
[02:53:04] [udemy-downloader] [main:2151] INFO: Processing 142 of 144
[02:53:04] [udemy-downloader] [main:2151] INFO: Processing 143 of 144
[02:53:04] [udemy-downloader] [main:2151] INFO: Processing 144 of 144
[02:53:04] [udemy-downloader] [parse_new:1731] INFO: Chapter(s) (23)
[02:53:04] [udemy-downloader] [parse_new:1732] INFO: Lecture(s) (121)
[02:53:04] [udemy-downloader] [parse_new:1754] INFO: ======= Processing chapter 1 of 23 =======
[02:53:08] [udemy-downloader] [parse_new:1782] INFO:   > Processing lecture 1 of 121
[02:53:08] [udemy-downloader] [process_lecture:1598] INFO:       > Lecture doesn't have DRM, attempting to download...
[02:53:08] [udemy-downloader] [process_lecture:1603] INFO:       ====== Selected quality: video 720
[02:53:09] [udemy-downloader] [parse_new:1808] INFO: Processing 0 caption(s)...
[02:53:09] [udemy-downloader] [parse_new:1822] INFO:     > Processing 0 asset(s) for lecture...
[02:53:09] [udemy-downloader] [parse_new:1754] INFO: ======= Processing chapter 2 of 23 =======
[02:53:13] [udemy-downloader] [parse_new:1782] INFO:   > Processing lecture 2 of 121
[02:53:13] [udemy-downloader] [process_lecture:1598] INFO:       > Lecture doesn't have DRM, attempting to download...
[02:53:13] [udemy-downloader] [process_lecture:1603] INFO:       ====== Selected quality: video 720
[02:53:15] [udemy-downloader] [parse_new:1808] INFO: Processing 0 caption(s)...
[02:53:15] [udemy-downloader] [parse_new:1822] INFO:     > Processing 1 asset(s) for lecture...
[02:53:20] [udemy-downloader] [parse_new:1782] INFO:   > Processing lecture 3 of 121
[02:53:20] [udemy-downloader] [process_lecture:1598] INFO:       > Lecture doesn't have DRM, attempting to download...
[02:53:20] [udemy-downloader] [process_lecture:1603] INFO:       ====== Selected quality: video 720
[02:53:22] [udemy-downloader] [parse_new:1808] INFO: Processing 0 caption(s)...
[02:53:22] [udemy-downloader] [parse_new:1822] INFO:     > Processing 1 asset(s) for lecture...
[02:53:29] [udemy-downloader] [parse_new:1782] INFO:   > Processing lecture 4 of 121
[02:53:29] [udemy-downloader] [process_lecture:1598] INFO:       > Lecture doesn't have DRM, attempting to download...
[02:53:29] [udemy-downloader] [process_lecture:1603] INFO:       ====== Selected quality: video 720
[02:53:31] [udemy-downloader] [parse_new:1808] INFO: Processing 0 caption(s)...
[02:53:31] [udemy-downloader] [parse_new:1822] INFO:     > Processing 1 asset(s) for lecture...
[02:53:36] [udemy-downloader] [parse_new:1782] INFO:   > Processing lecture 5 of 121
[02:53:36] [udemy-downloader] [process_lecture:1598] INFO:       > Lecture doesn't have DRM, attempting to download...
[02:53:36] [udemy-downloader] [process_lecture:1603] INFO:       ====== Selected quality: video 720
[02:53:37] [udemy-downloader] [parse_new:1808] INFO: Processing 0 caption(s)...
[02:53:37] [udemy-downloader] [parse_new:1822] INFO:     > Processing 1 asset(s) for lecture...
[02:53:43] [udemy-downloader] [parse_new:1782] INFO:   > Processing lecture 6 of 121
[02:53:43] [udemy-downloader] [process_lecture:1598] INFO:       > Lecture doesn't have DRM, attempting to download...
[02:53:43] [udemy-downloader] [process_lecture:1603] INFO:       ====== Selected quality: video 720
[02:53:45] [udemy-downloader] [parse_new:1808] INFO: Processing 0 caption(s)...
[02:53:45] [udemy-downloader] [parse_new:1822] INFO:     > Processing 1 asset(s) for lecture...
[02:53:49] [udemy-downloader] [parse_new:1782] INFO:   > Processing lecture 7 of 121
[02:53:49] [udemy-downloader] [process_lecture:1598] INFO:       > Lecture doesn't have DRM, attempting to download...
[02:53:49] [udemy-downloader] [process_lecture:1603] INFO:       ====== Selected quality: video 720
[02:53:51] [udemy-downloader] [parse_new:1808] INFO: Processing 0 caption(s)...
[02:53:51] [udemy-downloader] [parse_new:1822] INFO:     > Processing 1 asset(s) for lecture...
[02:53:55] [udemy-downloader] [parse_new:1782] INFO:   > Processing lecture 8 of 121
[02:53:55] [udemy-downloader] [process_lecture:1598] INFO:       > Lecture doesn't have DRM, attempting to download...
[02:53:55] [udemy-downloader] [process_lecture:1603] INFO:       ====== Selected quality: video 720
[02:53:57] [udemy-downloader] [parse_new:1808] INFO: Processing 0 caption(s)...
[02:53:57] [udemy-downloader] [parse_new:1822] INFO:     > Processing 1 asset(s) for lecture...
[02:54:02] [udemy-downloader] [parse_new:1782] INFO:   > Processing lecture 9 of 121
[02:54:02] [udemy-downloader] [process_lecture:1598] INFO:       > Lecture doesn't have DRM, attempting to download...
[02:54:02] [udemy-downloader] [process_lecture:1603] INFO:       ====== Selected quality: video 720
[02:54:03] [udemy-downloader] [parse_new:1808] INFO: Processing 0 caption(s)...
[02:54:03] [udemy-downloader] [parse_new:1822] INFO:     > Processing 1 asset(s) for lecture...
[02:54:07] [udemy-downloader] [parse_new:1782] INFO:   > Processing lecture 10 of 121
[02:54:07] [udemy-downloader] [process_lecture:1598] INFO:       > Lecture doesn't have DRM, attempting to download...
[02:54:07] [udemy-downloader] [process_lecture:1603] INFO:       ====== Selected quality: video 720
[02:54:09] [udemy-downloader] [parse_new:1808] INFO: Processing 0 caption(s)...
[02:54:09] [udemy-downloader] [parse_new:1822] INFO:     > Processing 1 asset(s) for lecture...
[02:54:13] [udemy-downloader] [parse_new:1782] INFO:   > Processing lecture 11 of 121
[02:54:13] [udemy-downloader] [process_lecture:1598] INFO:       > Lecture doesn't have DRM, attempting to download...
[02:54:13] [udemy-downloader] [process_lecture:1603] INFO:       ====== Selected quality: video 720
[02:54:15] [udemy-downloader] [parse_new:1808] INFO: Processing 0 caption(s)...
[02:54:15] [udemy-downloader] [parse_new:1822] INFO:     > Processing 1 asset(s) for lecture...
[02:54:22] [udemy-downloader] [parse_new:1782] INFO:   > Processing lecture 12 of 121
[02:54:22] [udemy-downloader] [process_lecture:1598] INFO:       > Lecture doesn't have DRM, attempting to download...
[02:54:22] [udemy-downloader] [process_lecture:1603] INFO:       ====== Selected quality: video 720
[02:54:24] [udemy-downloader] [parse_new:1808] INFO: Processing 0 caption(s)...
[02:54:24] [udemy-downloader] [parse_new:1822] INFO:     > Processing 0 asset(s) for lecture...
[02:54:24] [udemy-downloader] [parse_new:1754] INFO: ======= Processing chapter 3 of 23 =======
[02:54:29] [udemy-downloader] [parse_new:1782] INFO:   > Processing lecture 13 of 121
[02:54:29] [udemy-downloader] [process_lecture:1598] INFO:       > Lecture doesn't have DRM, attempting to download...
[02:54:29] [udemy-downloader] [process_lecture:1603] INFO:       ====== Selected quality: video 720
[02:54:31] [udemy-downloader] [parse_new:1808] INFO: Processing 0 caption(s)...
[02:54:31] [udemy-downloader] [parse_new:1822] INFO:     > Processing 0 asset(s) for lecture...
[02:54:37] [udemy-downloader] [parse_new:1782] INFO:   > Processing lecture 14 of 121
[02:54:37] [udemy-downloader] [process_lecture:1598] INFO:       > Lecture doesn't have DRM, attempting to download...
[02:54:37] [udemy-downloader] [process_lecture:1603] INFO:       ====== Selected quality: video 720
[02:54:38] [udemy-downloader] [parse_new:1808] INFO: Processing 0 caption(s)...
[02:54:38] [udemy-downloader] [parse_new:1822] INFO:     > Processing 0 asset(s) for lecture...
[02:54:44] [udemy-downloader] [parse_new:1782] INFO:   > Processing lecture 15 of 121
[02:54:44] [udemy-downloader] [process_lecture:1598] INFO:       > Lecture doesn't have DRM, attempting to download...
[02:54:44] [udemy-downloader] [process_lecture:1603] INFO:       ====== Selected quality: video 720
[02:54:46] [udemy-downloader] [parse_new:1808] INFO: Processing 0 caption(s)...
[02:54:46] [udemy-downloader] [parse_new:1822] INFO:     > Processing 0 asset(s) for lecture...
[02:54:52] [udemy-downloader] [parse_new:1782] INFO:   > Processing lecture 16 of 121
[02:54:52] [udemy-downloader] [process_lecture:1598] INFO:       > Lecture doesn't have DRM, attempting to download...
[02:54:52] [udemy-downloader] [process_lecture:1603] INFO:       ====== Selected quality: video 720
[02:54:54] [udemy-downloader] [parse_new:1808] INFO: Processing 0 caption(s)...
[02:54:54] [udemy-downloader] [parse_new:1822] INFO:     > Processing 0 asset(s) for lecture...
[02:54:59] [udemy-downloader] [parse_new:1782] INFO:   > Processing lecture 17 of 121
[02:54:59] [udemy-downloader] [process_lecture:1598] INFO:       > Lecture doesn't have DRM, attempting to download...
[02:54:59] [udemy-downloader] [process_lecture:1603] INFO:       ====== Selected quality: video 720
[02:55:00] [udemy-downloader] [parse_new:1808] INFO: Processing 0 caption(s)...
[02:55:00] [udemy-downloader] [parse_new:1822] INFO:     > Processing 0 asset(s) for lecture...
[02:55:06] [udemy-downloader] [parse_new:1782] INFO:   > Processing lecture 18 of 121
[02:55:06] [udemy-downloader] [process_lecture:1598] INFO:       > Lecture doesn't have DRM, attempting to download...
[02:55:06] [udemy-downloader] [process_lecture:1603] INFO:       ====== Selected quality: video 720
[02:55:08] [udemy-downloader] [parse_new:1808] INFO: Processing 0 caption(s)...
[02:55:08] [udemy-downloader] [parse_new:1822] INFO:     > Processing 0 asset(s) for lecture...
[02:55:08] [udemy-downloader] [parse_new:1754] INFO: ======= Processing chapter 4 of 23 =======
[02:55:14] [udemy-downloader] [parse_new:1782] INFO:   > Processing lecture 19 of 121
[02:55:14] [udemy-downloader] [process_lecture:1598] INFO:       > Lecture doesn't have DRM, attempting to download...
[02:55:14] [udemy-downloader] [process_lecture:1603] INFO:       ====== Selected quality: video 720
[02:55:15] [udemy-downloader] [parse_new:1808] INFO: Processing 0 caption(s)...
[02:55:15] [udemy-downloader] [parse_new:1822] INFO:     > Processing 1 asset(s) for lecture...
[02:55:23] [udemy-downloader] [parse_new:1782] INFO:   > Processing lecture 20 of 121
[02:55:23] [udemy-downloader] [process_lecture:1598] INFO:       > Lecture doesn't have DRM, attempting to download...
[02:55:23] [udemy-downloader] [process_lecture:1603] INFO:       ====== Selected quality: video 720
[02:55:25] [udemy-downloader] [parse_new:1808] INFO: Processing 0 caption(s)...
[02:55:25] [udemy-downloader] [parse_new:1822] INFO:     > Processing 1 asset(s) for lecture...
[02:55:30] [udemy-downloader] [parse_new:1782] INFO:   > Processing lecture 21 of 121
[02:55:30] [udemy-downloader] [process_lecture:1598] INFO:       > Lecture doesn't have DRM, attempting to download...
[02:55:30] [udemy-downloader] [process_lecture:1603] INFO:       ====== Selected quality: video 720
[02:55:31] [udemy-downloader] [parse_new:1808] INFO: Processing 0 caption(s)...
[02:55:31] [udemy-downloader] [parse_new:1822] INFO:     > Processing 1 asset(s) for lecture...
[02:55:36] [udemy-downloader] [parse_new:1782] INFO:   > Processing lecture 22 of 121
[02:55:36] [udemy-downloader] [process_lecture:1598] INFO:       > Lecture doesn't have DRM, attempting to download...
[02:55:36] [udemy-downloader] [process_lecture:1603] INFO:       ====== Selected quality: video 720
[02:55:38] [udemy-downloader] [parse_new:1808] INFO: Processing 0 caption(s)...
[02:55:38] [udemy-downloader] [parse_new:1822] INFO:     > Processing 1 asset(s) for lecture...
[02:55:43] [udemy-downloader] [parse_new:1782] INFO:   > Processing lecture 23 of 121
[02:55:43] [udemy-downloader] [process_lecture:1598] INFO:       > Lecture doesn't have DRM, attempting to download...
[02:55:43] [udemy-downloader] [process_lecture:1603] INFO:       ====== Selected quality: video 720
[02:55:46] [udemy-downloader] [parse_new:1808] INFO: Processing 0 caption(s)...
[02:55:46] [udemy-downloader] [parse_new:1822] INFO:     > Processing 1 asset(s) for lecture...
[02:55:50] [udemy-downloader] [parse_new:1782] INFO:   > Processing lecture 24 of 121
[02:55:50] [udemy-downloader] [process_lecture:1598] INFO:       > Lecture doesn't have DRM, attempting to download...
[02:55:50] [udemy-downloader] [process_lecture:1603] INFO:       ====== Selected quality: video 720
[02:55:52] [udemy-downloader] [parse_new:1808] INFO: Processing 0 caption(s)...
[02:55:52] [udemy-downloader] [parse_new:1822] INFO:     > Processing 1 asset(s) for lecture...
[02:56:00] [udemy-downloader] [parse_new:1782] INFO:   > Processing lecture 25 of 121
[02:56:00] [udemy-downloader] [process_lecture:1598] INFO:       > Lecture doesn't have DRM, attempting to download...
[02:56:00] [udemy-downloader] [process_lecture:1603] INFO:       ====== Selected quality: video 720
[02:56:02] [udemy-downloader] [parse_new:1808] INFO: Processing 0 caption(s)...
[02:56:02] [udemy-downloader] [parse_new:1822] INFO:     > Processing 1 asset(s) for lecture...
[02:56:09] [udemy-downloader] [parse_new:1782] INFO:   > Processing lecture 26 of 121
[02:56:09] [udemy-downloader] [process_lecture:1598] INFO:       > Lecture doesn't have DRM, attempting to download...
[02:56:09] [udemy-downloader] [process_lecture:1603] INFO:       ====== Selected quality: video 720
[02:56:11] [udemy-downloader] [parse_new:1808] INFO: Processing 0 caption(s)...
[02:56:11] [udemy-downloader] [parse_new:1822] INFO:     > Processing 1 asset(s) for lecture...
[02:56:15] [udemy-downloader] [parse_new:1782] INFO:   > Processing lecture 27 of 121
[02:56:15] [udemy-downloader] [process_lecture:1598] INFO:       > Lecture doesn't have DRM, attempting to download...
[02:56:15] [udemy-downloader] [process_lecture:1603] INFO:       ====== Selected quality: video 720
[02:56:17] [udemy-downloader] [parse_new:1808] INFO: Processing 0 caption(s)...
[02:56:17] [udemy-downloader] [parse_new:1822] INFO:     > Processing 1 asset(s) for lecture...
[02:56:24] [udemy-downloader] [parse_new:1782] INFO:   > Processing lecture 28 of 121
[02:56:24] [udemy-downloader] [process_lecture:1598] INFO:       > Lecture doesn't have DRM, attempting to download...
[02:56:24] [udemy-downloader] [process_lecture:1603] INFO:       ====== Selected quality: video 720
[02:56:27] [udemy-downloader] [parse_new:1808] INFO: Processing 0 caption(s)...
[02:56:27] [udemy-downloader] [parse_new:1822] INFO:     > Processing 1 asset(s) for lecture...
[02:56:31] [udemy-downloader] [parse_new:1782] INFO:   > Processing lecture 29 of 121
[02:56:31] [udemy-downloader] [process_lecture:1598] INFO:       > Lecture doesn't have DRM, attempting to download...
[02:56:31] [udemy-downloader] [process_lecture:1603] INFO:       ====== Selected quality: video 720
[02:56:33] [udemy-downloader] [parse_new:1808] INFO: Processing 0 caption(s)...
[02:56:33] [udemy-downloader] [parse_new:1822] INFO:     > Processing 1 asset(s) for lecture...
[02:56:39] [udemy-downloader] [parse_new:1782] INFO:   > Processing lecture 30 of 121
[02:56:39] [udemy-downloader] [process_lecture:1598] INFO:       > Lecture doesn't have DRM, attempting to download...
[02:56:39] [udemy-downloader] [process_lecture:1603] INFO:       ====== Selected quality: video 720
[02:56:40] [udemy-downloader] [parse_new:1808] INFO: Processing 0 caption(s)...
[02:56:40] [udemy-downloader] [parse_new:1822] INFO:     > Processing 0 asset(s) for lecture...
[02:56:40] [udemy-downloader] [parse_new:1754] INFO: ======= Processing chapter 5 of 23 =======
[02:56:42] [udemy-downloader] [process_normal_quiz:1687] INFO:   > Processing quiz 1
[02:56:42] [udemy-downloader] [parse_new:1754] INFO: ======= Processing chapter 6 of 23 =======
[02:56:45] [udemy-downloader] [parse_new:1782] INFO:   > Processing lecture 32 of 121
[02:56:45] [udemy-downloader] [process_lecture:1598] INFO:       > Lecture doesn't have DRM, attempting to download...
[02:56:45] [udemy-downloader] [process_lecture:1603] INFO:       ====== Selected quality: video 720
[02:56:47] [udemy-downloader] [parse_new:1808] INFO: Processing 0 caption(s)...
[02:56:47] [udemy-downloader] [parse_new:1822] INFO:     > Processing 0 asset(s) for lecture...
[02:56:47] [udemy-downloader] [parse_new:1754] INFO: ======= Processing chapter 7 of 23 =======
[02:56:51] [udemy-downloader] [parse_new:1782] INFO:   > Processing lecture 33 of 121
[02:56:51] [udemy-downloader] [process_lecture:1598] INFO:       > Lecture doesn't have DRM, attempting to download...
[02:56:51] [udemy-downloader] [process_lecture:1603] INFO:       ====== Selected quality: video 720
[02:56:53] [udemy-downloader] [parse_new:1808] INFO: Processing 0 caption(s)...
[02:56:53] [udemy-downloader] [parse_new:1822] INFO:     > Processing 0 asset(s) for lecture...
[02:56:53] [udemy-downloader] [parse_new:1782] INFO:   > Processing lecture 34 of 121
[02:56:53] [udemy-downloader] [process_lecture:1598] INFO:       > Lecture doesn't have DRM, attempting to download...
[02:56:53] [udemy-downloader] [process_lecture:1603] INFO:       ====== Selected quality: video 720
[02:56:54] [udemy-downloader] [parse_new:1808] INFO: Processing 0 caption(s)...
[02:56:54] [udemy-downloader] [parse_new:1822] INFO:     > Processing 0 asset(s) for lecture...
[02:56:58] [udemy-downloader] [parse_new:1782] INFO:   > Processing lecture 35 of 121
[02:56:58] [udemy-downloader] [process_lecture:1598] INFO:       > Lecture doesn't have DRM, attempting to download...
[02:56:58] [udemy-downloader] [process_lecture:1603] INFO:       ====== Selected quality: video 720
[02:57:00] [udemy-downloader] [parse_new:1808] INFO: Processing 0 caption(s)...
[02:57:00] [udemy-downloader] [parse_new:1822] INFO:     > Processing 0 asset(s) for lecture...
[02:57:06] [udemy-downloader] [parse_new:1782] INFO:   > Processing lecture 36 of 121
[02:57:06] [udemy-downloader] [process_lecture:1598] INFO:       > Lecture doesn't have DRM, attempting to download...
[02:57:06] [udemy-downloader] [process_lecture:1603] INFO:       ====== Selected quality: video 720
[02:57:08] [udemy-downloader] [parse_new:1808] INFO: Processing 0 caption(s)...
[02:57:08] [udemy-downloader] [parse_new:1822] INFO:     > Processing 0 asset(s) for lecture...
[02:57:17] [udemy-downloader] [parse_new:1782] INFO:   > Processing lecture 37 of 121
[02:57:17] [udemy-downloader] [process_lecture:1598] INFO:       > Lecture doesn't have DRM, attempting to download...
[02:57:17] [udemy-downloader] [process_lecture:1603] INFO:       ====== Selected quality: video 720
[02:57:19] [udemy-downloader] [parse_new:1808] INFO: Processing 0 caption(s)...
[02:57:19] [udemy-downloader] [parse_new:1822] INFO:     > Processing 0 asset(s) for lecture...
[02:57:19] [udemy-downloader] [parse_new:1754] INFO: ======= Processing chapter 8 of 23 =======
[02:57:23] [udemy-downloader] [parse_new:1782] INFO:   > Processing lecture 38 of 121
[02:57:23] [udemy-downloader] [process_lecture:1598] INFO:       > Lecture doesn't have DRM, attempting to download...
[02:57:23] [udemy-downloader] [process_lecture:1603] INFO:       ====== Selected quality: video 720
[02:57:25] [udemy-downloader] [parse_new:1808] INFO: Processing 0 caption(s)...
[02:57:25] [udemy-downloader] [parse_new:1822] INFO:     > Processing 1 asset(s) for lecture...
[02:57:25] [udemy-downloader] [parse_new:1754] INFO: ======= Processing chapter 9 of 23 =======
[02:57:28] [udemy-downloader] [parse_new:1782] INFO:   > Processing lecture 39 of 121
[02:57:28] [udemy-downloader] [process_lecture:1598] INFO:       > Lecture doesn't have DRM, attempting to download...
[02:57:28] [udemy-downloader] [process_lecture:1603] INFO:       ====== Selected quality: video 720
[02:57:29] [udemy-downloader] [parse_new:1808] INFO: Processing 0 caption(s)...
[02:57:29] [udemy-downloader] [parse_new:1822] INFO:     > Processing 0 asset(s) for lecture...
[02:57:29] [udemy-downloader] [parse_new:1754] INFO: ======= Processing chapter 10 of 23 =======
[02:57:34] [udemy-downloader] [parse_new:1782] INFO:   > Processing lecture 40 of 121
[02:57:34] [udemy-downloader] [process_lecture:1598] INFO:       > Lecture doesn't have DRM, attempting to download...
[02:57:34] [udemy-downloader] [process_lecture:1603] INFO:       ====== Selected quality: video 720
[02:57:36] [udemy-downloader] [parse_new:1808] INFO: Processing 0 caption(s)...
[02:57:36] [udemy-downloader] [parse_new:1822] INFO:     > Processing 0 asset(s) for lecture...
[02:57:40] [udemy-downloader] [parse_new:1782] INFO:   > Processing lecture 41 of 121
[02:57:40] [udemy-downloader] [process_lecture:1598] INFO:       > Lecture doesn't have DRM, attempting to download...
[02:57:40] [udemy-downloader] [process_lecture:1603] INFO:       ====== Selected quality: video 720
[02:57:41] [udemy-downloader] [parse_new:1808] INFO: Processing 0 caption(s)...
[02:57:41] [udemy-downloader] [parse_new:1822] INFO:     > Processing 0 asset(s) for lecture...
[02:57:45] [udemy-downloader] [parse_new:1782] INFO:   > Processing lecture 42 of 121
[02:57:45] [udemy-downloader] [process_lecture:1598] INFO:       > Lecture doesn't have DRM, attempting to download...
[02:57:45] [udemy-downloader] [process_lecture:1603] INFO:       ====== Selected quality: video 720
[02:57:47] [udemy-downloader] [parse_new:1808] INFO: Processing 0 caption(s)...
[02:57:47] [udemy-downloader] [parse_new:1822] INFO:     > Processing 0 asset(s) for lecture...
[02:57:52] [udemy-downloader] [parse_new:1782] INFO:   > Processing lecture 43 of 121
[02:57:52] [udemy-downloader] [process_lecture:1598] INFO:       > Lecture doesn't have DRM, attempting to download...
[02:57:52] [udemy-downloader] [process_lecture:1603] INFO:       ====== Selected quality: video 720
[02:57:55] [udemy-downloader] [parse_new:1808] INFO: Processing 0 caption(s)...
[02:57:55] [udemy-downloader] [parse_new:1822] INFO:     > Processing 0 asset(s) for lecture...
[02:57:59] [udemy-downloader] [parse_new:1782] INFO:   > Processing lecture 44 of 121
[02:57:59] [udemy-downloader] [process_lecture:1598] INFO:       > Lecture doesn't have DRM, attempting to download...
[02:57:59] [udemy-downloader] [process_lecture:1603] INFO:       ====== Selected quality: video 720
[02:58:00] [udemy-downloader] [parse_new:1808] INFO: Processing 0 caption(s)...
[02:58:00] [udemy-downloader] [parse_new:1822] INFO:     > Processing 0 asset(s) for lecture...
[02:58:00] [udemy-downloader] [parse_new:1754] INFO: ======= Processing chapter 11 of 23 =======
[02:58:05] [udemy-downloader] [parse_new:1782] INFO:   > Processing lecture 45 of 121
[02:58:05] [udemy-downloader] [process_lecture:1598] INFO:       > Lecture doesn't have DRM, attempting to download...
[02:58:05] [udemy-downloader] [process_lecture:1603] INFO:       ====== Selected quality: video 720
[02:58:07] [udemy-downloader] [parse_new:1808] INFO: Processing 0 caption(s)...
[02:58:07] [udemy-downloader] [parse_new:1822] INFO:     > Processing 0 asset(s) for lecture...
[02:58:11] [udemy-downloader] [parse_new:1782] INFO:   > Processing lecture 46 of 121
[02:58:11] [udemy-downloader] [process_lecture:1598] INFO:       > Lecture doesn't have DRM, attempting to download...
[02:58:11] [udemy-downloader] [process_lecture:1603] INFO:       ====== Selected quality: video 720
[02:58:13] [udemy-downloader] [parse_new:1808] INFO: Processing 0 caption(s)...
[02:58:13] [udemy-downloader] [parse_new:1822] INFO:     > Processing 0 asset(s) for lecture...
[02:58:17] [udemy-downloader] [parse_new:1782] INFO:   > Processing lecture 47 of 121
[02:58:17] [udemy-downloader] [process_lecture:1598] INFO:       > Lecture doesn't have DRM, attempting to download...
[02:58:17] [udemy-downloader] [process_lecture:1603] INFO:       ====== Selected quality: video 720
[02:58:19] [udemy-downloader] [parse_new:1808] INFO: Processing 0 caption(s)...
[02:58:19] [udemy-downloader] [parse_new:1822] INFO:     > Processing 0 asset(s) for lecture...
[02:58:24] [udemy-downloader] [parse_new:1782] INFO:   > Processing lecture 48 of 121
[02:58:24] [udemy-downloader] [process_lecture:1598] INFO:       > Lecture doesn't have DRM, attempting to download...
[02:58:24] [udemy-downloader] [process_lecture:1603] INFO:       ====== Selected quality: video 720
[02:58:26] [udemy-downloader] [parse_new:1808] INFO: Processing 0 caption(s)...
[02:58:26] [udemy-downloader] [parse_new:1822] INFO:     > Processing 0 asset(s) for lecture...
[02:58:29] [udemy-downloader] [parse_new:1782] INFO:   > Processing lecture 49 of 121
[02:58:29] [udemy-downloader] [process_lecture:1598] INFO:       > Lecture doesn't have DRM, attempting to download...
[02:58:29] [udemy-downloader] [process_lecture:1603] INFO:       ====== Selected quality: video 720
[02:58:31] [udemy-downloader] [parse_new:1808] INFO: Processing 0 caption(s)...
[02:58:31] [udemy-downloader] [parse_new:1822] INFO:     > Processing 0 asset(s) for lecture...
[02:58:35] [udemy-downloader] [parse_new:1782] INFO:   > Processing lecture 50 of 121
[02:58:35] [udemy-downloader] [process_lecture:1598] INFO:       > Lecture doesn't have DRM, attempting to download...
[02:58:35] [udemy-downloader] [process_lecture:1603] INFO:       ====== Selected quality: video 720
[02:58:36] [udemy-downloader] [parse_new:1808] INFO: Processing 0 caption(s)...
[02:58:36] [udemy-downloader] [parse_new:1822] INFO:     > Processing 0 asset(s) for lecture...
[02:58:36] [udemy-downloader] [parse_new:1754] INFO: ======= Processing chapter 12 of 23 =======
[02:58:40] [udemy-downloader] [parse_new:1782] INFO:   > Processing lecture 51 of 121
[02:58:40] [udemy-downloader] [process_lecture:1598] INFO:       > Lecture doesn't have DRM, attempting to download...
[02:58:40] [udemy-downloader] [process_lecture:1603] INFO:       ====== Selected quality: video 720
[02:58:42] [udemy-downloader] [parse_new:1808] INFO: Processing 0 caption(s)...
[02:58:42] [udemy-downloader] [parse_new:1822] INFO:     > Processing 0 asset(s) for lecture...
[02:58:46] [udemy-downloader] [parse_new:1782] INFO:   > Processing lecture 52 of 121
[02:58:46] [udemy-downloader] [process_lecture:1598] INFO:       > Lecture doesn't have DRM, attempting to download...
[02:58:46] [udemy-downloader] [process_lecture:1603] INFO:       ====== Selected quality: video 720
[02:58:48] [udemy-downloader] [parse_new:1808] INFO: Processing 0 caption(s)...
[02:58:48] [udemy-downloader] [parse_new:1822] INFO:     > Processing 0 asset(s) for lecture...
[02:58:51] [udemy-downloader] [parse_new:1782] INFO:   > Processing lecture 53 of 121
[02:58:51] [udemy-downloader] [process_lecture:1598] INFO:       > Lecture doesn't have DRM, attempting to download...
[02:58:51] [udemy-downloader] [process_lecture:1603] INFO:       ====== Selected quality: video 720
[02:58:54] [udemy-downloader] [parse_new:1808] INFO: Processing 0 caption(s)...
[02:58:54] [udemy-downloader] [parse_new:1822] INFO:     > Processing 0 asset(s) for lecture...
[02:58:59] [udemy-downloader] [parse_new:1782] INFO:   > Processing lecture 54 of 121
[02:58:59] [udemy-downloader] [process_lecture:1598] INFO:       > Lecture doesn't have DRM, attempting to download...
[02:58:59] [udemy-downloader] [process_lecture:1603] INFO:       ====== Selected quality: video 720
[02:59:01] [udemy-downloader] [parse_new:1808] INFO: Processing 0 caption(s)...
[02:59:01] [udemy-downloader] [parse_new:1822] INFO:     > Processing 0 asset(s) for lecture...
[02:59:01] [udemy-downloader] [parse_new:1754] INFO: ======= Processing chapter 13 of 23 =======
[02:59:06] [udemy-downloader] [parse_new:1782] INFO:   > Processing lecture 55 of 121
[02:59:06] [udemy-downloader] [process_lecture:1598] INFO:       > Lecture doesn't have DRM, attempting to download...
[02:59:06] [udemy-downloader] [process_lecture:1603] INFO:       ====== Selected quality: video 720
[02:59:08] [udemy-downloader] [parse_new:1808] INFO: Processing 0 caption(s)...
[02:59:08] [udemy-downloader] [parse_new:1822] INFO:     > Processing 0 asset(s) for lecture...
[02:59:13] [udemy-downloader] [parse_new:1782] INFO:   > Processing lecture 56 of 121
[02:59:13] [udemy-downloader] [process_lecture:1598] INFO:       > Lecture doesn't have DRM, attempting to download...
[02:59:13] [udemy-downloader] [process_lecture:1603] INFO:       ====== Selected quality: video 720
[02:59:15] [udemy-downloader] [parse_new:1808] INFO: Processing 0 caption(s)...
[02:59:15] [udemy-downloader] [parse_new:1822] INFO:     > Processing 0 asset(s) for lecture...
[02:59:19] [udemy-downloader] [parse_new:1782] INFO:   > Processing lecture 57 of 121
[02:59:19] [udemy-downloader] [process_lecture:1598] INFO:       > Lecture doesn't have DRM, attempting to download...
[02:59:19] [udemy-downloader] [process_lecture:1603] INFO:       ====== Selected quality: video 720
[02:59:22] [udemy-downloader] [parse_new:1808] INFO: Processing 0 caption(s)...
[02:59:22] [udemy-downloader] [parse_new:1822] INFO:     > Processing 0 asset(s) for lecture...
[02:59:27] [udemy-downloader] [parse_new:1782] INFO:   > Processing lecture 58 of 121
[02:59:27] [udemy-downloader] [process_lecture:1598] INFO:       > Lecture doesn't have DRM, attempting to download...
[02:59:27] [udemy-downloader] [process_lecture:1603] INFO:       ====== Selected quality: video 720
[02:59:29] [udemy-downloader] [parse_new:1808] INFO: Processing 0 caption(s)...
[02:59:29] [udemy-downloader] [parse_new:1822] INFO:     > Processing 0 asset(s) for lecture...
[02:59:34] [udemy-downloader] [parse_new:1782] INFO:   > Processing lecture 59 of 121
[02:59:34] [udemy-downloader] [process_lecture:1598] INFO:       > Lecture doesn't have DRM, attempting to download...
[02:59:34] [udemy-downloader] [process_lecture:1603] INFO:       ====== Selected quality: video 720
[02:59:35] [udemy-downloader] [parse_new:1808] INFO: Processing 0 caption(s)...
[02:59:35] [udemy-downloader] [parse_new:1822] INFO:     > Processing 0 asset(s) for lecture...
[02:59:40] [udemy-downloader] [parse_new:1782] INFO:   > Processing lecture 60 of 121
[02:59:40] [udemy-downloader] [process_lecture:1598] INFO:       > Lecture doesn't have DRM, attempting to download...
[02:59:40] [udemy-downloader] [process_lecture:1603] INFO:       ====== Selected quality: video 720
[02:59:43] [udemy-downloader] [parse_new:1808] INFO: Processing 0 caption(s)...
[02:59:43] [udemy-downloader] [parse_new:1822] INFO:     > Processing 0 asset(s) for lecture...
[02:59:43] [udemy-downloader] [parse_new:1754] INFO: ======= Processing chapter 14 of 23 =======
[02:59:48] [udemy-downloader] [parse_new:1782] INFO:   > Processing lecture 61 of 121
[02:59:48] [udemy-downloader] [process_lecture:1598] INFO:       > Lecture doesn't have DRM, attempting to download...
[02:59:48] [udemy-downloader] [process_lecture:1603] INFO:       ====== Selected quality: video 720
[02:59:50] [udemy-downloader] [parse_new:1808] INFO: Processing 0 caption(s)...
[02:59:50] [udemy-downloader] [parse_new:1822] INFO:     > Processing 0 asset(s) for lecture...
[02:59:54] [udemy-downloader] [parse_new:1782] INFO:   > Processing lecture 62 of 121
[02:59:54] [udemy-downloader] [process_lecture:1598] INFO:       > Lecture doesn't have DRM, attempting to download...
[02:59:54] [udemy-downloader] [process_lecture:1603] INFO:       ====== Selected quality: video 720
[02:59:56] [udemy-downloader] [parse_new:1808] INFO: Processing 0 caption(s)...
[02:59:56] [udemy-downloader] [parse_new:1822] INFO:     > Processing 0 asset(s) for lecture...
[03:00:01] [udemy-downloader] [parse_new:1782] INFO:   > Processing lecture 63 of 121
[03:00:01] [udemy-downloader] [process_lecture:1598] INFO:       > Lecture doesn't have DRM, attempting to download...
[03:00:01] [udemy-downloader] [process_lecture:1603] INFO:       ====== Selected quality: video 720
[03:00:02] [udemy-downloader] [parse_new:1808] INFO: Processing 0 caption(s)...
[03:00:02] [udemy-downloader] [parse_new:1822] INFO:     > Processing 0 asset(s) for lecture...
[03:00:06] [udemy-downloader] [parse_new:1782] INFO:   > Processing lecture 64 of 121
[03:00:06] [udemy-downloader] [process_lecture:1598] INFO:       > Lecture doesn't have DRM, attempting to download...
[03:00:06] [udemy-downloader] [process_lecture:1603] INFO:       ====== Selected quality: video 720
[03:00:09] [udemy-downloader] [parse_new:1808] INFO: Processing 0 caption(s)...
[03:00:09] [udemy-downloader] [parse_new:1822] INFO:     > Processing 0 asset(s) for lecture...
[03:00:13] [udemy-downloader] [parse_new:1782] INFO:   > Processing lecture 65 of 121
[03:00:13] [udemy-downloader] [process_lecture:1598] INFO:       > Lecture doesn't have DRM, attempting to download...
[03:00:13] [udemy-downloader] [process_lecture:1603] INFO:       ====== Selected quality: video 720
[03:00:16] [udemy-downloader] [parse_new:1808] INFO: Processing 0 caption(s)...
[03:00:16] [udemy-downloader] [parse_new:1822] INFO:     > Processing 0 asset(s) for lecture...
[03:00:19] [udemy-downloader] [parse_new:1782] INFO:   > Processing lecture 66 of 121
[03:00:19] [udemy-downloader] [process_lecture:1598] INFO:       > Lecture doesn't have DRM, attempting to download...
[03:00:19] [udemy-downloader] [process_lecture:1603] INFO:       ====== Selected quality: video 720
[03:00:22] [udemy-downloader] [parse_new:1808] INFO: Processing 0 caption(s)...
[03:00:22] [udemy-downloader] [parse_new:1822] INFO:     > Processing 0 asset(s) for lecture...
[03:00:22] [udemy-downloader] [parse_new:1754] INFO: ======= Processing chapter 15 of 23 =======
[03:00:27] [udemy-downloader] [parse_new:1782] INFO:   > Processing lecture 67 of 121
[03:00:27] [udemy-downloader] [process_lecture:1598] INFO:       > Lecture doesn't have DRM, attempting to download...
[03:00:27] [udemy-downloader] [process_lecture:1603] INFO:       ====== Selected quality: video 720
[03:00:29] [udemy-downloader] [parse_new:1808] INFO: Processing 0 caption(s)...
[03:00:29] [udemy-downloader] [parse_new:1822] INFO:     > Processing 0 asset(s) for lecture...
[03:00:33] [udemy-downloader] [parse_new:1782] INFO:   > Processing lecture 68 of 121
[03:00:33] [udemy-downloader] [process_lecture:1598] INFO:       > Lecture doesn't have DRM, attempting to download...
[03:00:33] [udemy-downloader] [process_lecture:1603] INFO:       ====== Selected quality: video 720
[03:00:35] [udemy-downloader] [parse_new:1808] INFO: Processing 0 caption(s)...
[03:00:35] [udemy-downloader] [parse_new:1822] INFO:     > Processing 0 asset(s) for lecture...
[03:00:38] [udemy-downloader] [parse_new:1782] INFO:   > Processing lecture 69 of 121
[03:00:38] [udemy-downloader] [process_lecture:1598] INFO:       > Lecture doesn't have DRM, attempting to download...
[03:00:38] [udemy-downloader] [process_lecture:1603] INFO:       ====== Selected quality: video 720
[03:00:41] [udemy-downloader] [parse_new:1808] INFO: Processing 0 caption(s)...
[03:00:41] [udemy-downloader] [parse_new:1822] INFO:     > Processing 0 asset(s) for lecture...
[03:00:43] [udemy-downloader] [_extract_m3u8:784] ERROR: Udemy Says : '503 Server Error: Service Unavailable for url: https://samsungu.udemy.com/assets/62123577/files/2025-01-14_04-08-35-4d4cf4b76da06e1ee57746907bb0d083/2/hls/AVC_1024x576_250k_AAC-HE_64k/aa00b711b4ad1ddaff5eafe09b92b458113f.m3u8?provider=cloudfront&token=eyJhbGciOiJIUzI1NiIsInR5cCI6IkpXVCJ9.eyJwYXRoIjoiMjAyNS0wMS0xNF8wNC0wOC0zNS00ZDRjZjRiNzZkYTA2ZTFlZTU3NzQ2OTA3YmIwZDA4My8yLyIsImV4cCI6MTc2ODgyNTM3OH0.MdTOdq_P4xYHSdeZoPd7tiEnEdwsL40nwAlLUee60Kw&v=1' while fetching hls streams..
[03:00:43] [udemy-downloader] [parse_new:1782] INFO:   > Processing lecture 70 of 121
[03:00:43] [udemy-downloader] [process_lecture:1598] INFO:       > Lecture doesn't have DRM, attempting to download...
[03:00:43] [udemy-downloader] [process_lecture:1603] INFO:       ====== Selected quality: video 720
[03:00:46] [udemy-downloader] [parse_new:1808] INFO: Processing 0 caption(s)...
[03:00:46] [udemy-downloader] [parse_new:1822] INFO:     > Processing 0 asset(s) for lecture...
[03:00:51] [udemy-downloader] [parse_new:1782] INFO:   > Processing lecture 71 of 121
[03:00:51] [udemy-downloader] [process_lecture:1598] INFO:       > Lecture doesn't have DRM, attempting to download...
[03:00:51] [udemy-downloader] [process_lecture:1603] INFO:       ====== Selected quality: video 720
[03:00:54] [udemy-downloader] [parse_new:1808] INFO: Processing 0 caption(s)...
[03:00:54] [udemy-downloader] [parse_new:1822] INFO:     > Processing 0 asset(s) for lecture...
[03:00:58] [udemy-downloader] [parse_new:1782] INFO:   > Processing lecture 72 of 121
[03:00:58] [udemy-downloader] [process_lecture:1598] INFO:       > Lecture doesn't have DRM, attempting to download...
[03:00:58] [udemy-downloader] [process_lecture:1603] INFO:       ====== Selected quality: video 720
[03:01:01] [udemy-downloader] [parse_new:1808] INFO: Processing 0 caption(s)...
[03:01:01] [udemy-downloader] [parse_new:1822] INFO:     > Processing 0 asset(s) for lecture...
[03:01:01] [udemy-downloader] [parse_new:1754] INFO: ======= Processing chapter 16 of 23 =======
[03:01:05] [udemy-downloader] [parse_new:1782] INFO:   > Processing lecture 73 of 121
[03:01:05] [udemy-downloader] [process_lecture:1598] INFO:       > Lecture doesn't have DRM, attempting to download...
[03:01:05] [udemy-downloader] [process_lecture:1603] INFO:       ====== Selected quality: video 720
[03:01:08] [udemy-downloader] [parse_new:1808] INFO: Processing 0 caption(s)...
[03:01:08] [udemy-downloader] [parse_new:1822] INFO:     > Processing 0 asset(s) for lecture...
[03:01:12] [udemy-downloader] [parse_new:1782] INFO:   > Processing lecture 74 of 121
[03:01:12] [udemy-downloader] [process_lecture:1598] INFO:       > Lecture doesn't have DRM, attempting to download...
[03:01:12] [udemy-downloader] [process_lecture:1603] INFO:       ====== Selected quality: video 720
[03:01:15] [udemy-downloader] [parse_new:1808] INFO: Processing 0 caption(s)...
[03:01:15] [udemy-downloader] [parse_new:1822] INFO:     > Processing 0 asset(s) for lecture...
[03:01:20] [udemy-downloader] [parse_new:1782] INFO:   > Processing lecture 75 of 121
[03:01:20] [udemy-downloader] [process_lecture:1598] INFO:       > Lecture doesn't have DRM, attempting to download...
[03:01:20] [udemy-downloader] [process_lecture:1603] INFO:       ====== Selected quality: video 720
[03:01:22] [udemy-downloader] [parse_new:1808] INFO: Processing 0 caption(s)...
[03:01:22] [udemy-downloader] [parse_new:1822] INFO:     > Processing 0 asset(s) for lecture...
[03:01:27] [udemy-downloader] [parse_new:1782] INFO:   > Processing lecture 76 of 121
[03:01:27] [udemy-downloader] [process_lecture:1598] INFO:       > Lecture doesn't have DRM, attempting to download...
[03:01:27] [udemy-downloader] [process_lecture:1603] INFO:       ====== Selected quality: video 720
[03:01:28] [udemy-downloader] [parse_new:1808] INFO: Processing 0 caption(s)...
[03:01:28] [udemy-downloader] [parse_new:1822] INFO:     > Processing 0 asset(s) for lecture...
[03:01:33] [udemy-downloader] [parse_new:1782] INFO:   > Processing lecture 77 of 121
[03:01:33] [udemy-downloader] [process_lecture:1598] INFO:       > Lecture doesn't have DRM, attempting to download...
[03:01:33] [udemy-downloader] [process_lecture:1603] INFO:       ====== Selected quality: video 720
[03:01:36] [udemy-downloader] [parse_new:1808] INFO: Processing 0 caption(s)...
[03:01:36] [udemy-downloader] [parse_new:1822] INFO:     > Processing 0 asset(s) for lecture...
[03:01:36] [udemy-downloader] [parse_new:1754] INFO: ======= Processing chapter 17 of 23 =======
[03:01:41] [udemy-downloader] [parse_new:1782] INFO:   > Processing lecture 78 of 121
[03:01:41] [udemy-downloader] [process_lecture:1598] INFO:       > Lecture doesn't have DRM, attempting to download...
[03:01:41] [udemy-downloader] [process_lecture:1603] INFO:       ====== Selected quality: video 720
[03:01:43] [udemy-downloader] [parse_new:1808] INFO: Processing 0 caption(s)...
[03:01:43] [udemy-downloader] [parse_new:1822] INFO:     > Processing 0 asset(s) for lecture...
[03:01:46] [udemy-downloader] [parse_new:1782] INFO:   > Processing lecture 79 of 121
[03:01:46] [udemy-downloader] [process_lecture:1598] INFO:       > Lecture doesn't have DRM, attempting to download...
[03:01:46] [udemy-downloader] [process_lecture:1603] INFO:       ====== Selected quality: video 720
[03:01:48] [udemy-downloader] [parse_new:1808] INFO: Processing 0 caption(s)...
[03:01:48] [udemy-downloader] [parse_new:1822] INFO:     > Processing 0 asset(s) for lecture...
[03:01:54] [udemy-downloader] [parse_new:1782] INFO:   > Processing lecture 80 of 121
[03:01:54] [udemy-downloader] [process_lecture:1598] INFO:       > Lecture doesn't have DRM, attempting to download...
[03:01:54] [udemy-downloader] [process_lecture:1603] INFO:       ====== Selected quality: video 720
[03:01:56] [udemy-downloader] [parse_new:1808] INFO: Processing 0 caption(s)...
[03:01:56] [udemy-downloader] [parse_new:1822] INFO:     > Processing 0 asset(s) for lecture...
[03:02:00] [udemy-downloader] [parse_new:1782] INFO:   > Processing lecture 81 of 121
[03:02:00] [udemy-downloader] [process_lecture:1598] INFO:       > Lecture doesn't have DRM, attempting to download...
[03:02:00] [udemy-downloader] [process_lecture:1603] INFO:       ====== Selected quality: video 720
[03:02:01] [udemy-downloader] [parse_new:1808] INFO: Processing 0 caption(s)...
[03:02:01] [udemy-downloader] [parse_new:1822] INFO:     > Processing 0 asset(s) for lecture...
[03:02:07] [udemy-downloader] [parse_new:1782] INFO:   > Processing lecture 82 of 121
[03:02:07] [udemy-downloader] [process_lecture:1598] INFO:       > Lecture doesn't have DRM, attempting to download...
[03:02:07] [udemy-downloader] [process_lecture:1603] INFO:       ====== Selected quality: video 720
[03:02:09] [udemy-downloader] [parse_new:1808] INFO: Processing 0 caption(s)...
[03:02:09] [udemy-downloader] [parse_new:1822] INFO:     > Processing 0 asset(s) for lecture...
[03:02:13] [udemy-downloader] [_extract_m3u8:784] ERROR: Udemy Says : '503 Server Error: Service Unavailable for url: https://samsungu.udemy.com/assets/63163029/files/2025-02-24_09-42-53-dd3c016fd019abee638337220434bff3/2/hls/AVC_1920x1080_800k_AAC-HE_64k/aa002b9fc449335ba04374f7a55ef4543b54.m3u8?provider=cloudfront&token=eyJhbGciOiJIUzI1NiIsInR5cCI6IkpXVCJ9.eyJwYXRoIjoiMjAyNS0wMi0yNF8wOS00Mi01My1kZDNjMDE2ZmQwMTlhYmVlNjM4MzM3MjIwNDM0YmZmMy8yLyIsImV4cCI6MTc2ODgyNTM3OX0.LAKx37WVXvvI7YEtPj6y6hl7PRA68NaemzYIAVgvHyw&v=1' while fetching hls streams..
[03:02:13] [udemy-downloader] [parse_new:1782] INFO:   > Processing lecture 83 of 121
[03:02:13] [udemy-downloader] [process_lecture:1598] INFO:       > Lecture doesn't have DRM, attempting to download...
[03:02:13] [udemy-downloader] [process_lecture:1603] INFO:       ====== Selected quality: video 720
[03:02:15] [udemy-downloader] [parse_new:1808] INFO: Processing 0 caption(s)...
[03:02:15] [udemy-downloader] [parse_new:1822] INFO:     > Processing 0 asset(s) for lecture...
[03:02:19] [udemy-downloader] [parse_new:1782] INFO:   > Processing lecture 84 of 121
[03:02:19] [udemy-downloader] [process_lecture:1598] INFO:       > Lecture doesn't have DRM, attempting to download...
[03:02:19] [udemy-downloader] [process_lecture:1603] INFO:       ====== Selected quality: video 720
[03:02:20] [udemy-downloader] [parse_new:1808] INFO: Processing 0 caption(s)...
[03:02:20] [udemy-downloader] [parse_new:1822] INFO:     > Processing 0 asset(s) for lecture...
[03:02:20] [udemy-downloader] [parse_new:1754] INFO: ======= Processing chapter 18 of 23 =======
[03:02:24] [udemy-downloader] [parse_new:1782] INFO:   > Processing lecture 85 of 121
[03:02:24] [udemy-downloader] [process_lecture:1598] INFO:       > Lecture doesn't have DRM, attempting to download...
[03:02:24] [udemy-downloader] [process_lecture:1603] INFO:       ====== Selected quality: video 720
[03:02:26] [udemy-downloader] [parse_new:1808] INFO: Processing 0 caption(s)...
[03:02:26] [udemy-downloader] [parse_new:1822] INFO:     > Processing 0 asset(s) for lecture...
[03:02:29] [udemy-downloader] [parse_new:1782] INFO:   > Processing lecture 86 of 121
[03:02:29] [udemy-downloader] [process_lecture:1598] INFO:       > Lecture doesn't have DRM, attempting to download...
[03:02:29] [udemy-downloader] [process_lecture:1603] INFO:       ====== Selected quality: video 720
[03:02:31] [udemy-downloader] [parse_new:1808] INFO: Processing 0 caption(s)...
[03:02:31] [udemy-downloader] [parse_new:1822] INFO:     > Processing 0 asset(s) for lecture...
[03:02:34] [udemy-downloader] [parse_new:1782] INFO:   > Processing lecture 87 of 121
[03:02:34] [udemy-downloader] [process_lecture:1598] INFO:       > Lecture doesn't have DRM, attempting to download...
[03:02:34] [udemy-downloader] [process_lecture:1603] INFO:       ====== Selected quality: video 720
[03:02:36] [udemy-downloader] [parse_new:1808] INFO: Processing 0 caption(s)...
[03:02:36] [udemy-downloader] [parse_new:1822] INFO:     > Processing 0 asset(s) for lecture...
[03:02:40] [udemy-downloader] [parse_new:1782] INFO:   > Processing lecture 88 of 121
[03:02:40] [udemy-downloader] [process_lecture:1598] INFO:       > Lecture doesn't have DRM, attempting to download...
[03:02:40] [udemy-downloader] [process_lecture:1603] INFO:       ====== Selected quality: video 720
[03:02:43] [udemy-downloader] [parse_new:1808] INFO: Processing 0 caption(s)...
[03:02:43] [udemy-downloader] [parse_new:1822] INFO:     > Processing 0 asset(s) for lecture...
[03:02:46] [udemy-downloader] [parse_new:1782] INFO:   > Processing lecture 89 of 121
[03:02:46] [udemy-downloader] [process_lecture:1598] INFO:       > Lecture doesn't have DRM, attempting to download...
[03:02:46] [udemy-downloader] [process_lecture:1603] INFO:       ====== Selected quality: video 720
[03:02:48] [udemy-downloader] [parse_new:1808] INFO: Processing 0 caption(s)...
[03:02:48] [udemy-downloader] [parse_new:1822] INFO:     > Processing 0 asset(s) for lecture...
[03:02:53] [udemy-downloader] [parse_new:1782] INFO:   > Processing lecture 90 of 121
[03:02:53] [udemy-downloader] [process_lecture:1598] INFO:       > Lecture doesn't have DRM, attempting to download...
[03:02:53] [udemy-downloader] [process_lecture:1603] INFO:       ====== Selected quality: video 720
[03:02:55] [udemy-downloader] [parse_new:1808] INFO: Processing 0 caption(s)...
[03:02:55] [udemy-downloader] [parse_new:1822] INFO:     > Processing 0 asset(s) for lecture...
[03:02:55] [udemy-downloader] [parse_new:1754] INFO: ======= Processing chapter 19 of 23 =======
[03:02:59] [udemy-downloader] [parse_new:1782] INFO:   > Processing lecture 91 of 121
[03:02:59] [udemy-downloader] [process_lecture:1598] INFO:       > Lecture doesn't have DRM, attempting to download...
[03:02:59] [udemy-downloader] [process_lecture:1603] INFO:       ====== Selected quality: video 720
[03:03:01] [udemy-downloader] [parse_new:1808] INFO: Processing 0 caption(s)...
[03:03:01] [udemy-downloader] [parse_new:1822] INFO:     > Processing 0 asset(s) for lecture...
[03:03:05] [udemy-downloader] [parse_new:1782] INFO:   > Processing lecture 92 of 121
[03:03:05] [udemy-downloader] [process_lecture:1598] INFO:       > Lecture doesn't have DRM, attempting to download...
[03:03:05] [udemy-downloader] [process_lecture:1603] INFO:       ====== Selected quality: video 720
[03:03:07] [udemy-downloader] [parse_new:1808] INFO: Processing 0 caption(s)...
[03:03:07] [udemy-downloader] [parse_new:1822] INFO:     > Processing 0 asset(s) for lecture...
[03:03:11] [udemy-downloader] [parse_new:1782] INFO:   > Processing lecture 93 of 121
[03:03:11] [udemy-downloader] [process_lecture:1598] INFO:       > Lecture doesn't have DRM, attempting to download...
[03:03:11] [udemy-downloader] [process_lecture:1603] INFO:       ====== Selected quality: video 720
[03:03:13] [udemy-downloader] [parse_new:1808] INFO: Processing 0 caption(s)...
[03:03:13] [udemy-downloader] [parse_new:1822] INFO:     > Processing 0 asset(s) for lecture...
[03:03:17] [udemy-downloader] [parse_new:1782] INFO:   > Processing lecture 94 of 121
[03:03:17] [udemy-downloader] [process_lecture:1598] INFO:       > Lecture doesn't have DRM, attempting to download...
[03:03:17] [udemy-downloader] [process_lecture:1603] INFO:       ====== Selected quality: video 720
[03:03:18] [udemy-downloader] [parse_new:1808] INFO: Processing 0 caption(s)...
[03:03:18] [udemy-downloader] [parse_new:1822] INFO:     > Processing 0 asset(s) for lecture...
[03:03:23] [udemy-downloader] [parse_new:1782] INFO:   > Processing lecture 95 of 121
[03:03:23] [udemy-downloader] [process_lecture:1598] INFO:       > Lecture doesn't have DRM, attempting to download...
[03:03:23] [udemy-downloader] [process_lecture:1603] INFO:       ====== Selected quality: video 720
[03:03:25] [udemy-downloader] [parse_new:1808] INFO: Processing 0 caption(s)...
[03:03:25] [udemy-downloader] [parse_new:1822] INFO:     > Processing 0 asset(s) for lecture...
[03:03:30] [udemy-downloader] [parse_new:1782] INFO:   > Processing lecture 96 of 121
[03:03:30] [udemy-downloader] [process_lecture:1598] INFO:       > Lecture doesn't have DRM, attempting to download...
[03:03:30] [udemy-downloader] [process_lecture:1603] INFO:       ====== Selected quality: video 720
[03:03:33] [udemy-downloader] [parse_new:1808] INFO: Processing 0 caption(s)...
[03:03:33] [udemy-downloader] [parse_new:1822] INFO:     > Processing 0 asset(s) for lecture...
[03:03:33] [udemy-downloader] [parse_new:1754] INFO: ======= Processing chapter 20 of 23 =======
[03:03:37] [udemy-downloader] [parse_new:1782] INFO:   > Processing lecture 97 of 121
[03:03:37] [udemy-downloader] [process_lecture:1598] INFO:       > Lecture doesn't have DRM, attempting to download...
[03:03:37] [udemy-downloader] [process_lecture:1603] INFO:       ====== Selected quality: video 720
[03:03:38] [udemy-downloader] [parse_new:1808] INFO: Processing 0 caption(s)...
[03:03:38] [udemy-downloader] [parse_new:1822] INFO:     > Processing 0 asset(s) for lecture...
[03:03:43] [udemy-downloader] [parse_new:1782] INFO:   > Processing lecture 98 of 121
[03:03:43] [udemy-downloader] [process_lecture:1598] INFO:       > Lecture doesn't have DRM, attempting to download...
[03:03:43] [udemy-downloader] [process_lecture:1603] INFO:       ====== Selected quality: video 720
[03:03:45] [udemy-downloader] [parse_new:1808] INFO: Processing 0 caption(s)...
[03:03:45] [udemy-downloader] [parse_new:1822] INFO:     > Processing 0 asset(s) for lecture...
[03:03:48] [udemy-downloader] [parse_new:1782] INFO:   > Processing lecture 99 of 121
[03:03:48] [udemy-downloader] [process_lecture:1598] INFO:       > Lecture doesn't have DRM, attempting to download...
[03:03:48] [udemy-downloader] [process_lecture:1603] INFO:       ====== Selected quality: video 720
[03:03:51] [udemy-downloader] [parse_new:1808] INFO: Processing 0 caption(s)...
[03:03:51] [udemy-downloader] [parse_new:1822] INFO:     > Processing 0 asset(s) for lecture...
[03:03:54] [udemy-downloader] [parse_new:1782] INFO:   > Processing lecture 100 of 121
[03:03:54] [udemy-downloader] [process_lecture:1598] INFO:       > Lecture doesn't have DRM, attempting to download...
[03:03:54] [udemy-downloader] [process_lecture:1603] INFO:       ====== Selected quality: video 720
[03:03:56] [udemy-downloader] [parse_new:1808] INFO: Processing 0 caption(s)...
[03:03:56] [udemy-downloader] [parse_new:1822] INFO:     > Processing 0 asset(s) for lecture...
[03:04:01] [udemy-downloader] [parse_new:1782] INFO:   > Processing lecture 101 of 121
[03:04:01] [udemy-downloader] [process_lecture:1598] INFO:       > Lecture doesn't have DRM, attempting to download...
[03:04:01] [udemy-downloader] [process_lecture:1603] INFO:       ====== Selected quality: video 720
[03:04:03] [udemy-downloader] [parse_new:1808] INFO: Processing 0 caption(s)...
[03:04:03] [udemy-downloader] [parse_new:1822] INFO:     > Processing 0 asset(s) for lecture...
[03:04:07] [udemy-downloader] [parse_new:1782] INFO:   > Processing lecture 102 of 121
[03:04:07] [udemy-downloader] [process_lecture:1598] INFO:       > Lecture doesn't have DRM, attempting to download...
[03:04:07] [udemy-downloader] [process_lecture:1603] INFO:       ====== Selected quality: video 720
[03:04:09] [udemy-downloader] [parse_new:1808] INFO: Processing 0 caption(s)...
[03:04:09] [udemy-downloader] [parse_new:1822] INFO:     > Processing 0 asset(s) for lecture...
[03:04:14] [udemy-downloader] [parse_new:1782] INFO:   > Processing lecture 103 of 121
[03:04:14] [udemy-downloader] [process_lecture:1598] INFO:       > Lecture doesn't have DRM, attempting to download...
[03:04:14] [udemy-downloader] [process_lecture:1603] INFO:       ====== Selected quality: video 720
[03:04:17] [udemy-downloader] [parse_new:1808] INFO: Processing 0 caption(s)...
[03:04:17] [udemy-downloader] [parse_new:1822] INFO:     > Processing 0 asset(s) for lecture...
[03:04:21] [udemy-downloader] [parse_new:1782] INFO:   > Processing lecture 104 of 121
[03:04:21] [udemy-downloader] [process_lecture:1598] INFO:       > Lecture doesn't have DRM, attempting to download...
[03:04:21] [udemy-downloader] [process_lecture:1603] INFO:       ====== Selected quality: video 720
[03:04:24] [udemy-downloader] [parse_new:1808] INFO: Processing 0 caption(s)...
[03:04:24] [udemy-downloader] [parse_new:1822] INFO:     > Processing 0 asset(s) for lecture...
[03:04:24] [udemy-downloader] [parse_new:1754] INFO: ======= Processing chapter 21 of 23 =======
[03:04:29] [udemy-downloader] [parse_new:1782] INFO:   > Processing lecture 105 of 121
[03:04:29] [udemy-downloader] [process_lecture:1598] INFO:       > Lecture doesn't have DRM, attempting to download...
[03:04:29] [udemy-downloader] [process_lecture:1603] INFO:       ====== Selected quality: video 720
[03:04:31] [udemy-downloader] [parse_new:1808] INFO: Processing 0 caption(s)...
[03:04:31] [udemy-downloader] [parse_new:1822] INFO:     > Processing 0 asset(s) for lecture...
[03:04:36] [udemy-downloader] [parse_new:1782] INFO:   > Processing lecture 106 of 121
[03:04:36] [udemy-downloader] [process_lecture:1598] INFO:       > Lecture doesn't have DRM, attempting to download...
[03:04:36] [udemy-downloader] [process_lecture:1603] INFO:       ====== Selected quality: video 720
[03:04:38] [udemy-downloader] [parse_new:1808] INFO: Processing 0 caption(s)...
[03:04:38] [udemy-downloader] [parse_new:1822] INFO:     > Processing 0 asset(s) for lecture...
[03:04:43] [udemy-downloader] [parse_new:1782] INFO:   > Processing lecture 107 of 121
[03:04:43] [udemy-downloader] [process_lecture:1598] INFO:       > Lecture doesn't have DRM, attempting to download...
[03:04:43] [udemy-downloader] [process_lecture:1603] INFO:       ====== Selected quality: video 720
[03:04:45] [udemy-downloader] [parse_new:1808] INFO: Processing 0 caption(s)...
[03:04:45] [udemy-downloader] [parse_new:1822] INFO:     > Processing 0 asset(s) for lecture...
[03:04:49] [udemy-downloader] [parse_new:1782] INFO:   > Processing lecture 108 of 121
[03:04:49] [udemy-downloader] [process_lecture:1598] INFO:       > Lecture doesn't have DRM, attempting to download...
[03:04:49] [udemy-downloader] [process_lecture:1603] INFO:       ====== Selected quality: video 720
[03:04:51] [udemy-downloader] [parse_new:1808] INFO: Processing 0 caption(s)...
[03:04:51] [udemy-downloader] [parse_new:1822] INFO:     > Processing 0 asset(s) for lecture...
[03:04:55] [udemy-downloader] [parse_new:1782] INFO:   > Processing lecture 109 of 121
[03:04:55] [udemy-downloader] [process_lecture:1598] INFO:       > Lecture doesn't have DRM, attempting to download...
[03:04:55] [udemy-downloader] [process_lecture:1603] INFO:       ====== Selected quality: video 720
[03:04:57] [udemy-downloader] [parse_new:1808] INFO: Processing 0 caption(s)...
[03:04:57] [udemy-downloader] [parse_new:1822] INFO:     > Processing 0 asset(s) for lecture...
[03:05:02] [udemy-downloader] [parse_new:1782] INFO:   > Processing lecture 110 of 121
[03:05:02] [udemy-downloader] [process_lecture:1598] INFO:       > Lecture doesn't have DRM, attempting to download...
[03:05:02] [udemy-downloader] [process_lecture:1603] INFO:       ====== Selected quality: video 720
[03:05:04] [udemy-downloader] [parse_new:1808] INFO: Processing 0 caption(s)...
[03:05:04] [udemy-downloader] [parse_new:1822] INFO:     > Processing 0 asset(s) for lecture...
[03:05:04] [udemy-downloader] [parse_new:1754] INFO: ======= Processing chapter 22 of 23 =======
[03:05:09] [udemy-downloader] [parse_new:1782] INFO:   > Processing lecture 111 of 121
[03:05:09] [udemy-downloader] [process_lecture:1598] INFO:       > Lecture doesn't have DRM, attempting to download...
[03:05:09] [udemy-downloader] [process_lecture:1603] INFO:       ====== Selected quality: video 720
[03:05:12] [udemy-downloader] [parse_new:1808] INFO: Processing 0 caption(s)...
[03:05:12] [udemy-downloader] [parse_new:1822] INFO:     > Processing 0 asset(s) for lecture...
[03:05:17] [udemy-downloader] [parse_new:1782] INFO:   > Processing lecture 112 of 121
[03:05:17] [udemy-downloader] [process_lecture:1598] INFO:       > Lecture doesn't have DRM, attempting to download...
[03:05:17] [udemy-downloader] [process_lecture:1603] INFO:       ====== Selected quality: video 720
[03:05:18] [udemy-downloader] [parse_new:1808] INFO: Processing 0 caption(s)...
[03:05:18] [udemy-downloader] [parse_new:1822] INFO:     > Processing 0 asset(s) for lecture...
[03:05:23] [udemy-downloader] [parse_new:1782] INFO:   > Processing lecture 113 of 121
[03:05:23] [udemy-downloader] [process_lecture:1598] INFO:       > Lecture doesn't have DRM, attempting to download...
[03:05:23] [udemy-downloader] [process_lecture:1603] INFO:       ====== Selected quality: video 720
[03:05:25] [udemy-downloader] [parse_new:1808] INFO: Processing 0 caption(s)...
[03:05:25] [udemy-downloader] [parse_new:1822] INFO:     > Processing 0 asset(s) for lecture...
[03:05:30] [udemy-downloader] [parse_new:1782] INFO:   > Processing lecture 114 of 121
[03:05:30] [udemy-downloader] [process_lecture:1598] INFO:       > Lecture doesn't have DRM, attempting to download...
[03:05:30] [udemy-downloader] [process_lecture:1603] INFO:       ====== Selected quality: video 720
[03:05:31] [udemy-downloader] [parse_new:1808] INFO: Processing 0 caption(s)...
[03:05:31] [udemy-downloader] [parse_new:1822] INFO:     > Processing 0 asset(s) for lecture...
[03:05:31] [udemy-downloader] [parse_new:1754] INFO: ======= Processing chapter 23 of 23 =======
[03:05:35] [udemy-downloader] [parse_new:1782] INFO:   > Processing lecture 115 of 121
[03:05:35] [udemy-downloader] [process_lecture:1598] INFO:       > Lecture doesn't have DRM, attempting to download...
[03:05:35] [udemy-downloader] [process_lecture:1603] INFO:       ====== Selected quality: video 720
[03:05:37] [udemy-downloader] [parse_new:1808] INFO: Processing 0 caption(s)...
[03:05:37] [udemy-downloader] [parse_new:1822] INFO:     > Processing 0 asset(s) for lecture...
[03:05:42] [udemy-downloader] [parse_new:1782] INFO:   > Processing lecture 116 of 121
[03:05:42] [udemy-downloader] [process_lecture:1598] INFO:       > Lecture doesn't have DRM, attempting to download...
[03:05:42] [udemy-downloader] [process_lecture:1603] INFO:       ====== Selected quality: video 720
[03:05:44] [udemy-downloader] [parse_new:1808] INFO: Processing 0 caption(s)...
[03:05:44] [udemy-downloader] [parse_new:1822] INFO:     > Processing 0 asset(s) for lecture...
[03:05:47] [udemy-downloader] [parse_new:1782] INFO:   > Processing lecture 117 of 121
[03:05:47] [udemy-downloader] [process_lecture:1598] INFO:       > Lecture doesn't have DRM, attempting to download...
[03:05:47] [udemy-downloader] [process_lecture:1603] INFO:       ====== Selected quality: video 720
[03:05:49] [udemy-downloader] [parse_new:1808] INFO: Processing 0 caption(s)...
[03:05:49] [udemy-downloader] [parse_new:1822] INFO:     > Processing 0 asset(s) for lecture...
[03:05:53] [udemy-downloader] [parse_new:1782] INFO:   > Processing lecture 118 of 121
[03:05:53] [udemy-downloader] [process_lecture:1598] INFO:       > Lecture doesn't have DRM, attempting to download...
[03:05:53] [udemy-downloader] [process_lecture:1603] INFO:       ====== Selected quality: video 720
[03:05:56] [udemy-downloader] [parse_new:1808] INFO: Processing 0 caption(s)...
[03:05:56] [udemy-downloader] [parse_new:1822] INFO:     > Processing 0 asset(s) for lecture...
[03:06:00] [udemy-downloader] [parse_new:1782] INFO:   > Processing lecture 119 of 121
[03:06:00] [udemy-downloader] [process_lecture:1598] INFO:       > Lecture doesn't have DRM, attempting to download...
[03:06:00] [udemy-downloader] [process_lecture:1603] INFO:       ====== Selected quality: video 720
[03:06:02] [udemy-downloader] [parse_new:1808] INFO: Processing 0 caption(s)...
[03:06:02] [udemy-downloader] [parse_new:1822] INFO:     > Processing 0 asset(s) for lecture...
[03:06:07] [udemy-downloader] [parse_new:1782] INFO:   > Processing lecture 120 of 121
[03:06:07] [udemy-downloader] [process_lecture:1598] INFO:       > Lecture doesn't have DRM, attempting to download...
[03:06:07] [udemy-downloader] [process_lecture:1603] INFO:       ====== Selected quality: video 720
[03:06:09] [udemy-downloader] [parse_new:1808] INFO: Processing 0 caption(s)...
[03:06:09] [udemy-downloader] [parse_new:1822] INFO:     > Processing 0 asset(s) for lecture...
[03:06:13] [udemy-downloader] [parse_new:1782] INFO:   > Processing lecture 121 of 121
[03:06:13] [udemy-downloader] [process_lecture:1598] INFO:       > Lecture doesn't have DRM, attempting to download...
[03:06:13] [udemy-downloader] [process_lecture:1603] INFO:       ====== Selected quality: video 720
[03:06:15] [udemy-downloader] [parse_new:1808] INFO: Processing 0 caption(s)...
[03:06:15] [udemy-downloader] [parse_new:1822] INFO:     > Processing 0 asset(s) for lecture...
