
============================================================
[2026-01-21T11:17:29.389266] Starting download for task 106
Command: /usr/bin/python3 main.py -c https://samsungu.udemy.com/course/ai-for-investment/ -b BXkdOY7L4dK19hrNj1GnplHFHoMbkXpiLlSn9dcU -o Staging_Download/Task_106 -q 720 --download-captions --download-assets --download-quizzes --concurrent-downloads 10 --continue-lecture-numbers
============================================================

============================================================
[LOGGING MODULE] Starting download process
============================================================
[11:17:30] [udemy-downloader] [pre_run:394] INFO: Output directory set to /root/project/server/udemy_dl/Staging_Download/Task_106
[11:17:30] [udemy-downloader] [pre_run:404] WARNING: > Keyfile not found! You won't be able to decrypt any encrypted videos!
[11:17:30] [udemy-downloader] [visit:1203] INFO: Visit request successful
[11:17:30] [udemy-downloader] [main:2044] INFO: > Fetching course information, this may take a minute...
[11:17:32] [udemy-downloader] [_handle_pagination:914] INFO: > Downloading data page 2/2
[11:17:33] [udemy-downloader] [main:2047] INFO: > Course information retrieved!
[11:17:33] [udemy-downloader] [main:2052] INFO: > Fetching course curriculum, this may take a minute...
[11:17:36] [udemy-downloader] [main:2076] INFO: > Course curriculum retrieved!
[11:17:36] [udemy-downloader] [main:2107] INFO: > Processing course data, this may take a minute. 
[11:17:36] [udemy-downloader] [main:2151] INFO: Processing 2 of 41
[11:17:36] [udemy-downloader] [main:2151] INFO: Processing 3 of 41
[11:17:36] [udemy-downloader] [main:2151] INFO: Processing 4 of 41
[11:17:36] [udemy-downloader] [main:2151] INFO: Processing 5 of 41
[11:17:36] [udemy-downloader] [main:2151] INFO: Processing 7 of 41
[11:17:36] [udemy-downloader] [main:2151] INFO: Processing 8 of 41
[11:17:36] [udemy-downloader] [main:2151] INFO: Processing 9 of 41
[11:17:36] [udemy-downloader] [main:2151] INFO: Processing 10 of 41
[11:17:36] [udemy-downloader] [main:2151] INFO: Processing 11 of 41
[11:17:36] [udemy-downloader] [main:2151] INFO: Processing 12 of 41
[11:17:36] [udemy-downloader] [main:2151] INFO: Processing 13 of 41
[11:17:36] [udemy-downloader] [main:2151] INFO: Processing 14 of 41
[11:17:36] [udemy-downloader] [main:2187] INFO: Processing 15 of 41
[11:17:36] [udemy-downloader] [main:2151] INFO: Processing 17 of 41
[11:17:36] [udemy-downloader] [main:2151] INFO: Processing 18 of 41
[11:17:36] [udemy-downloader] [main:2151] INFO: Processing 19 of 41
[11:17:36] [udemy-downloader] [main:2151] INFO: Processing 20 of 41
[11:17:36] [udemy-downloader] [main:2151] INFO: Processing 21 of 41
[11:17:36] [udemy-downloader] [main:2151] INFO: Processing 22 of 41
[11:17:36] [udemy-downloader] [main:2151] INFO: Processing 23 of 41
[11:17:36] [udemy-downloader] [main:2187] INFO: Processing 24 of 41
[11:17:36] [udemy-downloader] [main:2151] INFO: Processing 26 of 41
[11:17:36] [udemy-downloader] [main:2151] INFO: Processing 27 of 41
[11:17:36] [udemy-downloader] [main:2151] INFO: Processing 28 of 41
[11:17:36] [udemy-downloader] [main:2151] INFO: Processing 29 of 41
[11:17:36] [udemy-downloader] [main:2151] INFO: Processing 30 of 41
[11:17:36] [udemy-downloader] [main:2151] INFO: Processing 31 of 41
[11:17:36] [udemy-downloader] [main:2187] INFO: Processing 32 of 41
[11:17:36] [udemy-downloader] [main:2151] INFO: Processing 34 of 41
[11:17:36] [udemy-downloader] [main:2151] INFO: Processing 35 of 41
[11:17:36] [udemy-downloader] [main:2151] INFO: Processing 36 of 41
[11:17:36] [udemy-downloader] [main:2187] INFO: Processing 37 of 41
[11:17:36] [udemy-downloader] [main:2151] INFO: Processing 39 of 41
[11:17:36] [udemy-downloader] [main:2151] INFO: Processing 40 of 41
[11:17:36] [udemy-downloader] [main:2187] INFO: Processing 41 of 41
[11:17:36] [udemy-downloader] [parse_new:1731] INFO: Chapter(s) (6)
[11:17:36] [udemy-downloader] [parse_new:1732] INFO: Lecture(s) (35)
[11:17:36] [udemy-downloader] [parse_new:1754] INFO: ======= Processing chapter 1 of 6 =======
[11:17:40] [udemy-downloader] [parse_new:1782] INFO:   > Processing lecture 1 of 35
[11:17:40] [udemy-downloader] [process_lecture:1598] INFO:       > Lecture doesn't have DRM, attempting to download...
[11:17:40] [udemy-downloader] [process_lecture:1603] INFO:       ====== Selected quality: video 720
[11:17:40] [udemy-downloader] [parse_new:1808] INFO: Processing 0 caption(s)...
[11:17:40] [udemy-downloader] [parse_new:1822] INFO:     > Processing 0 asset(s) for lecture...
[11:17:43] [udemy-downloader] [parse_new:1782] INFO:   > Processing lecture 2 of 35
[11:17:43] [udemy-downloader] [process_lecture:1598] INFO:       > Lecture doesn't have DRM, attempting to download...
[11:17:43] [udemy-downloader] [process_lecture:1603] INFO:       ====== Selected quality: video 720
[11:17:45] [udemy-downloader] [parse_new:1808] INFO: Processing 0 caption(s)...
[11:17:45] [udemy-downloader] [parse_new:1822] INFO:     > Processing 0 asset(s) for lecture...
[11:17:49] [udemy-downloader] [parse_new:1782] INFO:   > Processing lecture 3 of 35
[11:17:49] [udemy-downloader] [process_lecture:1598] INFO:       > Lecture doesn't have DRM, attempting to download...
[11:17:49] [udemy-downloader] [process_lecture:1603] INFO:       ====== Selected quality: video 720
[11:17:52] [udemy-downloader] [parse_new:1808] INFO: Processing 0 caption(s)...
[11:17:52] [udemy-downloader] [parse_new:1822] INFO:     > Processing 1 asset(s) for lecture...
[11:17:57] [udemy-downloader] [parse_new:1782] INFO:   > Processing lecture 4 of 35
[11:17:57] [udemy-downloader] [process_lecture:1598] INFO:       > Lecture doesn't have DRM, attempting to download...
[11:17:57] [udemy-downloader] [process_lecture:1603] INFO:       ====== Selected quality: video 720
[11:17:59] [udemy-downloader] [parse_new:1808] INFO: Processing 0 caption(s)...
[11:17:59] [udemy-downloader] [parse_new:1822] INFO:     > Processing 1 asset(s) for lecture...
[11:17:59] [udemy-downloader] [parse_new:1754] INFO: ======= Processing chapter 2 of 6 =======
[11:18:05] [udemy-downloader] [parse_new:1782] INFO:   > Processing lecture 5 of 35
[11:18:05] [udemy-downloader] [process_lecture:1598] INFO:       > Lecture doesn't have DRM, attempting to download...
[11:18:05] [udemy-downloader] [process_lecture:1603] INFO:       ====== Selected quality: video 720
[11:18:07] [udemy-downloader] [parse_new:1808] INFO: Processing 0 caption(s)...
[11:18:07] [udemy-downloader] [parse_new:1822] INFO:     > Processing 1 asset(s) for lecture...
[11:18:12] [udemy-downloader] [parse_new:1782] INFO:   > Processing lecture 6 of 35
[11:18:12] [udemy-downloader] [process_lecture:1598] INFO:       > Lecture doesn't have DRM, attempting to download...
[11:18:12] [udemy-downloader] [process_lecture:1603] INFO:       ====== Selected quality: video 720
[11:18:15] [udemy-downloader] [parse_new:1808] INFO: Processing 0 caption(s)...
[11:18:15] [udemy-downloader] [parse_new:1822] INFO:     > Processing 0 asset(s) for lecture...
[11:18:20] [udemy-downloader] [parse_new:1782] INFO:   > Processing lecture 7 of 35
[11:18:20] [udemy-downloader] [process_lecture:1598] INFO:       > Lecture doesn't have DRM, attempting to download...
[11:18:20] [udemy-downloader] [process_lecture:1603] INFO:       ====== Selected quality: video 720
[11:18:22] [udemy-downloader] [parse_new:1808] INFO: Processing 0 caption(s)...
[11:18:22] [udemy-downloader] [parse_new:1822] INFO:     > Processing 0 asset(s) for lecture...
[11:18:26] [udemy-downloader] [parse_new:1782] INFO:   > Processing lecture 8 of 35
[11:18:26] [udemy-downloader] [process_lecture:1598] INFO:       > Lecture doesn't have DRM, attempting to download...
[11:18:26] [udemy-downloader] [process_lecture:1603] INFO:       ====== Selected quality: video 720
[11:18:28] [udemy-downloader] [parse_new:1808] INFO: Processing 0 caption(s)...
[11:18:28] [udemy-downloader] [parse_new:1822] INFO:     > Processing 0 asset(s) for lecture...
[11:18:32] [udemy-downloader] [parse_new:1782] INFO:   > Processing lecture 9 of 35
[11:18:32] [udemy-downloader] [process_lecture:1598] INFO:       > Lecture doesn't have DRM, attempting to download...
[11:18:32] [udemy-downloader] [process_lecture:1603] INFO:       ====== Selected quality: video 720
[11:18:35] [udemy-downloader] [parse_new:1808] INFO: Processing 0 caption(s)...
[11:18:35] [udemy-downloader] [parse_new:1822] INFO:     > Processing 0 asset(s) for lecture...
[11:18:41] [udemy-downloader] [parse_new:1782] INFO:   > Processing lecture 10 of 35
[11:18:41] [udemy-downloader] [process_lecture:1598] INFO:       > Lecture doesn't have DRM, attempting to download...
[11:18:41] [udemy-downloader] [process_lecture:1603] INFO:       ====== Selected quality: video 720
[11:18:43] [udemy-downloader] [parse_new:1808] INFO: Processing 0 caption(s)...
[11:18:43] [udemy-downloader] [parse_new:1822] INFO:     > Processing 0 asset(s) for lecture...
[11:18:49] [udemy-downloader] [parse_new:1782] INFO:   > Processing lecture 11 of 35
[11:18:49] [udemy-downloader] [process_lecture:1598] INFO:       > Lecture doesn't have DRM, attempting to download...
[11:18:49] [udemy-downloader] [process_lecture:1603] INFO:       ====== Selected quality: video 720
[11:18:52] [udemy-downloader] [parse_new:1808] INFO: Processing 0 caption(s)...
[11:18:52] [udemy-downloader] [parse_new:1822] INFO:     > Processing 1 asset(s) for lecture...
[11:18:56] [udemy-downloader] [parse_new:1782] INFO:   > Processing lecture 12 of 35
[11:18:56] [udemy-downloader] [process_lecture:1598] INFO:       > Lecture doesn't have DRM, attempting to download...
[11:18:56] [udemy-downloader] [process_lecture:1603] INFO:       ====== Selected quality: video 720
[11:18:58] [udemy-downloader] [parse_new:1808] INFO: Processing 0 caption(s)...
[11:18:58] [udemy-downloader] [parse_new:1822] INFO:     > Processing 0 asset(s) for lecture...
[11:18:59] [udemy-downloader] [process_normal_quiz:1687] INFO:   > Processing quiz 1
[11:18:59] [udemy-downloader] [parse_new:1754] INFO: ======= Processing chapter 3 of 6 =======
[11:19:02] [udemy-downloader] [parse_new:1782] INFO:   > Processing lecture 14 of 35
[11:19:02] [udemy-downloader] [process_lecture:1598] INFO:       > Lecture doesn't have DRM, attempting to download...
[11:19:02] [udemy-downloader] [process_lecture:1603] INFO:       ====== Selected quality: video 720
[11:19:05] [udemy-downloader] [parse_new:1808] INFO: Processing 0 caption(s)...
[11:19:05] [udemy-downloader] [parse_new:1822] INFO:     > Processing 1 asset(s) for lecture...
[11:19:11] [udemy-downloader] [parse_new:1782] INFO:   > Processing lecture 15 of 35
[11:19:11] [udemy-downloader] [process_lecture:1598] INFO:       > Lecture doesn't have DRM, attempting to download...
[11:19:11] [udemy-downloader] [process_lecture:1603] INFO:       ====== Selected quality: video 720
[11:19:14] [udemy-downloader] [parse_new:1808] INFO: Processing 0 caption(s)...
[11:19:14] [udemy-downloader] [parse_new:1822] INFO:     > Processing 0 asset(s) for lecture...
[11:19:17] [udemy-downloader] [parse_new:1782] INFO:   > Processing lecture 16 of 35
[11:19:17] [udemy-downloader] [process_lecture:1598] INFO:       > Lecture doesn't have DRM, attempting to download...
[11:19:17] [udemy-downloader] [process_lecture:1603] INFO:       ====== Selected quality: video 720
[11:19:20] [udemy-downloader] [parse_new:1808] INFO: Processing 0 caption(s)...
[11:19:20] [udemy-downloader] [parse_new:1822] INFO:     > Processing 0 asset(s) for lecture...
[11:19:24] [udemy-downloader] [parse_new:1782] INFO:   > Processing lecture 17 of 35
[11:19:24] [udemy-downloader] [process_lecture:1598] INFO:       > Lecture doesn't have DRM, attempting to download...
[11:19:24] [udemy-downloader] [process_lecture:1603] INFO:       ====== Selected quality: video 720
[11:19:27] [udemy-downloader] [parse_new:1808] INFO: Processing 0 caption(s)...
[11:19:27] [udemy-downloader] [parse_new:1822] INFO:     > Processing 0 asset(s) for lecture...
[11:19:32] [udemy-downloader] [parse_new:1782] INFO:   > Processing lecture 18 of 35
[11:19:32] [udemy-downloader] [process_lecture:1598] INFO:       > Lecture doesn't have DRM, attempting to download...
[11:19:32] [udemy-downloader] [process_lecture:1603] INFO:       ====== Selected quality: video 720
[11:19:34] [udemy-downloader] [parse_new:1808] INFO: Processing 0 caption(s)...
[11:19:34] [udemy-downloader] [parse_new:1822] INFO:     > Processing 0 asset(s) for lecture...
[11:19:38] [udemy-downloader] [parse_new:1782] INFO:   > Processing lecture 19 of 35
[11:19:38] [udemy-downloader] [process_lecture:1598] INFO:       > Lecture doesn't have DRM, attempting to download...
[11:19:38] [udemy-downloader] [process_lecture:1603] INFO:       ====== Selected quality: video 720
[11:19:40] [udemy-downloader] [parse_new:1808] INFO: Processing 0 caption(s)...
[11:19:40] [udemy-downloader] [parse_new:1822] INFO:     > Processing 0 asset(s) for lecture...
[11:19:44] [udemy-downloader] [parse_new:1782] INFO:   > Processing lecture 20 of 35
[11:19:44] [udemy-downloader] [process_lecture:1598] INFO:       > Lecture doesn't have DRM, attempting to download...
[11:19:44] [udemy-downloader] [process_lecture:1603] INFO:       ====== Selected quality: video 720
[11:19:47] [udemy-downloader] [parse_new:1808] INFO: Processing 0 caption(s)...
[11:19:47] [udemy-downloader] [parse_new:1822] INFO:     > Processing 1 asset(s) for lecture...
[11:19:48] [udemy-downloader] [process_normal_quiz:1687] INFO:   > Processing quiz 2
[11:19:48] [udemy-downloader] [parse_new:1754] INFO: ======= Processing chapter 4 of 6 =======
[11:19:52] [udemy-downloader] [parse_new:1782] INFO:   > Processing lecture 22 of 35
[11:19:52] [udemy-downloader] [process_lecture:1598] INFO:       > Lecture doesn't have DRM, attempting to download...
[11:19:52] [udemy-downloader] [process_lecture:1603] INFO:       ====== Selected quality: video 720
[11:19:56] [udemy-downloader] [parse_new:1808] INFO: Processing 0 caption(s)...
[11:19:56] [udemy-downloader] [parse_new:1822] INFO:     > Processing 0 asset(s) for lecture...
[11:20:01] [udemy-downloader] [parse_new:1782] INFO:   > Processing lecture 23 of 35
[11:20:01] [udemy-downloader] [process_lecture:1598] INFO:       > Lecture doesn't have DRM, attempting to download...
[11:20:01] [udemy-downloader] [process_lecture:1603] INFO:       ====== Selected quality: video 720
[11:20:04] [udemy-downloader] [parse_new:1808] INFO: Processing 0 caption(s)...
[11:20:04] [udemy-downloader] [parse_new:1822] INFO:     > Processing 1 asset(s) for lecture...
[11:20:08] [udemy-downloader] [parse_new:1782] INFO:   > Processing lecture 24 of 35
[11:20:08] [udemy-downloader] [process_lecture:1598] INFO:       > Lecture doesn't have DRM, attempting to download...
[11:20:08] [udemy-downloader] [process_lecture:1603] INFO:       ====== Selected quality: video 720
[11:20:10] [udemy-downloader] [parse_new:1808] INFO: Processing 0 caption(s)...
[11:20:10] [udemy-downloader] [parse_new:1822] INFO:     > Processing 1 asset(s) for lecture...
[11:20:14] [udemy-downloader] [parse_new:1782] INFO:   > Processing lecture 25 of 35
[11:20:14] [udemy-downloader] [process_lecture:1598] INFO:       > Lecture doesn't have DRM, attempting to download...
[11:20:14] [udemy-downloader] [process_lecture:1603] INFO:       ====== Selected quality: video 720
[11:20:17] [udemy-downloader] [parse_new:1808] INFO: Processing 0 caption(s)...
[11:20:17] [udemy-downloader] [parse_new:1822] INFO:     > Processing 1 asset(s) for lecture...
[11:20:20] [udemy-downloader] [parse_new:1782] INFO:   > Processing lecture 26 of 35
[11:20:20] [udemy-downloader] [process_lecture:1598] INFO:       > Lecture doesn't have DRM, attempting to download...
[11:20:20] [udemy-downloader] [process_lecture:1603] INFO:       ====== Selected quality: video 720
[11:20:23] [udemy-downloader] [parse_new:1808] INFO: Processing 0 caption(s)...
[11:20:23] [udemy-downloader] [parse_new:1822] INFO:     > Processing 1 asset(s) for lecture...
[11:20:27] [udemy-downloader] [parse_new:1782] INFO:   > Processing lecture 27 of 35
[11:20:27] [udemy-downloader] [process_lecture:1598] INFO:       > Lecture doesn't have DRM, attempting to download...
[11:20:27] [udemy-downloader] [process_lecture:1603] INFO:       ====== Selected quality: video 720
[11:20:29] [udemy-downloader] [parse_new:1808] INFO: Processing 0 caption(s)...
[11:20:29] [udemy-downloader] [parse_new:1822] INFO:     > Processing 1 asset(s) for lecture...
[11:20:30] [udemy-downloader] [process_normal_quiz:1687] INFO:   > Processing quiz 3
[11:20:30] [udemy-downloader] [parse_new:1754] INFO: ======= Processing chapter 5 of 6 =======
[11:20:35] [udemy-downloader] [parse_new:1782] INFO:   > Processing lecture 29 of 35
[11:20:35] [udemy-downloader] [process_lecture:1598] INFO:       > Lecture doesn't have DRM, attempting to download...
[11:20:35] [udemy-downloader] [process_lecture:1603] INFO:       ====== Selected quality: video 720
[11:20:37] [udemy-downloader] [parse_new:1808] INFO: Processing 0 caption(s)...
[11:20:37] [udemy-downloader] [parse_new:1822] INFO:     > Processing 1 asset(s) for lecture...
[11:20:41] [udemy-downloader] [parse_new:1782] INFO:   > Processing lecture 30 of 35
[11:20:41] [udemy-downloader] [process_lecture:1598] INFO:       > Lecture doesn't have DRM, attempting to download...
[11:20:41] [udemy-downloader] [process_lecture:1603] INFO:       ====== Selected quality: video 720
[11:20:43] [udemy-downloader] [parse_new:1808] INFO: Processing 0 caption(s)...
[11:20:43] [udemy-downloader] [parse_new:1822] INFO:     > Processing 0 asset(s) for lecture...
[11:20:46] [udemy-downloader] [parse_new:1782] INFO:   > Processing lecture 31 of 35
[11:20:46] [udemy-downloader] [process_lecture:1598] INFO:       > Lecture doesn't have DRM, attempting to download...
[11:20:46] [udemy-downloader] [process_lecture:1603] INFO:       ====== Selected quality: video 720
[11:20:49] [udemy-downloader] [parse_new:1808] INFO: Processing 0 caption(s)...
[11:20:49] [udemy-downloader] [parse_new:1822] INFO:     > Processing 1 asset(s) for lecture...
[11:20:50] [udemy-downloader] [process_normal_quiz:1687] INFO:   > Processing quiz 4
[11:20:50] [udemy-downloader] [parse_new:1754] INFO: ======= Processing chapter 6 of 6 =======
[11:20:54] [udemy-downloader] [parse_new:1782] INFO:   > Processing lecture 33 of 35
[11:20:54] [udemy-downloader] [process_lecture:1598] INFO:       > Lecture doesn't have DRM, attempting to download...
[11:20:54] [udemy-downloader] [process_lecture:1603] INFO:       ====== Selected quality: video 720
[11:20:57] [udemy-downloader] [parse_new:1808] INFO: Processing 0 caption(s)...
[11:20:57] [udemy-downloader] [parse_new:1822] INFO:     > Processing 1 asset(s) for lecture...
[11:21:02] [udemy-downloader] [parse_new:1782] INFO:   > Processing lecture 34 of 35
[11:21:02] [udemy-downloader] [process_lecture:1598] INFO:       > Lecture doesn't have DRM, attempting to download...
[11:21:02] [udemy-downloader] [process_lecture:1603] INFO:       ====== Selected quality: video 720
[11:21:04] [udemy-downloader] [parse_new:1808] INFO: Processing 0 caption(s)...
[11:21:04] [udemy-downloader] [parse_new:1822] INFO:     > Processing 0 asset(s) for lecture...
[11:21:05] [udemy-downloader] [process_normal_quiz:1687] INFO:   > Processing quiz 1
