{"timestamp":"2026-01-15T13:56:08.306Z","level":"info","category":"download","source":"python_worker","orderId":29,"taskId":39,"message":"Download started","details":{"courseUrl":"https://samsungu.udemy.com/course/ai-literacy-a-feasable-approach-to-understand-ai/"},"progress":null,"currentFile":null,"stack":null,"metadata":null}
{"timestamp":"2026-01-15T13:56:08.332Z","level":"info","category":"download","source":"python_worker","orderId":29,"taskId":39,"message":"Download progress: 30% (Downloading course content...)","details":{"attempt":1},"progress":30,"currentFile":"Downloading course content...","stack":null,"metadata":null}

============================================================
[2026-01-15T20:56:08.351616] Starting download for task 39
Command: /usr/bin/python3 main.py -c https://samsungu.udemy.com/course/ai-literacy-a-feasable-approach-to-understand-ai/ -b BXkdOY7L4dK19hrNj1GnplHFHoMbkXpiLlSn9dcU -o Staging_Download/Task_39 -q 720 --download-captions --download-assets --download-quizzes --concurrent-downloads 10 --continue-lecture-numbers
============================================================

============================================================
[LOGGING MODULE] Starting download process
============================================================
[08:56:09] [udemy-downloader] [pre_run:394] INFO: Output directory set to /root/project/server/udemy_dl/Staging_Download/Task_39
[08:56:09] [udemy-downloader] [pre_run:404] WARNING: > Keyfile not found! You won't be able to decrypt any encrypted videos!
[08:56:10] [udemy-downloader] [visit:1203] INFO: Visit request successful
[08:56:10] [udemy-downloader] [main:2044] INFO: > Fetching course information, this may take a minute...
[08:56:11] [udemy-downloader] [_handle_pagination:914] INFO: > Downloading data page 2/2
[08:56:12] [udemy-downloader] [main:2047] INFO: > Course information retrieved!
[08:56:12] [udemy-downloader] [main:2052] INFO: > Fetching course curriculum, this may take a minute...
[08:56:15] [udemy-downloader] [main:2076] INFO: > Course curriculum retrieved!
[08:56:15] [udemy-downloader] [main:2107] INFO: > Processing course data, this may take a minute. 
[08:56:15] [udemy-downloader] [main:2151] INFO: Processing 2 of 37
[08:56:15] [udemy-downloader] [main:2151] INFO: Processing 3 of 37
[08:56:15] [udemy-downloader] [main:2151] INFO: Processing 4 of 37
[08:56:15] [udemy-downloader] [main:2151] INFO: Processing 5 of 37
[08:56:15] [udemy-downloader] [main:2151] INFO: Processing 7 of 37
[08:56:15] [udemy-downloader] [main:2151] INFO: Processing 8 of 37
[08:56:15] [udemy-downloader] [main:2151] INFO: Processing 9 of 37
[08:56:15] [udemy-downloader] [main:2151] INFO: Processing 10 of 37
[08:56:15] [udemy-downloader] [main:2151] INFO: Processing 12 of 37
[08:56:15] [udemy-downloader] [main:2151] INFO: Processing 13 of 37
[08:56:15] [udemy-downloader] [main:2151] INFO: Processing 14 of 37
[08:56:15] [udemy-downloader] [main:2151] INFO: Processing 15 of 37
[08:56:15] [udemy-downloader] [main:2151] INFO: Processing 17 of 37
[08:56:15] [udemy-downloader] [main:2151] INFO: Processing 18 of 37
[08:56:15] [udemy-downloader] [main:2151] INFO: Processing 19 of 37
[08:56:15] [udemy-downloader] [main:2151] INFO: Processing 20 of 37
[08:56:15] [udemy-downloader] [main:2151] INFO: Processing 22 of 37
[08:56:15] [udemy-downloader] [main:2151] INFO: Processing 23 of 37
[08:56:15] [udemy-downloader] [main:2151] INFO: Processing 24 of 37
[08:56:15] [udemy-downloader] [main:2151] INFO: Processing 25 of 37
[08:56:15] [udemy-downloader] [main:2151] INFO: Processing 27 of 37
[08:56:15] [udemy-downloader] [main:2151] INFO: Processing 28 of 37
[08:56:15] [udemy-downloader] [main:2151] INFO: Processing 29 of 37
[08:56:15] [udemy-downloader] [main:2151] INFO: Processing 30 of 37
[08:56:15] [udemy-downloader] [main:2151] INFO: Processing 32 of 37
[08:56:15] [udemy-downloader] [main:2151] INFO: Processing 33 of 37
[08:56:15] [udemy-downloader] [main:2151] INFO: Processing 34 of 37
[08:56:15] [udemy-downloader] [main:2151] INFO: Processing 35 of 37
[08:56:15] [udemy-downloader] [main:2187] INFO: Processing 37 of 37
[08:56:15] [udemy-downloader] [parse_new:1731] INFO: Chapter(s) (8)
[08:56:15] [udemy-downloader] [parse_new:1732] INFO: Lecture(s) (29)
[08:56:15] [udemy-downloader] [parse_new:1754] INFO: ======= Processing chapter 1 of 8 =======
[08:56:19] [udemy-downloader] [parse_new:1782] INFO:   > Processing lecture 1 of 29
[08:56:19] [udemy-downloader] [process_lecture:1598] INFO:       > Lecture doesn't have DRM, attempting to download...
[08:56:19] [udemy-downloader] [process_lecture:1603] INFO:       ====== Selected quality: video 720
[08:56:21] [udemy-downloader] [parse_new:1808] INFO: Processing 1 caption(s)...
[08:56:21] [udemy-downloader] [process_caption:1546] INFO:     >  Downloading caption: '001 What it means to be AI-literate capabilities, limits, and common myths_en.vtt'
[08:56:21] [udemy-downloader] [process_caption:1559] INFO:     > Converting caption to SRT format...
[08:56:21] [udemy-downloader] [process_caption:1561] INFO:     > Caption conversion complete.
[08:56:21] [udemy-downloader] [parse_new:1822] INFO:     > Processing 0 asset(s) for lecture...
[08:56:25] [udemy-downloader] [parse_new:1782] INFO:   > Processing lecture 2 of 29
[08:56:25] [udemy-downloader] [process_lecture:1598] INFO:       > Lecture doesn't have DRM, attempting to download...
[08:56:25] [udemy-downloader] [process_lecture:1603] INFO:       ====== Selected quality: video 720
[08:56:27] [udemy-downloader] [parse_new:1808] INFO: Processing 1 caption(s)...
[08:56:27] [udemy-downloader] [process_caption:1546] INFO:     >  Downloading caption: '002 What AI really is simple definitions and how models are trained without technic_en.vtt'
[08:56:28] [udemy-downloader] [process_caption:1559] INFO:     > Converting caption to SRT format...
[08:56:28] [udemy-downloader] [process_caption:1561] INFO:     > Caption conversion complete.
[08:56:28] [udemy-downloader] [parse_new:1822] INFO:     > Processing 0 asset(s) for lecture...
[08:56:31] [udemy-downloader] [parse_new:1782] INFO:   > Processing lecture 3 of 29
[08:56:31] [udemy-downloader] [process_lecture:1598] INFO:       > Lecture doesn't have DRM, attempting to download...
[08:56:31] [udemy-downloader] [process_lecture:1603] INFO:       ====== Selected quality: video 720
[08:56:33] [udemy-downloader] [parse_new:1808] INFO: Processing 1 caption(s)...
[08:56:33] [udemy-downloader] [process_caption:1546] INFO:     >  Downloading caption: '003 How AI is transforming work, society, and decision-making_en.vtt'
[08:56:34] [udemy-downloader] [process_caption:1559] INFO:     > Converting caption to SRT format...
[08:56:34] [udemy-downloader] [process_caption:1561] INFO:     > Caption conversion complete.
[08:56:34] [udemy-downloader] [parse_new:1822] INFO:     > Processing 0 asset(s) for lecture...
[08:56:37] [udemy-downloader] [parse_new:1782] INFO:   > Processing lecture 4 of 29
[08:56:37] [udemy-downloader] [process_lecture:1598] INFO:       > Lecture doesn't have DRM, attempting to download...
[08:56:37] [udemy-downloader] [process_lecture:1603] INFO:       ====== Selected quality: video 720
[08:56:38] [udemy-downloader] [parse_new:1808] INFO: Processing 1 caption(s)...
[08:56:38] [udemy-downloader] [process_caption:1546] INFO:     >  Downloading caption: '004 Generative AI what it offers, what risks it introduces, and how it differs from_en.vtt'
[08:56:39] [udemy-downloader] [process_caption:1559] INFO:     > Converting caption to SRT format...
[08:56:39] [udemy-downloader] [process_caption:1561] INFO:     > Caption conversion complete.
[08:56:39] [udemy-downloader] [parse_new:1822] INFO:     > Processing 0 asset(s) for lecture...
[08:56:39] [udemy-downloader] [parse_new:1754] INFO: ======= Processing chapter 2 of 8 =======
[08:56:44] [udemy-downloader] [parse_new:1782] INFO:   > Processing lecture 5 of 29
[08:56:44] [udemy-downloader] [process_lecture:1598] INFO:       > Lecture doesn't have DRM, attempting to download...
[08:56:44] [udemy-downloader] [process_lecture:1603] INFO:       ====== Selected quality: video 720
[08:56:47] [udemy-downloader] [parse_new:1808] INFO: Processing 1 caption(s)...
[08:56:47] [udemy-downloader] [process_caption:1546] INFO:     >  Downloading caption: '005 Current use cases healthcare, education, public sector, industry, and culture_en.vtt'
[08:56:48] [udemy-downloader] [process_caption:1559] INFO:     > Converting caption to SRT format...
[08:56:48] [udemy-downloader] [process_caption:1561] INFO:     > Caption conversion complete.
[08:56:48] [udemy-downloader] [parse_new:1822] INFO:     > Processing 0 asset(s) for lecture...
[08:56:53] [udemy-downloader] [parse_new:1782] INFO:   > Processing lecture 6 of 29
[08:56:53] [udemy-downloader] [process_lecture:1598] INFO:       > Lecture doesn't have DRM, attempting to download...
[08:56:53] [udemy-downloader] [process_lecture:1603] INFO:       ====== Selected quality: video 720
[08:56:55] [udemy-downloader] [parse_new:1808] INFO: Processing 1 caption(s)...
[08:56:55] [udemy-downloader] [process_caption:1546] INFO:     >  Downloading caption: '006 AI tools you are already using assistants, text and image generation, and auto_en.vtt'
[08:56:55] [udemy-downloader] [process_caption:1559] INFO:     > Converting caption to SRT format...
[08:56:55] [udemy-downloader] [process_caption:1561] INFO:     > Caption conversion complete.
[08:56:55] [udemy-downloader] [parse_new:1822] INFO:     > Processing 0 asset(s) for lecture...
[08:56:58] [udemy-downloader] [parse_new:1782] INFO:   > Processing lecture 7 of 29
[08:56:58] [udemy-downloader] [process_lecture:1598] INFO:       > Lecture doesn't have DRM, attempting to download...
[08:56:58] [udemy-downloader] [process_lecture:1603] INFO:       ====== Selected quality: video 720
[08:57:02] [udemy-downloader] [parse_new:1808] INFO: Processing 1 caption(s)...
[08:57:02] [udemy-downloader] [process_caption:1546] INFO:     >  Downloading caption: '007 How AI integrates into workflows without you noticing_en.vtt'
[08:57:02] [udemy-downloader] [process_caption:1559] INFO:     > Converting caption to SRT format...
[08:57:02] [udemy-downloader] [process_caption:1561] INFO:     > Caption conversion complete.
[08:57:02] [udemy-downloader] [parse_new:1822] INFO:     > Processing 0 asset(s) for lecture...
[08:57:07] [udemy-downloader] [parse_new:1782] INFO:   > Processing lecture 8 of 29
[08:57:07] [udemy-downloader] [process_lecture:1598] INFO:       > Lecture doesn't have DRM, attempting to download...
[08:57:07] [udemy-downloader] [process_lecture:1603] INFO:       ====== Selected quality: video 720
[08:57:09] [udemy-downloader] [parse_new:1808] INFO: Processing 1 caption(s)...
[08:57:09] [udemy-downloader] [process_caption:1546] INFO:     >  Downloading caption: '008 The digital and organizational skills required for AI adoption_en.vtt'
[08:57:10] [udemy-downloader] [process_caption:1559] INFO:     > Converting caption to SRT format...
[08:57:10] [udemy-downloader] [process_caption:1561] INFO:     > Caption conversion complete.
[08:57:10] [udemy-downloader] [parse_new:1822] INFO:     > Processing 0 asset(s) for lecture...
[08:57:10] [udemy-downloader] [parse_new:1754] INFO: ======= Processing chapter 3 of 8 =======
[08:57:14] [udemy-downloader] [parse_new:1782] INFO:   > Processing lecture 9 of 29
[08:57:14] [udemy-downloader] [process_lecture:1598] INFO:       > Lecture doesn't have DRM, attempting to download...
[08:57:14] [udemy-downloader] [process_lecture:1603] INFO:       ====== Selected quality: video 720
[08:57:17] [udemy-downloader] [parse_new:1808] INFO: Processing 1 caption(s)...
[08:57:17] [udemy-downloader] [process_caption:1546] INFO:     >  Downloading caption: '009 Which tasks can be automated and which should remain human_en.vtt'
[08:57:17] [udemy-downloader] [process_caption:1559] INFO:     > Converting caption to SRT format...
[08:57:17] [udemy-downloader] [process_caption:1561] INFO:     > Caption conversion complete.
[08:57:17] [udemy-downloader] [parse_new:1822] INFO:     > Processing 0 asset(s) for lecture...
[08:57:22] [udemy-downloader] [parse_new:1782] INFO:   > Processing lecture 10 of 29
[08:57:22] [udemy-downloader] [process_lecture:1598] INFO:       > Lecture doesn't have DRM, attempting to download...
[08:57:22] [udemy-downloader] [process_lecture:1603] INFO:       ====== Selected quality: video 720
[08:57:24] [udemy-downloader] [parse_new:1808] INFO: Processing 1 caption(s)...
[08:57:24] [udemy-downloader] [process_caption:1546] INFO:     >  Downloading caption: '010 Human-AI collaboration models what assisted decision-making is and is not_en.vtt'
[08:57:25] [udemy-downloader] [process_caption:1559] INFO:     > Converting caption to SRT format...
[08:57:25] [udemy-downloader] [process_caption:1561] INFO:     > Caption conversion complete.
[08:57:25] [udemy-downloader] [parse_new:1822] INFO:     > Processing 0 asset(s) for lecture...
[08:57:29] [udemy-downloader] [parse_new:1782] INFO:   > Processing lecture 11 of 29
[08:57:29] [udemy-downloader] [process_lecture:1598] INFO:       > Lecture doesn't have DRM, attempting to download...
[08:57:29] [udemy-downloader] [process_lecture:1603] INFO:       ====== Selected quality: video 720
[08:57:31] [udemy-downloader] [parse_new:1808] INFO: Processing 1 caption(s)...
[08:57:31] [udemy-downloader] [process_caption:1546] INFO:     >  Downloading caption: '011 How to avoid blind dependence meaningful control, supervision, and critical rev_en.vtt'
[08:57:31] [udemy-downloader] [process_caption:1559] INFO:     > Converting caption to SRT format...
[08:57:31] [udemy-downloader] [process_caption:1561] INFO:     > Caption conversion complete.
[08:57:31] [udemy-downloader] [parse_new:1822] INFO:     > Processing 0 asset(s) for lecture...
[08:57:34] [udemy-downloader] [parse_new:1782] INFO:   > Processing lecture 12 of 29
[08:57:34] [udemy-downloader] [process_lecture:1598] INFO:       > Lecture doesn't have DRM, attempting to download...
[08:57:34] [udemy-downloader] [process_lecture:1603] INFO:       ====== Selected quality: video 720
[08:57:36] [udemy-downloader] [parse_new:1808] INFO: Processing 1 caption(s)...
[08:57:36] [udemy-downloader] [process_caption:1546] INFO:     >  Downloading caption: '012 Best practices for teams working with AI tools_en.vtt'
[08:57:37] [udemy-downloader] [process_caption:1559] INFO:     > Converting caption to SRT format...
[08:57:37] [udemy-downloader] [process_caption:1561] INFO:     > Caption conversion complete.
[08:57:37] [udemy-downloader] [parse_new:1822] INFO:     > Processing 0 asset(s) for lecture...
[08:57:37] [udemy-downloader] [parse_new:1754] INFO: ======= Processing chapter 4 of 8 =======
[08:57:40] [udemy-downloader] [parse_new:1782] INFO:   > Processing lecture 13 of 29
[08:57:40] [udemy-downloader] [process_lecture:1598] INFO:       > Lecture doesn't have DRM, attempting to download...
[08:57:40] [udemy-downloader] [process_lecture:1603] INFO:       ====== Selected quality: video 720
[08:57:42] [udemy-downloader] [parse_new:1808] INFO: Processing 1 caption(s)...
[08:57:42] [udemy-downloader] [process_caption:1546] INFO:     >  Downloading caption: '013 How to detect bias, errors, and hallucinations in AI systems_en.vtt'
[08:57:42] [udemy-downloader] [process_caption:1559] INFO:     > Converting caption to SRT format...
[08:57:42] [udemy-downloader] [process_caption:1561] INFO:     > Caption conversion complete.
[08:57:42] [udemy-downloader] [parse_new:1822] INFO:     > Processing 0 asset(s) for lecture...
[08:57:48] [udemy-downloader] [parse_new:1782] INFO:   > Processing lecture 14 of 29
[08:57:48] [udemy-downloader] [process_lecture:1598] INFO:       > Lecture doesn't have DRM, attempting to download...
[08:57:48] [udemy-downloader] [process_lecture:1603] INFO:       ====== Selected quality: video 720
[08:57:50] [udemy-downloader] [parse_new:1808] INFO: Processing 1 caption(s)...
[08:57:50] [udemy-downloader] [process_caption:1546] INFO:     >  Downloading caption: '014 Privacy, surveillance, misinformation ethical risks of everyday AI use_en.vtt'
[08:57:51] [udemy-downloader] [process_caption:1559] INFO:     > Converting caption to SRT format...
[08:57:51] [udemy-downloader] [process_caption:1561] INFO:     > Caption conversion complete.
[08:57:51] [udemy-downloader] [parse_new:1822] INFO:     > Processing 0 asset(s) for lecture...
[08:57:56] [udemy-downloader] [parse_new:1782] INFO:   > Processing lecture 15 of 29
[08:57:56] [udemy-downloader] [process_lecture:1598] INFO:       > Lecture doesn't have DRM, attempting to download...
[08:57:56] [udemy-downloader] [process_lecture:1603] INFO:       ====== Selected quality: video 720
[08:57:58] [udemy-downloader] [parse_new:1808] INFO: Processing 1 caption(s)...
[08:57:58] [udemy-downloader] [process_caption:1546] INFO:     >  Downloading caption: '015 When not to use AI examples of inappropriate or unsafe applications_en.vtt'
[08:57:58] [udemy-downloader] [process_caption:1559] INFO:     > Converting caption to SRT format...
[08:57:58] [udemy-downloader] [process_caption:1561] INFO:     > Caption conversion complete.
[08:57:58] [udemy-downloader] [parse_new:1822] INFO:     > Processing 0 asset(s) for lecture...
[08:58:02] [udemy-downloader] [parse_new:1782] INFO:   > Processing lecture 16 of 29
[08:58:02] [udemy-downloader] [process_lecture:1598] INFO:       > Lecture doesn't have DRM, attempting to download...
[08:58:02] [udemy-downloader] [process_lecture:1603] INFO:       ====== Selected quality: video 720
[08:58:04] [udemy-downloader] [parse_new:1808] INFO: Processing 1 caption(s)...
[08:58:04] [udemy-downloader] [process_caption:1546] INFO:     >  Downloading caption: '016 Introduction to ethical and social impact assessment of AI systems_en.vtt'
[08:58:05] [udemy-downloader] [process_caption:1559] INFO:     > Converting caption to SRT format...
[08:58:05] [udemy-downloader] [process_caption:1561] INFO:     > Caption conversion complete.
[08:58:05] [udemy-downloader] [parse_new:1822] INFO:     > Processing 0 asset(s) for lecture...
[08:58:05] [udemy-downloader] [parse_new:1754] INFO: ======= Processing chapter 5 of 8 =======
[08:58:08] [udemy-downloader] [parse_new:1782] INFO:   > Processing lecture 17 of 29
[08:58:08] [udemy-downloader] [process_lecture:1598] INFO:       > Lecture doesn't have DRM, attempting to download...
[08:58:08] [udemy-downloader] [process_lecture:1603] INFO:       ====== Selected quality: video 720
[08:58:10] [udemy-downloader] [parse_new:1808] INFO: Processing 1 caption(s)...
[08:58:10] [udemy-downloader] [process_caption:1546] INFO:     >  Downloading caption: '017 Pillars of responsible AI I transparency, explainability, and fairness_en.vtt'
[08:58:10] [udemy-downloader] [process_caption:1559] INFO:     > Converting caption to SRT format...
[08:58:10] [udemy-downloader] [process_caption:1561] INFO:     > Caption conversion complete.
[08:58:10] [udemy-downloader] [parse_new:1822] INFO:     > Processing 0 asset(s) for lecture...
[08:58:14] [udemy-downloader] [parse_new:1782] INFO:   > Processing lecture 18 of 29
[08:58:14] [udemy-downloader] [process_lecture:1598] INFO:       > Lecture doesn't have DRM, attempting to download...
[08:58:14] [udemy-downloader] [process_lecture:1603] INFO:       ====== Selected quality: video 720
[08:58:16] [udemy-downloader] [parse_new:1808] INFO: Processing 1 caption(s)...
[08:58:16] [udemy-downloader] [process_caption:1546] INFO:     >  Downloading caption: '018 Pillars of responsible AI II ethical design, consent, traceability, and human_en.vtt'
[08:58:17] [udemy-downloader] [process_caption:1559] INFO:     > Converting caption to SRT format...
[08:58:17] [udemy-downloader] [process_caption:1561] INFO:     > Caption conversion complete.
[08:58:17] [udemy-downloader] [parse_new:1822] INFO:     > Processing 0 asset(s) for lecture...
[08:58:20] [udemy-downloader] [parse_new:1782] INFO:   > Processing lecture 19 of 29
[08:58:20] [udemy-downloader] [process_lecture:1598] INFO:       > Lecture doesn't have DRM, attempting to download...
[08:58:20] [udemy-downloader] [process_lecture:1603] INFO:       ====== Selected quality: video 720
[08:58:22] [udemy-downloader] [parse_new:1808] INFO: Processing 1 caption(s)...
[08:58:22] [udemy-downloader] [process_caption:1546] INFO:     >  Downloading caption: '019 How to apply data ethics in systems that collect or generate information_en.vtt'
[08:58:22] [udemy-downloader] [process_caption:1559] INFO:     > Converting caption to SRT format...
[08:58:22] [udemy-downloader] [process_caption:1561] INFO:     > Caption conversion complete.
[08:58:22] [udemy-downloader] [parse_new:1822] INFO:     > Processing 0 asset(s) for lecture...
[08:58:26] [udemy-downloader] [parse_new:1782] INFO:   > Processing lecture 20 of 29
[08:58:26] [udemy-downloader] [process_lecture:1598] INFO:       > Lecture doesn't have DRM, attempting to download...
[08:58:26] [udemy-downloader] [process_lecture:1603] INFO:       ====== Selected quality: video 720
[08:58:28] [udemy-downloader] [parse_new:1808] INFO: Processing 1 caption(s)...
[08:58:28] [udemy-downloader] [process_caption:1546] INFO:     >  Downloading caption: '020 Real cases where lack of ethics led to legal or reputational consequences_en.vtt'
[08:58:29] [udemy-downloader] [process_caption:1559] INFO:     > Converting caption to SRT format...
[08:58:29] [udemy-downloader] [process_caption:1561] INFO:     > Caption conversion complete.
[08:58:29] [udemy-downloader] [parse_new:1822] INFO:     > Processing 0 asset(s) for lecture...
[08:58:29] [udemy-downloader] [parse_new:1754] INFO: ======= Processing chapter 6 of 8 =======
[08:58:32] [udemy-downloader] [parse_new:1782] INFO:   > Processing lecture 21 of 29
[08:58:32] [udemy-downloader] [process_lecture:1598] INFO:       > Lecture doesn't have DRM, attempting to download...
[08:58:32] [udemy-downloader] [process_lecture:1603] INFO:       ====== Selected quality: video 720
[08:58:34] [udemy-downloader] [parse_new:1808] INFO: Processing 1 caption(s)...
[08:58:34] [udemy-downloader] [process_caption:1546] INFO:     >  Downloading caption: '021 What the European AI Act requires principles, risk levels, and obligations by u_en.vtt'
[08:58:34] [udemy-downloader] [process_caption:1559] INFO:     > Converting caption to SRT format...
[08:58:34] [udemy-downloader] [process_caption:1561] INFO:     > Caption conversion complete.
[08:58:34] [udemy-downloader] [parse_new:1822] INFO:     > Processing 0 asset(s) for lecture...
[08:58:40] [udemy-downloader] [parse_new:1782] INFO:   > Processing lecture 22 of 29
[08:58:40] [udemy-downloader] [process_lecture:1598] INFO:       > Lecture doesn't have DRM, attempting to download...
[08:58:40] [udemy-downloader] [process_lecture:1603] INFO:       ====== Selected quality: video 720
[08:58:42] [udemy-downloader] [parse_new:1808] INFO: Processing 1 caption(s)...
[08:58:42] [udemy-downloader] [process_caption:1546] INFO:     >  Downloading caption: '022 How to create an internal policy for responsible AI use_en.vtt'
[08:58:42] [udemy-downloader] [process_caption:1559] INFO:     > Converting caption to SRT format...
[08:58:42] [udemy-downloader] [process_caption:1561] INFO:     > Caption conversion complete.
[08:58:42] [udemy-downloader] [parse_new:1822] INFO:     > Processing 0 asset(s) for lecture...
[08:58:46] [udemy-downloader] [parse_new:1782] INFO:   > Processing lecture 23 of 29
[08:58:46] [udemy-downloader] [process_lecture:1598] INFO:       > Lecture doesn't have DRM, attempting to download...
[08:58:46] [udemy-downloader] [process_lecture:1603] INFO:       ====== Selected quality: video 720
[08:58:48] [udemy-downloader] [parse_new:1808] INFO: Processing 1 caption(s)...
[08:58:48] [udemy-downloader] [process_caption:1546] INFO:     >  Downloading caption: '023 Roles and responsibilities to ensure ethical and legal compliance_en.vtt'
[08:58:48] [udemy-downloader] [process_caption:1559] INFO:     > Converting caption to SRT format...
[08:58:48] [udemy-downloader] [process_caption:1561] INFO:     > Caption conversion complete.
[08:58:48] [udemy-downloader] [parse_new:1822] INFO:     > Processing 0 asset(s) for lecture...
[08:58:54] [udemy-downloader] [parse_new:1782] INFO:   > Processing lecture 24 of 29
[08:58:54] [udemy-downloader] [process_lecture:1598] INFO:       > Lecture doesn't have DRM, attempting to download...
[08:58:54] [udemy-downloader] [process_lecture:1603] INFO:       ====== Selected quality: video 720
[08:58:57] [udemy-downloader] [parse_new:1808] INFO: Processing 1 caption(s)...
[08:58:57] [udemy-downloader] [process_caption:1546] INFO:     >  Downloading caption: '024 How to foster a critical digital culture continuous learning, transparency, and_en.vtt'
[08:58:57] [udemy-downloader] [process_caption:1559] INFO:     > Converting caption to SRT format...
[08:58:57] [udemy-downloader] [process_caption:1561] INFO:     > Caption conversion complete.
[08:58:57] [udemy-downloader] [parse_new:1822] INFO:     > Processing 0 asset(s) for lecture...
[08:58:57] [udemy-downloader] [parse_new:1754] INFO: ======= Processing chapter 7 of 8 =======
[08:59:03] [udemy-downloader] [parse_new:1782] INFO:   > Processing lecture 25 of 29
[08:59:03] [udemy-downloader] [process_lecture:1598] INFO:       > Lecture doesn't have DRM, attempting to download...
[08:59:03] [udemy-downloader] [process_lecture:1603] INFO:       ====== Selected quality: video 720
[08:59:05] [udemy-downloader] [parse_new:1808] INFO: Processing 1 caption(s)...
[08:59:05] [udemy-downloader] [process_caption:1546] INFO:     >  Downloading caption: '025 Case studies of successful and failed AI implementations_en.vtt'
[08:59:05] [udemy-downloader] [process_caption:1559] INFO:     > Converting caption to SRT format...
[08:59:05] [udemy-downloader] [process_caption:1561] INFO:     > Caption conversion complete.
[08:59:05] [udemy-downloader] [parse_new:1822] INFO:     > Processing 0 asset(s) for lecture...
[08:59:09] [udemy-downloader] [parse_new:1782] INFO:   > Processing lecture 26 of 29
[08:59:09] [udemy-downloader] [process_lecture:1598] INFO:       > Lecture doesn't have DRM, attempting to download...
[08:59:09] [udemy-downloader] [process_lecture:1603] INFO:       ====== Selected quality: video 720
[08:59:10] [udemy-downloader] [parse_new:1808] INFO: Processing 1 caption(s)...
[08:59:10] [udemy-downloader] [process_caption:1546] INFO:     >  Downloading caption: '026 Guided simulation decision-making in an ethical dilemma with generative AI_en.vtt'
[08:59:11] [udemy-downloader] [process_caption:1559] INFO:     > Converting caption to SRT format...
[08:59:11] [udemy-downloader] [process_caption:1561] INFO:     > Caption conversion complete.
[08:59:11] [udemy-downloader] [parse_new:1822] INFO:     > Processing 0 asset(s) for lecture...
[08:59:15] [udemy-downloader] [parse_new:1782] INFO:   > Processing lecture 27 of 29
[08:59:15] [udemy-downloader] [process_lecture:1598] INFO:       > Lecture doesn't have DRM, attempting to download...
[08:59:15] [udemy-downloader] [process_lecture:1603] INFO:       ====== Selected quality: video 720
[08:59:18] [udemy-downloader] [parse_new:1808] INFO: Processing 1 caption(s)...
[08:59:18] [udemy-downloader] [process_caption:1546] INFO:     >  Downloading caption: '027 How to design an internal AI use policy template adapted to your organization_en.vtt'
[08:59:18] [udemy-downloader] [process_caption:1559] INFO:     > Converting caption to SRT format...
[08:59:18] [udemy-downloader] [process_caption:1561] INFO:     > Caption conversion complete.
[08:59:18] [udemy-downloader] [parse_new:1822] INFO:     > Processing 0 asset(s) for lecture...
[08:59:24] [udemy-downloader] [parse_new:1782] INFO:   > Processing lecture 28 of 29
[08:59:24] [udemy-downloader] [process_lecture:1598] INFO:       > Lecture doesn't have DRM, attempting to download...
[08:59:24] [udemy-downloader] [process_lecture:1603] INFO:       ====== Selected quality: video 720
[08:59:26] [udemy-downloader] [parse_new:1808] INFO: Processing 1 caption(s)...
[08:59:26] [udemy-downloader] [process_caption:1546] INFO:     >  Downloading caption: '028 Downloadable checklist to assess ethical, organizational, and regulatory maturit_en.vtt'
[08:59:27] [udemy-downloader] [process_caption:1559] INFO:     > Converting caption to SRT format...
[08:59:27] [udemy-downloader] [process_caption:1561] INFO:     > Caption conversion complete.
[08:59:27] [udemy-downloader] [parse_new:1822] INFO:     > Processing 1 asset(s) for lecture...
[08:59:27] [udemy-downloader] [parse_new:1754] INFO: ======= Processing chapter 8 of 8 =======
[08:59:28] [udemy-downloader] [process_normal_quiz:1687] INFO:   > Processing quiz 1
{"timestamp":"2026-01-15T13:59:28.239Z","level":"info","category":"download","source":"python_worker","orderId":29,"taskId":39,"message":"Download progress: 70% (Download completed, preparing upload...)","details":{"duration":199,"attempt":1},"progress":70,"currentFile":"Download completed, preparing upload...","stack":null,"metadata":null}
{"timestamp":"2026-01-15T14:00:13.156Z","level":"info","category":"download","source":"python_worker","orderId":29,"taskId":39,"message":"Download progress: 100% (Task completed successfully!)","details":{"duration":244,"folderName":"ai-literacy-a-feasable-approach-to-understand-ai"},"progress":100,"currentFile":"Task completed successfully!","stack":null,"metadata":null}
