{"timestamp":"2026-01-15T09:50:58.477Z","level":"info","category":"download","source":"python_worker","orderId":24,"taskId":34,"message":"Download started","details":{"courseUrl":"https://samsungu.udemy.com/course/creative-css-hover-and-animation-effects-in-hindi/"},"progress":null,"currentFile":null,"stack":null,"metadata":null}
{"timestamp":"2026-01-15T09:50:58.499Z","level":"info","category":"download","source":"python_worker","orderId":24,"taskId":34,"message":"Download progress: 30% (Downloading course content...)","details":{"attempt":1},"progress":30,"currentFile":"Downloading course content...","stack":null,"metadata":null}

============================================================
[2026-01-15T16:50:58.507084] Starting download for task 34
Command: /usr/bin/python3 main.py -c https://samsungu.udemy.com/course/creative-css-hover-and-animation-effects-in-hindi/ -b BXkdOY7L4dK19hrNj1GnplHFHoMbkXpiLlSn9dcU -o Staging_Download/Task_34 -q 720 --download-captions --download-assets --download-quizzes --concurrent-downloads 10 --continue-lecture-numbers
============================================================

============================================================
[LOGGING MODULE] Starting download process
============================================================
[04:50:59] [udemy-downloader] [pre_run:394] INFO: Output directory set to /root/project/server/udemy_dl/Staging_Download/Task_34
[04:50:59] [udemy-downloader] [pre_run:404] WARNING: > Keyfile not found! You won't be able to decrypt any encrypted videos!
[04:51:00] [udemy-downloader] [visit:1203] INFO: Visit request successful
[04:51:00] [udemy-downloader] [main:2044] INFO: > Fetching course information, this may take a minute...
[04:51:01] [udemy-downloader] [_handle_pagination:914] INFO: > Downloading data page 2/2
[04:51:02] [udemy-downloader] [main:2047] INFO: > Course information retrieved!
[04:51:02] [udemy-downloader] [main:2052] INFO: > Fetching course curriculum, this may take a minute...
[04:51:03] [udemy-downloader] [main:2076] INFO: > Course curriculum retrieved!
[04:51:03] [udemy-downloader] [main:2107] INFO: > Processing course data, this may take a minute. 
[04:51:03] [udemy-downloader] [main:2151] INFO: Processing 2 of 9
[04:51:03] [udemy-downloader] [main:2151] INFO: Processing 4 of 9
[04:51:03] [udemy-downloader] [main:2151] INFO: Processing 5 of 9
[04:51:03] [udemy-downloader] [main:2151] INFO: Processing 6 of 9
[04:51:03] [udemy-downloader] [main:2151] INFO: Processing 7 of 9
[04:51:03] [udemy-downloader] [main:2151] INFO: Processing 8 of 9
[04:51:03] [udemy-downloader] [main:2151] INFO: Processing 9 of 9
[04:51:03] [udemy-downloader] [parse_new:1731] INFO: Chapter(s) (2)
[04:51:03] [udemy-downloader] [parse_new:1732] INFO: Lecture(s) (7)
[04:51:03] [udemy-downloader] [parse_new:1754] INFO: ======= Processing chapter 1 of 2 =======
[04:51:06] [udemy-downloader] [parse_new:1782] INFO:   > Processing lecture 1 of 7
[04:51:06] [udemy-downloader] [process_lecture:1598] INFO:       > Lecture doesn't have DRM, attempting to download...
[04:51:06] [udemy-downloader] [process_lecture:1603] INFO:       ====== Selected quality: video 720
[04:51:07] [udemy-downloader] [parse_new:1808] INFO: Processing 0 caption(s)...
[04:51:07] [udemy-downloader] [parse_new:1822] INFO:     > Processing 0 asset(s) for lecture...
[04:51:07] [udemy-downloader] [parse_new:1754] INFO: ======= Processing chapter 2 of 2 =======
[04:51:12] [udemy-downloader] [parse_new:1782] INFO:   > Processing lecture 2 of 7
[04:51:12] [udemy-downloader] [process_lecture:1598] INFO:       > Lecture doesn't have DRM, attempting to download...
[04:51:12] [udemy-downloader] [process_lecture:1603] INFO:       ====== Selected quality: video 720
[04:51:15] [udemy-downloader] [parse_new:1808] INFO: Processing 0 caption(s)...
[04:51:15] [udemy-downloader] [parse_new:1822] INFO:     > Processing 5 asset(s) for lecture...
[04:51:20] [udemy-downloader] [parse_new:1782] INFO:   > Processing lecture 3 of 7
[04:51:20] [udemy-downloader] [process_lecture:1598] INFO:       > Lecture doesn't have DRM, attempting to download...
[04:51:20] [udemy-downloader] [process_lecture:1603] INFO:       ====== Selected quality: video 720
[04:51:22] [udemy-downloader] [parse_new:1808] INFO: Processing 0 caption(s)...
[04:51:22] [udemy-downloader] [parse_new:1822] INFO:     > Processing 2 asset(s) for lecture...
[04:51:25] [udemy-downloader] [parse_new:1782] INFO:   > Processing lecture 4 of 7
[04:51:25] [udemy-downloader] [process_lecture:1598] INFO:       > Lecture doesn't have DRM, attempting to download...
[04:51:25] [udemy-downloader] [process_lecture:1603] INFO:       ====== Selected quality: video 720
[04:51:28] [udemy-downloader] [parse_new:1808] INFO: Processing 0 caption(s)...
[04:51:28] [udemy-downloader] [parse_new:1822] INFO:     > Processing 4 asset(s) for lecture...
[04:51:32] [udemy-downloader] [parse_new:1782] INFO:   > Processing lecture 5 of 7
[04:51:32] [udemy-downloader] [process_lecture:1598] INFO:       > Lecture doesn't have DRM, attempting to download...
[04:51:32] [udemy-downloader] [process_lecture:1603] INFO:       ====== Selected quality: video 720
[04:51:33] [udemy-downloader] [parse_new:1808] INFO: Processing 0 caption(s)...
[04:51:33] [udemy-downloader] [parse_new:1822] INFO:     > Processing 2 asset(s) for lecture...
[04:51:38] [udemy-downloader] [parse_new:1782] INFO:   > Processing lecture 6 of 7
[04:51:38] [udemy-downloader] [process_lecture:1598] INFO:       > Lecture doesn't have DRM, attempting to download...
[04:51:38] [udemy-downloader] [process_lecture:1603] INFO:       ====== Selected quality: video 720
[04:51:39] [udemy-downloader] [parse_new:1808] INFO: Processing 0 caption(s)...
[04:51:39] [udemy-downloader] [parse_new:1822] INFO:     > Processing 2 asset(s) for lecture...
[04:51:44] [udemy-downloader] [parse_new:1782] INFO:   > Processing lecture 7 of 7
[04:51:44] [udemy-downloader] [process_lecture:1598] INFO:       > Lecture doesn't have DRM, attempting to download...
[04:51:44] [udemy-downloader] [process_lecture:1603] INFO:       ====== Selected quality: video 720
[04:51:45] [udemy-downloader] [parse_new:1808] INFO: Processing 0 caption(s)...
[04:51:45] [udemy-downloader] [parse_new:1822] INFO:     > Processing 2 asset(s) for lecture...
{"timestamp":"2026-01-15T09:51:45.961Z","level":"info","category":"download","source":"python_worker","orderId":24,"taskId":34,"message":"Download progress: 70% (Download completed, preparing upload...)","details":{"duration":47,"attempt":1},"progress":70,"currentFile":"Download completed, preparing upload...","stack":null,"metadata":null}
{"timestamp":"2026-01-15T09:51:53.317Z","level":"info","category":"download","source":"python_worker","orderId":24,"taskId":34,"message":"Download progress: 100% (Task completed successfully!)","details":{"duration":54,"folderName":"creative-css-hover-and-animation-effects-in-hindi"},"progress":100,"currentFile":"Task completed successfully!","stack":null,"metadata":null}
