
============================================================
[2026-01-19T10:04:07.093157] Starting download for task 81
Command: /usr/bin/python3 main.py -c https://samsungu.udemy.com/course/huong-dan-chua-e-thi-tieng-nhat-cap-do-n5-jlpt/ -b BXkdOY7L4dK19hrNj1GnplHFHoMbkXpiLlSn9dcU -o Staging_Download/Task_81 -q 720 --download-captions --download-assets --download-quizzes --concurrent-downloads 10 --continue-lecture-numbers
============================================================

============================================================
[LOGGING MODULE] Starting download process
============================================================
[10:04:07] [udemy-downloader] [pre_run:394] INFO: Output directory set to /root/project/server/udemy_dl/Staging_Download/Task_81
[10:04:07] [udemy-downloader] [pre_run:404] WARNING: > Keyfile not found! You won't be able to decrypt any encrypted videos!
[10:04:09] [udemy-downloader] [visit:1203] INFO: Visit request successful
[10:04:09] [udemy-downloader] [main:2044] INFO: > Fetching course information, this may take a minute...
[10:04:10] [udemy-downloader] [_handle_pagination:914] INFO: > Downloading data page 2/2
[10:04:11] [udemy-downloader] [main:2047] INFO: > Course information retrieved!
[10:04:11] [udemy-downloader] [main:2052] INFO: > Fetching course curriculum, this may take a minute...
[10:04:14] [udemy-downloader] [main:2076] INFO: > Course curriculum retrieved!
[10:04:14] [udemy-downloader] [main:2107] INFO: > Processing course data, this may take a minute. 
[10:04:14] [udemy-downloader] [main:2151] INFO: Processing 2 of 33
[10:04:14] [udemy-downloader] [main:2151] INFO: Processing 4 of 33
[10:04:14] [udemy-downloader] [main:2151] INFO: Processing 5 of 33
[10:04:14] [udemy-downloader] [main:2151] INFO: Processing 6 of 33
[10:04:14] [udemy-downloader] [main:2151] INFO: Processing 7 of 33
[10:04:14] [udemy-downloader] [main:2151] INFO: Processing 8 of 33
[10:04:14] [udemy-downloader] [main:2151] INFO: Processing 9 of 33
[10:04:14] [udemy-downloader] [main:2151] INFO: Processing 11 of 33
[10:04:14] [udemy-downloader] [main:2151] INFO: Processing 12 of 33
[10:04:14] [udemy-downloader] [main:2151] INFO: Processing 13 of 33
[10:04:14] [udemy-downloader] [main:2151] INFO: Processing 14 of 33
[10:04:14] [udemy-downloader] [main:2151] INFO: Processing 15 of 33
[10:04:14] [udemy-downloader] [main:2151] INFO: Processing 16 of 33
[10:04:14] [udemy-downloader] [main:2151] INFO: Processing 17 of 33
[10:04:14] [udemy-downloader] [main:2151] INFO: Processing 18 of 33
[10:04:14] [udemy-downloader] [main:2151] INFO: Processing 19 of 33
[10:04:14] [udemy-downloader] [main:2151] INFO: Processing 20 of 33
[10:04:14] [udemy-downloader] [main:2151] INFO: Processing 22 of 33
[10:04:14] [udemy-downloader] [main:2151] INFO: Processing 23 of 33
[10:04:14] [udemy-downloader] [main:2151] INFO: Processing 24 of 33
[10:04:14] [udemy-downloader] [main:2151] INFO: Processing 25 of 33
[10:04:14] [udemy-downloader] [main:2151] INFO: Processing 26 of 33
[10:04:14] [udemy-downloader] [main:2151] INFO: Processing 27 of 33
[10:04:14] [udemy-downloader] [main:2151] INFO: Processing 28 of 33
[10:04:14] [udemy-downloader] [main:2151] INFO: Processing 29 of 33
[10:04:14] [udemy-downloader] [main:2151] INFO: Processing 30 of 33
[10:04:14] [udemy-downloader] [main:2151] INFO: Processing 31 of 33
[10:04:14] [udemy-downloader] [main:2151] INFO: Processing 32 of 33
[10:04:14] [udemy-downloader] [main:2151] INFO: Processing 33 of 33
[10:04:14] [udemy-downloader] [parse_new:1731] INFO: Chapter(s) (4)
[10:04:14] [udemy-downloader] [parse_new:1732] INFO: Lecture(s) (29)
[10:04:14] [udemy-downloader] [parse_new:1754] INFO: ======= Processing chapter 1 of 4 =======
[10:04:19] [udemy-downloader] [parse_new:1782] INFO:   > Processing lecture 1 of 29
[10:04:19] [udemy-downloader] [process_lecture:1598] INFO:       > Lecture doesn't have DRM, attempting to download...
[10:04:19] [udemy-downloader] [process_lecture:1603] INFO:       ====== Selected quality: video 720
[10:04:20] [udemy-downloader] [parse_new:1808] INFO: Processing 0 caption(s)...
[10:04:20] [udemy-downloader] [parse_new:1822] INFO:     > Processing 0 asset(s) for lecture...
[10:04:20] [udemy-downloader] [parse_new:1754] INFO: ======= Processing chapter 2 of 4 =======
[10:04:24] [udemy-downloader] [parse_new:1782] INFO:   > Processing lecture 2 of 29
[10:04:24] [udemy-downloader] [process_lecture:1598] INFO:       > Lecture doesn't have DRM, attempting to download...
[10:04:24] [udemy-downloader] [process_lecture:1603] INFO:       ====== Selected quality: video 720
[10:04:27] [udemy-downloader] [parse_new:1808] INFO: Processing 0 caption(s)...
[10:04:27] [udemy-downloader] [parse_new:1822] INFO:     > Processing 0 asset(s) for lecture...
[10:04:32] [udemy-downloader] [parse_new:1782] INFO:   > Processing lecture 3 of 29
[10:04:32] [udemy-downloader] [process_lecture:1598] INFO:       > Lecture doesn't have DRM, attempting to download...
[10:04:32] [udemy-downloader] [process_lecture:1603] INFO:       ====== Selected quality: video 720
[10:04:37] [udemy-downloader] [parse_new:1808] INFO: Processing 0 caption(s)...
[10:04:37] [udemy-downloader] [parse_new:1822] INFO:     > Processing 0 asset(s) for lecture...
[10:04:43] [udemy-downloader] [parse_new:1782] INFO:   > Processing lecture 4 of 29
[10:04:43] [udemy-downloader] [process_lecture:1598] INFO:       > Lecture doesn't have DRM, attempting to download...
[10:04:43] [udemy-downloader] [process_lecture:1603] INFO:       ====== Selected quality: video 720
[10:04:44] [udemy-downloader] [parse_new:1808] INFO: Processing 0 caption(s)...
[10:04:44] [udemy-downloader] [parse_new:1822] INFO:     > Processing 0 asset(s) for lecture...
[10:04:48] [udemy-downloader] [parse_new:1782] INFO:   > Processing lecture 5 of 29
[10:04:48] [udemy-downloader] [process_lecture:1598] INFO:       > Lecture doesn't have DRM, attempting to download...
[10:04:48] [udemy-downloader] [process_lecture:1603] INFO:       ====== Selected quality: video 720
[10:04:48] [udemy-downloader] [parse_new:1808] INFO: Processing 0 caption(s)...
[10:04:48] [udemy-downloader] [parse_new:1822] INFO:     > Processing 0 asset(s) for lecture...
[10:04:52] [udemy-downloader] [parse_new:1782] INFO:   > Processing lecture 6 of 29
[10:04:52] [udemy-downloader] [process_lecture:1598] INFO:       > Lecture doesn't have DRM, attempting to download...
[10:04:52] [udemy-downloader] [process_lecture:1603] INFO:       ====== Selected quality: video 720
[10:04:52] [udemy-downloader] [parse_new:1808] INFO: Processing 0 caption(s)...
[10:04:52] [udemy-downloader] [parse_new:1822] INFO:     > Processing 0 asset(s) for lecture...
[10:04:56] [udemy-downloader] [parse_new:1782] INFO:   > Processing lecture 7 of 29
[10:04:56] [udemy-downloader] [process_lecture:1598] INFO:       > Lecture doesn't have DRM, attempting to download...
[10:04:56] [udemy-downloader] [process_lecture:1603] INFO:       ====== Selected quality: video 720
[10:04:58] [udemy-downloader] [parse_new:1808] INFO: Processing 0 caption(s)...
[10:04:58] [udemy-downloader] [parse_new:1822] INFO:     > Processing 0 asset(s) for lecture...
[10:04:58] [udemy-downloader] [parse_new:1754] INFO: ======= Processing chapter 3 of 4 =======
[10:05:04] [udemy-downloader] [parse_new:1782] INFO:   > Processing lecture 8 of 29
[10:05:04] [udemy-downloader] [process_lecture:1598] INFO:       > Lecture doesn't have DRM, attempting to download...
[10:05:04] [udemy-downloader] [process_lecture:1603] INFO:       ====== Selected quality: video 720
[10:05:05] [udemy-downloader] [parse_new:1808] INFO: Processing 0 caption(s)...
[10:05:05] [udemy-downloader] [parse_new:1822] INFO:     > Processing 0 asset(s) for lecture...
[10:05:10] [udemy-downloader] [parse_new:1782] INFO:   > Processing lecture 9 of 29
[10:05:10] [udemy-downloader] [process_lecture:1598] INFO:       > Lecture doesn't have DRM, attempting to download...
[10:05:10] [udemy-downloader] [process_lecture:1603] INFO:       ====== Selected quality: video 720
[10:05:12] [udemy-downloader] [parse_new:1808] INFO: Processing 0 caption(s)...
[10:05:12] [udemy-downloader] [parse_new:1822] INFO:     > Processing 0 asset(s) for lecture...
[10:05:16] [udemy-downloader] [parse_new:1782] INFO:   > Processing lecture 10 of 29
[10:05:16] [udemy-downloader] [process_lecture:1598] INFO:       > Lecture doesn't have DRM, attempting to download...
[10:05:16] [udemy-downloader] [process_lecture:1603] INFO:       ====== Selected quality: video 720
[10:05:19] [udemy-downloader] [parse_new:1808] INFO: Processing 0 caption(s)...
[10:05:19] [udemy-downloader] [parse_new:1822] INFO:     > Processing 0 asset(s) for lecture...
[10:05:23] [udemy-downloader] [parse_new:1782] INFO:   > Processing lecture 11 of 29
[10:05:23] [udemy-downloader] [process_lecture:1598] INFO:       > Lecture doesn't have DRM, attempting to download...
[10:05:23] [udemy-downloader] [process_lecture:1603] INFO:       ====== Selected quality: video 720
[10:05:25] [udemy-downloader] [parse_new:1808] INFO: Processing 0 caption(s)...
[10:05:25] [udemy-downloader] [parse_new:1822] INFO:     > Processing 0 asset(s) for lecture...
[10:05:29] [udemy-downloader] [parse_new:1782] INFO:   > Processing lecture 12 of 29
[10:05:29] [udemy-downloader] [process_lecture:1598] INFO:       > Lecture doesn't have DRM, attempting to download...
[10:05:29] [udemy-downloader] [process_lecture:1603] INFO:       ====== Selected quality: video 720
[10:05:30] [udemy-downloader] [parse_new:1808] INFO: Processing 0 caption(s)...
[10:05:30] [udemy-downloader] [parse_new:1822] INFO:     > Processing 0 asset(s) for lecture...
[10:05:33] [udemy-downloader] [parse_new:1782] INFO:   > Processing lecture 13 of 29
[10:05:33] [udemy-downloader] [process_lecture:1598] INFO:       > Lecture doesn't have DRM, attempting to download...
[10:05:33] [udemy-downloader] [process_lecture:1603] INFO:       ====== Selected quality: video 720
[10:05:34] [udemy-downloader] [parse_new:1808] INFO: Processing 0 caption(s)...
[10:05:34] [udemy-downloader] [parse_new:1822] INFO:     > Processing 0 asset(s) for lecture...
[10:05:39] [udemy-downloader] [parse_new:1782] INFO:   > Processing lecture 14 of 29
[10:05:39] [udemy-downloader] [process_lecture:1598] INFO:       > Lecture doesn't have DRM, attempting to download...
[10:05:39] [udemy-downloader] [process_lecture:1603] INFO:       ====== Selected quality: video 720
[10:05:39] [udemy-downloader] [parse_new:1808] INFO: Processing 0 caption(s)...
[10:05:39] [udemy-downloader] [parse_new:1822] INFO:     > Processing 0 asset(s) for lecture...
[10:05:44] [udemy-downloader] [parse_new:1782] INFO:   > Processing lecture 15 of 29
[10:05:44] [udemy-downloader] [process_lecture:1598] INFO:       > Lecture doesn't have DRM, attempting to download...
[10:05:44] [udemy-downloader] [process_lecture:1603] INFO:       ====== Selected quality: video 720
[10:05:44] [udemy-downloader] [parse_new:1808] INFO: Processing 0 caption(s)...
[10:05:44] [udemy-downloader] [parse_new:1822] INFO:     > Processing 0 asset(s) for lecture...
[10:05:49] [udemy-downloader] [parse_new:1782] INFO:   > Processing lecture 16 of 29
[10:05:49] [udemy-downloader] [process_lecture:1598] INFO:       > Lecture doesn't have DRM, attempting to download...
[10:05:49] [udemy-downloader] [process_lecture:1603] INFO:       ====== Selected quality: video 720
[10:05:51] [udemy-downloader] [parse_new:1808] INFO: Processing 0 caption(s)...
[10:05:51] [udemy-downloader] [parse_new:1822] INFO:     > Processing 0 asset(s) for lecture...
[10:05:56] [udemy-downloader] [parse_new:1782] INFO:   > Processing lecture 17 of 29
[10:05:56] [udemy-downloader] [process_lecture:1598] INFO:       > Lecture doesn't have DRM, attempting to download...
[10:05:56] [udemy-downloader] [process_lecture:1603] INFO:       ====== Selected quality: video 720
[10:06:00] [udemy-downloader] [parse_new:1808] INFO: Processing 0 caption(s)...
[10:06:00] [udemy-downloader] [parse_new:1822] INFO:     > Processing 0 asset(s) for lecture...
[10:06:00] [udemy-downloader] [parse_new:1754] INFO: ======= Processing chapter 4 of 4 =======
[10:06:04] [udemy-downloader] [parse_new:1782] INFO:   > Processing lecture 18 of 29
[10:06:04] [udemy-downloader] [process_lecture:1598] INFO:       > Lecture doesn't have DRM, attempting to download...
[10:06:04] [udemy-downloader] [process_lecture:1603] INFO:       ====== Selected quality: video 720
[10:06:05] [udemy-downloader] [parse_new:1808] INFO: Processing 0 caption(s)...
[10:06:05] [udemy-downloader] [parse_new:1822] INFO:     > Processing 0 asset(s) for lecture...
[10:06:12] [udemy-downloader] [parse_new:1782] INFO:   > Processing lecture 19 of 29
[10:06:12] [udemy-downloader] [process_lecture:1598] INFO:       > Lecture doesn't have DRM, attempting to download...
[10:06:12] [udemy-downloader] [process_lecture:1603] INFO:       ====== Selected quality: video 720
[10:06:14] [udemy-downloader] [parse_new:1808] INFO: Processing 0 caption(s)...
[10:06:14] [udemy-downloader] [parse_new:1822] INFO:     > Processing 0 asset(s) for lecture...
[10:06:19] [udemy-downloader] [parse_new:1782] INFO:   > Processing lecture 20 of 29
[10:06:19] [udemy-downloader] [process_lecture:1598] INFO:       > Lecture doesn't have DRM, attempting to download...
[10:06:19] [udemy-downloader] [process_lecture:1603] INFO:       ====== Selected quality: video 720
[10:06:20] [udemy-downloader] [parse_new:1808] INFO: Processing 0 caption(s)...
[10:06:20] [udemy-downloader] [parse_new:1822] INFO:     > Processing 0 asset(s) for lecture...
[10:06:23] [udemy-downloader] [parse_new:1782] INFO:   > Processing lecture 21 of 29
[10:06:23] [udemy-downloader] [process_lecture:1598] INFO:       > Lecture doesn't have DRM, attempting to download...
[10:06:23] [udemy-downloader] [process_lecture:1603] INFO:       ====== Selected quality: video 720
[10:06:23] [udemy-downloader] [parse_new:1808] INFO: Processing 0 caption(s)...
[10:06:23] [udemy-downloader] [parse_new:1822] INFO:     > Processing 0 asset(s) for lecture...
[10:06:28] [udemy-downloader] [parse_new:1782] INFO:   > Processing lecture 22 of 29
[10:06:28] [udemy-downloader] [process_lecture:1598] INFO:       > Lecture doesn't have DRM, attempting to download...
[10:06:28] [udemy-downloader] [process_lecture:1603] INFO:       ====== Selected quality: video 720
[10:06:28] [udemy-downloader] [parse_new:1808] INFO: Processing 0 caption(s)...
[10:06:28] [udemy-downloader] [parse_new:1822] INFO:     > Processing 0 asset(s) for lecture...
[10:06:34] [udemy-downloader] [parse_new:1782] INFO:   > Processing lecture 23 of 29
[10:06:34] [udemy-downloader] [process_lecture:1598] INFO:       > Lecture doesn't have DRM, attempting to download...
[10:06:34] [udemy-downloader] [process_lecture:1603] INFO:       ====== Selected quality: video 720
[10:06:35] [udemy-downloader] [parse_new:1808] INFO: Processing 0 caption(s)...
[10:06:35] [udemy-downloader] [parse_new:1822] INFO:     > Processing 0 asset(s) for lecture...
[10:06:39] [udemy-downloader] [parse_new:1782] INFO:   > Processing lecture 24 of 29
[10:06:39] [udemy-downloader] [process_lecture:1598] INFO:       > Lecture doesn't have DRM, attempting to download...
[10:06:39] [udemy-downloader] [process_lecture:1603] INFO:       ====== Selected quality: video 720
[10:06:41] [udemy-downloader] [parse_new:1808] INFO: Processing 0 caption(s)...
[10:06:41] [udemy-downloader] [parse_new:1822] INFO:     > Processing 0 asset(s) for lecture...
[10:06:45] [udemy-downloader] [parse_new:1782] INFO:   > Processing lecture 25 of 29
[10:06:45] [udemy-downloader] [process_lecture:1598] INFO:       > Lecture doesn't have DRM, attempting to download...
[10:06:45] [udemy-downloader] [process_lecture:1603] INFO:       ====== Selected quality: video 720
[10:06:46] [udemy-downloader] [parse_new:1808] INFO: Processing 0 caption(s)...
[10:06:46] [udemy-downloader] [parse_new:1822] INFO:     > Processing 0 asset(s) for lecture...
[10:06:51] [udemy-downloader] [parse_new:1782] INFO:   > Processing lecture 26 of 29
[10:06:51] [udemy-downloader] [process_lecture:1598] INFO:       > Lecture doesn't have DRM, attempting to download...
[10:06:51] [udemy-downloader] [process_lecture:1603] INFO:       ====== Selected quality: video 720
[10:06:52] [udemy-downloader] [parse_new:1808] INFO: Processing 0 caption(s)...
[10:06:52] [udemy-downloader] [parse_new:1822] INFO:     > Processing 0 asset(s) for lecture...
[10:06:57] [udemy-downloader] [parse_new:1782] INFO:   > Processing lecture 27 of 29
[10:06:57] [udemy-downloader] [process_lecture:1598] INFO:       > Lecture doesn't have DRM, attempting to download...
[10:06:57] [udemy-downloader] [process_lecture:1603] INFO:       ====== Selected quality: video 720
[10:06:58] [udemy-downloader] [parse_new:1808] INFO: Processing 0 caption(s)...
[10:06:58] [udemy-downloader] [parse_new:1822] INFO:     > Processing 0 asset(s) for lecture...
[10:07:03] [udemy-downloader] [parse_new:1782] INFO:   > Processing lecture 28 of 29
[10:07:03] [udemy-downloader] [process_lecture:1598] INFO:       > Lecture doesn't have DRM, attempting to download...
[10:07:03] [udemy-downloader] [process_lecture:1603] INFO:       ====== Selected quality: video 720
[10:07:03] [udemy-downloader] [parse_new:1808] INFO: Processing 0 caption(s)...
[10:07:03] [udemy-downloader] [parse_new:1822] INFO:     > Processing 0 asset(s) for lecture...
[10:07:08] [udemy-downloader] [parse_new:1782] INFO:   > Processing lecture 29 of 29
[10:07:08] [udemy-downloader] [process_lecture:1598] INFO:       > Lecture doesn't have DRM, attempting to download...
[10:07:08] [udemy-downloader] [process_lecture:1603] INFO:       ====== Selected quality: video 720
[10:07:08] [udemy-downloader] [parse_new:1808] INFO: Processing 0 caption(s)...
[10:07:08] [udemy-downloader] [parse_new:1822] INFO:     > Processing 0 asset(s) for lecture...
