{"timestamp":"2026-01-16T17:21:05.355Z","level":"info","category":"download","source":"python_worker","orderId":35,"taskId":56,"message":"Download started","details":{"courseUrl":"https://samsungu.udemy.com/course/machine-learning-for-data-science/"},"progress":null,"currentFile":null,"stack":null,"metadata":null}
{"timestamp":"2026-01-16T17:21:05.368Z","level":"info","category":"download","source":"python_worker","orderId":35,"taskId":56,"message":"Download progress: 30% (Downloading course content...)","details":{"attempt":1},"progress":30,"currentFile":"Downloading course content...","stack":null,"metadata":null}

============================================================
[2026-01-17T00:21:05.373787] Starting download for task 56
Command: /usr/bin/python3 main.py -c https://samsungu.udemy.com/course/machine-learning-for-data-science/ -b BXkdOY7L4dK19hrNj1GnplHFHoMbkXpiLlSn9dcU -o Staging_Download/Task_56 -q 720 --download-captions --download-assets --download-quizzes --concurrent-downloads 10 --continue-lecture-numbers
============================================================

============================================================
[LOGGING MODULE] Starting download process
============================================================
[12:21:05] [udemy-downloader] [pre_run:394] INFO: Output directory set to /root/project/server/udemy_dl/Staging_Download/Task_56
[12:21:05] [udemy-downloader] [pre_run:404] WARNING: > Keyfile not found! You won't be able to decrypt any encrypted videos!
[12:21:06] [udemy-downloader] [visit:1203] INFO: Visit request successful
[12:21:06] [udemy-downloader] [main:2044] INFO: > Fetching course information, this may take a minute...
[12:21:07] [udemy-downloader] [_handle_pagination:914] INFO: > Downloading data page 2/2
[12:21:08] [udemy-downloader] [main:2047] INFO: > Course information retrieved!
[12:21:08] [udemy-downloader] [main:2052] INFO: > Fetching course curriculum, this may take a minute...
[12:21:23] [udemy-downloader] [main:2076] INFO: > Course curriculum retrieved!
[12:21:23] [udemy-downloader] [main:2107] INFO: > Processing course data, this may take a minute. 
[12:21:23] [udemy-downloader] [main:2151] INFO: Processing 2 of 79
[12:21:23] [udemy-downloader] [main:2151] INFO: Processing 3 of 79
[12:21:23] [udemy-downloader] [main:2151] INFO: Processing 4 of 79
[12:21:23] [udemy-downloader] [main:2151] INFO: Processing 5 of 79
[12:21:23] [udemy-downloader] [main:2151] INFO: Processing 6 of 79
[12:21:23] [udemy-downloader] [main:2151] INFO: Processing 7 of 79
[12:21:23] [udemy-downloader] [main:2151] INFO: Processing 8 of 79
[12:21:23] [udemy-downloader] [main:2151] INFO: Processing 10 of 79
[12:21:23] [udemy-downloader] [main:2151] INFO: Processing 11 of 79
[12:21:23] [udemy-downloader] [main:2151] INFO: Processing 12 of 79
[12:21:23] [udemy-downloader] [main:2151] INFO: Processing 13 of 79
[12:21:23] [udemy-downloader] [main:2187] INFO: Processing 14 of 79
[12:21:23] [udemy-downloader] [main:2151] INFO: Processing 15 of 79
[12:21:23] [udemy-downloader] [main:2151] INFO: Processing 16 of 79
[12:21:23] [udemy-downloader] [main:2187] INFO: Processing 17 of 79
[12:21:23] [udemy-downloader] [main:2151] INFO: Processing 18 of 79
[12:21:23] [udemy-downloader] [main:2151] INFO: Processing 19 of 79
[12:21:23] [udemy-downloader] [main:2151] INFO: Processing 20 of 79
[12:21:23] [udemy-downloader] [main:2151] INFO: Processing 21 of 79
[12:21:23] [udemy-downloader] [main:2151] INFO: Processing 22 of 79
[12:21:23] [udemy-downloader] [main:2151] INFO: Processing 24 of 79
[12:21:23] [udemy-downloader] [main:2151] INFO: Processing 25 of 79
[12:21:23] [udemy-downloader] [main:2151] INFO: Processing 26 of 79
[12:21:23] [udemy-downloader] [main:2151] INFO: Processing 27 of 79
[12:21:23] [udemy-downloader] [main:2151] INFO: Processing 28 of 79
[12:21:23] [udemy-downloader] [main:2151] INFO: Processing 30 of 79
[12:21:23] [udemy-downloader] [main:2151] INFO: Processing 31 of 79
[12:21:23] [udemy-downloader] [main:2151] INFO: Processing 32 of 79
[12:21:23] [udemy-downloader] [main:2151] INFO: Processing 33 of 79
[12:21:23] [udemy-downloader] [main:2151] INFO: Processing 34 of 79
[12:21:23] [udemy-downloader] [main:2151] INFO: Processing 35 of 79
[12:21:23] [udemy-downloader] [main:2151] INFO: Processing 36 of 79
[12:21:23] [udemy-downloader] [main:2187] INFO: Processing 37 of 79
[12:21:23] [udemy-downloader] [main:2151] INFO: Processing 39 of 79
[12:21:23] [udemy-downloader] [main:2151] INFO: Processing 40 of 79
[12:21:23] [udemy-downloader] [main:2151] INFO: Processing 41 of 79
[12:21:23] [udemy-downloader] [main:2151] INFO: Processing 42 of 79
[12:21:23] [udemy-downloader] [main:2151] INFO: Processing 43 of 79
[12:21:23] [udemy-downloader] [main:2151] INFO: Processing 44 of 79
[12:21:23] [udemy-downloader] [main:2151] INFO: Processing 45 of 79
[12:21:23] [udemy-downloader] [main:2151] INFO: Processing 46 of 79
[12:21:23] [udemy-downloader] [main:2151] INFO: Processing 47 of 79
[12:21:23] [udemy-downloader] [main:2151] INFO: Processing 49 of 79
[12:21:23] [udemy-downloader] [main:2151] INFO: Processing 51 of 79
[12:21:23] [udemy-downloader] [main:2151] INFO: Processing 52 of 79
[12:21:23] [udemy-downloader] [main:2151] INFO: Processing 53 of 79
[12:21:23] [udemy-downloader] [main:2151] INFO: Processing 55 of 79
[12:21:23] [udemy-downloader] [main:2151] INFO: Processing 56 of 79
[12:21:23] [udemy-downloader] [main:2151] INFO: Processing 57 of 79
[12:21:23] [udemy-downloader] [main:2151] INFO: Processing 58 of 79
[12:21:23] [udemy-downloader] [main:2151] INFO: Processing 60 of 79
[12:21:23] [udemy-downloader] [main:2151] INFO: Processing 62 of 79
[12:21:23] [udemy-downloader] [main:2151] INFO: Processing 63 of 79
[12:21:23] [udemy-downloader] [main:2151] INFO: Processing 64 of 79
[12:21:23] [udemy-downloader] [main:2151] INFO: Processing 66 of 79
[12:21:23] [udemy-downloader] [main:2151] INFO: Processing 67 of 79
[12:21:23] [udemy-downloader] [main:2151] INFO: Processing 68 of 79
[12:21:23] [udemy-downloader] [main:2151] INFO: Processing 70 of 79
[12:21:23] [udemy-downloader] [main:2151] INFO: Processing 71 of 79
[12:21:23] [udemy-downloader] [main:2151] INFO: Processing 72 of 79
[12:21:23] [udemy-downloader] [main:2151] INFO: Processing 73 of 79
[12:21:23] [udemy-downloader] [main:2151] INFO: Processing 74 of 79
[12:21:23] [udemy-downloader] [main:2151] INFO: Processing 75 of 79
[12:21:23] [udemy-downloader] [main:2151] INFO: Processing 77 of 79
[12:21:23] [udemy-downloader] [main:2151] INFO: Processing 79 of 79
[12:21:23] [udemy-downloader] [parse_new:1731] INFO: Chapter(s) (14)
[12:21:23] [udemy-downloader] [parse_new:1732] INFO: Lecture(s) (65)
[12:21:23] [udemy-downloader] [parse_new:1754] INFO: ======= Processing chapter 1 of 14 =======
[12:21:27] [udemy-downloader] [parse_new:1782] INFO:   > Processing lecture 1 of 65
[12:21:27] [udemy-downloader] [process_lecture:1598] INFO:       > Lecture doesn't have DRM, attempting to download...
[12:21:27] [udemy-downloader] [process_lecture:1603] INFO:       ====== Selected quality: video 720
[12:21:29] [udemy-downloader] [parse_new:1808] INFO: Processing 10 caption(s)...
[12:21:29] [udemy-downloader] [process_caption:1546] INFO:     >  Downloading caption: '001 Course Promotion Video_en.vtt'
[12:21:29] [udemy-downloader] [process_caption:1559] INFO:     > Converting caption to SRT format...
[12:21:29] [udemy-downloader] [process_caption:1561] INFO:     > Caption conversion complete.
[12:21:29] [udemy-downloader] [parse_new:1822] INFO:     > Processing 0 asset(s) for lecture...
[12:21:33] [udemy-downloader] [parse_new:1782] INFO:   > Processing lecture 2 of 65
[12:21:33] [udemy-downloader] [process_lecture:1598] INFO:       > Lecture doesn't have DRM, attempting to download...
[12:21:33] [udemy-downloader] [process_lecture:1603] INFO:       ====== Selected quality: video 720
[12:21:34] [udemy-downloader] [parse_new:1808] INFO: Processing 10 caption(s)...
[12:21:34] [udemy-downloader] [process_caption:1546] INFO:     >  Downloading caption: '002 A special message for hard of hearing and ESL students_en.vtt'
[12:21:34] [udemy-downloader] [process_caption:1559] INFO:     > Converting caption to SRT format...
[12:21:34] [udemy-downloader] [process_caption:1561] INFO:     > Caption conversion complete.
[12:21:34] [udemy-downloader] [parse_new:1822] INFO:     > Processing 0 asset(s) for lecture...
[12:21:37] [udemy-downloader] [parse_new:1782] INFO:   > Processing lecture 3 of 65
[12:21:37] [udemy-downloader] [process_lecture:1598] INFO:       > Lecture doesn't have DRM, attempting to download...
[12:21:37] [udemy-downloader] [process_lecture:1603] INFO:       ====== Selected quality: video 720
[12:21:38] [udemy-downloader] [parse_new:1808] INFO: Processing 10 caption(s)...
[12:21:38] [udemy-downloader] [process_caption:1546] INFO:     >  Downloading caption: '003 Thank you for investing in this Course!_en.vtt'
[12:21:38] [udemy-downloader] [process_caption:1559] INFO:     > Converting caption to SRT format...
[12:21:38] [udemy-downloader] [process_caption:1561] INFO:     > Caption conversion complete.
[12:21:38] [udemy-downloader] [parse_new:1822] INFO:     > Processing 0 asset(s) for lecture...
[12:21:41] [udemy-downloader] [parse_new:1782] INFO:   > Processing lecture 4 of 65
[12:21:41] [udemy-downloader] [process_lecture:1598] INFO:       > Lecture doesn't have DRM, attempting to download...
[12:21:41] [udemy-downloader] [process_lecture:1603] INFO:       ====== Selected quality: video 720
[12:21:43] [udemy-downloader] [parse_new:1808] INFO: Processing 10 caption(s)...
[12:21:43] [udemy-downloader] [process_caption:1546] INFO:     >  Downloading caption: '004 Course Overview_en.vtt'
[12:21:44] [udemy-downloader] [process_caption:1559] INFO:     > Converting caption to SRT format...
[12:21:44] [udemy-downloader] [process_caption:1561] INFO:     > Caption conversion complete.
[12:21:44] [udemy-downloader] [parse_new:1822] INFO:     > Processing 1 asset(s) for lecture...
[12:21:48] [udemy-downloader] [parse_new:1782] INFO:   > Processing lecture 5 of 65
[12:21:48] [udemy-downloader] [process_lecture:1598] INFO:       > Lecture doesn't have DRM, attempting to download...
[12:21:48] [udemy-downloader] [process_lecture:1603] INFO:       ====== Selected quality: video 720
[12:21:50] [udemy-downloader] [parse_new:1808] INFO: Processing 10 caption(s)...
[12:21:50] [udemy-downloader] [process_caption:1546] INFO:     >  Downloading caption: '005 Secret sauce inside! How to get the most out of this course_en.vtt'
[12:21:50] [udemy-downloader] [process_caption:1559] INFO:     > Converting caption to SRT format...
[12:21:50] [udemy-downloader] [process_caption:1561] INFO:     > Caption conversion complete.
[12:21:50] [udemy-downloader] [parse_new:1822] INFO:     > Processing 0 asset(s) for lecture...
[12:21:54] [udemy-downloader] [parse_new:1782] INFO:   > Processing lecture 6 of 65
[12:21:54] [udemy-downloader] [process_lecture:1598] INFO:       > Lecture doesn't have DRM, attempting to download...
[12:21:54] [udemy-downloader] [process_lecture:1603] INFO:       ====== Selected quality: video 720
[12:21:57] [udemy-downloader] [parse_new:1808] INFO: Processing 10 caption(s)...
[12:21:57] [udemy-downloader] [process_caption:1546] INFO:     >  Downloading caption: '006 Course Links Reference Guide and Lecture Resources_en.vtt'
[12:21:57] [udemy-downloader] [process_caption:1559] INFO:     > Converting caption to SRT format...
[12:21:57] [udemy-downloader] [process_caption:1561] INFO:     > Caption conversion complete.
[12:21:57] [udemy-downloader] [parse_new:1822] INFO:     > Processing 2 asset(s) for lecture...
[12:22:04] [udemy-downloader] [parse_new:1782] INFO:   > Processing lecture 7 of 65
[12:22:04] [udemy-downloader] [process_lecture:1598] INFO:       > Lecture doesn't have DRM, attempting to download...
[12:22:04] [udemy-downloader] [process_lecture:1603] INFO:       ====== Selected quality: video 720
[12:22:06] [udemy-downloader] [parse_new:1808] INFO: Processing 10 caption(s)...
[12:22:06] [udemy-downloader] [process_caption:1546] INFO:     >  Downloading caption: '007 Course Survey_en.vtt'
[12:22:07] [udemy-downloader] [process_caption:1559] INFO:     > Converting caption to SRT format...
[12:22:07] [udemy-downloader] [process_caption:1561] INFO:     > Caption conversion complete.
[12:22:07] [udemy-downloader] [parse_new:1822] INFO:     > Processing 1 asset(s) for lecture...
[12:22:07] [udemy-downloader] [parse_new:1754] INFO: ======= Processing chapter 2 of 14 =======
[12:22:10] [udemy-downloader] [parse_new:1782] INFO:   > Processing lecture 8 of 65
[12:22:10] [udemy-downloader] [process_lecture:1598] INFO:       > Lecture doesn't have DRM, attempting to download...
[12:22:10] [udemy-downloader] [process_lecture:1603] INFO:       ====== Selected quality: video 720
[12:22:17] [udemy-downloader] [parse_new:1808] INFO: Processing 10 caption(s)...
[12:22:17] [udemy-downloader] [process_caption:1546] INFO:     >  Downloading caption: '008 Core Concepts Overview_en.vtt'
[12:22:17] [udemy-downloader] [process_caption:1559] INFO:     > Converting caption to SRT format...
[12:22:17] [udemy-downloader] [process_caption:1561] INFO:     > Caption conversion complete.
[12:22:17] [udemy-downloader] [parse_new:1822] INFO:     > Processing 1 asset(s) for lecture...
[12:22:20] [udemy-downloader] [parse_new:1782] INFO:   > Processing lecture 9 of 65
[12:22:20] [udemy-downloader] [process_lecture:1598] INFO:       > Lecture doesn't have DRM, attempting to download...
[12:22:20] [udemy-downloader] [process_lecture:1603] INFO:       ====== Selected quality: video 720
[12:22:21] [udemy-downloader] [parse_new:1808] INFO: Processing 10 caption(s)...
[12:22:21] [udemy-downloader] [process_caption:1546] INFO:     >  Downloading caption: '009 Computer Science - the `Train Wreck' Definition_en.vtt'
[12:22:21] [udemy-downloader] [process_caption:1559] INFO:     > Converting caption to SRT format...
[12:22:21] [udemy-downloader] [process_caption:1561] INFO:     > Caption conversion complete.
[12:22:21] [udemy-downloader] [parse_new:1822] INFO:     > Processing 1 asset(s) for lecture...
[12:22:26] [udemy-downloader] [parse_new:1782] INFO:   > Processing lecture 10 of 65
[12:22:26] [udemy-downloader] [process_lecture:1598] INFO:       > Lecture doesn't have DRM, attempting to download...
[12:22:26] [udemy-downloader] [process_lecture:1603] INFO:       ====== Selected quality: video 720
[12:22:27] [udemy-downloader] [parse_new:1808] INFO: Processing 10 caption(s)...
[12:22:27] [udemy-downloader] [process_caption:1546] INFO:     >  Downloading caption: '010 What's Data  I can see data everywhere!_en.vtt'
[12:22:28] [udemy-downloader] [process_caption:1559] INFO:     > Converting caption to SRT format...
[12:22:28] [udemy-downloader] [process_caption:1561] INFO:     > Caption conversion complete.
[12:22:28] [udemy-downloader] [parse_new:1822] INFO:     > Processing 2 asset(s) for lecture...
[12:22:31] [udemy-downloader] [parse_new:1782] INFO:   > Processing lecture 11 of 65
[12:22:31] [udemy-downloader] [process_lecture:1598] INFO:       > Lecture doesn't have DRM, attempting to download...
[12:22:31] [udemy-downloader] [process_lecture:1603] INFO:       ====== Selected quality: video 720
[12:22:32] [udemy-downloader] [parse_new:1808] INFO: Processing 10 caption(s)...
[12:22:32] [udemy-downloader] [process_caption:1546] INFO:     >  Downloading caption: '011 Structured vs Unstructured Data_en.vtt'
[12:22:33] [udemy-downloader] [process_caption:1559] INFO:     > Converting caption to SRT format...
[12:22:33] [udemy-downloader] [process_caption:1561] INFO:     > Caption conversion complete.
[12:22:33] [udemy-downloader] [parse_new:1822] INFO:     > Processing 0 asset(s) for lecture...
[12:22:33] [udemy-downloader] [process_normal_quiz:1687] INFO:   > Processing quiz 1
[12:22:39] [udemy-downloader] [parse_new:1782] INFO:   > Processing lecture 13 of 65
[12:22:39] [udemy-downloader] [process_lecture:1598] INFO:       > Lecture doesn't have DRM, attempting to download...
[12:22:39] [udemy-downloader] [process_lecture:1603] INFO:       ====== Selected quality: video 720
[12:22:41] [udemy-downloader] [parse_new:1808] INFO: Processing 10 caption(s)...
[12:22:41] [udemy-downloader] [process_caption:1546] INFO:     >  Downloading caption: '013 Computer Science - Definition Revisited &  The Greatest lie ever SOLD_en.vtt'
[12:22:41] [udemy-downloader] [process_caption:1559] INFO:     > Converting caption to SRT format...
[12:22:41] [udemy-downloader] [process_caption:1561] INFO:     > Caption conversion complete.
[12:22:41] [udemy-downloader] [parse_new:1822] INFO:     > Processing 1 asset(s) for lecture...
[12:22:45] [udemy-downloader] [parse_new:1782] INFO:   > Processing lecture 14 of 65
[12:22:45] [udemy-downloader] [process_lecture:1598] INFO:       > Lecture doesn't have DRM, attempting to download...
[12:22:45] [udemy-downloader] [process_lecture:1603] INFO:       ====== Selected quality: video 720
[12:22:46] [udemy-downloader] [parse_new:1808] INFO: Processing 10 caption(s)...
[12:22:46] [udemy-downloader] [process_caption:1546] INFO:     >  Downloading caption: '014 What's big data_en.vtt'
[12:22:47] [udemy-downloader] [process_caption:1559] INFO:     > Converting caption to SRT format...
[12:22:47] [udemy-downloader] [process_caption:1561] INFO:     > Caption conversion complete.
[12:22:47] [udemy-downloader] [parse_new:1822] INFO:     > Processing 2 asset(s) for lecture...
[12:22:47] [udemy-downloader] [process_normal_quiz:1687] INFO:   > Processing quiz 2
[12:22:51] [udemy-downloader] [parse_new:1782] INFO:   > Processing lecture 16 of 65
[12:22:51] [udemy-downloader] [process_lecture:1598] INFO:       > Lecture doesn't have DRM, attempting to download...
[12:22:51] [udemy-downloader] [process_lecture:1603] INFO:       ====== Selected quality: video 720
[12:22:53] [udemy-downloader] [parse_new:1808] INFO: Processing 10 caption(s)...
[12:22:53] [udemy-downloader] [process_caption:1546] INFO:     >  Downloading caption: '016 What is Artificial Intelligence (AI)_en.vtt'
[12:22:54] [udemy-downloader] [process_caption:1559] INFO:     > Converting caption to SRT format...
[12:22:54] [udemy-downloader] [process_caption:1561] INFO:     > Caption conversion complete.
[12:22:54] [udemy-downloader] [parse_new:1822] INFO:     > Processing 5 asset(s) for lecture...
[12:22:58] [udemy-downloader] [parse_new:1782] INFO:   > Processing lecture 17 of 65
[12:22:58] [udemy-downloader] [process_lecture:1598] INFO:       > Lecture doesn't have DRM, attempting to download...
[12:22:58] [udemy-downloader] [process_lecture:1603] INFO:       ====== Selected quality: video 720
[12:23:02] [udemy-downloader] [parse_new:1808] INFO: Processing 10 caption(s)...
[12:23:02] [udemy-downloader] [process_caption:1546] INFO:     >  Downloading caption: '017 What is Machine Learning - Part 1 - The ideas_en.vtt'
[12:23:02] [udemy-downloader] [process_caption:1559] INFO:     > Converting caption to SRT format...
[12:23:02] [udemy-downloader] [process_caption:1561] INFO:     > Caption conversion complete.
[12:23:02] [udemy-downloader] [parse_new:1822] INFO:     > Processing 6 asset(s) for lecture...
[12:23:07] [udemy-downloader] [parse_new:1782] INFO:   > Processing lecture 18 of 65
[12:23:07] [udemy-downloader] [process_lecture:1598] INFO:       > Lecture doesn't have DRM, attempting to download...
[12:23:07] [udemy-downloader] [process_lecture:1603] INFO:       ====== Selected quality: video 720
[12:23:09] [udemy-downloader] [parse_new:1808] INFO: Processing 10 caption(s)...
[12:23:09] [udemy-downloader] [process_caption:1546] INFO:     >  Downloading caption: '018 What is Machine Learning - Part 2 - An Example_en.vtt'
[12:23:09] [udemy-downloader] [process_caption:1559] INFO:     > Converting caption to SRT format...
[12:23:09] [udemy-downloader] [process_caption:1561] INFO:     > Caption conversion complete.
[12:23:09] [udemy-downloader] [parse_new:1822] INFO:     > Processing 0 asset(s) for lecture...
[12:23:14] [udemy-downloader] [parse_new:1782] INFO:   > Processing lecture 19 of 65
[12:23:14] [udemy-downloader] [process_lecture:1598] INFO:       > Lecture doesn't have DRM, attempting to download...
[12:23:14] [udemy-downloader] [process_lecture:1603] INFO:       ====== Selected quality: video 720
[12:23:16] [udemy-downloader] [parse_new:1808] INFO: Processing 10 caption(s)...
[12:23:16] [udemy-downloader] [process_caption:1546] INFO:     >  Downloading caption: '019 What is data science_en.vtt'
[12:23:16] [udemy-downloader] [process_caption:1559] INFO:     > Converting caption to SRT format...
[12:23:16] [udemy-downloader] [process_caption:1561] INFO:     > Caption conversion complete.
[12:23:16] [udemy-downloader] [parse_new:1822] INFO:     > Processing 3 asset(s) for lecture...
[12:23:21] [udemy-downloader] [parse_new:1782] INFO:   > Processing lecture 20 of 65
[12:23:21] [udemy-downloader] [process_lecture:1598] INFO:       > Lecture doesn't have DRM, attempting to download...
[12:23:21] [udemy-downloader] [process_lecture:1603] INFO:       ====== Selected quality: video 720
[12:23:22] [udemy-downloader] [parse_new:1808] INFO: Processing 10 caption(s)...
[12:23:22] [udemy-downloader] [process_caption:1546] INFO:     >  Downloading caption: '020 Recap & How do these relate to each other_en.vtt'
[12:23:22] [udemy-downloader] [process_caption:1559] INFO:     > Converting caption to SRT format...
[12:23:22] [udemy-downloader] [process_caption:1561] INFO:     > Caption conversion complete.
[12:23:22] [udemy-downloader] [parse_new:1822] INFO:     > Processing 1 asset(s) for lecture...
[12:23:23] [udemy-downloader] [parse_new:1754] INFO: ======= Processing chapter 3 of 14 =======
[12:23:27] [udemy-downloader] [parse_new:1782] INFO:   > Processing lecture 21 of 65
[12:23:27] [udemy-downloader] [process_lecture:1598] INFO:       > Lecture doesn't have DRM, attempting to download...
[12:23:27] [udemy-downloader] [process_lecture:1603] INFO:       ====== Selected quality: video 720
[12:23:28] [udemy-downloader] [parse_new:1808] INFO: Processing 10 caption(s)...
[12:23:28] [udemy-downloader] [process_caption:1546] INFO:     >  Downloading caption: '021 Impacts, Importance and examples - Overview_en.vtt'
[12:23:28] [udemy-downloader] [process_caption:1559] INFO:     > Converting caption to SRT format...
[12:23:28] [udemy-downloader] [process_caption:1561] INFO:     > Caption conversion complete.
[12:23:28] [udemy-downloader] [parse_new:1822] INFO:     > Processing 0 asset(s) for lecture...
[12:23:33] [udemy-downloader] [parse_new:1782] INFO:   > Processing lecture 22 of 65
[12:23:33] [udemy-downloader] [process_lecture:1598] INFO:       > Lecture doesn't have DRM, attempting to download...
[12:23:33] [udemy-downloader] [process_lecture:1603] INFO:       ====== Selected quality: video 720
[12:23:35] [udemy-downloader] [parse_new:1808] INFO: Processing 10 caption(s)...
[12:23:35] [udemy-downloader] [process_caption:1546] INFO:     >  Downloading caption: '022 Why is this important now_en.vtt'
[12:23:35] [udemy-downloader] [process_caption:1559] INFO:     > Converting caption to SRT format...
[12:23:35] [udemy-downloader] [process_caption:1561] INFO:     > Caption conversion complete.
[12:23:35] [udemy-downloader] [parse_new:1822] INFO:     > Processing 6 asset(s) for lecture...
[12:23:42] [udemy-downloader] [parse_new:1782] INFO:   > Processing lecture 23 of 65
[12:23:42] [udemy-downloader] [process_lecture:1598] INFO:       > Lecture doesn't have DRM, attempting to download...
[12:23:42] [udemy-downloader] [process_lecture:1603] INFO:       ====== Selected quality: video 720
[12:23:45] [udemy-downloader] [parse_new:1808] INFO: Processing 10 caption(s)...
[12:23:45] [udemy-downloader] [process_caption:1546] INFO:     >  Downloading caption: '023 Computers exploding! - The explosive growth of computer power explained_en.vtt'
[12:23:46] [udemy-downloader] [process_caption:1559] INFO:     > Converting caption to SRT format...
[12:23:46] [udemy-downloader] [process_caption:1561] INFO:     > Caption conversion complete.
[12:23:46] [udemy-downloader] [parse_new:1822] INFO:     > Processing 6 asset(s) for lecture...
[12:23:49] [udemy-downloader] [parse_new:1782] INFO:   > Processing lecture 24 of 65
[12:23:49] [udemy-downloader] [process_lecture:1598] INFO:       > Lecture doesn't have DRM, attempting to download...
[12:23:49] [udemy-downloader] [process_lecture:1603] INFO:       ====== Selected quality: video 720
[12:23:51] [udemy-downloader] [parse_new:1808] INFO: Processing 10 caption(s)...
[12:23:51] [udemy-downloader] [process_caption:1546] INFO:     >  Downloading caption: '024 What problems does Machine Learning Solve_en.vtt'
[12:23:51] [udemy-downloader] [process_caption:1559] INFO:     > Converting caption to SRT format...
[12:23:51] [udemy-downloader] [process_caption:1561] INFO:     > Caption conversion complete.
[12:23:51] [udemy-downloader] [parse_new:1822] INFO:     > Processing 1 asset(s) for lecture...
[12:23:55] [udemy-downloader] [parse_new:1782] INFO:   > Processing lecture 25 of 65
[12:23:55] [udemy-downloader] [process_lecture:1598] INFO:       > Lecture doesn't have DRM, attempting to download...
[12:23:55] [udemy-downloader] [process_lecture:1603] INFO:       ====== Selected quality: video 720
[12:23:57] [udemy-downloader] [parse_new:1808] INFO: Processing 10 caption(s)...
[12:23:57] [udemy-downloader] [process_caption:1546] INFO:     >  Downloading caption: '025 Where it's transforming our lives_en.vtt'
[12:23:57] [udemy-downloader] [process_caption:1559] INFO:     > Converting caption to SRT format...
[12:23:57] [udemy-downloader] [process_caption:1561] INFO:     > Caption conversion complete.
[12:23:57] [udemy-downloader] [parse_new:1822] INFO:     > Processing 4 asset(s) for lecture...
[12:23:57] [udemy-downloader] [parse_new:1754] INFO: ======= Processing chapter 4 of 14 =======
[12:24:00] [udemy-downloader] [parse_new:1782] INFO:   > Processing lecture 26 of 65
[12:24:00] [udemy-downloader] [process_lecture:1598] INFO:       > Lecture doesn't have DRM, attempting to download...
[12:24:00] [udemy-downloader] [process_lecture:1603] INFO:       ====== Selected quality: video 720
[12:24:02] [udemy-downloader] [parse_new:1808] INFO: Processing 10 caption(s)...
[12:24:02] [udemy-downloader] [process_caption:1546] INFO:     >  Downloading caption: '026 The Machine Learning Process - Overview_en.vtt'
[12:24:02] [udemy-downloader] [process_caption:1559] INFO:     > Converting caption to SRT format...
[12:24:02] [udemy-downloader] [process_caption:1561] INFO:     > Caption conversion complete.
[12:24:02] [udemy-downloader] [parse_new:1822] INFO:     > Processing 0 asset(s) for lecture...
[12:24:06] [udemy-downloader] [parse_new:1782] INFO:   > Processing lecture 27 of 65
[12:24:06] [udemy-downloader] [process_lecture:1598] INFO:       > Lecture doesn't have DRM, attempting to download...
[12:24:06] [udemy-downloader] [process_lecture:1603] INFO:       ====== Selected quality: video 720
[12:24:06] [udemy-downloader] [parse_new:1808] INFO: Processing 10 caption(s)...
[12:24:06] [udemy-downloader] [process_caption:1546] INFO:     >  Downloading caption: '027 5 Step Machine Learning Process Overview_en.vtt'
[12:24:07] [udemy-downloader] [process_caption:1559] INFO:     > Converting caption to SRT format...
[12:24:07] [udemy-downloader] [process_caption:1561] INFO:     > Caption conversion complete.
[12:24:07] [udemy-downloader] [parse_new:1822] INFO:     > Processing 0 asset(s) for lecture...
[12:24:10] [udemy-downloader] [parse_new:1782] INFO:   > Processing lecture 28 of 65
[12:24:10] [udemy-downloader] [process_lecture:1598] INFO:       > Lecture doesn't have DRM, attempting to download...
[12:24:10] [udemy-downloader] [process_lecture:1603] INFO:       ====== Selected quality: video 720
[12:24:11] [udemy-downloader] [parse_new:1808] INFO: Processing 10 caption(s)...
[12:24:11] [udemy-downloader] [process_caption:1546] INFO:     >  Downloading caption: '028 1 - Asking the right question_en.vtt'
[12:24:11] [udemy-downloader] [process_caption:1559] INFO:     > Converting caption to SRT format...
[12:24:11] [udemy-downloader] [process_caption:1561] INFO:     > Caption conversion complete.
[12:24:11] [udemy-downloader] [parse_new:1822] INFO:     > Processing 0 asset(s) for lecture...
[12:24:15] [udemy-downloader] [parse_new:1782] INFO:   > Processing lecture 29 of 65
[12:24:15] [udemy-downloader] [process_lecture:1598] INFO:       > Lecture doesn't have DRM, attempting to download...
[12:24:15] [udemy-downloader] [process_lecture:1603] INFO:       ====== Selected quality: video 720
[12:24:17] [udemy-downloader] [parse_new:1808] INFO: Processing 10 caption(s)...
[12:24:17] [udemy-downloader] [process_caption:1546] INFO:     >  Downloading caption: '029 2 - Identifying, obtaining, and preparing the right data_en.vtt'
[12:24:18] [udemy-downloader] [process_caption:1559] INFO:     > Converting caption to SRT format...
[12:24:18] [udemy-downloader] [process_caption:1561] INFO:     > Caption conversion complete.
[12:24:18] [udemy-downloader] [parse_new:1822] INFO:     > Processing 6 asset(s) for lecture...
[12:24:22] [udemy-downloader] [parse_new:1782] INFO:   > Processing lecture 30 of 65
[12:24:22] [udemy-downloader] [process_lecture:1598] INFO:       > Lecture doesn't have DRM, attempting to download...
[12:24:22] [udemy-downloader] [process_lecture:1603] INFO:       ====== Selected quality: video 720
[12:24:24] [udemy-downloader] [parse_new:1808] INFO: Processing 10 caption(s)...
[12:24:24] [udemy-downloader] [process_caption:1546] INFO:     >  Downloading caption: '030 3 - Identifying and applying a ML Algorithm_en.vtt'
[12:24:25] [udemy-downloader] [process_caption:1559] INFO:     > Converting caption to SRT format...
[12:24:25] [udemy-downloader] [process_caption:1561] INFO:     > Caption conversion complete.
[12:24:25] [udemy-downloader] [parse_new:1822] INFO:     > Processing 0 asset(s) for lecture...
[12:24:29] [udemy-downloader] [parse_new:1782] INFO:   > Processing lecture 31 of 65
[12:24:29] [udemy-downloader] [process_lecture:1598] INFO:       > Lecture doesn't have DRM, attempting to download...
[12:24:29] [udemy-downloader] [process_lecture:1603] INFO:       ====== Selected quality: video 720
[12:24:30] [udemy-downloader] [parse_new:1808] INFO: Processing 10 caption(s)...
[12:24:30] [udemy-downloader] [process_caption:1546] INFO:     >  Downloading caption: '031 4 - Evaluating the performance of the model and adjusting_en.vtt'
[12:24:30] [udemy-downloader] [process_caption:1559] INFO:     > Converting caption to SRT format...
[12:24:30] [udemy-downloader] [process_caption:1561] INFO:     > Caption conversion complete.
[12:24:30] [udemy-downloader] [parse_new:1822] INFO:     > Processing 0 asset(s) for lecture...
[12:24:34] [udemy-downloader] [parse_new:1782] INFO:   > Processing lecture 32 of 65
[12:24:34] [udemy-downloader] [process_lecture:1598] INFO:       > Lecture doesn't have DRM, attempting to download...
[12:24:34] [udemy-downloader] [process_lecture:1603] INFO:       ====== Selected quality: video 720
[12:24:35] [udemy-downloader] [parse_new:1808] INFO: Processing 10 caption(s)...
[12:24:35] [udemy-downloader] [process_caption:1546] INFO:     >  Downloading caption: '032 5 - Using and presenting the model_en.vtt'
[12:24:35] [udemy-downloader] [process_caption:1559] INFO:     > Converting caption to SRT format...
[12:24:35] [udemy-downloader] [process_caption:1561] INFO:     > Caption conversion complete.
[12:24:35] [udemy-downloader] [parse_new:1822] INFO:     > Processing 0 asset(s) for lecture...
[12:24:36] [udemy-downloader] [process_normal_quiz:1687] INFO:   > Processing quiz 3
[12:24:36] [udemy-downloader] [parse_new:1754] INFO: ======= Processing chapter 5 of 14 =======
[12:24:39] [udemy-downloader] [parse_new:1782] INFO:   > Processing lecture 34 of 65
[12:24:39] [udemy-downloader] [process_lecture:1598] INFO:       > Lecture doesn't have DRM, attempting to download...
[12:24:39] [udemy-downloader] [process_lecture:1603] INFO:       ====== Selected quality: video 720
[12:24:40] [udemy-downloader] [parse_new:1808] INFO: Processing 10 caption(s)...
[12:24:40] [udemy-downloader] [process_caption:1546] INFO:     >  Downloading caption: '034 How to apply Machine Learning for  Data Science - Overview_en.vtt'
[12:24:41] [udemy-downloader] [process_caption:1559] INFO:     > Converting caption to SRT format...
[12:24:41] [udemy-downloader] [process_caption:1561] INFO:     > Caption conversion complete.
[12:24:41] [udemy-downloader] [parse_new:1822] INFO:     > Processing 0 asset(s) for lecture...
[12:24:45] [udemy-downloader] [parse_new:1782] INFO:   > Processing lecture 35 of 65
[12:24:45] [udemy-downloader] [process_lecture:1598] INFO:       > Lecture doesn't have DRM, attempting to download...
[12:24:45] [udemy-downloader] [process_lecture:1603] INFO:       ====== Selected quality: video 720
[12:24:45] [udemy-downloader] [parse_new:1808] INFO: Processing 10 caption(s)...
[12:24:45] [udemy-downloader] [process_caption:1546] INFO:     >  Downloading caption: '035 Where to begin your journey_en.vtt'
[12:24:46] [udemy-downloader] [process_caption:1559] INFO:     > Converting caption to SRT format...
[12:24:46] [udemy-downloader] [process_caption:1561] INFO:     > Caption conversion complete.
[12:24:46] [udemy-downloader] [parse_new:1822] INFO:     > Processing 0 asset(s) for lecture...
[12:24:49] [udemy-downloader] [parse_new:1782] INFO:   > Processing lecture 36 of 65
[12:24:49] [udemy-downloader] [process_lecture:1598] INFO:       > Lecture doesn't have DRM, attempting to download...
[12:24:49] [udemy-downloader] [process_lecture:1603] INFO:       ====== Selected quality: video 720
[12:24:50] [udemy-downloader] [parse_new:1808] INFO: Processing 10 caption(s)...
[12:24:50] [udemy-downloader] [process_caption:1546] INFO:     >  Downloading caption: '036 Common platforms and tools for Data Science_en.vtt'
[12:24:51] [udemy-downloader] [process_caption:1559] INFO:     > Converting caption to SRT format...
[12:24:51] [udemy-downloader] [process_caption:1561] INFO:     > Caption conversion complete.
[12:24:51] [udemy-downloader] [parse_new:1822] INFO:     > Processing 2 asset(s) for lecture...
[12:24:55] [udemy-downloader] [parse_new:1782] INFO:   > Processing lecture 37 of 65
[12:24:55] [udemy-downloader] [process_lecture:1598] INFO:       > Lecture doesn't have DRM, attempting to download...
[12:24:55] [udemy-downloader] [process_lecture:1603] INFO:       ====== Selected quality: video 720
[12:24:56] [udemy-downloader] [parse_new:1808] INFO: Processing 10 caption(s)...
[12:24:56] [udemy-downloader] [process_caption:1546] INFO:     >  Downloading caption: '037 Data Science using - R_en.vtt'
[12:24:56] [udemy-downloader] [process_caption:1559] INFO:     > Converting caption to SRT format...
[12:24:56] [udemy-downloader] [process_caption:1561] INFO:     > Caption conversion complete.
[12:24:56] [udemy-downloader] [parse_new:1822] INFO:     > Processing 4 asset(s) for lecture...
[12:25:00] [udemy-downloader] [parse_new:1782] INFO:   > Processing lecture 38 of 65
[12:25:00] [udemy-downloader] [process_lecture:1598] INFO:       > Lecture doesn't have DRM, attempting to download...
[12:25:00] [udemy-downloader] [process_lecture:1603] INFO:       ====== Selected quality: video 720
[12:25:01] [udemy-downloader] [parse_new:1808] INFO: Processing 10 caption(s)...
[12:25:01] [udemy-downloader] [process_caption:1546] INFO:     >  Downloading caption: '038 Data Science using - Python_en.vtt'
[12:25:01] [udemy-downloader] [process_caption:1559] INFO:     > Converting caption to SRT format...
[12:25:01] [udemy-downloader] [process_caption:1561] INFO:     > Caption conversion complete.
[12:25:01] [udemy-downloader] [parse_new:1822] INFO:     > Processing 7 asset(s) for lecture...
[12:25:05] [udemy-downloader] [parse_new:1782] INFO:   > Processing lecture 39 of 65
[12:25:05] [udemy-downloader] [process_lecture:1598] INFO:       > Lecture doesn't have DRM, attempting to download...
[12:25:05] [udemy-downloader] [process_lecture:1603] INFO:       ====== Selected quality: video 720
[12:25:06] [udemy-downloader] [parse_new:1808] INFO: Processing 10 caption(s)...
[12:25:06] [udemy-downloader] [process_caption:1546] INFO:     >  Downloading caption: '039 Data Science using SQL_en.vtt'
[12:25:07] [udemy-downloader] [process_caption:1559] INFO:     > Converting caption to SRT format...
[12:25:07] [udemy-downloader] [process_caption:1561] INFO:     > Caption conversion complete.
[12:25:07] [udemy-downloader] [parse_new:1822] INFO:     > Processing 6 asset(s) for lecture...
[12:25:10] [udemy-downloader] [parse_new:1782] INFO:   > Processing lecture 40 of 65
[12:25:10] [udemy-downloader] [process_lecture:1598] INFO:       > Lecture doesn't have DRM, attempting to download...
[12:25:10] [udemy-downloader] [process_lecture:1603] INFO:       ====== Selected quality: video 720
[12:25:12] [udemy-downloader] [parse_new:1808] INFO: Processing 10 caption(s)...
[12:25:12] [udemy-downloader] [process_caption:1546] INFO:     >  Downloading caption: '040 Data Science using Excel_en.vtt'
[12:25:12] [udemy-downloader] [process_caption:1559] INFO:     > Converting caption to SRT format...
[12:25:12] [udemy-downloader] [process_caption:1561] INFO:     > Caption conversion complete.
[12:25:12] [udemy-downloader] [parse_new:1822] INFO:     > Processing 2 asset(s) for lecture...
[12:25:16] [udemy-downloader] [parse_new:1782] INFO:   > Processing lecture 41 of 65
[12:25:16] [udemy-downloader] [process_lecture:1598] INFO:       > Lecture doesn't have DRM, attempting to download...
[12:25:16] [udemy-downloader] [process_lecture:1603] INFO:       ====== Selected quality: video 720
[12:25:17] [udemy-downloader] [parse_new:1808] INFO: Processing 10 caption(s)...
[12:25:17] [udemy-downloader] [process_caption:1546] INFO:     >  Downloading caption: '041 Data Science using RapidMiner_en.vtt'
[12:25:17] [udemy-downloader] [process_caption:1559] INFO:     > Converting caption to SRT format...
[12:25:17] [udemy-downloader] [process_caption:1561] INFO:     > Caption conversion complete.
[12:25:17] [udemy-downloader] [parse_new:1822] INFO:     > Processing 1 asset(s) for lecture...
[12:25:21] [udemy-downloader] [parse_new:1782] INFO:   > Processing lecture 42 of 65
[12:25:21] [udemy-downloader] [process_lecture:1598] INFO:       > Lecture doesn't have DRM, attempting to download...
[12:25:21] [udemy-downloader] [process_lecture:1603] INFO:       ====== Selected quality: video 720
[12:25:21] [udemy-downloader] [parse_new:1808] INFO: Processing 10 caption(s)...
[12:25:21] [udemy-downloader] [process_caption:1546] INFO:     >  Downloading caption: '042 Cautionary Tales_en.vtt'
[12:25:22] [udemy-downloader] [process_caption:1559] INFO:     > Converting caption to SRT format...
[12:25:22] [udemy-downloader] [process_caption:1561] INFO:     > Caption conversion complete.
[12:25:22] [udemy-downloader] [parse_new:1822] INFO:     > Processing 0 asset(s) for lecture...
[12:25:22] [udemy-downloader] [parse_new:1754] INFO: ======= Processing chapter 6 of 14 =======
[12:25:25] [udemy-downloader] [parse_new:1782] INFO:   > Processing lecture 43 of 65
[12:25:25] [udemy-downloader] [process_lecture:1598] INFO:       > Lecture doesn't have DRM, attempting to download...
[12:25:25] [udemy-downloader] [process_lecture:1603] INFO:       ====== Selected quality: video 720
[12:25:27] [udemy-downloader] [parse_new:1808] INFO: Processing 10 caption(s)...
[12:25:27] [udemy-downloader] [process_caption:1546] INFO:     >  Downloading caption: '043 All done!  What's next_en.vtt'
[12:25:27] [udemy-downloader] [process_caption:1559] INFO:     > Converting caption to SRT format...
[12:25:27] [udemy-downloader] [process_caption:1561] INFO:     > Caption conversion complete.
[12:25:27] [udemy-downloader] [parse_new:1822] INFO:     > Processing 0 asset(s) for lecture...
[12:25:27] [udemy-downloader] [parse_new:1754] INFO: ======= Processing chapter 7 of 14 =======
[12:25:33] [udemy-downloader] [parse_new:1782] INFO:   > Processing lecture 44 of 65
[12:25:33] [udemy-downloader] [process_lecture:1598] INFO:       > Lecture doesn't have DRM, attempting to download...
[12:25:33] [udemy-downloader] [process_lecture:1603] INFO:       ====== Selected quality: video 720
[12:25:36] [udemy-downloader] [parse_new:1808] INFO: Processing 10 caption(s)...
[12:25:36] [udemy-downloader] [process_caption:1546] INFO:     >  Downloading caption: '044 Introduction and Anaconda Installation_en.vtt'
[12:25:36] [udemy-downloader] [process_caption:1559] INFO:     > Converting caption to SRT format...
[12:25:36] [udemy-downloader] [process_caption:1561] INFO:     > Caption conversion complete.
[12:25:36] [udemy-downloader] [parse_new:1822] INFO:     > Processing 6 asset(s) for lecture...
[12:25:43] [udemy-downloader] [parse_new:1782] INFO:   > Processing lecture 45 of 65
[12:25:43] [udemy-downloader] [process_lecture:1598] INFO:       > Lecture doesn't have DRM, attempting to download...
[12:25:43] [udemy-downloader] [process_lecture:1603] INFO:       ====== Selected quality: video 720
[12:25:45] [udemy-downloader] [parse_new:1808] INFO: Processing 10 caption(s)...
[12:25:45] [udemy-downloader] [process_caption:1546] INFO:     >  Downloading caption: '045 What will we cover!_en.vtt'
[12:25:46] [udemy-downloader] [process_caption:1559] INFO:     > Converting caption to SRT format...
[12:25:46] [udemy-downloader] [process_caption:1561] INFO:     > Caption conversion complete.
[12:25:46] [udemy-downloader] [parse_new:1822] INFO:     > Processing 0 asset(s) for lecture...
[12:25:49] [udemy-downloader] [parse_new:1782] INFO:   > Processing lecture 46 of 65
[12:25:49] [udemy-downloader] [process_lecture:1598] INFO:       > Lecture doesn't have DRM, attempting to download...
[12:25:49] [udemy-downloader] [process_lecture:1603] INFO:       ====== Selected quality: video 720
[12:25:53] [udemy-downloader] [parse_new:1808] INFO: Processing 10 caption(s)...
[12:25:53] [udemy-downloader] [process_caption:1546] INFO:     >  Downloading caption: '046 Introduction and Setup_en.vtt'
[12:25:53] [udemy-downloader] [process_caption:1559] INFO:     > Converting caption to SRT format...
[12:25:53] [udemy-downloader] [process_caption:1561] INFO:     > Caption conversion complete.
[12:25:53] [udemy-downloader] [parse_new:1822] INFO:     > Processing 5 asset(s) for lecture...
[12:25:53] [udemy-downloader] [parse_new:1754] INFO: ======= Processing chapter 8 of 14 =======
[12:25:58] [udemy-downloader] [parse_new:1782] INFO:   > Processing lecture 47 of 65
[12:25:58] [udemy-downloader] [process_lecture:1598] INFO:       > Lecture doesn't have DRM, attempting to download...
[12:25:58] [udemy-downloader] [process_lecture:1603] INFO:       ====== Selected quality: video 720
[12:26:01] [udemy-downloader] [parse_new:1808] INFO: Processing 10 caption(s)...
[12:26:01] [udemy-downloader] [process_caption:1546] INFO:     >  Downloading caption: '047 Crash course in Python - Beginning concepts_en.vtt'
[12:26:01] [udemy-downloader] [process_caption:1559] INFO:     > Converting caption to SRT format...
[12:26:01] [udemy-downloader] [process_caption:1561] INFO:     > Caption conversion complete.
[12:26:01] [udemy-downloader] [parse_new:1822] INFO:     > Processing 2 asset(s) for lecture...
[12:26:07] [udemy-downloader] [parse_new:1782] INFO:   > Processing lecture 48 of 65
[12:26:07] [udemy-downloader] [process_lecture:1598] INFO:       > Lecture doesn't have DRM, attempting to download...
[12:26:07] [udemy-downloader] [process_lecture:1603] INFO:       ====== Selected quality: video 720
[12:26:10] [udemy-downloader] [parse_new:1808] INFO: Processing 10 caption(s)...
[12:26:10] [udemy-downloader] [process_caption:1546] INFO:     >  Downloading caption: '048 Crash course in Python - Strings, Slices and Lists!_en.vtt'
[12:26:10] [udemy-downloader] [process_caption:1559] INFO:     > Converting caption to SRT format...
[12:26:10] [udemy-downloader] [process_caption:1561] INFO:     > Caption conversion complete.
[12:26:10] [udemy-downloader] [parse_new:1822] INFO:     > Processing 0 asset(s) for lecture...
[12:26:15] [udemy-downloader] [parse_new:1782] INFO:   > Processing lecture 49 of 65
[12:26:15] [udemy-downloader] [process_lecture:1598] INFO:       > Lecture doesn't have DRM, attempting to download...
[12:26:15] [udemy-downloader] [process_lecture:1603] INFO:       ====== Selected quality: video 720
[12:26:17] [udemy-downloader] [parse_new:1808] INFO: Processing 10 caption(s)...
[12:26:17] [udemy-downloader] [process_caption:1546] INFO:     >  Downloading caption: '049 Crash course in Python - Expressions, Operators, Conditions and Loops_en.vtt'
[12:26:17] [udemy-downloader] [process_caption:1559] INFO:     > Converting caption to SRT format...
[12:26:17] [udemy-downloader] [process_caption:1561] INFO:     > Caption conversion complete.
[12:26:17] [udemy-downloader] [parse_new:1822] INFO:     > Processing 0 asset(s) for lecture...
[12:26:23] [udemy-downloader] [parse_new:1782] INFO:   > Processing lecture 50 of 65
[12:26:23] [udemy-downloader] [process_lecture:1598] INFO:       > Lecture doesn't have DRM, attempting to download...
[12:26:23] [udemy-downloader] [process_lecture:1603] INFO:       ====== Selected quality: video 720
[12:26:25] [udemy-downloader] [parse_new:1808] INFO: Processing 10 caption(s)...
[12:26:25] [udemy-downloader] [process_caption:1546] INFO:     >  Downloading caption: '050 Crash course in Python - Functions, Scope, Dictionaries and more!_en.vtt'
[12:26:25] [udemy-downloader] [process_caption:1559] INFO:     > Converting caption to SRT format...
[12:26:25] [udemy-downloader] [process_caption:1561] INFO:     > Caption conversion complete.
[12:26:25] [udemy-downloader] [parse_new:1822] INFO:     > Processing 1 asset(s) for lecture...
[12:26:25] [udemy-downloader] [parse_new:1754] INFO: ======= Processing chapter 9 of 14 =======
[12:26:35] [udemy-downloader] [parse_new:1782] INFO:   > Processing lecture 51 of 65
[12:26:35] [udemy-downloader] [process_lecture:1598] INFO:       > Lecture doesn't have DRM, attempting to download...
[12:26:35] [udemy-downloader] [process_lecture:1603] INFO:       ====== Selected quality: video 720
[12:26:38] [udemy-downloader] [parse_new:1808] INFO: Processing 10 caption(s)...
[12:26:38] [udemy-downloader] [process_caption:1546] INFO:     >  Downloading caption: '051 Hands on Running Python_en.vtt'
[12:26:38] [udemy-downloader] [process_caption:1559] INFO:     > Converting caption to SRT format...
[12:26:38] [udemy-downloader] [process_caption:1561] INFO:     > Caption conversion complete.
[12:26:38] [udemy-downloader] [parse_new:1822] INFO:     > Processing 2 asset(s) for lecture...
[12:26:38] [udemy-downloader] [parse_new:1754] INFO: ======= Processing chapter 10 of 14 =======
[12:26:42] [udemy-downloader] [parse_new:1782] INFO:   > Processing lecture 52 of 65
[12:26:42] [udemy-downloader] [process_lecture:1598] INFO:       > Lecture doesn't have DRM, attempting to download...
[12:26:42] [udemy-downloader] [process_lecture:1603] INFO:       ====== Selected quality: video 720
[12:26:44] [udemy-downloader] [parse_new:1808] INFO: Processing 10 caption(s)...
[12:26:44] [udemy-downloader] [process_caption:1546] INFO:     >  Downloading caption: '052 Foundations of Machine Learning and Data Science - Definitions and concepts_en.vtt'
[12:26:45] [udemy-downloader] [process_caption:1559] INFO:     > Converting caption to SRT format...
[12:26:45] [udemy-downloader] [process_caption:1561] INFO:     > Caption conversion complete.
[12:26:45] [udemy-downloader] [parse_new:1822] INFO:     > Processing 5 asset(s) for lecture...
[12:26:49] [udemy-downloader] [parse_new:1782] INFO:   > Processing lecture 53 of 65
[12:26:49] [udemy-downloader] [process_lecture:1598] INFO:       > Lecture doesn't have DRM, attempting to download...
[12:26:49] [udemy-downloader] [process_lecture:1603] INFO:       ====== Selected quality: video 720
[12:26:52] [udemy-downloader] [parse_new:1808] INFO: Processing 7 caption(s)...
[12:26:52] [udemy-downloader] [parse_new:1822] INFO:     > Processing 0 asset(s) for lecture...
[12:26:56] [udemy-downloader] [parse_new:1782] INFO:   > Processing lecture 54 of 65
[12:26:56] [udemy-downloader] [process_lecture:1598] INFO:       > Lecture doesn't have DRM, attempting to download...
[12:26:56] [udemy-downloader] [process_lecture:1603] INFO:       ====== Selected quality: video 720
[12:26:59] [udemy-downloader] [parse_new:1808] INFO: Processing 10 caption(s)...
[12:26:59] [udemy-downloader] [process_caption:1546] INFO:     >  Downloading caption: '054 Foundations of Machine Learning and Data Science - Algorithms, concepts and more_en.vtt'
[12:26:59] [udemy-downloader] [process_caption:1559] INFO:     > Converting caption to SRT format...
[12:26:59] [udemy-downloader] [process_caption:1561] INFO:     > Caption conversion complete.
[12:26:59] [udemy-downloader] [parse_new:1822] INFO:     > Processing 2 asset(s) for lecture...
[12:26:59] [udemy-downloader] [parse_new:1754] INFO: ======= Processing chapter 11 of 14 =======
[12:27:06] [udemy-downloader] [parse_new:1782] INFO:   > Processing lecture 55 of 65
[12:27:06] [udemy-downloader] [process_lecture:1598] INFO:       > Lecture doesn't have DRM, attempting to download...
[12:27:06] [udemy-downloader] [process_lecture:1603] INFO:       ====== Selected quality: video 720
[12:27:09] [udemy-downloader] [parse_new:1808] INFO: Processing 10 caption(s)...
[12:27:09] [udemy-downloader] [process_caption:1546] INFO:     >  Downloading caption: '055 Introducing the essential modules for Machine Learning, and NumPy Basics_en.vtt'
[12:27:09] [udemy-downloader] [process_caption:1559] INFO:     > Converting caption to SRT format...
[12:27:09] [udemy-downloader] [process_caption:1561] INFO:     > Caption conversion complete.
[12:27:09] [udemy-downloader] [parse_new:1822] INFO:     > Processing 1 asset(s) for lecture...
[12:27:20] [udemy-downloader] [parse_new:1782] INFO:   > Processing lecture 56 of 65
[12:27:20] [udemy-downloader] [process_lecture:1598] INFO:       > Lecture doesn't have DRM, attempting to download...
[12:27:20] [udemy-downloader] [process_lecture:1603] INFO:       ====== Selected quality: video 720
[12:27:23] [udemy-downloader] [parse_new:1808] INFO: Processing 10 caption(s)...
[12:27:23] [udemy-downloader] [process_caption:1546] INFO:     >  Downloading caption: '056 Pandas and Matplotlib_en.vtt'
[12:27:23] [udemy-downloader] [process_caption:1559] INFO:     > Converting caption to SRT format...
[12:27:23] [udemy-downloader] [process_caption:1561] INFO:     > Caption conversion complete.
[12:27:23] [udemy-downloader] [parse_new:1822] INFO:     > Processing 2 asset(s) for lecture...
[12:27:28] [udemy-downloader] [parse_new:1782] INFO:   > Processing lecture 57 of 65
[12:27:28] [udemy-downloader] [process_lecture:1598] INFO:       > Lecture doesn't have DRM, attempting to download...
[12:27:28] [udemy-downloader] [process_lecture:1603] INFO:       ====== Selected quality: video 720
[12:27:30] [udemy-downloader] [parse_new:1808] INFO: Processing 10 caption(s)...
[12:27:30] [udemy-downloader] [process_caption:1546] INFO:     >  Downloading caption: '057 Analysis using Pandas, plotting in Matplotlib, intro to SciPy and Scikit-learn_en.vtt'
[12:27:31] [udemy-downloader] [process_caption:1559] INFO:     > Converting caption to SRT format...
[12:27:31] [udemy-downloader] [process_caption:1561] INFO:     > Caption conversion complete.
[12:27:31] [udemy-downloader] [parse_new:1822] INFO:     > Processing 4 asset(s) for lecture...
[12:27:31] [udemy-downloader] [parse_new:1754] INFO: ======= Processing chapter 12 of 14 =======
[12:27:35] [udemy-downloader] [parse_new:1782] INFO:   > Processing lecture 58 of 65
[12:27:35] [udemy-downloader] [process_lecture:1598] INFO:       > Lecture doesn't have DRM, attempting to download...
[12:27:35] [udemy-downloader] [process_lecture:1603] INFO:       ====== Selected quality: video 720
[12:27:37] [udemy-downloader] [parse_new:1808] INFO: Processing 10 caption(s)...
[12:27:37] [udemy-downloader] [process_caption:1546] INFO:     >  Downloading caption: '058 A Titanic Example - Getting our start_en.vtt'
[12:27:38] [udemy-downloader] [process_caption:1559] INFO:     > Converting caption to SRT format...
[12:27:38] [udemy-downloader] [process_caption:1561] INFO:     > Caption conversion complete.
[12:27:38] [udemy-downloader] [parse_new:1822] INFO:     > Processing 0 asset(s) for lecture...
[12:27:42] [udemy-downloader] [parse_new:1782] INFO:   > Processing lecture 59 of 65
[12:27:42] [udemy-downloader] [process_lecture:1598] INFO:       > Lecture doesn't have DRM, attempting to download...
[12:27:42] [udemy-downloader] [process_lecture:1603] INFO:       ====== Selected quality: video 720
[12:27:45] [udemy-downloader] [parse_new:1808] INFO: Processing 10 caption(s)...
[12:27:45] [udemy-downloader] [process_caption:1546] INFO:     >  Downloading caption: '059 A Titanic Example - Understanding the data set_en.vtt'
[12:27:45] [udemy-downloader] [process_caption:1559] INFO:     > Converting caption to SRT format...
[12:27:45] [udemy-downloader] [process_caption:1561] INFO:     > Caption conversion complete.
[12:27:45] [udemy-downloader] [parse_new:1822] INFO:     > Processing 0 asset(s) for lecture...
[12:27:50] [udemy-downloader] [parse_new:1782] INFO:   > Processing lecture 60 of 65
[12:27:50] [udemy-downloader] [process_lecture:1598] INFO:       > Lecture doesn't have DRM, attempting to download...
[12:27:50] [udemy-downloader] [process_lecture:1603] INFO:       ====== Selected quality: video 720
[12:27:52] [udemy-downloader] [parse_new:1808] INFO: Processing 10 caption(s)...
[12:27:52] [udemy-downloader] [process_caption:1546] INFO:     >  Downloading caption: '060 A Titanic Example - Understanding the data set in regards to survival_en.vtt'
[12:27:52] [udemy-downloader] [process_caption:1559] INFO:     > Converting caption to SRT format...
[12:27:52] [udemy-downloader] [process_caption:1561] INFO:     > Caption conversion complete.
[12:27:52] [udemy-downloader] [parse_new:1822] INFO:     > Processing 0 asset(s) for lecture...
[12:27:56] [udemy-downloader] [parse_new:1782] INFO:   > Processing lecture 61 of 65
[12:27:56] [udemy-downloader] [process_lecture:1598] INFO:       > Lecture doesn't have DRM, attempting to download...
[12:27:56] [udemy-downloader] [process_lecture:1603] INFO:       ====== Selected quality: video 720
[12:27:59] [udemy-downloader] [parse_new:1808] INFO: Processing 10 caption(s)...
[12:27:59] [udemy-downloader] [process_caption:1546] INFO:     >  Downloading caption: '061 A Titanic Example - Preparing the right data and applying a basic algorithm_en.vtt'
[12:27:59] [udemy-downloader] [process_caption:1559] INFO:     > Converting caption to SRT format...
[12:27:59] [udemy-downloader] [process_caption:1561] INFO:     > Caption conversion complete.
[12:27:59] [udemy-downloader] [parse_new:1822] INFO:     > Processing 0 asset(s) for lecture...
[12:28:03] [udemy-downloader] [parse_new:1782] INFO:   > Processing lecture 62 of 65
[12:28:03] [udemy-downloader] [process_lecture:1598] INFO:       > Lecture doesn't have DRM, attempting to download...
[12:28:03] [udemy-downloader] [process_lecture:1603] INFO:       ====== Selected quality: video 720
[12:28:06] [udemy-downloader] [parse_new:1808] INFO: Processing 10 caption(s)...
[12:28:06] [udemy-downloader] [process_caption:1546] INFO:     >  Downloading caption: '062 A Titanic Example - Applying regression algorithms_en.vtt'
[12:28:06] [udemy-downloader] [process_caption:1559] INFO:     > Converting caption to SRT format...
[12:28:06] [udemy-downloader] [process_caption:1561] INFO:     > Caption conversion complete.
[12:28:06] [udemy-downloader] [parse_new:1822] INFO:     > Processing 0 asset(s) for lecture...
[12:28:10] [udemy-downloader] [parse_new:1782] INFO:   > Processing lecture 63 of 65
[12:28:10] [udemy-downloader] [process_lecture:1598] INFO:       > Lecture doesn't have DRM, attempting to download...
[12:28:10] [udemy-downloader] [process_lecture:1603] INFO:       ====== Selected quality: video 720
[12:28:13] [udemy-downloader] [parse_new:1808] INFO: Processing 10 caption(s)...
[12:28:13] [udemy-downloader] [process_caption:1546] INFO:     >  Downloading caption: '063 A Titanic Example - Applying Decision Trees (example of overfit and underfit)_en.vtt'
[12:28:13] [udemy-downloader] [process_caption:1559] INFO:     > Converting caption to SRT format...
[12:28:13] [udemy-downloader] [process_caption:1561] INFO:     > Caption conversion complete.
[12:28:13] [udemy-downloader] [parse_new:1822] INFO:     > Processing 2 asset(s) for lecture...
[12:28:14] [udemy-downloader] [parse_new:1754] INFO: ======= Processing chapter 13 of 14 =======
[12:28:19] [udemy-downloader] [parse_new:1782] INFO:   > Processing lecture 64 of 65
[12:28:19] [udemy-downloader] [process_lecture:1598] INFO:       > Lecture doesn't have DRM, attempting to download...
[12:28:19] [udemy-downloader] [process_lecture:1603] INFO:       ====== Selected quality: video 720
[12:28:22] [udemy-downloader] [parse_new:1808] INFO: Processing 10 caption(s)...
[12:28:22] [udemy-downloader] [process_caption:1546] INFO:     >  Downloading caption: '064 Conclusions - for our Titanic Example, important concepts and where to go next!_en.vtt'
[12:28:23] [udemy-downloader] [process_caption:1559] INFO:     > Converting caption to SRT format...
[12:28:23] [udemy-downloader] [process_caption:1561] INFO:     > Caption conversion complete.
[12:28:23] [udemy-downloader] [parse_new:1822] INFO:     > Processing 10 asset(s) for lecture...
[12:28:23] [udemy-downloader] [parse_new:1754] INFO: ======= Processing chapter 14 of 14 =======
[12:28:23] [udemy-downloader] [parse_new:1782] INFO:   > Processing lecture 65 of 65
[12:28:23] [udemy-downloader] [parse_new:1822] INFO:     > Processing 2 asset(s) for lecture...
{"timestamp":"2026-01-16T17:28:24.000Z","level":"info","category":"download","source":"python_worker","orderId":35,"taskId":56,"message":"Download progress: 70% (Download completed, preparing upload...)","details":{"duration":438,"attempt":1},"progress":70,"currentFile":"Download completed, preparing upload...","stack":null,"metadata":null}
{"timestamp":"2026-01-16T17:30:12.545Z","level":"info","category":"download","source":"python_worker","orderId":35,"taskId":56,"message":"Download progress: 100% (Task completed successfully!)","details":{"duration":547,"folderName":"machine-learning-for-data-science"},"progress":100,"currentFile":"Task completed successfully!","stack":null,"metadata":null}
