
============================================================
[2026-01-21T11:20:55.868341] Starting download for task 108
Command: /usr/bin/python3 main.py -c https://samsungu.udemy.com/course/an-ninh-thong-tin/ -b BXkdOY7L4dK19hrNj1GnplHFHoMbkXpiLlSn9dcU -o Staging_Download/Task_108 -q 720 --download-captions --download-assets --download-quizzes --concurrent-downloads 10 --continue-lecture-numbers
============================================================

============================================================
[LOGGING MODULE] Starting download process
============================================================
[11:20:56] [udemy-downloader] [pre_run:394] INFO: Output directory set to /root/project/server/udemy_dl/Staging_Download/Task_108
[11:20:56] [udemy-downloader] [pre_run:404] WARNING: > Keyfile not found! You won't be able to decrypt any encrypted videos!
[11:20:57] [udemy-downloader] [visit:1203] INFO: Visit request successful
[11:20:57] [udemy-downloader] [main:2044] INFO: > Fetching course information, this may take a minute...
[11:20:57] [udemy-downloader] [_handle_pagination:914] INFO: > Downloading data page 2/2
[11:20:59] [udemy-downloader] [main:2047] INFO: > Course information retrieved!
[11:20:59] [udemy-downloader] [main:2052] INFO: > Fetching course curriculum, this may take a minute...
[11:21:01] [udemy-downloader] [main:2076] INFO: > Course curriculum retrieved!
[11:21:01] [udemy-downloader] [main:2107] INFO: > Processing course data, this may take a minute. 
[11:21:01] [udemy-downloader] [main:2151] INFO: Processing 2 of 21
[11:21:01] [udemy-downloader] [main:2151] INFO: Processing 3 of 21
[11:21:01] [udemy-downloader] [main:2151] INFO: Processing 4 of 21
[11:21:01] [udemy-downloader] [main:2151] INFO: Processing 5 of 21
[11:21:01] [udemy-downloader] [main:2187] INFO: Processing 6 of 21
[11:21:01] [udemy-downloader] [main:2151] INFO: Processing 8 of 21
[11:21:01] [udemy-downloader] [main:2151] INFO: Processing 9 of 21
[11:21:01] [udemy-downloader] [main:2187] INFO: Processing 10 of 21
[11:21:01] [udemy-downloader] [main:2151] INFO: Processing 12 of 21
[11:21:01] [udemy-downloader] [main:2151] INFO: Processing 13 of 21
[11:21:01] [udemy-downloader] [main:2187] INFO: Processing 14 of 21
[11:21:01] [udemy-downloader] [main:2151] INFO: Processing 16 of 21
[11:21:01] [udemy-downloader] [main:2151] INFO: Processing 17 of 21
[11:21:01] [udemy-downloader] [main:2151] INFO: Processing 18 of 21
[11:21:01] [udemy-downloader] [main:2187] INFO: Processing 19 of 21
[11:21:01] [udemy-downloader] [main:2187] INFO: Processing 21 of 21
[11:21:01] [udemy-downloader] [parse_new:1731] INFO: Chapter(s) (5)
[11:21:01] [udemy-downloader] [parse_new:1732] INFO: Lecture(s) (16)
[11:21:01] [udemy-downloader] [parse_new:1754] INFO: ======= Processing chapter 1 of 5 =======
[11:21:04] [udemy-downloader] [parse_new:1782] INFO:   > Processing lecture 1 of 16
[11:21:04] [udemy-downloader] [process_lecture:1598] INFO:       > Lecture doesn't have DRM, attempting to download...
[11:21:04] [udemy-downloader] [process_lecture:1603] INFO:       ====== Selected quality: video 720
[11:21:06] [udemy-downloader] [parse_new:1808] INFO: Processing 0 caption(s)...
[11:21:06] [udemy-downloader] [parse_new:1822] INFO:     > Processing 0 asset(s) for lecture...
[11:21:10] [udemy-downloader] [parse_new:1782] INFO:   > Processing lecture 2 of 16
[11:21:10] [udemy-downloader] [process_lecture:1598] INFO:       > Lecture doesn't have DRM, attempting to download...
[11:21:10] [udemy-downloader] [process_lecture:1603] INFO:       ====== Selected quality: video 720
[11:21:13] [udemy-downloader] [parse_new:1808] INFO: Processing 0 caption(s)...
[11:21:13] [udemy-downloader] [parse_new:1822] INFO:     > Processing 0 asset(s) for lecture...
[11:21:16] [udemy-downloader] [parse_new:1782] INFO:   > Processing lecture 3 of 16
[11:21:16] [udemy-downloader] [process_lecture:1598] INFO:       > Lecture doesn't have DRM, attempting to download...
[11:21:16] [udemy-downloader] [process_lecture:1603] INFO:       ====== Selected quality: video 720
[11:21:17] [udemy-downloader] [parse_new:1808] INFO: Processing 0 caption(s)...
[11:21:17] [udemy-downloader] [parse_new:1822] INFO:     > Processing 0 asset(s) for lecture...
[11:21:21] [udemy-downloader] [parse_new:1782] INFO:   > Processing lecture 4 of 16
[11:21:21] [udemy-downloader] [process_lecture:1598] INFO:       > Lecture doesn't have DRM, attempting to download...
[11:21:21] [udemy-downloader] [process_lecture:1603] INFO:       ====== Selected quality: video 720
[11:21:24] [udemy-downloader] [parse_new:1808] INFO: Processing 0 caption(s)...
[11:21:24] [udemy-downloader] [parse_new:1822] INFO:     > Processing 0 asset(s) for lecture...
[11:21:24] [udemy-downloader] [process_normal_quiz:1687] INFO:   > Processing quiz 1
[11:21:24] [udemy-downloader] [parse_new:1754] INFO: ======= Processing chapter 2 of 5 =======
[11:21:29] [udemy-downloader] [parse_new:1782] INFO:   > Processing lecture 6 of 16
[11:21:29] [udemy-downloader] [process_lecture:1598] INFO:       > Lecture doesn't have DRM, attempting to download...
[11:21:29] [udemy-downloader] [process_lecture:1603] INFO:       ====== Selected quality: video 720
[11:21:32] [udemy-downloader] [parse_new:1808] INFO: Processing 0 caption(s)...
[11:21:32] [udemy-downloader] [parse_new:1822] INFO:     > Processing 0 asset(s) for lecture...
[11:21:36] [udemy-downloader] [parse_new:1782] INFO:   > Processing lecture 7 of 16
[11:21:36] [udemy-downloader] [process_lecture:1598] INFO:       > Lecture doesn't have DRM, attempting to download...
[11:21:36] [udemy-downloader] [process_lecture:1603] INFO:       ====== Selected quality: video 720
[11:21:38] [udemy-downloader] [parse_new:1808] INFO: Processing 0 caption(s)...
[11:21:38] [udemy-downloader] [parse_new:1822] INFO:     > Processing 0 asset(s) for lecture...
[11:21:39] [udemy-downloader] [process_normal_quiz:1687] INFO:   > Processing quiz 2
[11:21:39] [udemy-downloader] [parse_new:1754] INFO: ======= Processing chapter 3 of 5 =======
[11:21:43] [udemy-downloader] [parse_new:1782] INFO:   > Processing lecture 9 of 16
[11:21:43] [udemy-downloader] [process_lecture:1598] INFO:       > Lecture doesn't have DRM, attempting to download...
[11:21:43] [udemy-downloader] [process_lecture:1603] INFO:       ====== Selected quality: video 720
[11:21:45] [udemy-downloader] [parse_new:1808] INFO: Processing 0 caption(s)...
[11:21:45] [udemy-downloader] [parse_new:1822] INFO:     > Processing 0 asset(s) for lecture...
[11:21:49] [udemy-downloader] [parse_new:1782] INFO:   > Processing lecture 10 of 16
[11:21:49] [udemy-downloader] [process_lecture:1598] INFO:       > Lecture doesn't have DRM, attempting to download...
[11:21:49] [udemy-downloader] [process_lecture:1603] INFO:       ====== Selected quality: video 720
[11:21:51] [udemy-downloader] [parse_new:1808] INFO: Processing 0 caption(s)...
[11:21:51] [udemy-downloader] [parse_new:1822] INFO:     > Processing 0 asset(s) for lecture...
[11:21:52] [udemy-downloader] [process_normal_quiz:1687] INFO:   > Processing quiz 3
[11:21:52] [udemy-downloader] [parse_new:1754] INFO: ======= Processing chapter 4 of 5 =======
[11:21:55] [udemy-downloader] [parse_new:1782] INFO:   > Processing lecture 12 of 16
[11:21:55] [udemy-downloader] [process_lecture:1598] INFO:       > Lecture doesn't have DRM, attempting to download...
[11:21:55] [udemy-downloader] [process_lecture:1603] INFO:       ====== Selected quality: video 720
[11:21:57] [udemy-downloader] [parse_new:1808] INFO: Processing 0 caption(s)...
[11:21:57] [udemy-downloader] [parse_new:1822] INFO:     > Processing 0 asset(s) for lecture...
[11:22:01] [udemy-downloader] [parse_new:1782] INFO:   > Processing lecture 13 of 16
[11:22:01] [udemy-downloader] [process_lecture:1598] INFO:       > Lecture doesn't have DRM, attempting to download...
[11:22:01] [udemy-downloader] [process_lecture:1603] INFO:       ====== Selected quality: video 720
[11:22:04] [udemy-downloader] [parse_new:1808] INFO: Processing 0 caption(s)...
[11:22:04] [udemy-downloader] [parse_new:1822] INFO:     > Processing 0 asset(s) for lecture...
[11:22:07] [udemy-downloader] [parse_new:1782] INFO:   > Processing lecture 14 of 16
[11:22:07] [udemy-downloader] [process_lecture:1598] INFO:       > Lecture doesn't have DRM, attempting to download...
[11:22:07] [udemy-downloader] [process_lecture:1603] INFO:       ====== Selected quality: video 720
[11:22:09] [udemy-downloader] [parse_new:1808] INFO: Processing 0 caption(s)...
[11:22:09] [udemy-downloader] [parse_new:1822] INFO:     > Processing 0 asset(s) for lecture...
[11:22:09] [udemy-downloader] [process_normal_quiz:1687] INFO:   > Processing quiz 4
[11:22:09] [udemy-downloader] [parse_new:1754] INFO: ======= Processing chapter 5 of 5 =======
[11:22:09] [udemy-downloader] [process_normal_quiz:1687] INFO:   > Processing quiz 1
