
============================================================
[2026-01-18T09:15:32.023563] Starting download for task 68
Command: /usr/bin/python3 main.py -c https://samsungu.udemy.com/course/introduction-to-cloud-computing/ -b BXkdOY7L4dK19hrNj1GnplHFHoMbkXpiLlSn9dcU -o Staging_Download/Task_68 -q 720 --download-captions --download-assets --download-quizzes --concurrent-downloads 10 --continue-lecture-numbers
============================================================

============================================================
[LOGGING MODULE] Starting download process
============================================================
[09:15:32] [udemy-downloader] [pre_run:394] INFO: Output directory set to /root/project/server/udemy_dl/Staging_Download/Task_68
[09:15:32] [udemy-downloader] [pre_run:404] WARNING: > Keyfile not found! You won't be able to decrypt any encrypted videos!
[09:15:33] [udemy-downloader] [visit:1203] INFO: Visit request successful
[09:15:33] [udemy-downloader] [main:2044] INFO: > Fetching course information, this may take a minute...
[09:15:34] [udemy-downloader] [_handle_pagination:914] INFO: > Downloading data page 2/2
[09:15:36] [udemy-downloader] [main:2047] INFO: > Course information retrieved!
[09:15:36] [udemy-downloader] [main:2052] INFO: > Fetching course curriculum, this may take a minute...
[09:15:46] [udemy-downloader] [main:2076] INFO: > Course curriculum retrieved!
[09:15:46] [udemy-downloader] [main:2107] INFO: > Processing course data, this may take a minute. 
[09:15:46] [udemy-downloader] [main:2151] INFO: Processing 2 of 21
[09:15:46] [udemy-downloader] [main:2151] INFO: Processing 3 of 21
[09:15:46] [udemy-downloader] [main:2151] INFO: Processing 5 of 21
[09:15:46] [udemy-downloader] [main:2151] INFO: Processing 6 of 21
[09:15:46] [udemy-downloader] [main:2151] INFO: Processing 7 of 21
[09:15:46] [udemy-downloader] [main:2151] INFO: Processing 8 of 21
[09:15:46] [udemy-downloader] [main:2151] INFO: Processing 9 of 21
[09:15:46] [udemy-downloader] [main:2151] INFO: Processing 11 of 21
[09:15:46] [udemy-downloader] [main:2151] INFO: Processing 12 of 21
[09:15:46] [udemy-downloader] [main:2151] INFO: Processing 13 of 21
[09:15:46] [udemy-downloader] [main:2151] INFO: Processing 14 of 21
[09:15:46] [udemy-downloader] [main:2151] INFO: Processing 15 of 21
[09:15:46] [udemy-downloader] [main:2151] INFO: Processing 16 of 21
[09:15:46] [udemy-downloader] [main:2151] INFO: Processing 18 of 21
[09:15:46] [udemy-downloader] [main:2151] INFO: Processing 20 of 21
[09:15:46] [udemy-downloader] [main:2187] INFO: Processing 21 of 21
[09:15:46] [udemy-downloader] [parse_new:1731] INFO: Chapter(s) (5)
[09:15:46] [udemy-downloader] [parse_new:1732] INFO: Lecture(s) (16)
[09:15:46] [udemy-downloader] [parse_new:1754] INFO: ======= Processing chapter 1 of 5 =======
[09:15:49] [udemy-downloader] [parse_new:1782] INFO:   > Processing lecture 1 of 16
[09:15:49] [udemy-downloader] [process_lecture:1598] INFO:       > Lecture doesn't have DRM, attempting to download...
[09:15:49] [udemy-downloader] [process_lecture:1603] INFO:       ====== Selected quality: video 720
[09:15:49] [udemy-downloader] [parse_new:1808] INFO: Processing 23 caption(s)...
[09:15:49] [udemy-downloader] [parse_new:1822] INFO:     > Processing 0 asset(s) for lecture...
[09:15:53] [udemy-downloader] [parse_new:1782] INFO:   > Processing lecture 2 of 16
[09:15:53] [udemy-downloader] [process_lecture:1598] INFO:       > Lecture doesn't have DRM, attempting to download...
[09:15:53] [udemy-downloader] [process_lecture:1603] INFO:       ====== Selected quality: video 720
[09:15:54] [udemy-downloader] [parse_new:1808] INFO: Processing 27 caption(s)...
[09:15:54] [udemy-downloader] [process_caption:1546] INFO:     >  Downloading caption: '002 Buzzwords_en.vtt'
[09:15:54] [udemy-downloader] [process_caption:1559] INFO:     > Converting caption to SRT format...
[09:15:54] [udemy-downloader] [process_caption:1561] INFO:     > Caption conversion complete.
[09:15:54] [udemy-downloader] [parse_new:1822] INFO:     > Processing 0 asset(s) for lecture...
[09:15:54] [udemy-downloader] [parse_new:1754] INFO: ======= Processing chapter 2 of 5 =======
[09:15:58] [udemy-downloader] [parse_new:1782] INFO:   > Processing lecture 3 of 16
[09:15:58] [udemy-downloader] [process_lecture:1598] INFO:       > Lecture doesn't have DRM, attempting to download...
[09:15:58] [udemy-downloader] [process_lecture:1603] INFO:       ====== Selected quality: video 720
[09:16:00] [udemy-downloader] [parse_new:1808] INFO: Processing 23 caption(s)...
[09:16:00] [udemy-downloader] [parse_new:1822] INFO:     > Processing 0 asset(s) for lecture...
[09:16:03] [udemy-downloader] [parse_new:1782] INFO:   > Processing lecture 4 of 16
[09:16:03] [udemy-downloader] [process_lecture:1598] INFO:       > Lecture doesn't have DRM, attempting to download...
[09:16:03] [udemy-downloader] [process_lecture:1603] INFO:       ====== Selected quality: video 720
[09:16:05] [udemy-downloader] [parse_new:1808] INFO: Processing 23 caption(s)...
[09:16:05] [udemy-downloader] [parse_new:1822] INFO:     > Processing 0 asset(s) for lecture...
[09:16:08] [udemy-downloader] [parse_new:1782] INFO:   > Processing lecture 5 of 16
[09:16:08] [udemy-downloader] [process_lecture:1598] INFO:       > Lecture doesn't have DRM, attempting to download...
[09:16:08] [udemy-downloader] [process_lecture:1603] INFO:       ====== Selected quality: video 720
[09:16:09] [udemy-downloader] [parse_new:1808] INFO: Processing 27 caption(s)...
[09:16:09] [udemy-downloader] [process_caption:1546] INFO:     >  Downloading caption: '005 Platform as a Service (PaaS)_en.vtt'
[09:16:10] [udemy-downloader] [process_caption:1559] INFO:     > Converting caption to SRT format...
[09:16:10] [udemy-downloader] [process_caption:1561] INFO:     > Caption conversion complete.
[09:16:10] [udemy-downloader] [parse_new:1822] INFO:     > Processing 0 asset(s) for lecture...
[09:16:13] [udemy-downloader] [parse_new:1782] INFO:   > Processing lecture 6 of 16
[09:16:13] [udemy-downloader] [process_lecture:1598] INFO:       > Lecture doesn't have DRM, attempting to download...
[09:16:13] [udemy-downloader] [process_lecture:1603] INFO:       ====== Selected quality: video 720
[09:16:13] [udemy-downloader] [parse_new:1808] INFO: Processing 23 caption(s)...
[09:16:13] [udemy-downloader] [parse_new:1822] INFO:     > Processing 0 asset(s) for lecture...
[09:16:17] [udemy-downloader] [parse_new:1782] INFO:   > Processing lecture 7 of 16
[09:16:17] [udemy-downloader] [process_lecture:1598] INFO:       > Lecture doesn't have DRM, attempting to download...
[09:16:17] [udemy-downloader] [process_lecture:1603] INFO:       ====== Selected quality: video 720
[09:16:18] [udemy-downloader] [parse_new:1808] INFO: Processing 23 caption(s)...
[09:16:18] [udemy-downloader] [parse_new:1822] INFO:     > Processing 0 asset(s) for lecture...
[09:16:18] [udemy-downloader] [parse_new:1754] INFO: ======= Processing chapter 3 of 5 =======
[09:16:18] [udemy-downloader] [parse_new:1782] INFO:   > Processing lecture 8 of 16
[09:16:18] [udemy-downloader] [parse_new:1822] INFO:     > Processing 1 asset(s) for lecture...
[09:16:21] [udemy-downloader] [parse_new:1782] INFO:   > Processing lecture 9 of 16
[09:16:21] [udemy-downloader] [process_lecture:1598] INFO:       > Lecture doesn't have DRM, attempting to download...
[09:16:21] [udemy-downloader] [process_lecture:1603] INFO:       ====== Selected quality: video 720
[09:16:24] [udemy-downloader] [parse_new:1808] INFO: Processing 27 caption(s)...
[09:16:24] [udemy-downloader] [process_caption:1546] INFO:     >  Downloading caption: '009 On-demand self-service_en.vtt'
[09:16:25] [udemy-downloader] [process_caption:1559] INFO:     > Converting caption to SRT format...
[09:16:25] [udemy-downloader] [process_caption:1561] INFO:     > Caption conversion complete.
[09:16:25] [udemy-downloader] [parse_new:1822] INFO:     > Processing 0 asset(s) for lecture...
[09:16:29] [udemy-downloader] [parse_new:1782] INFO:   > Processing lecture 10 of 16
[09:16:29] [udemy-downloader] [process_lecture:1598] INFO:       > Lecture doesn't have DRM, attempting to download...
[09:16:29] [udemy-downloader] [process_lecture:1603] INFO:       ====== Selected quality: video 720
[09:16:30] [udemy-downloader] [parse_new:1808] INFO: Processing 27 caption(s)...
[09:16:30] [udemy-downloader] [process_caption:1546] INFO:     >  Downloading caption: '010 Broad network access_en.vtt'
[09:16:31] [udemy-downloader] [process_caption:1559] INFO:     > Converting caption to SRT format...
[09:16:31] [udemy-downloader] [process_caption:1561] INFO:     > Caption conversion complete.
[09:16:31] [udemy-downloader] [parse_new:1822] INFO:     > Processing 0 asset(s) for lecture...
[09:16:34] [udemy-downloader] [parse_new:1782] INFO:   > Processing lecture 11 of 16
[09:16:34] [udemy-downloader] [process_lecture:1598] INFO:       > Lecture doesn't have DRM, attempting to download...
[09:16:34] [udemy-downloader] [process_lecture:1603] INFO:       ====== Selected quality: video 720
[09:16:36] [udemy-downloader] [parse_new:1808] INFO: Processing 27 caption(s)...
[09:16:36] [udemy-downloader] [process_caption:1546] INFO:     >  Downloading caption: '011 Resource pooling_en.vtt'
[09:16:36] [udemy-downloader] [process_caption:1559] INFO:     > Converting caption to SRT format...
[09:16:36] [udemy-downloader] [process_caption:1561] INFO:     > Caption conversion complete.
[09:16:36] [udemy-downloader] [parse_new:1822] INFO:     > Processing 0 asset(s) for lecture...
[09:16:40] [udemy-downloader] [parse_new:1782] INFO:   > Processing lecture 12 of 16
[09:16:40] [udemy-downloader] [process_lecture:1598] INFO:       > Lecture doesn't have DRM, attempting to download...
[09:16:40] [udemy-downloader] [process_lecture:1603] INFO:       ====== Selected quality: video 720
[09:16:42] [udemy-downloader] [parse_new:1808] INFO: Processing 27 caption(s)...
[09:16:42] [udemy-downloader] [process_caption:1546] INFO:     >  Downloading caption: '012 Rapid elasticity_en.vtt'
[09:16:42] [udemy-downloader] [process_caption:1559] INFO:     > Converting caption to SRT format...
[09:16:42] [udemy-downloader] [process_caption:1561] INFO:     > Caption conversion complete.
[09:16:42] [udemy-downloader] [parse_new:1822] INFO:     > Processing 0 asset(s) for lecture...
[09:16:46] [udemy-downloader] [parse_new:1782] INFO:   > Processing lecture 13 of 16
[09:16:46] [udemy-downloader] [process_lecture:1598] INFO:       > Lecture doesn't have DRM, attempting to download...
[09:16:46] [udemy-downloader] [process_lecture:1603] INFO:       ====== Selected quality: video 720
[09:16:47] [udemy-downloader] [parse_new:1808] INFO: Processing 23 caption(s)...
[09:16:47] [udemy-downloader] [parse_new:1822] INFO:     > Processing 0 asset(s) for lecture...
[09:16:47] [udemy-downloader] [parse_new:1754] INFO: ======= Processing chapter 4 of 5 =======
[09:16:51] [udemy-downloader] [parse_new:1782] INFO:   > Processing lecture 14 of 16
[09:16:51] [udemy-downloader] [process_lecture:1598] INFO:       > Lecture doesn't have DRM, attempting to download...
[09:16:51] [udemy-downloader] [process_lecture:1603] INFO:       ====== Selected quality: video 720
[09:16:53] [udemy-downloader] [parse_new:1808] INFO: Processing 27 caption(s)...
[09:16:53] [udemy-downloader] [process_caption:1546] INFO:     >  Downloading caption: '014 Deployment Models_en.vtt'
[09:16:53] [udemy-downloader] [process_caption:1559] INFO:     > Converting caption to SRT format...
[09:16:53] [udemy-downloader] [process_caption:1561] INFO:     > Caption conversion complete.
[09:16:53] [udemy-downloader] [parse_new:1822] INFO:     > Processing 0 asset(s) for lecture...
[09:16:53] [udemy-downloader] [parse_new:1754] INFO: ======= Processing chapter 5 of 5 =======
[09:16:57] [udemy-downloader] [parse_new:1782] INFO:   > Processing lecture 15 of 16
[09:16:57] [udemy-downloader] [process_lecture:1598] INFO:       > Lecture doesn't have DRM, attempting to download...
[09:16:57] [udemy-downloader] [process_lecture:1603] INFO:       ====== Selected quality: video 720
[09:16:58] [udemy-downloader] [parse_new:1808] INFO: Processing 23 caption(s)...
[09:16:58] [udemy-downloader] [parse_new:1822] INFO:     > Processing 0 asset(s) for lecture...
[09:16:59] [udemy-downloader] [process_normal_quiz:1687] INFO:   > Processing quiz 1

============================================================
[2026-01-18T19:54:53.593189] Starting download for task 68
Command: /usr/bin/python3 main.py -c https://samsungu.udemy.com/course/introduction-to-cloud-computing/ -b BXkdOY7L4dK19hrNj1GnplHFHoMbkXpiLlSn9dcU -o Staging_Download/Task_68 -q 720 --download-captions --download-assets --download-quizzes --concurrent-downloads 10 --continue-lecture-numbers
============================================================

============================================================
[LOGGING MODULE] Starting download process
============================================================
[07:54:54] [udemy-downloader] [pre_run:394] INFO: Output directory set to /root/project/server/udemy_dl/Staging_Download/Task_68
[07:54:54] [udemy-downloader] [pre_run:404] WARNING: > Keyfile not found! You won't be able to decrypt any encrypted videos!
[07:54:55] [udemy-downloader] [visit:1203] INFO: Visit request successful
[07:54:55] [udemy-downloader] [main:2044] INFO: > Fetching course information, this may take a minute...
[07:54:56] [udemy-downloader] [_handle_pagination:914] INFO: > Downloading data page 2/2
[07:54:57] [udemy-downloader] [main:2047] INFO: > Course information retrieved!
[07:54:57] [udemy-downloader] [main:2052] INFO: > Fetching course curriculum, this may take a minute...
[07:55:00] [udemy-downloader] [main:2076] INFO: > Course curriculum retrieved!
[07:55:00] [udemy-downloader] [main:2107] INFO: > Processing course data, this may take a minute. 
[07:55:00] [udemy-downloader] [main:2151] INFO: Processing 2 of 21
[07:55:00] [udemy-downloader] [main:2151] INFO: Processing 3 of 21
[07:55:00] [udemy-downloader] [main:2151] INFO: Processing 5 of 21
[07:55:00] [udemy-downloader] [main:2151] INFO: Processing 6 of 21
[07:55:00] [udemy-downloader] [main:2151] INFO: Processing 7 of 21
[07:55:00] [udemy-downloader] [main:2151] INFO: Processing 8 of 21
[07:55:00] [udemy-downloader] [main:2151] INFO: Processing 9 of 21
[07:55:00] [udemy-downloader] [main:2151] INFO: Processing 11 of 21
[07:55:00] [udemy-downloader] [main:2151] INFO: Processing 12 of 21
[07:55:00] [udemy-downloader] [main:2151] INFO: Processing 13 of 21
[07:55:00] [udemy-downloader] [main:2151] INFO: Processing 14 of 21
[07:55:00] [udemy-downloader] [main:2151] INFO: Processing 15 of 21
[07:55:00] [udemy-downloader] [main:2151] INFO: Processing 16 of 21
[07:55:00] [udemy-downloader] [main:2151] INFO: Processing 18 of 21
[07:55:00] [udemy-downloader] [main:2151] INFO: Processing 20 of 21
[07:55:00] [udemy-downloader] [main:2187] INFO: Processing 21 of 21
[07:55:00] [udemy-downloader] [parse_new:1731] INFO: Chapter(s) (5)
[07:55:00] [udemy-downloader] [parse_new:1732] INFO: Lecture(s) (16)
[07:55:00] [udemy-downloader] [parse_new:1754] INFO: ======= Processing chapter 1 of 5 =======
[07:55:03] [udemy-downloader] [parse_new:1782] INFO:   > Processing lecture 1 of 16
[07:55:03] [udemy-downloader] [process_lecture:1598] INFO:       > Lecture doesn't have DRM, attempting to download...
[07:55:03] [udemy-downloader] [process_lecture:1603] INFO:       ====== Selected quality: video 720
[07:55:04] [udemy-downloader] [parse_new:1808] INFO: Processing 23 caption(s)...
[07:55:04] [udemy-downloader] [parse_new:1822] INFO:     > Processing 0 asset(s) for lecture...
[07:55:07] [udemy-downloader] [parse_new:1782] INFO:   > Processing lecture 2 of 16
[07:55:07] [udemy-downloader] [process_lecture:1598] INFO:       > Lecture doesn't have DRM, attempting to download...
[07:55:07] [udemy-downloader] [process_lecture:1603] INFO:       ====== Selected quality: video 720
[07:55:07] [udemy-downloader] [parse_new:1808] INFO: Processing 27 caption(s)...
[07:55:07] [udemy-downloader] [process_caption:1546] INFO:     >  Downloading caption: '002 Buzzwords_en.vtt'
[07:55:08] [udemy-downloader] [process_caption:1559] INFO:     > Converting caption to SRT format...
[07:55:08] [udemy-downloader] [process_caption:1561] INFO:     > Caption conversion complete.
[07:55:08] [udemy-downloader] [parse_new:1822] INFO:     > Processing 0 asset(s) for lecture...
[07:55:08] [udemy-downloader] [parse_new:1754] INFO: ======= Processing chapter 2 of 5 =======
[07:55:11] [udemy-downloader] [parse_new:1782] INFO:   > Processing lecture 3 of 16
[07:55:11] [udemy-downloader] [process_lecture:1598] INFO:       > Lecture doesn't have DRM, attempting to download...
[07:55:11] [udemy-downloader] [process_lecture:1603] INFO:       ====== Selected quality: video 720
[07:55:12] [udemy-downloader] [parse_new:1808] INFO: Processing 23 caption(s)...
[07:55:12] [udemy-downloader] [parse_new:1822] INFO:     > Processing 0 asset(s) for lecture...
[07:55:16] [udemy-downloader] [parse_new:1782] INFO:   > Processing lecture 4 of 16
[07:55:16] [udemy-downloader] [process_lecture:1598] INFO:       > Lecture doesn't have DRM, attempting to download...
[07:55:16] [udemy-downloader] [process_lecture:1603] INFO:       ====== Selected quality: video 720
[07:55:16] [udemy-downloader] [parse_new:1808] INFO: Processing 23 caption(s)...
[07:55:16] [udemy-downloader] [parse_new:1822] INFO:     > Processing 0 asset(s) for lecture...
[07:55:19] [udemy-downloader] [parse_new:1782] INFO:   > Processing lecture 5 of 16
[07:55:19] [udemy-downloader] [process_lecture:1598] INFO:       > Lecture doesn't have DRM, attempting to download...
[07:55:19] [udemy-downloader] [process_lecture:1603] INFO:       ====== Selected quality: video 720
[07:55:20] [udemy-downloader] [parse_new:1808] INFO: Processing 27 caption(s)...
[07:55:20] [udemy-downloader] [process_caption:1546] INFO:     >  Downloading caption: '005 Platform as a Service (PaaS)_en.vtt'
[07:55:20] [udemy-downloader] [process_caption:1559] INFO:     > Converting caption to SRT format...
[07:55:20] [udemy-downloader] [process_caption:1561] INFO:     > Caption conversion complete.
[07:55:20] [udemy-downloader] [parse_new:1822] INFO:     > Processing 0 asset(s) for lecture...
[07:55:22] [udemy-downloader] [parse_new:1782] INFO:   > Processing lecture 6 of 16
[07:55:22] [udemy-downloader] [process_lecture:1598] INFO:       > Lecture doesn't have DRM, attempting to download...
[07:55:22] [udemy-downloader] [process_lecture:1603] INFO:       ====== Selected quality: video 720
[07:55:23] [udemy-downloader] [parse_new:1808] INFO: Processing 23 caption(s)...
[07:55:23] [udemy-downloader] [parse_new:1822] INFO:     > Processing 0 asset(s) for lecture...
[07:55:26] [udemy-downloader] [parse_new:1782] INFO:   > Processing lecture 7 of 16
[07:55:26] [udemy-downloader] [process_lecture:1598] INFO:       > Lecture doesn't have DRM, attempting to download...
[07:55:26] [udemy-downloader] [process_lecture:1603] INFO:       ====== Selected quality: video 720
[07:55:26] [udemy-downloader] [parse_new:1808] INFO: Processing 23 caption(s)...
[07:55:26] [udemy-downloader] [parse_new:1822] INFO:     > Processing 0 asset(s) for lecture...
[07:55:26] [udemy-downloader] [parse_new:1754] INFO: ======= Processing chapter 3 of 5 =======
[07:55:26] [udemy-downloader] [parse_new:1782] INFO:   > Processing lecture 8 of 16
[07:55:26] [udemy-downloader] [parse_new:1822] INFO:     > Processing 1 asset(s) for lecture...
[07:55:32] [udemy-downloader] [parse_new:1782] INFO:   > Processing lecture 9 of 16
[07:55:32] [udemy-downloader] [process_lecture:1598] INFO:       > Lecture doesn't have DRM, attempting to download...
[07:55:32] [udemy-downloader] [process_lecture:1603] INFO:       ====== Selected quality: video 720
[07:55:33] [udemy-downloader] [parse_new:1808] INFO: Processing 27 caption(s)...
[07:55:33] [udemy-downloader] [process_caption:1546] INFO:     >  Downloading caption: '009 On-demand self-service_en.vtt'
[07:55:33] [udemy-downloader] [process_caption:1559] INFO:     > Converting caption to SRT format...
[07:55:33] [udemy-downloader] [process_caption:1561] INFO:     > Caption conversion complete.
[07:55:33] [udemy-downloader] [parse_new:1822] INFO:     > Processing 0 asset(s) for lecture...
[07:55:36] [udemy-downloader] [parse_new:1782] INFO:   > Processing lecture 10 of 16
[07:55:36] [udemy-downloader] [process_lecture:1598] INFO:       > Lecture doesn't have DRM, attempting to download...
[07:55:36] [udemy-downloader] [process_lecture:1603] INFO:       ====== Selected quality: video 720
[07:55:37] [udemy-downloader] [parse_new:1808] INFO: Processing 27 caption(s)...
[07:55:37] [udemy-downloader] [process_caption:1546] INFO:     >  Downloading caption: '010 Broad network access_en.vtt'
[07:55:37] [udemy-downloader] [process_caption:1559] INFO:     > Converting caption to SRT format...
[07:55:37] [udemy-downloader] [process_caption:1561] INFO:     > Caption conversion complete.
[07:55:37] [udemy-downloader] [parse_new:1822] INFO:     > Processing 0 asset(s) for lecture...
[07:55:41] [udemy-downloader] [parse_new:1782] INFO:   > Processing lecture 11 of 16
[07:55:41] [udemy-downloader] [process_lecture:1598] INFO:       > Lecture doesn't have DRM, attempting to download...
[07:55:41] [udemy-downloader] [process_lecture:1603] INFO:       ====== Selected quality: video 720
[07:55:42] [udemy-downloader] [parse_new:1808] INFO: Processing 27 caption(s)...
[07:55:42] [udemy-downloader] [process_caption:1546] INFO:     >  Downloading caption: '011 Resource pooling_en.vtt'
[07:55:42] [udemy-downloader] [process_caption:1559] INFO:     > Converting caption to SRT format...
[07:55:42] [udemy-downloader] [process_caption:1561] INFO:     > Caption conversion complete.
[07:55:42] [udemy-downloader] [parse_new:1822] INFO:     > Processing 0 asset(s) for lecture...
[07:55:45] [udemy-downloader] [parse_new:1782] INFO:   > Processing lecture 12 of 16
[07:55:45] [udemy-downloader] [process_lecture:1598] INFO:       > Lecture doesn't have DRM, attempting to download...
[07:55:45] [udemy-downloader] [process_lecture:1603] INFO:       ====== Selected quality: video 720
[07:55:45] [udemy-downloader] [parse_new:1808] INFO: Processing 27 caption(s)...
[07:55:45] [udemy-downloader] [process_caption:1546] INFO:     >  Downloading caption: '012 Rapid elasticity_en.vtt'
[07:55:45] [udemy-downloader] [process_caption:1559] INFO:     > Converting caption to SRT format...
[07:55:45] [udemy-downloader] [process_caption:1561] INFO:     > Caption conversion complete.
[07:55:45] [udemy-downloader] [parse_new:1822] INFO:     > Processing 0 asset(s) for lecture...
[07:55:49] [udemy-downloader] [parse_new:1782] INFO:   > Processing lecture 13 of 16
[07:55:49] [udemy-downloader] [process_lecture:1598] INFO:       > Lecture doesn't have DRM, attempting to download...
[07:55:49] [udemy-downloader] [process_lecture:1603] INFO:       ====== Selected quality: video 720
[07:55:49] [udemy-downloader] [parse_new:1808] INFO: Processing 23 caption(s)...
[07:55:49] [udemy-downloader] [parse_new:1822] INFO:     > Processing 0 asset(s) for lecture...
[07:55:49] [udemy-downloader] [parse_new:1754] INFO: ======= Processing chapter 4 of 5 =======
[07:55:53] [udemy-downloader] [parse_new:1782] INFO:   > Processing lecture 14 of 16
[07:55:53] [udemy-downloader] [process_lecture:1598] INFO:       > Lecture doesn't have DRM, attempting to download...
[07:55:53] [udemy-downloader] [process_lecture:1603] INFO:       ====== Selected quality: video 720
[07:55:54] [udemy-downloader] [parse_new:1808] INFO: Processing 27 caption(s)...
[07:55:54] [udemy-downloader] [process_caption:1546] INFO:     >  Downloading caption: '014 Deployment Models_en.vtt'
[07:55:54] [udemy-downloader] [process_caption:1559] INFO:     > Converting caption to SRT format...
[07:55:54] [udemy-downloader] [process_caption:1561] INFO:     > Caption conversion complete.
[07:55:54] [udemy-downloader] [parse_new:1822] INFO:     > Processing 0 asset(s) for lecture...
[07:55:54] [udemy-downloader] [parse_new:1754] INFO: ======= Processing chapter 5 of 5 =======
[07:55:59] [udemy-downloader] [parse_new:1782] INFO:   > Processing lecture 15 of 16
[07:55:59] [udemy-downloader] [process_lecture:1598] INFO:       > Lecture doesn't have DRM, attempting to download...
[07:55:59] [udemy-downloader] [process_lecture:1603] INFO:       ====== Selected quality: video 720
[07:56:00] [udemy-downloader] [parse_new:1808] INFO: Processing 23 caption(s)...
[07:56:00] [udemy-downloader] [parse_new:1822] INFO:     > Processing 0 asset(s) for lecture...
[07:56:00] [udemy-downloader] [process_normal_quiz:1687] INFO:   > Processing quiz 1
