{"timestamp":"2026-01-16T11:00:29.617Z","level":"info","category":"download","source":"python_worker","orderId":33,"taskId":46,"message":"Download started","details":{"courseUrl":"https://samsungu.udemy.com/course/creative-css-hover-and-animation-effects-in-hindi/"},"progress":null,"currentFile":null,"stack":null,"metadata":null}
{"timestamp":"2026-01-16T11:00:29.625Z","level":"info","category":"download","source":"python_worker","orderId":33,"taskId":46,"message":"Download progress: 30% (Downloading course content...)","details":{"attempt":1},"progress":30,"currentFile":"Downloading course content...","stack":null,"metadata":null}

============================================================
[2026-01-16T18:00:29.629023] Starting download for task 46
Command: /usr/bin/python3 main.py -c https://samsungu.udemy.com/course/creative-css-hover-and-animation-effects-in-hindi/ -b BXkdOY7L4dK19hrNj1GnplHFHoMbkXpiLlSn9dcU -o Staging_Download/Task_46 -q 720 --download-captions --download-assets --download-quizzes --concurrent-downloads 10 --continue-lecture-numbers
============================================================

============================================================
[LOGGING MODULE] Starting download process
============================================================
[06:00:30] [udemy-downloader] [pre_run:394] INFO: Output directory set to /root/project/server/udemy_dl/Staging_Download/Task_46
[06:00:30] [udemy-downloader] [pre_run:404] WARNING: > Keyfile not found! You won't be able to decrypt any encrypted videos!
[06:00:31] [udemy-downloader] [visit:1203] INFO: Visit request successful
[06:00:31] [udemy-downloader] [main:2044] INFO: > Fetching course information, this may take a minute...
[06:00:32] [udemy-downloader] [_handle_pagination:914] INFO: > Downloading data page 2/2
[06:00:33] [udemy-downloader] [main:2047] INFO: > Course information retrieved!
[06:00:33] [udemy-downloader] [main:2052] INFO: > Fetching course curriculum, this may take a minute...
[06:00:34] [udemy-downloader] [main:2076] INFO: > Course curriculum retrieved!
[06:00:34] [udemy-downloader] [main:2107] INFO: > Processing course data, this may take a minute. 
[06:00:34] [udemy-downloader] [main:2151] INFO: Processing 2 of 9
[06:00:34] [udemy-downloader] [main:2151] INFO: Processing 4 of 9
[06:00:34] [udemy-downloader] [main:2151] INFO: Processing 5 of 9
[06:00:34] [udemy-downloader] [main:2151] INFO: Processing 6 of 9
[06:00:34] [udemy-downloader] [main:2151] INFO: Processing 7 of 9
[06:00:34] [udemy-downloader] [main:2151] INFO: Processing 8 of 9
[06:00:34] [udemy-downloader] [main:2151] INFO: Processing 9 of 9
[06:00:34] [udemy-downloader] [parse_new:1731] INFO: Chapter(s) (2)
[06:00:34] [udemy-downloader] [parse_new:1732] INFO: Lecture(s) (7)
[06:00:34] [udemy-downloader] [parse_new:1754] INFO: ======= Processing chapter 1 of 2 =======
[06:00:38] [udemy-downloader] [parse_new:1782] INFO:   > Processing lecture 1 of 7
[06:00:38] [udemy-downloader] [process_lecture:1598] INFO:       > Lecture doesn't have DRM, attempting to download...
[06:00:38] [udemy-downloader] [process_lecture:1603] INFO:       ====== Selected quality: video 720
[06:00:39] [udemy-downloader] [parse_new:1808] INFO: Processing 0 caption(s)...
[06:00:39] [udemy-downloader] [parse_new:1822] INFO:     > Processing 0 asset(s) for lecture...
[06:00:39] [udemy-downloader] [parse_new:1754] INFO: ======= Processing chapter 2 of 2 =======
[06:00:43] [udemy-downloader] [parse_new:1782] INFO:   > Processing lecture 2 of 7
[06:00:43] [udemy-downloader] [process_lecture:1598] INFO:       > Lecture doesn't have DRM, attempting to download...
[06:00:43] [udemy-downloader] [process_lecture:1603] INFO:       ====== Selected quality: video 720
[06:00:45] [udemy-downloader] [parse_new:1808] INFO: Processing 0 caption(s)...
[06:00:45] [udemy-downloader] [parse_new:1822] INFO:     > Processing 5 asset(s) for lecture...
[06:00:50] [udemy-downloader] [parse_new:1782] INFO:   > Processing lecture 3 of 7
[06:00:50] [udemy-downloader] [process_lecture:1598] INFO:       > Lecture doesn't have DRM, attempting to download...
[06:00:50] [udemy-downloader] [process_lecture:1603] INFO:       ====== Selected quality: video 720
[06:00:51] [udemy-downloader] [parse_new:1808] INFO: Processing 0 caption(s)...
[06:00:51] [udemy-downloader] [parse_new:1822] INFO:     > Processing 2 asset(s) for lecture...
[06:00:55] [udemy-downloader] [parse_new:1782] INFO:   > Processing lecture 4 of 7
[06:00:55] [udemy-downloader] [process_lecture:1598] INFO:       > Lecture doesn't have DRM, attempting to download...
[06:00:55] [udemy-downloader] [process_lecture:1603] INFO:       ====== Selected quality: video 720
[06:00:56] [udemy-downloader] [parse_new:1808] INFO: Processing 0 caption(s)...
[06:00:56] [udemy-downloader] [parse_new:1822] INFO:     > Processing 4 asset(s) for lecture...
[06:01:01] [udemy-downloader] [parse_new:1782] INFO:   > Processing lecture 5 of 7
[06:01:01] [udemy-downloader] [process_lecture:1598] INFO:       > Lecture doesn't have DRM, attempting to download...
[06:01:01] [udemy-downloader] [process_lecture:1603] INFO:       ====== Selected quality: video 720
[06:01:02] [udemy-downloader] [parse_new:1808] INFO: Processing 0 caption(s)...
[06:01:02] [udemy-downloader] [parse_new:1822] INFO:     > Processing 2 asset(s) for lecture...
[06:01:05] [udemy-downloader] [parse_new:1782] INFO:   > Processing lecture 6 of 7
[06:01:05] [udemy-downloader] [process_lecture:1598] INFO:       > Lecture doesn't have DRM, attempting to download...
[06:01:05] [udemy-downloader] [process_lecture:1603] INFO:       ====== Selected quality: video 720
[06:01:07] [udemy-downloader] [parse_new:1808] INFO: Processing 0 caption(s)...
[06:01:07] [udemy-downloader] [parse_new:1822] INFO:     > Processing 2 asset(s) for lecture...
[06:01:11] [udemy-downloader] [parse_new:1782] INFO:   > Processing lecture 7 of 7
[06:01:11] [udemy-downloader] [process_lecture:1598] INFO:       > Lecture doesn't have DRM, attempting to download...
[06:01:11] [udemy-downloader] [process_lecture:1603] INFO:       ====== Selected quality: video 720
[06:01:12] [udemy-downloader] [parse_new:1808] INFO: Processing 0 caption(s)...
[06:01:12] [udemy-downloader] [parse_new:1822] INFO:     > Processing 2 asset(s) for lecture...
{"timestamp":"2026-01-16T11:01:12.615Z","level":"info","category":"download","source":"python_worker","orderId":33,"taskId":46,"message":"Download progress: 70% (Download completed, preparing upload...)","details":{"duration":42,"attempt":1},"progress":70,"currentFile":"Download completed, preparing upload...","stack":null,"metadata":null}
{"timestamp":"2026-01-16T11:01:20.052Z","level":"info","category":"download","source":"python_worker","orderId":33,"taskId":46,"message":"Download progress: 100% (Task completed successfully!)","details":{"duration":50,"folderName":"creative-css-hover-and-animation-effects-in-hindi"},"progress":100,"currentFile":"Task completed successfully!","stack":null,"metadata":null}
