
============================================================
[2026-01-21T11:22:01.671237] Starting download for task 109
Command: /usr/bin/python3 main.py -c https://samsungu.udemy.com/course/tu-chu-tai-chinh/ -b BXkdOY7L4dK19hrNj1GnplHFHoMbkXpiLlSn9dcU -o Staging_Download/Task_109 -q 720 --download-captions --download-assets --download-quizzes --concurrent-downloads 10 --continue-lecture-numbers
============================================================

============================================================
[LOGGING MODULE] Starting download process
============================================================
[11:22:02] [udemy-downloader] [pre_run:394] INFO: Output directory set to /root/project/server/udemy_dl/Staging_Download/Task_109
[11:22:02] [udemy-downloader] [pre_run:404] WARNING: > Keyfile not found! You won't be able to decrypt any encrypted videos!
[11:22:02] [udemy-downloader] [visit:1203] INFO: Visit request successful
[11:22:02] [udemy-downloader] [main:2044] INFO: > Fetching course information, this may take a minute...
[11:22:03] [udemy-downloader] [_handle_pagination:914] INFO: > Downloading data page 2/2
[11:22:04] [udemy-downloader] [main:2047] INFO: > Course information retrieved!
[11:22:04] [udemy-downloader] [main:2052] INFO: > Fetching course curriculum, this may take a minute...
[11:22:07] [udemy-downloader] [main:2076] INFO: > Course curriculum retrieved!
[11:22:07] [udemy-downloader] [main:2107] INFO: > Processing course data, this may take a minute. 
[11:22:07] [udemy-downloader] [main:2151] INFO: Processing 2 of 34
[11:22:07] [udemy-downloader] [main:2151] INFO: Processing 3 of 34
[11:22:07] [udemy-downloader] [main:2151] INFO: Processing 4 of 34
[11:22:07] [udemy-downloader] [main:2151] INFO: Processing 5 of 34
[11:22:07] [udemy-downloader] [main:2151] INFO: Processing 7 of 34
[11:22:07] [udemy-downloader] [main:2151] INFO: Processing 8 of 34
[11:22:07] [udemy-downloader] [main:2151] INFO: Processing 9 of 34
[11:22:07] [udemy-downloader] [main:2187] INFO: Processing 10 of 34
[11:22:07] [udemy-downloader] [main:2151] INFO: Processing 12 of 34
[11:22:07] [udemy-downloader] [main:2151] INFO: Processing 13 of 34
[11:22:07] [udemy-downloader] [main:2151] INFO: Processing 14 of 34
[11:22:07] [udemy-downloader] [main:2151] INFO: Processing 15 of 34
[11:22:07] [udemy-downloader] [main:2151] INFO: Processing 16 of 34
[11:22:07] [udemy-downloader] [main:2151] INFO: Processing 17 of 34
[11:22:07] [udemy-downloader] [main:2151] INFO: Processing 18 of 34
[11:22:07] [udemy-downloader] [main:2151] INFO: Processing 19 of 34
[11:22:07] [udemy-downloader] [main:2187] INFO: Processing 20 of 34
[11:22:07] [udemy-downloader] [main:2151] INFO: Processing 22 of 34
[11:22:07] [udemy-downloader] [main:2151] INFO: Processing 23 of 34
[11:22:07] [udemy-downloader] [main:2151] INFO: Processing 24 of 34
[11:22:07] [udemy-downloader] [main:2187] INFO: Processing 25 of 34
[11:22:07] [udemy-downloader] [main:2151] INFO: Processing 27 of 34
[11:22:07] [udemy-downloader] [main:2151] INFO: Processing 28 of 34
[11:22:07] [udemy-downloader] [main:2187] INFO: Processing 29 of 34
[11:22:07] [udemy-downloader] [main:2151] INFO: Processing 31 of 34
[11:22:07] [udemy-downloader] [main:2151] INFO: Processing 32 of 34
[11:22:07] [udemy-downloader] [main:2187] INFO: Processing 33 of 34
[11:22:07] [udemy-downloader] [main:2187] INFO: Processing 34 of 34
[11:22:07] [udemy-downloader] [parse_new:1731] INFO: Chapter(s) (6)
[11:22:07] [udemy-downloader] [parse_new:1732] INFO: Lecture(s) (28)
[11:22:07] [udemy-downloader] [parse_new:1754] INFO: ======= Processing chapter 1 of 6 =======
[11:22:11] [udemy-downloader] [parse_new:1782] INFO:   > Processing lecture 1 of 28
[11:22:11] [udemy-downloader] [process_lecture:1598] INFO:       > Lecture doesn't have DRM, attempting to download...
[11:22:11] [udemy-downloader] [process_lecture:1603] INFO:       ====== Selected quality: video 720
[11:22:12] [udemy-downloader] [parse_new:1808] INFO: Processing 0 caption(s)...
[11:22:12] [udemy-downloader] [parse_new:1822] INFO:     > Processing 0 asset(s) for lecture...
[11:22:17] [udemy-downloader] [parse_new:1782] INFO:   > Processing lecture 2 of 28
[11:22:17] [udemy-downloader] [process_lecture:1598] INFO:       > Lecture doesn't have DRM, attempting to download...
[11:22:17] [udemy-downloader] [process_lecture:1603] INFO:       ====== Selected quality: video 720
[11:22:19] [udemy-downloader] [parse_new:1808] INFO: Processing 0 caption(s)...
[11:22:19] [udemy-downloader] [parse_new:1822] INFO:     > Processing 1 asset(s) for lecture...
[11:22:25] [udemy-downloader] [parse_new:1782] INFO:   > Processing lecture 3 of 28
[11:22:25] [udemy-downloader] [process_lecture:1598] INFO:       > Lecture doesn't have DRM, attempting to download...
[11:22:25] [udemy-downloader] [process_lecture:1603] INFO:       ====== Selected quality: video 720
[11:22:27] [udemy-downloader] [parse_new:1808] INFO: Processing 0 caption(s)...
[11:22:27] [udemy-downloader] [parse_new:1822] INFO:     > Processing 2 asset(s) for lecture...
[11:22:33] [udemy-downloader] [parse_new:1782] INFO:   > Processing lecture 4 of 28
[11:22:33] [udemy-downloader] [process_lecture:1598] INFO:       > Lecture doesn't have DRM, attempting to download...
[11:22:33] [udemy-downloader] [process_lecture:1603] INFO:       ====== Selected quality: video 720
[11:22:37] [udemy-downloader] [parse_new:1808] INFO: Processing 0 caption(s)...
[11:22:37] [udemy-downloader] [parse_new:1822] INFO:     > Processing 2 asset(s) for lecture...
[11:22:38] [udemy-downloader] [parse_new:1754] INFO: ======= Processing chapter 2 of 6 =======
[11:22:42] [udemy-downloader] [parse_new:1782] INFO:   > Processing lecture 5 of 28
[11:22:42] [udemy-downloader] [process_lecture:1598] INFO:       > Lecture doesn't have DRM, attempting to download...
[11:22:42] [udemy-downloader] [process_lecture:1603] INFO:       ====== Selected quality: video 720
[11:22:44] [udemy-downloader] [parse_new:1808] INFO: Processing 0 caption(s)...
[11:22:44] [udemy-downloader] [parse_new:1822] INFO:     > Processing 1 asset(s) for lecture...
[11:22:49] [udemy-downloader] [parse_new:1782] INFO:   > Processing lecture 6 of 28
[11:22:49] [udemy-downloader] [process_lecture:1598] INFO:       > Lecture doesn't have DRM, attempting to download...
[11:22:49] [udemy-downloader] [process_lecture:1603] INFO:       ====== Selected quality: video 720
[11:22:50] [udemy-downloader] [parse_new:1808] INFO: Processing 0 caption(s)...
[11:22:50] [udemy-downloader] [parse_new:1822] INFO:     > Processing 2 asset(s) for lecture...
[11:22:55] [udemy-downloader] [parse_new:1782] INFO:   > Processing lecture 7 of 28
[11:22:55] [udemy-downloader] [process_lecture:1598] INFO:       > Lecture doesn't have DRM, attempting to download...
[11:22:55] [udemy-downloader] [process_lecture:1603] INFO:       ====== Selected quality: video 720
[11:22:58] [udemy-downloader] [parse_new:1808] INFO: Processing 0 caption(s)...
[11:22:58] [udemy-downloader] [parse_new:1822] INFO:     > Processing 2 asset(s) for lecture...
[11:23:00] [udemy-downloader] [process_normal_quiz:1687] INFO:   > Processing quiz 1
[11:23:00] [udemy-downloader] [parse_new:1754] INFO: ======= Processing chapter 3 of 6 =======
[11:23:04] [udemy-downloader] [parse_new:1782] INFO:   > Processing lecture 9 of 28
[11:23:04] [udemy-downloader] [process_lecture:1598] INFO:       > Lecture doesn't have DRM, attempting to download...
[11:23:04] [udemy-downloader] [process_lecture:1603] INFO:       ====== Selected quality: video 720
[11:23:06] [udemy-downloader] [parse_new:1808] INFO: Processing 0 caption(s)...
[11:23:06] [udemy-downloader] [parse_new:1822] INFO:     > Processing 3 asset(s) for lecture...
[11:23:16] [udemy-downloader] [parse_new:1782] INFO:   > Processing lecture 10 of 28
[11:23:16] [udemy-downloader] [process_lecture:1598] INFO:       > Lecture doesn't have DRM, attempting to download...
[11:23:16] [udemy-downloader] [process_lecture:1603] INFO:       ====== Selected quality: video 720
[11:23:19] [udemy-downloader] [parse_new:1808] INFO: Processing 0 caption(s)...
[11:23:19] [udemy-downloader] [parse_new:1822] INFO:     > Processing 3 asset(s) for lecture...
[11:23:28] [udemy-downloader] [parse_new:1782] INFO:   > Processing lecture 11 of 28
[11:23:28] [udemy-downloader] [process_lecture:1598] INFO:       > Lecture doesn't have DRM, attempting to download...
[11:23:28] [udemy-downloader] [process_lecture:1603] INFO:       ====== Selected quality: video 720
[11:23:31] [udemy-downloader] [parse_new:1808] INFO: Processing 0 caption(s)...
[11:23:31] [udemy-downloader] [parse_new:1822] INFO:     > Processing 1 asset(s) for lecture...
[11:23:36] [udemy-downloader] [parse_new:1782] INFO:   > Processing lecture 12 of 28
[11:23:36] [udemy-downloader] [process_lecture:1598] INFO:       > Lecture doesn't have DRM, attempting to download...
[11:23:36] [udemy-downloader] [process_lecture:1603] INFO:       ====== Selected quality: video 720
[11:23:38] [udemy-downloader] [parse_new:1808] INFO: Processing 0 caption(s)...
[11:23:38] [udemy-downloader] [parse_new:1822] INFO:     > Processing 2 asset(s) for lecture...
[11:23:44] [udemy-downloader] [parse_new:1782] INFO:   > Processing lecture 13 of 28
[11:23:44] [udemy-downloader] [process_lecture:1598] INFO:       > Lecture doesn't have DRM, attempting to download...
[11:23:44] [udemy-downloader] [process_lecture:1603] INFO:       ====== Selected quality: video 720
[11:23:46] [udemy-downloader] [parse_new:1808] INFO: Processing 0 caption(s)...
[11:23:46] [udemy-downloader] [parse_new:1822] INFO:     > Processing 1 asset(s) for lecture...
[11:23:50] [udemy-downloader] [parse_new:1782] INFO:   > Processing lecture 14 of 28
[11:23:50] [udemy-downloader] [process_lecture:1598] INFO:       > Lecture doesn't have DRM, attempting to download...
[11:23:50] [udemy-downloader] [process_lecture:1603] INFO:       ====== Selected quality: video 720
[11:23:54] [udemy-downloader] [parse_new:1808] INFO: Processing 0 caption(s)...
[11:23:54] [udemy-downloader] [parse_new:1822] INFO:     > Processing 1 asset(s) for lecture...
[11:23:58] [udemy-downloader] [parse_new:1782] INFO:   > Processing lecture 15 of 28
[11:23:58] [udemy-downloader] [process_lecture:1598] INFO:       > Lecture doesn't have DRM, attempting to download...
[11:23:58] [udemy-downloader] [process_lecture:1603] INFO:       ====== Selected quality: video 720
[11:24:01] [udemy-downloader] [parse_new:1808] INFO: Processing 0 caption(s)...
[11:24:01] [udemy-downloader] [parse_new:1822] INFO:     > Processing 2 asset(s) for lecture...
[11:24:06] [udemy-downloader] [parse_new:1782] INFO:   > Processing lecture 16 of 28
[11:24:06] [udemy-downloader] [process_lecture:1598] INFO:       > Lecture doesn't have DRM, attempting to download...
[11:24:06] [udemy-downloader] [process_lecture:1603] INFO:       ====== Selected quality: video 720
[11:24:09] [udemy-downloader] [parse_new:1808] INFO: Processing 0 caption(s)...
[11:24:09] [udemy-downloader] [parse_new:1822] INFO:     > Processing 1 asset(s) for lecture...
[11:24:10] [udemy-downloader] [process_normal_quiz:1687] INFO:   > Processing quiz 2
[11:24:10] [udemy-downloader] [parse_new:1754] INFO: ======= Processing chapter 4 of 6 =======
[11:24:14] [udemy-downloader] [parse_new:1782] INFO:   > Processing lecture 18 of 28
[11:24:14] [udemy-downloader] [process_lecture:1598] INFO:       > Lecture doesn't have DRM, attempting to download...
[11:24:14] [udemy-downloader] [process_lecture:1603] INFO:       ====== Selected quality: video 720
[11:24:17] [udemy-downloader] [parse_new:1808] INFO: Processing 0 caption(s)...
[11:24:17] [udemy-downloader] [parse_new:1822] INFO:     > Processing 2 asset(s) for lecture...
[11:24:22] [udemy-downloader] [parse_new:1782] INFO:   > Processing lecture 19 of 28
[11:24:22] [udemy-downloader] [process_lecture:1598] INFO:       > Lecture doesn't have DRM, attempting to download...
[11:24:22] [udemy-downloader] [process_lecture:1603] INFO:       ====== Selected quality: video 720
[11:24:24] [udemy-downloader] [parse_new:1808] INFO: Processing 0 caption(s)...
[11:24:24] [udemy-downloader] [parse_new:1822] INFO:     > Processing 1 asset(s) for lecture...
[11:24:28] [udemy-downloader] [parse_new:1782] INFO:   > Processing lecture 20 of 28
[11:24:28] [udemy-downloader] [process_lecture:1598] INFO:       > Lecture doesn't have DRM, attempting to download...
[11:24:28] [udemy-downloader] [process_lecture:1603] INFO:       ====== Selected quality: video 720
[11:24:31] [udemy-downloader] [parse_new:1808] INFO: Processing 0 caption(s)...
[11:24:31] [udemy-downloader] [parse_new:1822] INFO:     > Processing 1 asset(s) for lecture...
[11:24:33] [udemy-downloader] [process_normal_quiz:1687] INFO:   > Processing quiz 3
[11:24:33] [udemy-downloader] [parse_new:1754] INFO: ======= Processing chapter 5 of 6 =======
[11:24:36] [udemy-downloader] [parse_new:1782] INFO:   > Processing lecture 22 of 28
[11:24:36] [udemy-downloader] [process_lecture:1598] INFO:       > Lecture doesn't have DRM, attempting to download...
[11:24:36] [udemy-downloader] [process_lecture:1603] INFO:       ====== Selected quality: video 720
[11:24:39] [udemy-downloader] [parse_new:1808] INFO: Processing 0 caption(s)...
[11:24:39] [udemy-downloader] [parse_new:1822] INFO:     > Processing 2 asset(s) for lecture...
[11:24:45] [udemy-downloader] [parse_new:1782] INFO:   > Processing lecture 23 of 28
[11:24:45] [udemy-downloader] [process_lecture:1598] INFO:       > Lecture doesn't have DRM, attempting to download...
[11:24:45] [udemy-downloader] [process_lecture:1603] INFO:       ====== Selected quality: video 720
[11:24:47] [udemy-downloader] [parse_new:1808] INFO: Processing 0 caption(s)...
[11:24:47] [udemy-downloader] [parse_new:1822] INFO:     > Processing 1 asset(s) for lecture...
[11:24:48] [udemy-downloader] [process_normal_quiz:1687] INFO:   > Processing quiz 4
[11:24:48] [udemy-downloader] [parse_new:1754] INFO: ======= Processing chapter 6 of 6 =======
[11:24:53] [udemy-downloader] [parse_new:1782] INFO:   > Processing lecture 25 of 28
[11:24:53] [udemy-downloader] [process_lecture:1598] INFO:       > Lecture doesn't have DRM, attempting to download...
[11:24:53] [udemy-downloader] [process_lecture:1603] INFO:       ====== Selected quality: video 720
[11:24:55] [udemy-downloader] [parse_new:1808] INFO: Processing 0 caption(s)...
[11:24:55] [udemy-downloader] [parse_new:1822] INFO:     > Processing 1 asset(s) for lecture...
[11:25:00] [udemy-downloader] [parse_new:1782] INFO:   > Processing lecture 26 of 28
[11:25:00] [udemy-downloader] [process_lecture:1598] INFO:       > Lecture doesn't have DRM, attempting to download...
[11:25:00] [udemy-downloader] [process_lecture:1603] INFO:       ====== Selected quality: video 720
[11:25:03] [udemy-downloader] [parse_new:1808] INFO: Processing 0 caption(s)...
[11:25:03] [udemy-downloader] [parse_new:1822] INFO:     > Processing 1 asset(s) for lecture...
[11:25:04] [udemy-downloader] [process_normal_quiz:1687] INFO:   > Processing quiz 5
[11:25:04] [udemy-downloader] [process_normal_quiz:1687] INFO:   > Processing quiz 1
