{"timestamp":"2026-01-15T08:26:31.586Z","level":"info","category":"download","source":"python_worker","orderId":19,"taskId":27,"message":"Download started","details":{"courseUrl":"https://samsungu.udemy.com/course/sinavlar-ve-mulakatlar-icin-html5-ve-css3-deneme-sinavlari/"},"progress":null,"currentFile":null,"stack":null,"metadata":null}
{"timestamp":"2026-01-15T08:26:31.618Z","level":"info","category":"download","source":"python_worker","orderId":19,"taskId":27,"message":"Download progress: 30% (Downloading course content...)","details":{"attempt":1},"progress":30,"currentFile":"Downloading course content...","stack":null,"metadata":null}

============================================================
[2026-01-15T15:26:31.621890] Starting download for task 27
Command: /usr/bin/python3 main.py -c https://samsungu.udemy.com/course/sinavlar-ve-mulakatlar-icin-html5-ve-css3-deneme-sinavlari/ -b BXkdOY7L4dK19hrNj1GnplHFHoMbkXpiLlSn9dcU -o Staging_Download/Task_27 -q 720 --download-captions --download-assets --download-quizzes --concurrent-downloads 10 --continue-lecture-numbers
============================================================
[32m[03:26:32][0m [34m[udemy-downloader][0m [pre_run:376] [1;30mINFO:[0m Output directory set to /root/project/server/udemy_dl/Staging_Download/Task_27
[32m[03:26:32][0m [34m[udemy-downloader][0m [pre_run:386] [1;30mWARNING:[0m [33m> Keyfile not found! You won't be able to decrypt any encrypted videos![0m
[32m[03:26:33][0m [34m[udemy-downloader][0m [visit:1185] [1;30mINFO:[0m Visit request successful
[32m[03:26:33][0m [34m[udemy-downloader][0m [main:2026] [1;30mINFO:[0m > Fetching course information, this may take a minute...
[32m[03:26:34][0m [34m[udemy-downloader][0m [_handle_pagination:896] [1;30mINFO:[0m > Downloading data page 2/2
[32m[03:26:35][0m [34m[udemy-downloader][0m [main:2029] [1;30mINFO:[0m > Course information retrieved!
[32m[03:26:35][0m [34m[udemy-downloader][0m [main:2034] [1;30mINFO:[0m > Fetching course curriculum, this may take a minute...
[32m[03:26:35][0m [34m[udemy-downloader][0m [main:2058] [1;30mINFO:[0m > Course curriculum retrieved!
[32m[03:26:35][0m [34m[udemy-downloader][0m [main:2089] [1;30mINFO:[0m > Processing course data, this may take a minute. 
[32m[03:26:35][0m [34m[udemy-downloader][0m [main:2169] [1;30mINFO:[0m Processing 1 of 6
[32m[03:26:35][0m [34m[udemy-downloader][0m [main:2169] [1;30mINFO:[0m Processing 2 of 6
[32m[03:26:35][0m [34m[udemy-downloader][0m [main:2169] [1;30mINFO:[0m Processing 3 of 6
[32m[03:26:35][0m [34m[udemy-downloader][0m [main:2169] [1;30mINFO:[0m Processing 4 of 6
[32m[03:26:35][0m [34m[udemy-downloader][0m [main:2169] [1;30mINFO:[0m Processing 5 of 6
[32m[03:26:35][0m [34m[udemy-downloader][0m [main:2169] [1;30mINFO:[0m Processing 6 of 6
[32m[03:26:35][0m [34m[udemy-downloader][0m [parse_new:1713] [1;30mINFO:[0m Chapter(s) (1)
[32m[03:26:35][0m [34m[udemy-downloader][0m [parse_new:1714] [1;30mINFO:[0m Lecture(s) (6)
[32m[03:26:35][0m [34m[udemy-downloader][0m [parse_new:1736] [1;30mINFO:[0m ======= Processing chapter 1 of 1 =======
[32m[03:26:36][0m [34m[udemy-downloader][0m [process_normal_quiz:1669] [1;30mINFO:[0m   > Processing quiz 1
[32m[03:26:36][0m [34m[udemy-downloader][0m [process_normal_quiz:1669] [1;30mINFO:[0m   > Processing quiz 2
[32m[03:26:36][0m [34m[udemy-downloader][0m [process_normal_quiz:1669] [1;30mINFO:[0m   > Processing quiz 3
[32m[03:26:37][0m [34m[udemy-downloader][0m [process_normal_quiz:1669] [1;30mINFO:[0m   > Processing quiz 4
[32m[03:26:37][0m [34m[udemy-downloader][0m [process_normal_quiz:1669] [1;30mINFO:[0m   > Processing quiz 5
[32m[03:26:38][0m [34m[udemy-downloader][0m [process_normal_quiz:1669] [1;30mINFO:[0m   > Processing quiz 6
{"timestamp":"2026-01-15T08:26:38.673Z","level":"info","category":"download","source":"python_worker","orderId":19,"taskId":27,"message":"Download progress: 70% (Download completed, preparing upload...)","details":{"duration":7,"attempt":1},"progress":70,"currentFile":"Download completed, preparing upload...","stack":null,"metadata":null}
{"timestamp":"2026-01-15T08:26:43.865Z","level":"info","category":"download","source":"python_worker","orderId":19,"taskId":27,"message":"Download progress: 100% (Task completed successfully!)","details":{"duration":12,"folderName":"sinavlar-ve-mulakatlar-icin-html5-ve-css3-deneme-sinavlari"},"progress":100,"currentFile":"Task completed successfully!","stack":null,"metadata":null}
