{"timestamp":"2026-01-16T12:49:02.145Z","level":"info","category":"download","source":"python_worker","orderId":34,"taskId":48,"message":"Download started","details":{"courseUrl":"https://samsungu.udemy.com/course/machine-learning-for-absolute-beginners-level-2/"},"progress":null,"currentFile":null,"stack":null,"metadata":null}
{"timestamp":"2026-01-16T12:49:02.168Z","level":"info","category":"download","source":"python_worker","orderId":34,"taskId":48,"message":"Download progress: 30% (Downloading course content...)","details":{"attempt":1},"progress":30,"currentFile":"Downloading course content...","stack":null,"metadata":null}

============================================================
[2026-01-16T19:49:02.173525] Starting download for task 48
Command: /usr/bin/python3 main.py -c https://samsungu.udemy.com/course/machine-learning-for-absolute-beginners-level-2/ -b BXkdOY7L4dK19hrNj1GnplHFHoMbkXpiLlSn9dcU -o Staging_Download/Task_48 -q 720 --download-captions --download-assets --download-quizzes --concurrent-downloads 10 --continue-lecture-numbers
============================================================

============================================================
[LOGGING MODULE] Starting download process
============================================================
[07:49:02] [udemy-downloader] [pre_run:394] INFO: Output directory set to /root/project/server/udemy_dl/Staging_Download/Task_48
[07:49:02] [udemy-downloader] [pre_run:404] WARNING: > Keyfile not found! You won't be able to decrypt any encrypted videos!
[07:49:03] [udemy-downloader] [visit:1203] INFO: Visit request successful
[07:49:03] [udemy-downloader] [main:2044] INFO: > Fetching course information, this may take a minute...
[07:49:04] [udemy-downloader] [_handle_pagination:914] INFO: > Downloading data page 2/2
[07:49:05] [udemy-downloader] [main:2047] INFO: > Course information retrieved!
[07:49:05] [udemy-downloader] [main:2052] INFO: > Fetching course curriculum, this may take a minute...
[07:49:13] [udemy-downloader] [main:2076] INFO: > Course curriculum retrieved!
[07:49:13] [udemy-downloader] [main:2107] INFO: > Processing course data, this may take a minute. 
[07:49:13] [udemy-downloader] [main:2151] INFO: Processing 2 of 48
[07:49:13] [udemy-downloader] [main:2151] INFO: Processing 3 of 48
[07:49:13] [udemy-downloader] [main:2151] INFO: Processing 4 of 48
[07:49:13] [udemy-downloader] [main:2151] INFO: Processing 5 of 48
[07:49:13] [udemy-downloader] [main:2151] INFO: Processing 7 of 48
[07:49:13] [udemy-downloader] [main:2151] INFO: Processing 8 of 48
[07:49:13] [udemy-downloader] [main:2151] INFO: Processing 9 of 48
[07:49:13] [udemy-downloader] [main:2151] INFO: Processing 10 of 48
[07:49:13] [udemy-downloader] [main:2151] INFO: Processing 11 of 48
[07:49:13] [udemy-downloader] [main:2151] INFO: Processing 12 of 48
[07:49:13] [udemy-downloader] [main:2151] INFO: Processing 13 of 48
[07:49:13] [udemy-downloader] [main:2151] INFO: Processing 14 of 48
[07:49:13] [udemy-downloader] [main:2151] INFO: Processing 15 of 48
[07:49:13] [udemy-downloader] [main:2151] INFO: Processing 16 of 48
[07:49:13] [udemy-downloader] [main:2151] INFO: Processing 17 of 48
[07:49:13] [udemy-downloader] [main:2151] INFO: Processing 19 of 48
[07:49:13] [udemy-downloader] [main:2151] INFO: Processing 20 of 48
[07:49:13] [udemy-downloader] [main:2151] INFO: Processing 21 of 48
[07:49:13] [udemy-downloader] [main:2151] INFO: Processing 22 of 48
[07:49:13] [udemy-downloader] [main:2151] INFO: Processing 23 of 48
[07:49:13] [udemy-downloader] [main:2151] INFO: Processing 25 of 48
[07:49:13] [udemy-downloader] [main:2151] INFO: Processing 26 of 48
[07:49:13] [udemy-downloader] [main:2151] INFO: Processing 27 of 48
[07:49:13] [udemy-downloader] [main:2151] INFO: Processing 28 of 48
[07:49:13] [udemy-downloader] [main:2151] INFO: Processing 29 of 48
[07:49:13] [udemy-downloader] [main:2151] INFO: Processing 30 of 48
[07:49:13] [udemy-downloader] [main:2151] INFO: Processing 31 of 48
[07:49:13] [udemy-downloader] [main:2151] INFO: Processing 32 of 48
[07:49:13] [udemy-downloader] [main:2151] INFO: Processing 33 of 48
[07:49:13] [udemy-downloader] [main:2151] INFO: Processing 34 of 48
[07:49:13] [udemy-downloader] [main:2151] INFO: Processing 35 of 48
[07:49:13] [udemy-downloader] [main:2151] INFO: Processing 37 of 48
[07:49:13] [udemy-downloader] [main:2151] INFO: Processing 38 of 48
[07:49:13] [udemy-downloader] [main:2151] INFO: Processing 39 of 48
[07:49:13] [udemy-downloader] [main:2151] INFO: Processing 40 of 48
[07:49:13] [udemy-downloader] [main:2151] INFO: Processing 41 of 48
[07:49:13] [udemy-downloader] [main:2151] INFO: Processing 42 of 48
[07:49:13] [udemy-downloader] [main:2151] INFO: Processing 43 of 48
[07:49:13] [udemy-downloader] [main:2151] INFO: Processing 44 of 48
[07:49:13] [udemy-downloader] [main:2151] INFO: Processing 45 of 48
[07:49:13] [udemy-downloader] [main:2151] INFO: Processing 47 of 48
[07:49:13] [udemy-downloader] [main:2151] INFO: Processing 48 of 48
[07:49:13] [udemy-downloader] [parse_new:1731] INFO: Chapter(s) (6)
[07:49:13] [udemy-downloader] [parse_new:1732] INFO: Lecture(s) (42)
[07:49:13] [udemy-downloader] [parse_new:1754] INFO: ======= Processing chapter 1 of 6 =======
[07:49:17] [udemy-downloader] [parse_new:1782] INFO:   > Processing lecture 1 of 42
[07:49:17] [udemy-downloader] [process_lecture:1598] INFO:       > Lecture doesn't have DRM, attempting to download...
[07:49:17] [udemy-downloader] [process_lecture:1603] INFO:       ====== Selected quality: video 720
[07:49:20] [udemy-downloader] [parse_new:1808] INFO: Processing 6 caption(s)...
[07:49:20] [udemy-downloader] [process_caption:1546] INFO:     >  Downloading caption: '001 Welcome!_en.vtt'
[07:49:21] [udemy-downloader] [process_caption:1559] INFO:     > Converting caption to SRT format...
[07:49:21] [udemy-downloader] [process_caption:1561] INFO:     > Caption conversion complete.
[07:49:21] [udemy-downloader] [parse_new:1822] INFO:     > Processing 0 asset(s) for lecture...
[07:49:24] [udemy-downloader] [parse_new:1782] INFO:   > Processing lecture 2 of 42
[07:49:24] [udemy-downloader] [process_lecture:1598] INFO:       > Lecture doesn't have DRM, attempting to download...
[07:49:24] [udemy-downloader] [process_lecture:1603] INFO:       ====== Selected quality: video 720
[07:49:32] [udemy-downloader] [parse_new:1808] INFO: Processing 6 caption(s)...
[07:49:32] [udemy-downloader] [process_caption:1546] INFO:     >  Downloading caption: '002 Anaconda Installation_en.vtt'
[07:49:33] [udemy-downloader] [process_caption:1559] INFO:     > Converting caption to SRT format...
[07:49:33] [udemy-downloader] [process_caption:1561] INFO:     > Caption conversion complete.
[07:49:33] [udemy-downloader] [parse_new:1822] INFO:     > Processing 0 asset(s) for lecture...
[07:49:36] [udemy-downloader] [parse_new:1782] INFO:   > Processing lecture 3 of 42
[07:49:36] [udemy-downloader] [process_lecture:1598] INFO:       > Lecture doesn't have DRM, attempting to download...
[07:49:36] [udemy-downloader] [process_lecture:1603] INFO:       ====== Selected quality: video 720
[07:49:42] [udemy-downloader] [parse_new:1808] INFO: Processing 6 caption(s)...
[07:49:42] [udemy-downloader] [process_caption:1546] INFO:     >  Downloading caption: '003 JupyterLab Overview_en.vtt'
[07:49:42] [udemy-downloader] [process_caption:1559] INFO:     > Converting caption to SRT format...
[07:49:42] [udemy-downloader] [process_caption:1561] INFO:     > Caption conversion complete.
[07:49:42] [udemy-downloader] [parse_new:1822] INFO:     > Processing 0 asset(s) for lecture...
[07:49:48] [udemy-downloader] [parse_new:1782] INFO:   > Processing lecture 4 of 42
[07:49:48] [udemy-downloader] [process_lecture:1598] INFO:       > Lecture doesn't have DRM, attempting to download...
[07:49:48] [udemy-downloader] [process_lecture:1603] INFO:       ====== Selected quality: video 720
[07:49:57] [udemy-downloader] [parse_new:1808] INFO: Processing 6 caption(s)...
[07:49:57] [udemy-downloader] [process_caption:1546] INFO:     >  Downloading caption: '004 Working with a Jupyter Notebook_en.vtt'
[07:49:57] [udemy-downloader] [process_caption:1559] INFO:     > Converting caption to SRT format...
[07:49:57] [udemy-downloader] [process_caption:1561] INFO:     > Caption conversion complete.
[07:49:57] [udemy-downloader] [parse_new:1822] INFO:     > Processing 0 asset(s) for lecture...
[07:49:57] [udemy-downloader] [parse_new:1754] INFO: ======= Processing chapter 2 of 6 =======
[07:50:02] [udemy-downloader] [parse_new:1782] INFO:   > Processing lecture 5 of 42
[07:50:02] [udemy-downloader] [process_lecture:1598] INFO:       > Lecture doesn't have DRM, attempting to download...
[07:50:02] [udemy-downloader] [process_lecture:1603] INFO:       ====== Selected quality: video 720
[07:50:04] [udemy-downloader] [parse_new:1808] INFO: Processing 6 caption(s)...
[07:50:04] [udemy-downloader] [process_caption:1546] INFO:     >  Downloading caption: '005 Overview_en.vtt'
[07:50:04] [udemy-downloader] [process_caption:1559] INFO:     > Converting caption to SRT format...
[07:50:04] [udemy-downloader] [process_caption:1561] INFO:     > Caption conversion complete.
[07:50:04] [udemy-downloader] [parse_new:1822] INFO:     > Processing 0 asset(s) for lecture...
[07:50:08] [udemy-downloader] [parse_new:1782] INFO:   > Processing lecture 6 of 42
[07:50:08] [udemy-downloader] [process_lecture:1598] INFO:       > Lecture doesn't have DRM, attempting to download...
[07:50:08] [udemy-downloader] [process_lecture:1603] INFO:       ====== Selected quality: video 720
[07:50:13] [udemy-downloader] [parse_new:1808] INFO: Processing 6 caption(s)...
[07:50:13] [udemy-downloader] [process_caption:1546] INFO:     >  Downloading caption: '006 Variables and Data Types_en.vtt'
[07:50:13] [udemy-downloader] [process_caption:1559] INFO:     > Converting caption to SRT format...
[07:50:13] [udemy-downloader] [process_caption:1561] INFO:     > Caption conversion complete.
[07:50:13] [udemy-downloader] [parse_new:1822] INFO:     > Processing 0 asset(s) for lecture...
[07:50:19] [udemy-downloader] [parse_new:1782] INFO:   > Processing lecture 7 of 42
[07:50:19] [udemy-downloader] [process_lecture:1598] INFO:       > Lecture doesn't have DRM, attempting to download...
[07:50:19] [udemy-downloader] [process_lecture:1603] INFO:       ====== Selected quality: video 720
[07:50:25] [udemy-downloader] [parse_new:1808] INFO: Processing 6 caption(s)...
[07:50:25] [udemy-downloader] [process_caption:1546] INFO:     >  Downloading caption: '007 Strings_en.vtt'
[07:50:26] [udemy-downloader] [process_caption:1559] INFO:     > Converting caption to SRT format...
[07:50:26] [udemy-downloader] [process_caption:1561] INFO:     > Caption conversion complete.
[07:50:26] [udemy-downloader] [parse_new:1822] INFO:     > Processing 0 asset(s) for lecture...
[07:50:30] [udemy-downloader] [parse_new:1782] INFO:   > Processing lecture 8 of 42
[07:50:30] [udemy-downloader] [process_lecture:1598] INFO:       > Lecture doesn't have DRM, attempting to download...
[07:50:30] [udemy-downloader] [process_lecture:1603] INFO:       ====== Selected quality: video 720
[07:50:36] [udemy-downloader] [parse_new:1808] INFO: Processing 6 caption(s)...
[07:50:36] [udemy-downloader] [process_caption:1546] INFO:     >  Downloading caption: '008 Lists_en.vtt'
[07:50:36] [udemy-downloader] [process_caption:1559] INFO:     > Converting caption to SRT format...
[07:50:36] [udemy-downloader] [process_caption:1561] INFO:     > Caption conversion complete.
[07:50:36] [udemy-downloader] [parse_new:1822] INFO:     > Processing 0 asset(s) for lecture...
[07:50:41] [udemy-downloader] [parse_new:1782] INFO:   > Processing lecture 9 of 42
[07:50:41] [udemy-downloader] [process_lecture:1598] INFO:       > Lecture doesn't have DRM, attempting to download...
[07:50:41] [udemy-downloader] [process_lecture:1603] INFO:       ====== Selected quality: video 720
[07:50:53] [udemy-downloader] [parse_new:1808] INFO: Processing 6 caption(s)...
[07:50:53] [udemy-downloader] [process_caption:1546] INFO:     >  Downloading caption: '009 IF and For-Loop Statements_en.vtt'
[07:50:53] [udemy-downloader] [process_caption:1559] INFO:     > Converting caption to SRT format...
[07:50:53] [udemy-downloader] [process_caption:1561] INFO:     > Caption conversion complete.
[07:50:53] [udemy-downloader] [parse_new:1822] INFO:     > Processing 0 asset(s) for lecture...
[07:50:57] [udemy-downloader] [parse_new:1782] INFO:   > Processing lecture 10 of 42
[07:50:57] [udemy-downloader] [process_lecture:1598] INFO:       > Lecture doesn't have DRM, attempting to download...
[07:50:57] [udemy-downloader] [process_lecture:1603] INFO:       ====== Selected quality: video 720
[07:51:02] [udemy-downloader] [parse_new:1808] INFO: Processing 6 caption(s)...
[07:51:02] [udemy-downloader] [process_caption:1546] INFO:     >  Downloading caption: '010 Functions_en.vtt'
[07:51:02] [udemy-downloader] [process_caption:1559] INFO:     > Converting caption to SRT format...
[07:51:02] [udemy-downloader] [process_caption:1561] INFO:     > Caption conversion complete.
[07:51:02] [udemy-downloader] [parse_new:1822] INFO:     > Processing 0 asset(s) for lecture...
[07:51:07] [udemy-downloader] [parse_new:1782] INFO:   > Processing lecture 11 of 42
[07:51:07] [udemy-downloader] [process_lecture:1598] INFO:       > Lecture doesn't have DRM, attempting to download...
[07:51:07] [udemy-downloader] [process_lecture:1603] INFO:       ====== Selected quality: video 720
[07:51:18] [udemy-downloader] [parse_new:1808] INFO: Processing 6 caption(s)...
[07:51:18] [udemy-downloader] [process_caption:1546] INFO:     >  Downloading caption: '011 Dictionaries_en.vtt'
[07:51:18] [udemy-downloader] [process_caption:1559] INFO:     > Converting caption to SRT format...
[07:51:18] [udemy-downloader] [process_caption:1561] INFO:     > Caption conversion complete.
[07:51:18] [udemy-downloader] [parse_new:1822] INFO:     > Processing 0 asset(s) for lecture...
[07:51:25] [udemy-downloader] [parse_new:1782] INFO:   > Processing lecture 12 of 42
[07:51:25] [udemy-downloader] [process_lecture:1598] INFO:       > Lecture doesn't have DRM, attempting to download...
[07:51:25] [udemy-downloader] [process_lecture:1603] INFO:       ====== Selected quality: video 720
[07:51:30] [udemy-downloader] [parse_new:1808] INFO: Processing 6 caption(s)...
[07:51:30] [udemy-downloader] [process_caption:1546] INFO:     >  Downloading caption: '012 Classes, Objects, Attributes, and Methods_en.vtt'
[07:51:30] [udemy-downloader] [process_caption:1559] INFO:     > Converting caption to SRT format...
[07:51:30] [udemy-downloader] [process_caption:1561] INFO:     > Caption conversion complete.
[07:51:30] [udemy-downloader] [parse_new:1822] INFO:     > Processing 0 asset(s) for lecture...
[07:51:35] [udemy-downloader] [parse_new:1782] INFO:   > Processing lecture 13 of 42
[07:51:35] [udemy-downloader] [process_lecture:1598] INFO:       > Lecture doesn't have DRM, attempting to download...
[07:51:35] [udemy-downloader] [process_lecture:1603] INFO:       ====== Selected quality: video 720
[07:51:40] [udemy-downloader] [parse_new:1808] INFO: Processing 6 caption(s)...
[07:51:40] [udemy-downloader] [process_caption:1546] INFO:     >  Downloading caption: '013 Importing Modules_en.vtt'
[07:51:40] [udemy-downloader] [process_caption:1559] INFO:     > Converting caption to SRT format...
[07:51:41] [udemy-downloader] [process_caption:1561] INFO:     > Caption conversion complete.
[07:51:41] [udemy-downloader] [parse_new:1822] INFO:     > Processing 0 asset(s) for lecture...
[07:51:45] [udemy-downloader] [parse_new:1782] INFO:   > Processing lecture 14 of 42
[07:51:45] [udemy-downloader] [process_lecture:1598] INFO:       > Lecture doesn't have DRM, attempting to download...
[07:51:45] [udemy-downloader] [process_lecture:1603] INFO:       ====== Selected quality: video 720
[07:51:49] [udemy-downloader] [parse_new:1808] INFO: Processing 6 caption(s)...
[07:51:49] [udemy-downloader] [process_caption:1546] INFO:     >  Downloading caption: '014 Libraries for Data Science Projects_en.vtt'
[07:51:50] [udemy-downloader] [process_caption:1559] INFO:     > Converting caption to SRT format...
[07:51:50] [udemy-downloader] [process_caption:1561] INFO:     > Caption conversion complete.
[07:51:50] [udemy-downloader] [parse_new:1822] INFO:     > Processing 0 asset(s) for lecture...
[07:51:53] [udemy-downloader] [parse_new:1782] INFO:   > Processing lecture 15 of 42
[07:51:53] [udemy-downloader] [process_lecture:1598] INFO:       > Lecture doesn't have DRM, attempting to download...
[07:51:53] [udemy-downloader] [process_lecture:1603] INFO:       ====== Selected quality: video 720
[07:51:55] [udemy-downloader] [parse_new:1808] INFO: Processing 6 caption(s)...
[07:51:55] [udemy-downloader] [process_caption:1546] INFO:     >  Downloading caption: '015 Exercise #1 - Python Fundamentals_en.vtt'
[07:51:55] [udemy-downloader] [process_caption:1559] INFO:     > Converting caption to SRT format...
[07:51:55] [udemy-downloader] [process_caption:1561] INFO:     > Caption conversion complete.
[07:51:55] [udemy-downloader] [parse_new:1822] INFO:     > Processing 1 asset(s) for lecture...
[07:51:56] [udemy-downloader] [parse_new:1754] INFO: ======= Processing chapter 3 of 6 =======
[07:52:01] [udemy-downloader] [parse_new:1782] INFO:   > Processing lecture 16 of 42
[07:52:01] [udemy-downloader] [process_lecture:1598] INFO:       > Lecture doesn't have DRM, attempting to download...
[07:52:01] [udemy-downloader] [process_lecture:1603] INFO:       ====== Selected quality: video 720
[07:52:04] [udemy-downloader] [parse_new:1808] INFO: Processing 6 caption(s)...
[07:52:04] [udemy-downloader] [process_caption:1546] INFO:     >  Downloading caption: '016 Overview_en.vtt'
[07:52:04] [udemy-downloader] [process_caption:1559] INFO:     > Converting caption to SRT format...
[07:52:04] [udemy-downloader] [process_caption:1561] INFO:     > Caption conversion complete.
[07:52:04] [udemy-downloader] [parse_new:1822] INFO:     > Processing 0 asset(s) for lecture...
[07:52:08] [udemy-downloader] [parse_new:1782] INFO:   > Processing lecture 17 of 42
[07:52:08] [udemy-downloader] [process_lecture:1598] INFO:       > Lecture doesn't have DRM, attempting to download...
[07:52:08] [udemy-downloader] [process_lecture:1603] INFO:       ====== Selected quality: video 720
[07:52:13] [udemy-downloader] [parse_new:1808] INFO: Processing 6 caption(s)...
[07:52:13] [udemy-downloader] [process_caption:1546] INFO:     >  Downloading caption: '017 Series Data Structure (1D)_en.vtt'
[07:52:13] [udemy-downloader] [process_caption:1559] INFO:     > Converting caption to SRT format...
[07:52:13] [udemy-downloader] [process_caption:1561] INFO:     > Caption conversion complete.
[07:52:13] [udemy-downloader] [parse_new:1822] INFO:     > Processing 0 asset(s) for lecture...
[07:52:18] [udemy-downloader] [parse_new:1782] INFO:   > Processing lecture 18 of 42
[07:52:18] [udemy-downloader] [process_lecture:1598] INFO:       > Lecture doesn't have DRM, attempting to download...
[07:52:18] [udemy-downloader] [process_lecture:1603] INFO:       ====== Selected quality: video 720
[07:52:22] [udemy-downloader] [parse_new:1808] INFO: Processing 6 caption(s)...
[07:52:22] [udemy-downloader] [process_caption:1546] INFO:     >  Downloading caption: '018 DataFrame Data Structure (2D)_en.vtt'
[07:52:22] [udemy-downloader] [process_caption:1559] INFO:     > Converting caption to SRT format...
[07:52:22] [udemy-downloader] [process_caption:1561] INFO:     > Caption conversion complete.
[07:52:22] [udemy-downloader] [parse_new:1822] INFO:     > Processing 0 asset(s) for lecture...
[07:52:27] [udemy-downloader] [parse_new:1782] INFO:   > Processing lecture 19 of 42
[07:52:27] [udemy-downloader] [process_lecture:1598] INFO:       > Lecture doesn't have DRM, attempting to download...
[07:52:27] [udemy-downloader] [process_lecture:1603] INFO:       ====== Selected quality: video 720
[07:52:32] [udemy-downloader] [parse_new:1808] INFO: Processing 6 caption(s)...
[07:52:32] [udemy-downloader] [process_caption:1546] INFO:     >  Downloading caption: '019 Data Selection in a DataFrame_en.vtt'
[07:52:32] [udemy-downloader] [process_caption:1559] INFO:     > Converting caption to SRT format...
[07:52:32] [udemy-downloader] [process_caption:1561] INFO:     > Caption conversion complete.
[07:52:32] [udemy-downloader] [parse_new:1822] INFO:     > Processing 0 asset(s) for lecture...
[07:52:35] [udemy-downloader] [parse_new:1782] INFO:   > Processing lecture 20 of 42
[07:52:35] [udemy-downloader] [process_lecture:1598] INFO:       > Lecture doesn't have DRM, attempting to download...
[07:52:35] [udemy-downloader] [process_lecture:1603] INFO:       ====== Selected quality: video 720
[07:52:37] [udemy-downloader] [parse_new:1808] INFO: Processing 6 caption(s)...
[07:52:37] [udemy-downloader] [process_caption:1546] INFO:     >  Downloading caption: '020 Exercise #2 – Pandas Series and DataFrame_en.vtt'
[07:52:37] [udemy-downloader] [process_caption:1559] INFO:     > Converting caption to SRT format...
[07:52:37] [udemy-downloader] [process_caption:1561] INFO:     > Caption conversion complete.
[07:52:37] [udemy-downloader] [parse_new:1822] INFO:     > Processing 1 asset(s) for lecture...
[07:52:38] [udemy-downloader] [parse_new:1754] INFO: ======= Processing chapter 4 of 6 =======
[07:52:41] [udemy-downloader] [parse_new:1782] INFO:   > Processing lecture 21 of 42
[07:52:41] [udemy-downloader] [process_lecture:1598] INFO:       > Lecture doesn't have DRM, attempting to download...
[07:52:41] [udemy-downloader] [process_lecture:1603] INFO:       ====== Selected quality: video 720
[07:52:43] [udemy-downloader] [parse_new:1808] INFO: Processing 6 caption(s)...
[07:52:43] [udemy-downloader] [process_caption:1546] INFO:     >  Downloading caption: '021 Overview_en.vtt'
[07:52:43] [udemy-downloader] [process_caption:1559] INFO:     > Converting caption to SRT format...
[07:52:43] [udemy-downloader] [process_caption:1561] INFO:     > Caption conversion complete.
[07:52:43] [udemy-downloader] [parse_new:1822] INFO:     > Processing 0 asset(s) for lecture...
[07:52:46] [udemy-downloader] [parse_new:1782] INFO:   > Processing lecture 22 of 42
[07:52:46] [udemy-downloader] [process_lecture:1598] INFO:       > Lecture doesn't have DRM, attempting to download...
[07:52:46] [udemy-downloader] [process_lecture:1603] INFO:       ====== Selected quality: video 720
[07:52:54] [udemy-downloader] [parse_new:1808] INFO: Processing 6 caption(s)...
[07:52:54] [udemy-downloader] [process_caption:1546] INFO:     >  Downloading caption: '022 Kaggle and the Titanic Dataset_en.vtt'
[07:52:54] [udemy-downloader] [process_caption:1559] INFO:     > Converting caption to SRT format...
[07:52:54] [udemy-downloader] [process_caption:1561] INFO:     > Caption conversion complete.
[07:52:54] [udemy-downloader] [parse_new:1822] INFO:     > Processing 0 asset(s) for lecture...
[07:52:59] [udemy-downloader] [parse_new:1782] INFO:   > Processing lecture 23 of 42
[07:52:59] [udemy-downloader] [process_lecture:1598] INFO:       > Lecture doesn't have DRM, attempting to download...
[07:52:59] [udemy-downloader] [process_lecture:1603] INFO:       ====== Selected quality: video 720
[07:53:05] [udemy-downloader] [parse_new:1808] INFO: Processing 6 caption(s)...
[07:53:05] [udemy-downloader] [process_caption:1546] INFO:     >  Downloading caption: '023 Loading a Tabular Data File_en.vtt'
[07:53:05] [udemy-downloader] [process_caption:1559] INFO:     > Converting caption to SRT format...
[07:53:05] [udemy-downloader] [process_caption:1561] INFO:     > Caption conversion complete.
[07:53:05] [udemy-downloader] [parse_new:1822] INFO:     > Processing 0 asset(s) for lecture...
[07:53:09] [udemy-downloader] [parse_new:1782] INFO:   > Processing lecture 24 of 42
[07:53:09] [udemy-downloader] [process_lecture:1598] INFO:       > Lecture doesn't have DRM, attempting to download...
[07:53:09] [udemy-downloader] [process_lecture:1603] INFO:       ====== Selected quality: video 720
[07:53:16] [udemy-downloader] [parse_new:1808] INFO: Processing 6 caption(s)...
[07:53:16] [udemy-downloader] [process_caption:1546] INFO:     >  Downloading caption: '024 Adjusting the Loading Parameters_en.vtt'
[07:53:16] [udemy-downloader] [process_caption:1559] INFO:     > Converting caption to SRT format...
[07:53:16] [udemy-downloader] [process_caption:1561] INFO:     > Caption conversion complete.
[07:53:16] [udemy-downloader] [parse_new:1822] INFO:     > Processing 0 asset(s) for lecture...
[07:53:20] [udemy-downloader] [parse_new:1782] INFO:   > Processing lecture 25 of 42
[07:53:20] [udemy-downloader] [process_lecture:1598] INFO:       > Lecture doesn't have DRM, attempting to download...
[07:53:20] [udemy-downloader] [process_lecture:1603] INFO:       ====== Selected quality: video 720
[07:53:27] [udemy-downloader] [parse_new:1808] INFO: Processing 6 caption(s)...
[07:53:27] [udemy-downloader] [process_caption:1546] INFO:     >  Downloading caption: '025 Preview the DataFrame_en.vtt'
[07:53:28] [udemy-downloader] [process_caption:1559] INFO:     > Converting caption to SRT format...
[07:53:28] [udemy-downloader] [process_caption:1561] INFO:     > Caption conversion complete.
[07:53:28] [udemy-downloader] [parse_new:1822] INFO:     > Processing 0 asset(s) for lecture...
[07:53:32] [udemy-downloader] [parse_new:1782] INFO:   > Processing lecture 26 of 42
[07:53:32] [udemy-downloader] [process_lecture:1598] INFO:       > Lecture doesn't have DRM, attempting to download...
[07:53:32] [udemy-downloader] [process_lecture:1603] INFO:       ====== Selected quality: video 720
[07:53:37] [udemy-downloader] [parse_new:1808] INFO: Processing 6 caption(s)...
[07:53:37] [udemy-downloader] [process_caption:1546] INFO:     >  Downloading caption: '026 Using Summary Statistics_en.vtt'
[07:53:37] [udemy-downloader] [process_caption:1559] INFO:     > Converting caption to SRT format...
[07:53:37] [udemy-downloader] [process_caption:1561] INFO:     > Caption conversion complete.
[07:53:37] [udemy-downloader] [parse_new:1822] INFO:     > Processing 0 asset(s) for lecture...
[07:53:41] [udemy-downloader] [parse_new:1782] INFO:   > Processing lecture 27 of 42
[07:53:41] [udemy-downloader] [process_lecture:1598] INFO:       > Lecture doesn't have DRM, attempting to download...
[07:53:41] [udemy-downloader] [process_lecture:1603] INFO:       ====== Selected quality: video 720
[07:53:47] [udemy-downloader] [parse_new:1808] INFO: Processing 6 caption(s)...
[07:53:47] [udemy-downloader] [process_caption:1546] INFO:     >  Downloading caption: '027 The Concept of Methods Chaining_en.vtt'
[07:53:47] [udemy-downloader] [process_caption:1559] INFO:     > Converting caption to SRT format...
[07:53:47] [udemy-downloader] [process_caption:1561] INFO:     > Caption conversion complete.
[07:53:47] [udemy-downloader] [parse_new:1822] INFO:     > Processing 0 asset(s) for lecture...
[07:53:51] [udemy-downloader] [parse_new:1782] INFO:   > Processing lecture 28 of 42
[07:53:51] [udemy-downloader] [process_lecture:1598] INFO:       > Lecture doesn't have DRM, attempting to download...
[07:53:51] [udemy-downloader] [process_lecture:1603] INFO:       ====== Selected quality: video 720
[07:53:56] [udemy-downloader] [parse_new:1808] INFO: Processing 6 caption(s)...
[07:53:56] [udemy-downloader] [process_caption:1546] INFO:     >  Downloading caption: '028 Sorting and Ranking_en.vtt'
[07:53:57] [udemy-downloader] [process_caption:1559] INFO:     > Converting caption to SRT format...
[07:53:57] [udemy-downloader] [process_caption:1561] INFO:     > Caption conversion complete.
[07:53:57] [udemy-downloader] [parse_new:1822] INFO:     > Processing 0 asset(s) for lecture...
[07:54:00] [udemy-downloader] [parse_new:1782] INFO:   > Processing lecture 29 of 42
[07:54:00] [udemy-downloader] [process_lecture:1598] INFO:       > Lecture doesn't have DRM, attempting to download...
[07:54:00] [udemy-downloader] [process_lecture:1603] INFO:       ====== Selected quality: video 720
[07:54:05] [udemy-downloader] [parse_new:1808] INFO: Processing 6 caption(s)...
[07:54:05] [udemy-downloader] [process_caption:1546] INFO:     >  Downloading caption: '029 Filtering_en.vtt'
[07:54:05] [udemy-downloader] [process_caption:1559] INFO:     > Converting caption to SRT format...
[07:54:05] [udemy-downloader] [process_caption:1561] INFO:     > Caption conversion complete.
[07:54:05] [udemy-downloader] [parse_new:1822] INFO:     > Processing 0 asset(s) for lecture...
[07:54:09] [udemy-downloader] [parse_new:1782] INFO:   > Processing lecture 30 of 42
[07:54:09] [udemy-downloader] [process_lecture:1598] INFO:       > Lecture doesn't have DRM, attempting to download...
[07:54:09] [udemy-downloader] [process_lecture:1603] INFO:       ====== Selected quality: video 720
[07:54:13] [udemy-downloader] [parse_new:1808] INFO: Processing 6 caption(s)...
[07:54:13] [udemy-downloader] [process_caption:1546] INFO:     >  Downloading caption: '030 Grouping_en.vtt'
[07:54:13] [udemy-downloader] [process_caption:1559] INFO:     > Converting caption to SRT format...
[07:54:13] [udemy-downloader] [process_caption:1561] INFO:     > Caption conversion complete.
[07:54:13] [udemy-downloader] [parse_new:1822] INFO:     > Processing 0 asset(s) for lecture...
[07:54:16] [udemy-downloader] [parse_new:1782] INFO:   > Processing lecture 31 of 42
[07:54:16] [udemy-downloader] [process_lecture:1598] INFO:       > Lecture doesn't have DRM, attempting to download...
[07:54:16] [udemy-downloader] [process_lecture:1603] INFO:       ====== Selected quality: video 720
[07:54:18] [udemy-downloader] [parse_new:1808] INFO: Processing 6 caption(s)...
[07:54:18] [udemy-downloader] [process_caption:1546] INFO:     >  Downloading caption: '031 Exercise #3 – Data Loading and Analysis_en.vtt'
[07:54:18] [udemy-downloader] [process_caption:1559] INFO:     > Converting caption to SRT format...
[07:54:18] [udemy-downloader] [process_caption:1561] INFO:     > Caption conversion complete.
[07:54:18] [udemy-downloader] [parse_new:1822] INFO:     > Processing 1 asset(s) for lecture...
[07:54:19] [udemy-downloader] [parse_new:1754] INFO: ======= Processing chapter 5 of 6 =======
[07:54:22] [udemy-downloader] [parse_new:1782] INFO:   > Processing lecture 32 of 42
[07:54:22] [udemy-downloader] [process_lecture:1598] INFO:       > Lecture doesn't have DRM, attempting to download...
[07:54:22] [udemy-downloader] [process_lecture:1603] INFO:       ====== Selected quality: video 720
[07:54:23] [udemy-downloader] [parse_new:1808] INFO: Processing 6 caption(s)...
[07:54:23] [udemy-downloader] [process_caption:1546] INFO:     >  Downloading caption: '032 Overview_en.vtt'
[07:54:24] [udemy-downloader] [process_caption:1559] INFO:     > Converting caption to SRT format...
[07:54:24] [udemy-downloader] [process_caption:1561] INFO:     > Caption conversion complete.
[07:54:24] [udemy-downloader] [parse_new:1822] INFO:     > Processing 0 asset(s) for lecture...
[07:54:28] [udemy-downloader] [parse_new:1782] INFO:   > Processing lecture 33 of 42
[07:54:28] [udemy-downloader] [process_lecture:1598] INFO:       > Lecture doesn't have DRM, attempting to download...
[07:54:28] [udemy-downloader] [process_lecture:1603] INFO:       ====== Selected quality: video 720
[07:54:32] [udemy-downloader] [parse_new:1808] INFO: Processing 6 caption(s)...
[07:54:32] [udemy-downloader] [process_caption:1546] INFO:     >  Downloading caption: '033 Removing Columns or Rows_en.vtt'
[07:54:32] [udemy-downloader] [process_caption:1559] INFO:     > Converting caption to SRT format...
[07:54:32] [udemy-downloader] [process_caption:1561] INFO:     > Caption conversion complete.
[07:54:32] [udemy-downloader] [parse_new:1822] INFO:     > Processing 0 asset(s) for lecture...
[07:54:37] [udemy-downloader] [parse_new:1782] INFO:   > Processing lecture 34 of 42
[07:54:37] [udemy-downloader] [process_lecture:1598] INFO:       > Lecture doesn't have DRM, attempting to download...
[07:54:37] [udemy-downloader] [process_lecture:1603] INFO:       ====== Selected quality: video 720
[07:54:44] [udemy-downloader] [parse_new:1808] INFO: Processing 6 caption(s)...
[07:54:44] [udemy-downloader] [process_caption:1546] INFO:     >  Downloading caption: '034 Removing Duplicate Rows_en.vtt'
[07:54:44] [udemy-downloader] [process_caption:1559] INFO:     > Converting caption to SRT format...
[07:54:44] [udemy-downloader] [process_caption:1561] INFO:     > Caption conversion complete.
[07:54:44] [udemy-downloader] [parse_new:1822] INFO:     > Processing 0 asset(s) for lecture...
[07:54:47] [udemy-downloader] [parse_new:1782] INFO:   > Processing lecture 35 of 42
[07:54:47] [udemy-downloader] [process_lecture:1598] INFO:       > Lecture doesn't have DRM, attempting to download...
[07:54:47] [udemy-downloader] [process_lecture:1603] INFO:       ====== Selected quality: video 720
[07:54:51] [udemy-downloader] [parse_new:1808] INFO: Processing 6 caption(s)...
[07:54:51] [udemy-downloader] [process_caption:1546] INFO:     >  Downloading caption: '035 Renaming Column Labels_en.vtt'
[07:54:52] [udemy-downloader] [process_caption:1559] INFO:     > Converting caption to SRT format...
[07:54:52] [udemy-downloader] [process_caption:1561] INFO:     > Caption conversion complete.
[07:54:52] [udemy-downloader] [parse_new:1822] INFO:     > Processing 0 asset(s) for lecture...
[07:54:56] [udemy-downloader] [parse_new:1782] INFO:   > Processing lecture 36 of 42
[07:54:56] [udemy-downloader] [process_lecture:1598] INFO:       > Lecture doesn't have DRM, attempting to download...
[07:54:56] [udemy-downloader] [process_lecture:1603] INFO:       ====== Selected quality: video 720
[07:54:57] [udemy-downloader] [process_lecture:1666] ERROR: >        Error downloading lecture
Traceback (most recent call last):
  File "/root/project/server/udemy_dl/main.py", line 1663, in process_lecture
    ret_code = download_aria(url, chapter_dir, lecture_title + ".mp4")
  File "/root/project/server/udemy_dl/main.py", line 1527, in download_aria
    raise Exception("Return code from the downloader was non-0 (error)")
Exception: Return code from the downloader was non-0 (error)
[07:54:57] [udemy-downloader] [parse_new:1808] INFO: Processing 6 caption(s)...
[07:54:57] [udemy-downloader] [process_caption:1546] INFO:     >  Downloading caption: '036 Dropping Missing Values_en.vtt'
[07:54:58] [udemy-downloader] [process_caption:1555] ERROR:     > Error downloading caption: Return code from the downloader was non-0 (error). Will retry 3 more times.
[07:54:58] [udemy-downloader] [process_caption:1544] INFO:     > Caption '036 Dropping Missing Values_en.vtt' already downloaded.
[07:54:58] [udemy-downloader] [process_caption:1559] INFO:     > Converting caption to SRT format...
[07:54:58] [udemy-downloader] [process_caption:1565] ERROR:     > Error converting caption
Traceback (most recent call last):
  File "/root/project/server/udemy_dl/main.py", line 1560, in process_caption
    convert(lecture_dir, filename_no_ext)
  File "/root/project/server/udemy_dl/vtt_to_srt.py", line 14, in convert
    for caption in WebVTT().read(vtt_filepath):
  File "/usr/local/lib/python3.10/dist-packages/webvtt/webvtt.py", line 89, in read
    instance = cls.from_buffer(fw.file)
  File "/usr/local/lib/python3.10/dist-packages/webvtt/webvtt.py", line 139, in from_buffer
    output = vtt.parse(cls._get_lines(buffer))
  File "/usr/local/lib/python3.10/dist-packages/webvtt/vtt.py", line 256, in parse
    raise MalformedFileError('Invalid format')
webvtt.errors.MalformedFileError: Invalid format
[07:54:58] [udemy-downloader] [parse_new:1822] INFO:     > Processing 0 asset(s) for lecture...
[07:54:58] [udemy-downloader] [_extract_m3u8:784] ERROR: Udemy Says : '[Errno 28] No space left on device' while fetching hls streams..
[07:54:58] [udemy-downloader] [parse_new:1782] INFO:   > Processing lecture 37 of 42
[07:54:58] [udemy-downloader] [process_lecture:1598] INFO:       > Lecture doesn't have DRM, attempting to download...
[07:54:58] [udemy-downloader] [process_lecture:1603] INFO:       ====== Selected quality: video 720
[07:54:59] [udemy-downloader] [process_lecture:1666] ERROR: >        Error downloading lecture
Traceback (most recent call last):
  File "/root/project/server/udemy_dl/main.py", line 1663, in process_lecture
    ret_code = download_aria(url, chapter_dir, lecture_title + ".mp4")
  File "/root/project/server/udemy_dl/main.py", line 1527, in download_aria
    raise Exception("Return code from the downloader was non-0 (error)")
Exception: Return code from the downloader was non-0 (error)
[07:54:59] [udemy-downloader] [parse_new:1808] INFO: Processing 6 caption(s)...
[07