{"timestamp":"2026-01-16T17:14:17.295Z","level":"info","category":"download","source":"python_worker","orderId":35,"taskId":54,"message":"Download started","details":{"courseUrl":"https://samsungu.udemy.com/course/intro-to-data-science/"},"progress":null,"currentFile":null,"stack":null,"metadata":null}
{"timestamp":"2026-01-16T17:14:17.312Z","level":"info","category":"download","source":"python_worker","orderId":35,"taskId":54,"message":"Download progress: 30% (Downloading course content...)","details":{"attempt":1},"progress":30,"currentFile":"Downloading course content...","stack":null,"metadata":null}

============================================================
[2026-01-17T00:14:17.318947] Starting download for task 54
Command: /usr/bin/python3 main.py -c https://samsungu.udemy.com/course/intro-to-data-science/ -b BXkdOY7L4dK19hrNj1GnplHFHoMbkXpiLlSn9dcU -o Staging_Download/Task_54 -q 720 --download-captions --download-assets --download-quizzes --concurrent-downloads 10 --continue-lecture-numbers
============================================================

============================================================
[LOGGING MODULE] Starting download process
============================================================
[12:14:18] [udemy-downloader] [pre_run:394] INFO: Output directory set to /root/project/server/udemy_dl/Staging_Download/Task_54
[12:14:18] [udemy-downloader] [pre_run:404] WARNING: > Keyfile not found! You won't be able to decrypt any encrypted videos!
[12:14:18] [udemy-downloader] [visit:1203] INFO: Visit request successful
[12:14:18] [udemy-downloader] [main:2044] INFO: > Fetching course information, this may take a minute...
[12:14:19] [udemy-downloader] [_handle_pagination:914] INFO: > Downloading data page 2/2
[12:14:20] [udemy-downloader] [main:2047] INFO: > Course information retrieved!
[12:14:20] [udemy-downloader] [main:2052] INFO: > Fetching course curriculum, this may take a minute...
[12:14:27] [udemy-downloader] [main:2076] INFO: > Course curriculum retrieved!
[12:14:27] [udemy-downloader] [main:2107] INFO: > Processing course data, this may take a minute. 
[12:14:27] [udemy-downloader] [main:2151] INFO: Processing 2 of 49
[12:14:27] [udemy-downloader] [main:2151] INFO: Processing 3 of 49
[12:14:27] [udemy-downloader] [main:2151] INFO: Processing 4 of 49
[12:14:27] [udemy-downloader] [main:2151] INFO: Processing 5 of 49
[12:14:27] [udemy-downloader] [main:2151] INFO: Processing 7 of 49
[12:14:27] [udemy-downloader] [main:2151] INFO: Processing 8 of 49
[12:14:27] [udemy-downloader] [main:2151] INFO: Processing 9 of 49
[12:14:27] [udemy-downloader] [main:2151] INFO: Processing 10 of 49
[12:14:27] [udemy-downloader] [main:2151] INFO: Processing 11 of 49
[12:14:27] [udemy-downloader] [main:2151] INFO: Processing 12 of 49
[12:14:27] [udemy-downloader] [main:2151] INFO: Processing 13 of 49
[12:14:27] [udemy-downloader] [main:2151] INFO: Processing 14 of 49
[12:14:27] [udemy-downloader] [main:2151] INFO: Processing 15 of 49
[12:14:27] [udemy-downloader] [main:2151] INFO: Processing 16 of 49
[12:14:27] [udemy-downloader] [main:2151] INFO: Processing 17 of 49
[12:14:27] [udemy-downloader] [main:2151] INFO: Processing 18 of 49
[12:14:27] [udemy-downloader] [main:2151] INFO: Processing 20 of 49
[12:14:27] [udemy-downloader] [main:2151] INFO: Processing 21 of 49
[12:14:27] [udemy-downloader] [main:2151] INFO: Processing 22 of 49
[12:14:27] [udemy-downloader] [main:2151] INFO: Processing 23 of 49
[12:14:27] [udemy-downloader] [main:2151] INFO: Processing 24 of 49
[12:14:27] [udemy-downloader] [main:2151] INFO: Processing 25 of 49
[12:14:27] [udemy-downloader] [main:2151] INFO: Processing 26 of 49
[12:14:27] [udemy-downloader] [main:2151] INFO: Processing 27 of 49
[12:14:27] [udemy-downloader] [main:2151] INFO: Processing 28 of 49
[12:14:27] [udemy-downloader] [main:2151] INFO: Processing 30 of 49
[12:14:27] [udemy-downloader] [main:2151] INFO: Processing 31 of 49
[12:14:27] [udemy-downloader] [main:2151] INFO: Processing 32 of 49
[12:14:27] [udemy-downloader] [main:2151] INFO: Processing 33 of 49
[12:14:27] [udemy-downloader] [main:2151] INFO: Processing 34 of 49
[12:14:27] [udemy-downloader] [main:2151] INFO: Processing 35 of 49
[12:14:27] [udemy-downloader] [main:2151] INFO: Processing 36 of 49
[12:14:27] [udemy-downloader] [main:2151] INFO: Processing 37 of 49
[12:14:27] [udemy-downloader] [main:2151] INFO: Processing 38 of 49
[12:14:27] [udemy-downloader] [main:2151] INFO: Processing 39 of 49
[12:14:27] [udemy-downloader] [main:2151] INFO: Processing 41 of 49
[12:14:27] [udemy-downloader] [main:2151] INFO: Processing 42 of 49
[12:14:27] [udemy-downloader] [main:2151] INFO: Processing 43 of 49
[12:14:27] [udemy-downloader] [main:2151] INFO: Processing 44 of 49
[12:14:27] [udemy-downloader] [main:2151] INFO: Processing 46 of 49
[12:14:27] [udemy-downloader] [main:2151] INFO: Processing 47 of 49
[12:14:27] [udemy-downloader] [main:2151] INFO: Processing 48 of 49
[12:14:27] [udemy-downloader] [main:2151] INFO: Processing 49 of 49
[12:14:27] [udemy-downloader] [parse_new:1731] INFO: Chapter(s) (6)
[12:14:27] [udemy-downloader] [parse_new:1732] INFO: Lecture(s) (43)
[12:14:27] [udemy-downloader] [parse_new:1754] INFO: ======= Processing chapter 1 of 6 =======
[12:14:31] [udemy-downloader] [parse_new:1782] INFO:   > Processing lecture 1 of 43
[12:14:31] [udemy-downloader] [process_lecture:1598] INFO:       > Lecture doesn't have DRM, attempting to download...
[12:14:31] [udemy-downloader] [process_lecture:1603] INFO:       ====== Selected quality: video 720
[12:14:36] [udemy-downloader] [parse_new:1808] INFO: Processing 6 caption(s)...
[12:14:36] [udemy-downloader] [process_caption:1546] INFO:     >  Downloading caption: '001 Welcome to the Course_en.vtt'
[12:14:36] [udemy-downloader] [process_caption:1559] INFO:     > Converting caption to SRT format...
[12:14:36] [udemy-downloader] [process_caption:1561] INFO:     > Caption conversion complete.
[12:14:36] [udemy-downloader] [parse_new:1822] INFO:     > Processing 0 asset(s) for lecture...
[12:14:36] [udemy-downloader] [parse_new:1782] INFO:   > Processing lecture 2 of 43
[12:14:36] [udemy-downloader] [parse_new:1822] INFO:     > Processing 1 asset(s) for lecture...
[12:14:36] [udemy-downloader] [parse_new:1782] INFO:   > Processing lecture 3 of 43
[12:14:36] [udemy-downloader] [parse_new:1822] INFO:     > Processing 1 asset(s) for lecture...
[12:14:36] [udemy-downloader] [parse_new:1782] INFO:   > Processing lecture 4 of 43
[12:14:36] [udemy-downloader] [parse_new:1822] INFO:     > Processing 1 asset(s) for lecture...
[12:14:36] [udemy-downloader] [parse_new:1754] INFO: ======= Processing chapter 2 of 6 =======
[12:14:41] [udemy-downloader] [parse_new:1782] INFO:   > Processing lecture 5 of 43
[12:14:41] [udemy-downloader] [process_lecture:1598] INFO:       > Lecture doesn't have DRM, attempting to download...
[12:14:41] [udemy-downloader] [process_lecture:1603] INFO:       ====== Selected quality: video 720
[12:14:46] [udemy-downloader] [parse_new:1808] INFO: Processing 6 caption(s)...
[12:14:46] [udemy-downloader] [process_caption:1546] INFO:     >  Downloading caption: '005 The 6-Week Data Scientist_en.vtt'
[12:14:46] [udemy-downloader] [process_caption:1559] INFO:     > Converting caption to SRT format...
[12:14:46] [udemy-downloader] [process_caption:1561] INFO:     > Caption conversion complete.
[12:14:46] [udemy-downloader] [parse_new:1822] INFO:     > Processing 0 asset(s) for lecture...
[12:14:50] [udemy-downloader] [parse_new:1782] INFO:   > Processing lecture 6 of 43
[12:14:50] [udemy-downloader] [process_lecture:1598] INFO:       > Lecture doesn't have DRM, attempting to download...
[12:14:50] [udemy-downloader] [process_lecture:1603] INFO:       ====== Selected quality: video 720
[12:14:55] [udemy-downloader] [parse_new:1808] INFO: Processing 6 caption(s)...
[12:14:55] [udemy-downloader] [process_caption:1546] INFO:     >  Downloading caption: '006 Statistics_en.vtt'
[12:14:55] [udemy-downloader] [process_caption:1559] INFO:     > Converting caption to SRT format...
[12:14:55] [udemy-downloader] [process_caption:1561] INFO:     > Caption conversion complete.
[12:14:55] [udemy-downloader] [parse_new:1822] INFO:     > Processing 0 asset(s) for lecture...
[12:14:58] [udemy-downloader] [parse_new:1782] INFO:   > Processing lecture 7 of 43
[12:14:58] [udemy-downloader] [process_lecture:1598] INFO:       > Lecture doesn't have DRM, attempting to download...
[12:14:58] [udemy-downloader] [process_lecture:1603] INFO:       ====== Selected quality: video 720
[12:15:03] [udemy-downloader] [parse_new:1808] INFO: Processing 6 caption(s)...
[12:15:03] [udemy-downloader] [process_caption:1546] INFO:     >  Downloading caption: '007 The Data Science Process_en.vtt'
[12:15:03] [udemy-downloader] [process_caption:1559] INFO:     > Converting caption to SRT format...
[12:15:03] [udemy-downloader] [process_caption:1561] INFO:     > Caption conversion complete.
[12:15:03] [udemy-downloader] [parse_new:1822] INFO:     > Processing 0 asset(s) for lecture...
[12:15:06] [udemy-downloader] [parse_new:1782] INFO:   > Processing lecture 8 of 43
[12:15:06] [udemy-downloader] [process_lecture:1598] INFO:       > Lecture doesn't have DRM, attempting to download...
[12:15:06] [udemy-downloader] [process_lecture:1603] INFO:       ====== Selected quality: video 720
[12:15:10] [udemy-downloader] [parse_new:1808] INFO: Processing 6 caption(s)...
[12:15:10] [udemy-downloader] [process_caption:1546] INFO:     >  Downloading caption: '008 Visualization_en.vtt'
[12:15:11] [udemy-downloader] [process_caption:1559] INFO:     > Converting caption to SRT format...
[12:15:11] [udemy-downloader] [process_caption:1561] INFO:     > Caption conversion complete.
[12:15:11] [udemy-downloader] [parse_new:1822] INFO:     > Processing 0 asset(s) for lecture...
[12:15:11] [udemy-downloader] [parse_new:1782] INFO:   > Processing lecture 9 of 43
[12:15:11] [udemy-downloader] [parse_new:1822] INFO:     > Processing 1 asset(s) for lecture...
[12:15:14] [udemy-downloader] [parse_new:1782] INFO:   > Processing lecture 10 of 43
[12:15:14] [udemy-downloader] [process_lecture:1598] INFO:       > Lecture doesn't have DRM, attempting to download...
[12:15:14] [udemy-downloader] [process_lecture:1603] INFO:       ====== Selected quality: video 720
[12:15:20] [udemy-downloader] [parse_new:1808] INFO: Processing 6 caption(s)...
[12:15:20] [udemy-downloader] [process_caption:1546] INFO:     >  Downloading caption: '010 Databases_en.vtt'
[12:15:20] [udemy-downloader] [process_caption:1559] INFO:     > Converting caption to SRT format...
[12:15:20] [udemy-downloader] [process_caption:1561] INFO:     > Caption conversion complete.
[12:15:20] [udemy-downloader] [parse_new:1822] INFO:     > Processing 0 asset(s) for lecture...
[12:15:27] [udemy-downloader] [parse_new:1782] INFO:   > Processing lecture 11 of 43
[12:15:27] [udemy-downloader] [process_lecture:1598] INFO:       > Lecture doesn't have DRM, attempting to download...
[12:15:27] [udemy-downloader] [process_lecture:1603] INFO:       ====== Selected quality: video 720
[12:15:31] [udemy-downloader] [parse_new:1808] INFO: Processing 6 caption(s)...
[12:15:31] [udemy-downloader] [process_caption:1546] INFO:     >  Downloading caption: '011 Statistical Learning & Meet Hadelin de Ponteves_en.vtt'
[12:15:31] [udemy-downloader] [process_caption:1559] INFO:     > Converting caption to SRT format...
[12:15:31] [udemy-downloader] [process_caption:1561] INFO:     > Caption conversion complete.
[12:15:31] [udemy-downloader] [parse_new:1822] INFO:     > Processing 0 asset(s) for lecture...
[12:15:34] [udemy-downloader] [parse_new:1782] INFO:   > Processing lecture 12 of 43
[12:15:34] [udemy-downloader] [process_lecture:1598] INFO:       > Lecture doesn't have DRM, attempting to download...
[12:15:34] [udemy-downloader] [process_lecture:1603] INFO:       ====== Selected quality: video 720
[12:15:40] [udemy-downloader] [parse_new:1808] INFO: Processing 6 caption(s)...
[12:15:40] [udemy-downloader] [process_caption:1546] INFO:     >  Downloading caption: '012 Machine Learning_en.vtt'
[12:15:41] [udemy-downloader] [process_caption:1559] INFO:     > Converting caption to SRT format...
[12:15:41] [udemy-downloader] [process_caption:1561] INFO:     > Caption conversion complete.
[12:15:41] [udemy-downloader] [parse_new:1822] INFO:     > Processing 0 asset(s) for lecture...
[12:15:45] [udemy-downloader] [parse_new:1782] INFO:   > Processing lecture 13 of 43
[12:15:45] [udemy-downloader] [process_lecture:1598] INFO:       > Lecture doesn't have DRM, attempting to download...
[12:15:45] [udemy-downloader] [process_lecture:1603] INFO:       ====== Selected quality: video 720
[12:15:51] [udemy-downloader] [parse_new:1808] INFO: Processing 6 caption(s)...
[12:15:51] [udemy-downloader] [process_caption:1546] INFO:     >  Downloading caption: '013 Deep Learning_en.vtt'
[12:15:51] [udemy-downloader] [process_caption:1559] INFO:     > Converting caption to SRT format...
[12:15:51] [udemy-downloader] [process_caption:1561] INFO:     > Caption conversion complete.
[12:15:51] [udemy-downloader] [parse_new:1822] INFO:     > Processing 0 asset(s) for lecture...
[12:15:54] [udemy-downloader] [parse_new:1782] INFO:   > Processing lecture 14 of 43
[12:15:54] [udemy-downloader] [process_lecture:1598] INFO:       > Lecture doesn't have DRM, attempting to download...
[12:15:54] [udemy-downloader] [process_lecture:1603] INFO:       ====== Selected quality: video 720
[12:15:57] [udemy-downloader] [parse_new:1808] INFO: Processing 6 caption(s)...
[12:15:57] [udemy-downloader] [process_caption:1546] INFO:     >  Downloading caption: '014 Deep Learning and Computer Vision_en.vtt'
[12:15:57] [udemy-downloader] [process_caption:1559] INFO:     > Converting caption to SRT format...
[12:15:57] [udemy-downloader] [process_caption:1561] INFO:     > Caption conversion complete.
[12:15:57] [udemy-downloader] [parse_new:1822] INFO:     > Processing 0 asset(s) for lecture...
[12:16:01] [udemy-downloader] [parse_new:1782] INFO:   > Processing lecture 15 of 43
[12:16:01] [udemy-downloader] [process_lecture:1598] INFO:       > Lecture doesn't have DRM, attempting to download...
[12:16:01] [udemy-downloader] [process_lecture:1603] INFO:       ====== Selected quality: video 720
[12:16:06] [udemy-downloader] [parse_new:1808] INFO: Processing 6 caption(s)...
[12:16:06] [udemy-downloader] [process_caption:1546] INFO:     >  Downloading caption: '015 Deep Learning and NLP_en.vtt'
[12:16:06] [udemy-downloader] [process_caption:1559] INFO:     > Converting caption to SRT format...
[12:16:06] [udemy-downloader] [process_caption:1561] INFO:     > Caption conversion complete.
[12:16:06] [udemy-downloader] [parse_new:1822] INFO:     > Processing 0 asset(s) for lecture...
[12:16:10] [udemy-downloader] [parse_new:1782] INFO:   > Processing lecture 16 of 43
[12:16:10] [udemy-downloader] [process_lecture:1598] INFO:       > Lecture doesn't have DRM, attempting to download...
[12:16:10] [udemy-downloader] [process_lecture:1603] INFO:       ====== Selected quality: video 720
[12:16:15] [udemy-downloader] [parse_new:1808] INFO: Processing 6 caption(s)...
[12:16:15] [udemy-downloader] [process_caption:1546] INFO:     >  Downloading caption: '016 Artificial Intelligence_en.vtt'
[12:16:16] [udemy-downloader] [process_caption:1559] INFO:     > Converting caption to SRT format...
[12:16:16] [udemy-downloader] [process_caption:1561] INFO:     > Caption conversion complete.
[12:16:16] [udemy-downloader] [parse_new:1822] INFO:     > Processing 0 asset(s) for lecture...
[12:16:16] [udemy-downloader] [parse_new:1754] INFO: ======= Processing chapter 3 of 6 =======
[12:16:18] [udemy-downloader] [parse_new:1782] INFO:   > Processing lecture 17 of 43
[12:16:18] [udemy-downloader] [process_lecture:1598] INFO:       > Lecture doesn't have DRM, attempting to download...
[12:16:18] [udemy-downloader] [process_lecture:1603] INFO:       ====== Selected quality: video 720
[12:16:24] [udemy-downloader] [parse_new:1808] INFO: Processing 6 caption(s)...
[12:16:24] [udemy-downloader] [process_caption:1546] INFO:     >  Downloading caption: '017 Intro to Tableau - Step 1_en.vtt'
[12:16:24] [udemy-downloader] [process_caption:1559] INFO:     > Converting caption to SRT format...
[12:16:24] [udemy-downloader] [process_caption:1561] INFO:     > Caption conversion complete.
[12:16:24] [udemy-downloader] [parse_new:1822] INFO:     > Processing 0 asset(s) for lecture...
[12:16:27] [udemy-downloader] [parse_new:1782] INFO:   > Processing lecture 18 of 43
[12:16:27] [udemy-downloader] [process_lecture:1598] INFO:       > Lecture doesn't have DRM, attempting to download...
[12:16:27] [udemy-downloader] [process_lecture:1603] INFO:       ====== Selected quality: video 720
[12:16:33] [udemy-downloader] [parse_new:1808] INFO: Processing 6 caption(s)...
[12:16:33] [udemy-downloader] [process_caption:1546] INFO:     >  Downloading caption: '018 Intro to Tableau - Step 2_en.vtt'
[12:16:34] [udemy-downloader] [process_caption:1559] INFO:     > Converting caption to SRT format...
[12:16:34] [udemy-downloader] [process_caption:1561] INFO:     > Caption conversion complete.
[12:16:34] [udemy-downloader] [parse_new:1822] INFO:     > Processing 0 asset(s) for lecture...
[12:16:37] [udemy-downloader] [parse_new:1782] INFO:   > Processing lecture 19 of 43
[12:16:37] [udemy-downloader] [process_lecture:1598] INFO:       > Lecture doesn't have DRM, attempting to download...
[12:16:37] [udemy-downloader] [process_lecture:1603] INFO:       ====== Selected quality: video 720
[12:16:41] [udemy-downloader] [parse_new:1808] INFO: Processing 6 caption(s)...
[12:16:41] [udemy-downloader] [process_caption:1546] INFO:     >  Downloading caption: '019 Intro to Tableau - Step 3_en.vtt'
[12:16:41] [udemy-downloader] [process_caption:1559] INFO:     > Converting caption to SRT format...
[12:16:41] [udemy-downloader] [process_caption:1561] INFO:     > Caption conversion complete.
[12:16:41] [udemy-downloader] [parse_new:1822] INFO:     > Processing 0 asset(s) for lecture...
[12:16:45] [udemy-downloader] [parse_new:1782] INFO:   > Processing lecture 20 of 43
[12:16:45] [udemy-downloader] [process_lecture:1598] INFO:       > Lecture doesn't have DRM, attempting to download...
[12:16:45] [udemy-downloader] [process_lecture:1603] INFO:       ====== Selected quality: video 720
[12:16:49] [udemy-downloader] [parse_new:1808] INFO: Processing 6 caption(s)...
[12:16:49] [udemy-downloader] [process_caption:1546] INFO:     >  Downloading caption: '020 Intro to Tableau - Step 4_en.vtt'
[12:16:50] [udemy-downloader] [process_caption:1559] INFO:     > Converting caption to SRT format...
[12:16:50] [udemy-downloader] [process_caption:1561] INFO:     > Caption conversion complete.
[12:16:50] [udemy-downloader] [parse_new:1822] INFO:     > Processing 0 asset(s) for lecture...
[12:16:54] [udemy-downloader] [parse_new:1782] INFO:   > Processing lecture 21 of 43
[12:16:54] [udemy-downloader] [process_lecture:1598] INFO:       > Lecture doesn't have DRM, attempting to download...
[12:16:54] [udemy-downloader] [process_lecture:1603] INFO:       ====== Selected quality: video 720
[12:16:58] [udemy-downloader] [parse_new:1808] INFO: Processing 6 caption(s)...
[12:16:58] [udemy-downloader] [process_caption:1546] INFO:     >  Downloading caption: '021 Intro to Tableau - Step 5_en.vtt'
[12:16:58] [udemy-downloader] [process_caption:1559] INFO:     > Converting caption to SRT format...
[12:16:58] [udemy-downloader] [process_caption:1561] INFO:     > Caption conversion complete.
[12:16:58] [udemy-downloader] [parse_new:1822] INFO:     > Processing 0 asset(s) for lecture...
[12:17:02] [udemy-downloader] [parse_new:1782] INFO:   > Processing lecture 22 of 43
[12:17:02] [udemy-downloader] [process_lecture:1598] INFO:       > Lecture doesn't have DRM, attempting to download...
[12:17:02] [udemy-downloader] [process_lecture:1603] INFO:       ====== Selected quality: video 720
[12:17:05] [udemy-downloader] [parse_new:1808] INFO: Processing 6 caption(s)...
[12:17:05] [udemy-downloader] [process_caption:1546] INFO:     >  Downloading caption: '022 Intro to Tableau - Step 6_en.vtt'
[12:17:06] [udemy-downloader] [process_caption:1559] INFO:     > Converting caption to SRT format...
[12:17:06] [udemy-downloader] [process_caption:1561] INFO:     > Caption conversion complete.
[12:17:06] [udemy-downloader] [parse_new:1822] INFO:     > Processing 0 asset(s) for lecture...
[12:17:10] [udemy-downloader] [parse_new:1782] INFO:   > Processing lecture 23 of 43
[12:17:10] [udemy-downloader] [process_lecture:1598] INFO:       > Lecture doesn't have DRM, attempting to download...
[12:17:10] [udemy-downloader] [process_lecture:1603] INFO:       ====== Selected quality: video 720
[12:17:15] [udemy-downloader] [parse_new:1808] INFO: Processing 6 caption(s)...
[12:17:15] [udemy-downloader] [process_caption:1546] INFO:     >  Downloading caption: '023 Intro to Tableau - Step 7_en.vtt'
[12:17:15] [udemy-downloader] [process_caption:1559] INFO:     > Converting caption to SRT format...
[12:17:15] [udemy-downloader] [process_caption:1561] INFO:     > Caption conversion complete.
[12:17:15] [udemy-downloader] [parse_new:1822] INFO:     > Processing 0 asset(s) for lecture...
[12:17:19] [udemy-downloader] [parse_new:1782] INFO:   > Processing lecture 24 of 43
[12:17:19] [udemy-downloader] [process_lecture:1598] INFO:       > Lecture doesn't have DRM, attempting to download...
[12:17:19] [udemy-downloader] [process_lecture:1603] INFO:       ====== Selected quality: video 720
[12:17:24] [udemy-downloader] [parse_new:1808] INFO: Processing 6 caption(s)...
[12:17:24] [udemy-downloader] [process_caption:1546] INFO:     >  Downloading caption: '024 Intro to Tableau - Step 8_en.vtt'
[12:17:25] [udemy-downloader] [process_caption:1559] INFO:     > Converting caption to SRT format...
[12:17:25] [udemy-downloader] [process_caption:1561] INFO:     > Caption conversion complete.
[12:17:25] [udemy-downloader] [parse_new:1822] INFO:     > Processing 0 asset(s) for lecture...
[12:17:28] [udemy-downloader] [parse_new:1782] INFO:   > Processing lecture 25 of 43
[12:17:28] [udemy-downloader] [process_lecture:1598] INFO:       > Lecture doesn't have DRM, attempting to download...
[12:17:28] [udemy-downloader] [process_lecture:1603] INFO:       ====== Selected quality: video 720
[12:17:32] [udemy-downloader] [parse_new:1808] INFO: Processing 6 caption(s)...
[12:17:32] [udemy-downloader] [process_caption:1546] INFO:     >  Downloading caption: '025 Intro to Tableau - Step 9_en.vtt'
[12:17:32] [udemy-downloader] [process_caption:1559] INFO:     > Converting caption to SRT format...
[12:17:32] [udemy-downloader] [process_caption:1561] INFO:     > Caption conversion complete.
[12:17:32] [udemy-downloader] [parse_new:1822] INFO:     > Processing 0 asset(s) for lecture...
[12:17:32] [udemy-downloader] [parse_new:1754] INFO: ======= Processing chapter 4 of 6 =======
[12:17:32] [udemy-downloader] [parse_new:1782] INFO:   > Processing lecture 26 of 43
[12:17:32] [udemy-downloader] [parse_new:1822] INFO:     > Processing 1 asset(s) for lecture...
[12:17:35] [udemy-downloader] [parse_new:1782] INFO:   > Processing lecture 27 of 43
[12:17:35] [udemy-downloader] [process_lecture:1598] INFO:       > Lecture doesn't have DRM, attempting to download...
[12:17:35] [udemy-downloader] [process_lecture:1603] INFO:       ====== Selected quality: video 720
[12:17:39] [udemy-downloader] [parse_new:1808] INFO: Processing 6 caption(s)...
[12:17:39] [udemy-downloader] [process_caption:1546] INFO:     >  Downloading caption: '027 Python - Step 2_en.vtt'
[12:17:40] [udemy-downloader] [process_caption:1559] INFO:     > Converting caption to SRT format...
[12:17:40] [udemy-downloader] [process_caption:1561] INFO:     > Caption conversion complete.
[12:17:40] [udemy-downloader] [parse_new:1822] INFO:     > Processing 0 asset(s) for lecture...
[12:17:43] [udemy-downloader] [parse_new:1782] INFO:   > Processing lecture 28 of 43
[12:17:43] [udemy-downloader] [process_lecture:1598] INFO:       > Lecture doesn't have DRM, attempting to download...
[12:17:43] [udemy-downloader] [process_lecture:1603] INFO:       ====== Selected quality: video 720
[12:17:46] [udemy-downloader] [parse_new:1808] INFO: Processing 6 caption(s)...
[12:17:46] [udemy-downloader] [process_caption:1546] INFO:     >  Downloading caption: '028 Python - Step 3_en.vtt'
[12:17:47] [udemy-downloader] [process_caption:1559] INFO:     > Converting caption to SRT format...
[12:17:47] [udemy-downloader] [process_caption:1561] INFO:     > Caption conversion complete.
[12:17:47] [udemy-downloader] [parse_new:1822] INFO:     > Processing 0 asset(s) for lecture...
[12:17:50] [udemy-downloader] [parse_new:1782] INFO:   > Processing lecture 29 of 43
[12:17:50] [udemy-downloader] [process_lecture:1598] INFO:       > Lecture doesn't have DRM, attempting to download...
[12:17:50] [udemy-downloader] [process_lecture:1603] INFO:       ====== Selected quality: video 720
[12:17:54] [udemy-downloader] [parse_new:1808] INFO: Processing 6 caption(s)...
[12:17:54] [udemy-downloader] [process_caption:1546] INFO:     >  Downloading caption: '029 Python - Step 4_en.vtt'
[12:17:55] [udemy-downloader] [process_caption:1559] INFO:     > Converting caption to SRT format...
[12:17:55] [udemy-downloader] [process_caption:1561] INFO:     > Caption conversion complete.
[12:17:55] [udemy-downloader] [parse_new:1822] INFO:     > Processing 0 asset(s) for lecture...
[12:17:59] [udemy-downloader] [parse_new:1782] INFO:   > Processing lecture 30 of 43
[12:17:59] [udemy-downloader] [process_lecture:1598] INFO:       > Lecture doesn't have DRM, attempting to download...
[12:17:59] [udemy-downloader] [process_lecture:1603] INFO:       ====== Selected quality: video 720
[12:18:03] [udemy-downloader] [parse_new:1808] INFO: Processing 6 caption(s)...
[12:18:03] [udemy-downloader] [process_caption:1546] INFO:     >  Downloading caption: '030 Python - Step 5_en.vtt'
[12:18:03] [udemy-downloader] [process_caption:1559] INFO:     > Converting caption to SRT format...
[12:18:03] [udemy-downloader] [process_caption:1561] INFO:     > Caption conversion complete.
[12:18:03] [udemy-downloader] [parse_new:1822] INFO:     > Processing 0 asset(s) for lecture...
[12:18:07] [udemy-downloader] [parse_new:1782] INFO:   > Processing lecture 31 of 43
[12:18:07] [udemy-downloader] [process_lecture:1598] INFO:       > Lecture doesn't have DRM, attempting to download...
[12:18:07] [udemy-downloader] [process_lecture:1603] INFO:       ====== Selected quality: video 720
[12:18:10] [udemy-downloader] [parse_new:1808] INFO: Processing 6 caption(s)...
[12:18:10] [udemy-downloader] [process_caption:1546] INFO:     >  Downloading caption: '031 Python - Step 6_en.vtt'
[12:18:10] [udemy-downloader] [process_caption:1559] INFO:     > Converting caption to SRT format...
[12:18:10] [udemy-downloader] [process_caption:1561] INFO:     > Caption conversion complete.
[12:18:10] [udemy-downloader] [parse_new:1822] INFO:     > Processing 0 asset(s) for lecture...
[12:18:13] [udemy-downloader] [parse_new:1782] INFO:   > Processing lecture 32 of 43
[12:18:13] [udemy-downloader] [process_lecture:1598] INFO:       > Lecture doesn't have DRM, attempting to download...
[12:18:13] [udemy-downloader] [process_lecture:1603] INFO:       ====== Selected quality: video 720
[12:18:17] [udemy-downloader] [parse_new:1808] INFO: Processing 6 caption(s)...
[12:18:17] [udemy-downloader] [process_caption:1546] INFO:     >  Downloading caption: '032 Python - Step 7_en.vtt'
[12:18:17] [udemy-downloader] [process_caption:1559] INFO:     > Converting caption to SRT format...
[12:18:17] [udemy-downloader] [process_caption:1561] INFO:     > Caption conversion complete.
[12:18:17] [udemy-downloader] [parse_new:1822] INFO:     > Processing 0 asset(s) for lecture...
[12:18:20] [udemy-downloader] [parse_new:1782] INFO:   > Processing lecture 33 of 43
[12:18:20] [udemy-downloader] [process_lecture:1598] INFO:       > Lecture doesn't have DRM, attempting to download...
[12:18:20] [udemy-downloader] [process_lecture:1603] INFO:       ====== Selected quality: video 720
[12:18:25] [udemy-downloader] [parse_new:1808] INFO: Processing 6 caption(s)...
[12:18:25] [udemy-downloader] [process_caption:1546] INFO:     >  Downloading caption: '033 Python - Step 8_en.vtt'
[12:18:26] [udemy-downloader] [process_caption:1559] INFO:     > Converting caption to SRT format...
[12:18:26] [udemy-downloader] [process_caption:1561] INFO:     > Caption conversion complete.
[12:18:26] [udemy-downloader] [parse_new:1822] INFO:     > Processing 0 asset(s) for lecture...
[12:18:32] [udemy-downloader] [parse_new:1782] INFO:   > Processing lecture 34 of 43
[12:18:32] [udemy-downloader] [process_lecture:1598] INFO:       > Lecture doesn't have DRM, attempting to download...
[12:18:32] [udemy-downloader] [process_lecture:1603] INFO:       ====== Selected quality: video 720
[12:18:38] [udemy-downloader] [parse_new:1808] INFO: Processing 6 caption(s)...
[12:18:38] [udemy-downloader] [process_caption:1546] INFO:     >  Downloading caption: '034 Python - Step 9_en.vtt'
[12:18:38] [udemy-downloader] [process_caption:1559] INFO:     > Converting caption to SRT format...
[12:18:38] [udemy-downloader] [process_caption:1561] INFO:     > Caption conversion complete.
[12:18:38] [udemy-downloader] [parse_new:1822] INFO:     > Processing 0 asset(s) for lecture...
[12:18:42] [udemy-downloader] [parse_new:1782] INFO:   > Processing lecture 35 of 43
[12:18:42] [udemy-downloader] [process_lecture:1598] INFO:       > Lecture doesn't have DRM, attempting to download...
[12:18:42] [udemy-downloader] [process_lecture:1603] INFO:       ====== Selected quality: video 720
[12:18:48] [udemy-downloader] [parse_new:1808] INFO: Processing 6 caption(s)...
[12:18:48] [udemy-downloader] [process_caption:1546] INFO:     >  Downloading caption: '035 Python - Step 10_en.vtt'
[12:18:49] [udemy-downloader] [process_caption:1559] INFO:     > Converting caption to SRT format...
[12:18:49] [udemy-downloader] [process_caption:1561] INFO:     > Caption conversion complete.
[12:18:49] [udemy-downloader] [parse_new:1822] INFO:     > Processing 0 asset(s) for lecture...
[12:18:49] [udemy-downloader] [parse_new:1754] INFO: ======= Processing chapter 5 of 6 =======
[12:18:54] [udemy-downloader] [parse_new:1782] INFO:   > Processing lecture 36 of 43
[12:18:54] [udemy-downloader] [process_lecture:1598] INFO:       > Lecture doesn't have DRM, attempting to download...
[12:18:54] [udemy-downloader] [process_lecture:1603] INFO:       ====== Selected quality: video 720
[12:19:01] [udemy-downloader] [parse_new:1808] INFO: Processing 6 caption(s)...
[12:19:01] [udemy-downloader] [process_caption:1546] INFO:     >  Downloading caption: '036 Cloud - Step 1_en.vtt'
[12:19:02] [udemy-downloader] [process_caption:1559] INFO:     > Converting caption to SRT format...
[12:19:02] [udemy-downloader] [process_caption:1561] INFO:     > Caption conversion complete.
[12:19:02] [udemy-downloader] [parse_new:1822] INFO:     > Processing 0 asset(s) for lecture...
[12:19:06] [udemy-downloader] [parse_new:1782] INFO:   > Processing lecture 37 of 43
[12:19:06] [udemy-downloader] [process_lecture:1598] INFO:       > Lecture doesn't have DRM, attempting to download...
[12:19:06] [udemy-downloader] [process_lecture:1603] INFO:       ====== Selected quality: video 720
[12:19:13] [udemy-downloader] [parse_new:1808] INFO: Processing 6 caption(s)...
[12:19:13] [udemy-downloader] [process_caption:1546] INFO:     >  Downloading caption: '037 Cloud - Step 2_en.vtt'
[12:19:14] [udemy-downloader] [process_caption:1559] INFO:     > Converting caption to SRT format...
[12:19:14] [udemy-downloader] [process_caption:1561] INFO:     > Caption conversion complete.
[12:19:14] [udemy-downloader] [parse_new:1822] INFO:     > Processing 0 asset(s) for lecture...
[12:19:17] [udemy-downloader] [parse_new:1782] INFO:   > Processing lecture 38 of 43
[12:19:17] [udemy-downloader] [process_lecture:1598] INFO:       > Lecture doesn't have DRM, attempting to download...
[12:19:17] [udemy-downloader] [process_lecture:1603] INFO:       ====== Selected quality: video 720
[12:19:24] [udemy-downloader] [parse_new:1808] INFO: Processing 6 caption(s)...
[12:19:24] [udemy-downloader] [process_caption:1546] INFO:     >  Downloading caption: '038 Cloud - Step 3_en.vtt'
[12:19:25] [udemy-downloader] [process_caption:1559] INFO:     > Converting caption to SRT format...
[12:19:25] [udemy-downloader] [process_caption:1561] INFO:     > Caption conversion complete.
[12:19:25] [udemy-downloader] [parse_new:1822] INFO:     > Processing 0 asset(s) for lecture...
[12:19:25] [udemy-downloader] [parse_new:1782] INFO:   > Processing lecture 39 of 43
[12:19:25] [udemy-downloader] [parse_new:1822] INFO:     > Processing 2 asset(s) for lecture...
[12:19:25] [udemy-downloader] [parse_new:1754] INFO: ======= Processing chapter 6 of 6 =======
[12:19:29] [udemy-downloader] [parse_new:1782] INFO:   > Processing lecture 40 of 43
[12:19:29] [udemy-downloader] [process_lecture:1598] INFO:       > Lecture doesn't have DRM, attempting to download...
[12:19:29] [udemy-downloader] [process_lecture:1603] INFO:       ====== Selected quality: video 720
[12:19:35] [udemy-downloader] [parse_new:1808] INFO: Processing 6 caption(s)...
[12:19:35] [udemy-downloader] [process_caption:1546] INFO:     >  Downloading caption: '040 Course Conclusion_en.vtt'
[12:19:35] [udemy-downloader] [process_caption:1559] INFO:     > Converting caption to SRT format...
[12:19:35] [udemy-downloader] [process_caption:1561] INFO:     > Caption conversion complete.
[12:19:35] [udemy-downloader] [parse_new:1822] INFO:     > Processing 0 asset(s) for lecture...
[12:19:40] [udemy-downloader] [parse_new:1782] INFO:   > Processing lecture 41 of 43
[12:19:40] [udemy-downloader] [process_lecture:1598] INFO:       > Lecture doesn't have DRM, attempting to download...
[12:19:40] [udemy-downloader] [process_lecture:1603] INFO:       ====== Selected quality: video 720
[12:19:45] [udemy-downloader] [parse_new:1808] INFO: Processing 6 caption(s)...
[12:19:45] [udemy-downloader] [process_caption:1546] INFO:     >  Downloading caption: '041 THANK YOU Video_en.vtt'
[12:19:46] [udemy-downloader] [process_caption:1559] INFO:     > Converting caption to SRT format...
[12:19:46] [udemy-downloader] [process_caption:1561] INFO:     > Caption conversion complete.
[12:19:46] [udemy-downloader] [parse_new:1822] INFO:     > Processing 0 asset(s) for lecture...
[12:19:46] [udemy-downloader] [parse_new:1782] INFO:   > Processing lecture 42 of 43
[12:19:46] [udemy-downloader] [parse_new:1822] INFO:     > Processing 1 asset(s) for lecture...
[12:19:46] [udemy-downloader] [parse_new:1782] INFO:   > Processing lecture 43 of 43
[12:19:46] [udemy-downloader] [parse_new:1822] INFO:     > Processing 1 asset(s) for lecture...
{"timestamp":"2026-01-16T17:19:46.413Z","level":"info","category":"download","source":"python_worker","orderId":35,"taskId":54,"message":"Download progress: 70% (Download completed, preparing upload...)","details":{"duration":329,"attempt":1},"progress":70,"currentFile":"Download completed, preparing upload...","stack":null,"metadata":null}
{"timestamp":"2026-01-16T17:21:00.999Z","level":"info","category":"download","source":"python_worker","orderId":35,"taskId":54,"message":"Download progress: 100% (Task completed successfully!)","details":{"duration":403,"folderName":"intro-to-data-science"},"progress":100,"currentFile":"Task completed successfully!","stack":null,"metadata":null}
