{"timestamp":"2026-01-16T17:25:32.875Z","level":"info","category":"download","source":"python_worker","orderId":35,"taskId":57,"message":"Download started","details":{"courseUrl":"https://samsungu.udemy.com/course/statistics-for-data-science-and-business-analysis/"},"progress":null,"currentFile":null,"stack":null,"metadata":null}
{"timestamp":"2026-01-16T17:25:32.887Z","level":"info","category":"download","source":"python_worker","orderId":35,"taskId":57,"message":"Download progress: 30% (Downloading course content...)","details":{"attempt":1},"progress":30,"currentFile":"Downloading course content...","stack":null,"metadata":null}

============================================================
[2026-01-17T00:25:32.891222] Starting download for task 57
Command: /usr/bin/python3 main.py -c https://samsungu.udemy.com/course/statistics-for-data-science-and-business-analysis/ -b BXkdOY7L4dK19hrNj1GnplHFHoMbkXpiLlSn9dcU -o Staging_Download/Task_57 -q 720 --download-captions --download-assets --download-quizzes --concurrent-downloads 10 --continue-lecture-numbers
============================================================

============================================================
[LOGGING MODULE] Starting download process
============================================================
[12:25:33] [udemy-downloader] [pre_run:394] INFO: Output directory set to /root/project/server/udemy_dl/Staging_Download/Task_57
[12:25:33] [udemy-downloader] [pre_run:404] WARNING: > Keyfile not found! You won't be able to decrypt any encrypted videos!
[12:25:34] [udemy-downloader] [visit:1203] INFO: Visit request successful
[12:25:34] [udemy-downloader] [main:2044] INFO: > Fetching course information, this may take a minute...
[12:25:34] [udemy-downloader] [_handle_pagination:914] INFO: > Downloading data page 2/2
[12:25:36] [udemy-downloader] [main:2047] INFO: > Course information retrieved!
[12:25:36] [udemy-downloader] [main:2052] INFO: > Fetching course curriculum, this may take a minute...
[12:25:49] [udemy-downloader] [_handle_pagination:914] INFO: > Downloading data page 2/2
[12:26:03] [udemy-downloader] [main:2076] INFO: > Course curriculum retrieved!
[12:26:03] [udemy-downloader] [main:2107] INFO: > Processing course data, this may take a minute. 
[12:26:03] [udemy-downloader] [main:2151] INFO: Processing 2 of 151
[12:26:03] [udemy-downloader] [main:2151] INFO: Processing 3 of 151
[12:26:03] [udemy-downloader] [main:2151] INFO: Processing 5 of 151
[12:26:03] [udemy-downloader] [main:2187] INFO: Processing 6 of 151
[12:26:03] [udemy-downloader] [main:2151] INFO: Processing 8 of 151
[12:26:03] [udemy-downloader] [main:2187] INFO: Processing 9 of 151
[12:26:03] [udemy-downloader] [main:2151] INFO: Processing 10 of 151
[12:26:03] [udemy-downloader] [main:2187] INFO: Processing 11 of 151
[12:26:03] [udemy-downloader] [main:2151] INFO: Processing 12 of 151
[12:26:03] [udemy-downloader] [main:2187] INFO: Processing 13 of 151
[12:26:03] [udemy-downloader] [main:2151] INFO: Processing 14 of 151
[12:26:03] [udemy-downloader] [main:2151] INFO: Processing 15 of 151
[12:26:03] [udemy-downloader] [main:2187] INFO: Processing 16 of 151
[12:26:03] [udemy-downloader] [main:2151] INFO: Processing 17 of 151
[12:26:03] [udemy-downloader] [main:2151] INFO: Processing 18 of 151
[12:26:03] [udemy-downloader] [main:2187] INFO: Processing 19 of 151
[12:26:03] [udemy-downloader] [main:2151] INFO: Processing 20 of 151
[12:26:03] [udemy-downloader] [main:2151] INFO: Processing 21 of 151
[12:26:03] [udemy-downloader] [main:2187] INFO: Processing 22 of 151
[12:26:03] [udemy-downloader] [main:2151] INFO: Processing 23 of 151
[12:26:03] [udemy-downloader] [main:2151] INFO: Processing 25 of 151
[12:26:03] [udemy-downloader] [main:2151] INFO: Processing 26 of 151
[12:26:03] [udemy-downloader] [main:2151] INFO: Processing 27 of 151
[12:26:03] [udemy-downloader] [main:2187] INFO: Processing 28 of 151
[12:26:03] [udemy-downloader] [main:2151] INFO: Processing 29 of 151
[12:26:03] [udemy-downloader] [main:2151] INFO: Processing 30 of 151
[12:26:03] [udemy-downloader] [main:2151] INFO: Processing 31 of 151
[12:26:03] [udemy-downloader] [main:2151] INFO: Processing 32 of 151
[12:26:03] [udemy-downloader] [main:2187] INFO: Processing 33 of 151
[12:26:03] [udemy-downloader] [main:2151] INFO: Processing 34 of 151
[12:26:03] [udemy-downloader] [main:2151] INFO: Processing 35 of 151
[12:26:03] [udemy-downloader] [main:2151] INFO: Processing 36 of 151
[12:26:03] [udemy-downloader] [main:2151] INFO: Processing 37 of 151
[12:26:03] [udemy-downloader] [main:2187] INFO: Processing 38 of 151
[12:26:03] [udemy-downloader] [main:2151] INFO: Processing 39 of 151
[12:26:03] [udemy-downloader] [main:2151] INFO: Processing 41 of 151
[12:26:03] [udemy-downloader] [main:2151] INFO: Processing 42 of 151
[12:26:03] [udemy-downloader] [main:2151] INFO: Processing 44 of 151
[12:26:03] [udemy-downloader] [main:2151] INFO: Processing 45 of 151
[12:26:03] [udemy-downloader] [main:2187] INFO: Processing 46 of 151
[12:26:03] [udemy-downloader] [main:2151] INFO: Processing 47 of 151
[12:26:03] [udemy-downloader] [main:2187] INFO: Processing 48 of 151
[12:26:03] [udemy-downloader] [main:2151] INFO: Processing 49 of 151
[12:26:03] [udemy-downloader] [main:2187] INFO: Processing 50 of 151
[12:26:03] [udemy-downloader] [main:2151] INFO: Processing 51 of 151
[12:26:03] [udemy-downloader] [main:2151] INFO: Processing 52 of 151
[12:26:03] [udemy-downloader] [main:2187] INFO: Processing 53 of 151
[12:26:03] [udemy-downloader] [main:2151] INFO: Processing 54 of 151
[12:26:03] [udemy-downloader] [main:2187] INFO: Processing 55 of 151
[12:26:03] [udemy-downloader] [main:2151] INFO: Processing 57 of 151
[12:26:03] [udemy-downloader] [main:2187] INFO: Processing 58 of 151
[12:26:03] [udemy-downloader] [main:2151] INFO: Processing 59 of 151
[12:26:03] [udemy-downloader] [main:2187] INFO: Processing 60 of 151
[12:26:03] [udemy-downloader] [main:2151] INFO: Processing 61 of 151
[12:26:03] [udemy-downloader] [main:2151] INFO: Processing 62 of 151
[12:26:03] [udemy-downloader] [main:2151] INFO: Processing 63 of 151
[12:26:03] [udemy-downloader] [main:2151] INFO: Processing 64 of 151
[12:26:03] [udemy-downloader] [main:2187] INFO: Processing 65 of 151
[12:26:03] [udemy-downloader] [main:2151] INFO: Processing 66 of 151
[12:26:03] [udemy-downloader] [main:2151] INFO: Processing 67 of 151
[12:26:03] [udemy-downloader] [main:2151] INFO: Processing 68 of 151
[12:26:03] [udemy-downloader] [main:2187] INFO: Processing 69 of 151
[12:26:03] [udemy-downloader] [main:2151] INFO: Processing 71 of 151
[12:26:03] [udemy-downloader] [main:2151] INFO: Processing 72 of 151
[12:26:03] [udemy-downloader] [main:2151] INFO: Processing 73 of 151
[12:26:03] [udemy-downloader] [main:2151] INFO: Processing 74 of 151
[12:26:03] [udemy-downloader] [main:2151] INFO: Processing 75 of 151
[12:26:03] [udemy-downloader] [main:2151] INFO: Processing 76 of 151
[12:26:03] [udemy-downloader] [main:2151] INFO: Processing 77 of 151
[12:26:03] [udemy-downloader] [main:2151] INFO: Processing 79 of 151
[12:26:03] [udemy-downloader] [main:2151] INFO: Processing 80 of 151
[12:26:03] [udemy-downloader] [main:2151] INFO: Processing 82 of 151
[12:26:03] [udemy-downloader] [main:2151] INFO: Processing 83 of 151
[12:26:03] [udemy-downloader] [main:2187] INFO: Processing 84 of 151
[12:26:03] [udemy-downloader] [main:2151] INFO: Processing 85 of 151
[12:26:03] [udemy-downloader] [main:2187] INFO: Processing 86 of 151
[12:26:03] [udemy-downloader] [main:2151] INFO: Processing 87 of 151
[12:26:03] [udemy-downloader] [main:2187] INFO: Processing 88 of 151
[12:26:03] [udemy-downloader] [main:2151] INFO: Processing 90 of 151
[12:26:03] [udemy-downloader] [main:2151] INFO: Processing 91 of 151
[12:26:03] [udemy-downloader] [main:2151] INFO: Processing 92 of 151
[12:26:03] [udemy-downloader] [main:2187] INFO: Processing 93 of 151
[12:26:03] [udemy-downloader] [main:2151] INFO: Processing 94 of 151
[12:26:03] [udemy-downloader] [main:2151] INFO: Processing 95 of 151
[12:26:03] [udemy-downloader] [main:2151] INFO: Processing 96 of 151
[12:26:03] [udemy-downloader] [main:2151] INFO: Processing 97 of 151
[12:26:03] [udemy-downloader] [main:2151] INFO: Processing 98 of 151
[12:26:03] [udemy-downloader] [main:2151] INFO: Processing 99 of 151
[12:26:03] [udemy-downloader] [main:2151] INFO: Processing 100 of 151
[12:26:03] [udemy-downloader] [main:2187] INFO: Processing 101 of 151
[12:26:03] [udemy-downloader] [main:2151] INFO: Processing 102 of 151
[12:26:03] [udemy-downloader] [main:2151] INFO: Processing 104 of 151
[12:26:03] [udemy-downloader] [main:2151] INFO: Processing 105 of 151
[12:26:03] [udemy-downloader] [main:2151] INFO: Processing 107 of 151
[12:26:03] [udemy-downloader] [main:2187] INFO: Processing 108 of 151
[12:26:03] [udemy-downloader] [main:2151] INFO: Processing 109 of 151
[12:26:03] [udemy-downloader] [main:2187] INFO: Processing 110 of 151
[12:26:03] [udemy-downloader] [main:2151] INFO: Processing 111 of 151
[12:26:03] [udemy-downloader] [main:2187] INFO: Processing 112 of 151
[12:26:03] [udemy-downloader] [main:2151] INFO: Processing 113 of 151
[12:26:03] [udemy-downloader] [main:2187] INFO: Processing 114 of 151
[12:26:03] [udemy-downloader] [main:2151] INFO: Processing 115 of 151
[12:26:03] [udemy-downloader] [main:2187] INFO: Processing 116 of 151
[12:26:03] [udemy-downloader] [main:2151] INFO: Processing 117 of 151
[12:26:03] [udemy-downloader] [main:2151] INFO: Processing 119 of 151
[12:26:03] [udemy-downloader] [main:2187] INFO: Processing 120 of 151
[12:26:03] [udemy-downloader] [main:2151] INFO: Processing 121 of 151
[12:26:03] [udemy-downloader] [main:2187] INFO: Processing 122 of 151
[12:26:03] [udemy-downloader] [main:2151] INFO: Processing 123 of 151
[12:26:03] [udemy-downloader] [main:2187] INFO: Processing 124 of 151
[12:26:03] [udemy-downloader] [main:2151] INFO: Processing 125 of 151
[12:26:03] [udemy-downloader] [main:2187] INFO: Processing 126 of 151
[12:26:03] [udemy-downloader] [main:2151] INFO: Processing 127 of 151
[12:26:03] [udemy-downloader] [main:2151] INFO: Processing 128 of 151
[12:26:03] [udemy-downloader] [main:2187] INFO: Processing 129 of 151
[12:26:03] [udemy-downloader] [main:2151] INFO: Processing 130 of 151
[12:26:03] [udemy-downloader] [main:2187] INFO: Processing 131 of 151
[12:26:03] [udemy-downloader] [main:2151] INFO: Processing 132 of 151
[12:26:03] [udemy-downloader] [main:2151] INFO: Processing 134 of 151
[12:26:03] [udemy-downloader] [main:2187] INFO: Processing 135 of 151
[12:26:03] [udemy-downloader] [main:2151] INFO: Processing 136 of 151
[12:26:03] [udemy-downloader] [main:2187] INFO: Processing 137 of 151
[12:26:03] [udemy-downloader] [main:2151] INFO: Processing 138 of 151
[12:26:03] [udemy-downloader] [main:2187] INFO: Processing 139 of 151
[12:26:03] [udemy-downloader] [main:2151] INFO: Processing 140 of 151
[12:26:03] [udemy-downloader] [main:2187] INFO: Processing 141 of 151
[12:26:03] [udemy-downloader] [main:2151] INFO: Processing 142 of 151
[12:26:03] [udemy-downloader] [main:2187] INFO: Processing 143 of 151
[12:26:03] [udemy-downloader] [main:2151] INFO: Processing 144 of 151
[12:26:03] [udemy-downloader] [main:2187] INFO: Processing 145 of 151
[12:26:03] [udemy-downloader] [main:2151] INFO: Processing 147 of 151
[12:26:03] [udemy-downloader] [main:2151] INFO: Processing 149 of 151
[12:26:03] [udemy-downloader] [main:2151] INFO: Processing 151 of 151
[12:26:03] [udemy-downloader] [parse_new:1731] INFO: Chapter(s) (18)
[12:26:03] [udemy-downloader] [parse_new:1732] INFO: Lecture(s) (133)
[12:26:03] [udemy-downloader] [parse_new:1754] INFO: ======= Processing chapter 1 of 18 =======
[12:26:06] [udemy-downloader] [parse_new:1782] INFO:   > Processing lecture 1 of 133
[12:26:06] [udemy-downloader] [process_lecture:1598] INFO:       > Lecture doesn't have DRM, attempting to download...
[12:26:06] [udemy-downloader] [process_lecture:1603] INFO:       ====== Selected quality: video 720
[12:26:08] [udemy-downloader] [parse_new:1808] INFO: Processing 22 caption(s)...
[12:26:08] [udemy-downloader] [process_caption:1546] INFO:     >  Downloading caption: '001 What does the course cover_en.vtt'
[12:26:09] [udemy-downloader] [process_caption:1559] INFO:     > Converting caption to SRT format...
[12:26:09] [udemy-downloader] [process_caption:1561] INFO:     > Caption conversion complete.
[12:26:09] [udemy-downloader] [parse_new:1822] INFO:     > Processing 1 asset(s) for lecture...
[12:26:09] [udemy-downloader] [parse_new:1782] INFO:   > Processing lecture 2 of 133
[12:26:09] [udemy-downloader] [parse_new:1822] INFO:     > Processing 1 asset(s) for lecture...
[12:26:09] [udemy-downloader] [parse_new:1754] INFO: ======= Processing chapter 2 of 18 =======
[12:26:12] [udemy-downloader] [parse_new:1782] INFO:   > Processing lecture 3 of 133
[12:26:12] [udemy-downloader] [process_lecture:1598] INFO:       > Lecture doesn't have DRM, attempting to download...
[12:26:12] [udemy-downloader] [process_lecture:1603] INFO:       ====== Selected quality: video 720
[12:26:14] [udemy-downloader] [parse_new:1808] INFO: Processing 22 caption(s)...
[12:26:14] [udemy-downloader] [process_caption:1546] INFO:     >  Downloading caption: '003 Understanding the difference between a population and a sample_en.vtt'
[12:26:14] [udemy-downloader] [process_caption:1559] INFO:     > Converting caption to SRT format...
[12:26:14] [udemy-downloader] [process_caption:1561] INFO:     > Caption conversion complete.
[12:26:14] [udemy-downloader] [parse_new:1822] INFO:     > Processing 3 asset(s) for lecture...
[12:26:16] [udemy-downloader] [process_normal_quiz:1687] INFO:   > Processing quiz 1
[12:26:16] [udemy-downloader] [parse_new:1754] INFO: ======= Processing chapter 3 of 18 =======
[12:26:19] [udemy-downloader] [parse_new:1782] INFO:   > Processing lecture 5 of 133
[12:26:19] [udemy-downloader] [process_lecture:1598] INFO:       > Lecture doesn't have DRM, attempting to download...
[12:26:19] [udemy-downloader] [process_lecture:1603] INFO:       ====== Selected quality: video 720
[12:26:21] [udemy-downloader] [parse_new:1808] INFO: Processing 20 caption(s)...
[12:26:21] [udemy-downloader] [process_caption:1546] INFO:     >  Downloading caption: '005 The various types of data we can work with_en.vtt'
[12:26:22] [udemy-downloader] [process_caption:1559] INFO:     > Converting caption to SRT format...
[12:26:22] [udemy-downloader] [process_caption:1561] INFO:     > Caption conversion complete.
[12:26:22] [udemy-downloader] [parse_new:1822] INFO:     > Processing 1 asset(s) for lecture...
[12:26:23] [udemy-downloader] [process_normal_quiz:1687] INFO:   > Processing quiz 2
[12:26:25] [udemy-downloader] [parse_new:1782] INFO:   > Processing lecture 7 of 133
[12:26:25] [udemy-downloader] [process_lecture:1598] INFO:       > Lecture doesn't have DRM, attempting to download...
[12:26:25] [udemy-downloader] [process_lecture:1603] INFO:       ====== Selected quality: video 720
[12:26:27] [udemy-downloader] [parse_new:1808] INFO: Processing 22 caption(s)...
[12:26:27] [udemy-downloader] [process_caption:1546] INFO:     >  Downloading caption: '007 Levels of measurement_en.vtt'
[12:26:28] [udemy-downloader] [process_caption:1559] INFO:     > Converting caption to SRT format...
[12:26:28] [udemy-downloader] [process_caption:1561] INFO:     > Caption conversion complete.
[12:26:28] [udemy-downloader] [parse_new:1822] INFO:     > Processing 0 asset(s) for lecture...
[12:26:28] [udemy-downloader] [process_normal_quiz:1687] INFO:   > Processing quiz 3
[12:26:32] [udemy-downloader] [parse_new:1782] INFO:   > Processing lecture 9 of 133
[12:26:32] [udemy-downloader] [process_lecture:1598] INFO:       > Lecture doesn't have DRM, attempting to download...
[12:26:32] [udemy-downloader] [process_lecture:1603] INFO:       ====== Selected quality: video 720
[12:26:34] [udemy-downloader] [parse_new:1808] INFO: Processing 20 caption(s)...
[12:26:34] [udemy-downloader] [process_caption:1546] INFO:     >  Downloading caption: '009 Categorical variables. Visualization techniques for categorical variables_en.vtt'
[12:26:34] [udemy-downloader] [process_caption:1559] INFO:     > Converting caption to SRT format...
[12:26:34] [udemy-downloader] [process_caption:1561] INFO:     > Caption conversion complete.
[12:26:34] [udemy-downloader] [parse_new:1822] INFO:     > Processing 1 asset(s) for lecture...
[12:26:35] [udemy-downloader] [process_normal_quiz:1687] INFO:   > Processing quiz 4
[12:26:35] [udemy-downloader] [parse_new:1782] INFO:   > Processing lecture 11 of 133
[12:26:35] [udemy-downloader] [parse_new:1822] INFO:     > Processing 4 asset(s) for lecture...
[12:26:41] [udemy-downloader] [parse_new:1782] INFO:   > Processing lecture 12 of 133
[12:26:41] [udemy-downloader] [process_lecture:1598] INFO:       > Lecture doesn't have DRM, attempting to download...
[12:26:41] [udemy-downloader] [process_lecture:1603] INFO:       ====== Selected quality: video 720
[12:26:42] [udemy-downloader] [parse_new:1808] INFO: Processing 22 caption(s)...
[12:26:42] [udemy-downloader] [process_caption:1546] INFO:     >  Downloading caption: '012 Numerical variables. Using a frequency distribution table_en.vtt'
[12:26:43] [udemy-downloader] [process_caption:1559] INFO:     > Converting caption to SRT format...
[12:26:43] [udemy-downloader] [process_caption:1561] INFO:     > Caption conversion complete.
[12:26:43] [udemy-downloader] [parse_new:1822] INFO:     > Processing 1 asset(s) for lecture...
[12:26:44] [udemy-downloader] [process_normal_quiz:1687] INFO:   > Processing quiz 5
[12:26:44] [udemy-downloader] [parse_new:1782] INFO:   > Processing lecture 14 of 133
[12:26:44] [udemy-downloader] [parse_new:1822] INFO:     > Processing 3 asset(s) for lecture...
[12:26:48] [udemy-downloader] [parse_new:1782] INFO:   > Processing lecture 15 of 133
[12:26:48] [udemy-downloader] [process_lecture:1598] INFO:       > Lecture doesn't have DRM, attempting to download...
[12:26:48] [udemy-downloader] [process_lecture:1603] INFO:       ====== Selected quality: video 720
[12:26:49] [udemy-downloader] [parse_new:1808] INFO: Processing 22 caption(s)...
[12:26:49] [udemy-downloader] [process_caption:1546] INFO:     >  Downloading caption: '015 Histogram charts_en.vtt'
[12:26:50] [udemy-downloader] [process_caption:1559] INFO:     > Converting caption to SRT format...
[12:26:50] [udemy-downloader] [process_caption:1561] INFO:     > Caption conversion complete.
[12:26:50] [udemy-downloader] [parse_new:1822] INFO:     > Processing 1 asset(s) for lecture...
[12:26:51] [udemy-downloader] [process_normal_quiz:1687] INFO:   > Processing quiz 6
[12:26:51] [udemy-downloader] [parse_new:1782] INFO:   > Processing lecture 17 of 133
[12:26:51] [udemy-downloader] [parse_new:1822] INFO:     > Processing 4 asset(s) for lecture...
[12:26:55] [udemy-downloader] [parse_new:1782] INFO:   > Processing lecture 18 of 133
[12:26:55] [udemy-downloader] [process_lecture:1598] INFO:       > Lecture doesn't have DRM, attempting to download...
[12:26:55] [udemy-downloader] [process_lecture:1603] INFO:       ====== Selected quality: video 720
[12:26:57] [udemy-downloader] [parse_new:1808] INFO: Processing 22 caption(s)...
[12:26:57] [udemy-downloader] [process_caption:1546] INFO:     >  Downloading caption: '018 Cross tables and scatter plots_en.vtt'
[12:26:57] [udemy-downloader] [process_caption:1559] INFO:     > Converting caption to SRT format...
[12:26:57] [udemy-downloader] [process_caption:1561] INFO:     > Caption conversion complete.
[12:26:57] [udemy-downloader] [parse_new:1822] INFO:     > Processing 1 asset(s) for lecture...
[12:26:58] [udemy-downloader] [process_normal_quiz:1687] INFO:   > Processing quiz 7
[12:26:58] [udemy-downloader] [parse_new:1782] INFO:   > Processing lecture 20 of 133
[12:26:58] [udemy-downloader] [parse_new:1822] INFO:     > Processing 3 asset(s) for lecture...
[12:26:59] [udemy-downloader] [parse_new:1754] INFO: ======= Processing chapter 4 of 18 =======
[12:27:03] [udemy-downloader] [parse_new:1782] INFO:   > Processing lecture 21 of 133
[12:27:03] [udemy-downloader] [process_lecture:1598] INFO:       > Lecture doesn't have DRM, attempting to download...
[12:27:03] [udemy-downloader] [process_lecture:1603] INFO:       ====== Selected quality: video 720
[12:27:04] [udemy-downloader] [parse_new:1808] INFO: Processing 22 caption(s)...
[12:27:04] [udemy-downloader] [process_caption:1546] INFO:     >  Downloading caption: '021 The main measures of central tendency mean, median and mode_en.vtt'
[12:27:05] [udemy-downloader] [process_caption:1559] INFO:     > Converting caption to SRT format...
[12:27:05] [udemy-downloader] [process_caption:1561] INFO:     > Caption conversion complete.
[12:27:05] [udemy-downloader] [parse_new:1822] INFO:     > Processing 2 asset(s) for lecture...
[12:27:05] [udemy-downloader] [parse_new:1782] INFO:   > Processing lecture 22 of 133
[12:27:05] [udemy-downloader] [parse_new:1822] INFO:     > Processing 3 asset(s) for lecture...
[12:27:09] [udemy-downloader] [parse_new:1782] INFO:   > Processing lecture 23 of 133
[12:27:09] [udemy-downloader] [process_lecture:1598] INFO:       > Lecture doesn't have DRM, attempting to download...
[12:27:09] [udemy-downloader] [process_lecture:1603] INFO:       ====== Selected quality: video 720
[12:27:10] [udemy-downloader] [parse_new:1808] INFO: Processing 22 caption(s)...
[12:27:10] [udemy-downloader] [process_caption:1546] INFO:     >  Downloading caption: '023 Measuring skewness_en.vtt'
[12:27:10] [udemy-downloader] [process_caption:1559] INFO:     > Converting caption to SRT format...
[12:27:10] [udemy-downloader] [process_caption:1561] INFO:     > Caption conversion complete.
[12:27:10] [udemy-downloader] [parse_new:1822] INFO:     > Processing 2 asset(s) for lecture...
[12:27:11] [udemy-downloader] [process_normal_quiz:1687] INFO:   > Processing quiz 8
[12:27:11] [udemy-downloader] [parse_new:1782] INFO:   > Processing lecture 25 of 133
[12:27:11] [udemy-downloader] [parse_new:1822] INFO:     > Processing 3 asset(s) for lecture...
[12:27:16] [udemy-downloader] [parse_new:1782] INFO:   > Processing lecture 26 of 133
[12:27:16] [udemy-downloader] [process_lecture:1598] INFO:       > Lecture doesn't have DRM, attempting to download...
[12:27:16] [udemy-downloader] [process_lecture:1603] INFO:       ====== Selected quality: video 720
[12:27:18] [udemy-downloader] [parse_new:1808] INFO: Processing 22 caption(s)...
[12:27:18] [udemy-downloader] [process_caption:1546] INFO:     >  Downloading caption: '026 Measuring how data is spread out calculating variance_en.vtt'
[12:27:19] [udemy-downloader] [process_caption:1559] INFO:     > Converting caption to SRT format...
[12:27:19] [udemy-downloader] [process_caption:1561] INFO:     > Caption conversion complete.
[12:27:19] [udemy-downloader] [parse_new:1822] INFO:     > Processing 2 asset(s) for lecture...
[12:27:19] [udemy-downloader] [parse_new:1782] INFO:   > Processing lecture 27 of 133
[12:27:19] [udemy-downloader] [parse_new:1822] INFO:     > Processing 3 asset(s) for lecture...
[12:27:24] [udemy-downloader] [parse_new:1782] INFO:   > Processing lecture 28 of 133
[12:27:24] [udemy-downloader] [process_lecture:1598] INFO:       > Lecture doesn't have DRM, attempting to download...
[12:27:24] [udemy-downloader] [process_lecture:1603] INFO:       ====== Selected quality: video 720
[12:27:27] [udemy-downloader] [parse_new:1808] INFO: Processing 22 caption(s)...
[12:27:27] [udemy-downloader] [process_caption:1546] INFO:     >  Downloading caption: '028 Standard deviation and coefficient of variation_en.vtt'
[12:27:27] [udemy-downloader] [process_caption:1559] INFO:     > Converting caption to SRT format...
[12:27:27] [udemy-downloader] [process_caption:1561] INFO:     > Caption conversion complete.
[12:27:27] [udemy-downloader] [parse_new:1822] INFO:     > Processing 3 asset(s) for lecture...
[12:27:28] [udemy-downloader] [process_normal_quiz:1687] INFO:   > Processing quiz 9
[12:27:28] [udemy-downloader] [parse_new:1782] INFO:   > Processing lecture 30 of 133
[12:27:28] [udemy-downloader] [parse_new:1822] INFO:     > Processing 3 asset(s) for lecture...
[12:27:33] [udemy-downloader] [parse_new:1782] INFO:   > Processing lecture 31 of 133
[12:27:33] [udemy-downloader] [process_lecture:1598] INFO:       > Lecture doesn't have DRM, attempting to download...
[12:27:33] [udemy-downloader] [process_lecture:1603] INFO:       ====== Selected quality: video 720
[12:27:35] [udemy-downloader] [parse_new:1808] INFO: Processing 22 caption(s)...
[12:27:35] [udemy-downloader] [process_caption:1546] INFO:     >  Downloading caption: '031 Calculating and understanding covariance_en.vtt'
[12:27:35] [udemy-downloader] [process_caption:1559] INFO:     > Converting caption to SRT format...
[12:27:35] [udemy-downloader] [process_caption:1561] INFO:     > Caption conversion complete.
[12:27:35] [udemy-downloader] [parse_new:1822] INFO:     > Processing 1 asset(s) for lecture...
[12:27:36] [udemy-downloader] [parse_new:1782] INFO:   > Processing lecture 32 of 133
[12:27:36] [udemy-downloader] [parse_new:1822] INFO:     > Processing 3 asset(s) for lecture...
[12:27:40] [udemy-downloader] [parse_new:1782] INFO:   > Processing lecture 33 of 133
[12:27:40] [udemy-downloader] [process_lecture:1598] INFO:       > Lecture doesn't have DRM, attempting to download...
[12:27:40] [udemy-downloader] [process_lecture:1603] INFO:       ====== Selected quality: video 720
[12:27:42] [udemy-downloader] [parse_new:1808] INFO: Processing 22 caption(s)...
[12:27:42] [udemy-downloader] [process_caption:1546] INFO:     >  Downloading caption: '033 The correlation coefficient_en.vtt'
[12:27:42] [udemy-downloader] [process_caption:1559] INFO:     > Converting caption to SRT format...
[12:27:42] [udemy-downloader] [process_caption:1561] INFO:     > Caption conversion complete.
[12:27:42] [udemy-downloader] [parse_new:1822] INFO:     > Processing 1 asset(s) for lecture...
[12:27:43] [udemy-downloader] [process_normal_quiz:1687] INFO:   > Processing quiz 10
[12:27:43] [udemy-downloader] [parse_new:1782] INFO:   > Processing lecture 35 of 133
[12:27:43] [udemy-downloader] [parse_new:1822] INFO:     > Processing 3 asset(s) for lecture...
[12:27:45] [udemy-downloader] [parse_new:1754] INFO: ======= Processing chapter 5 of 18 =======
[12:27:51] [udemy-downloader] [parse_new:1782] INFO:   > Processing lecture 36 of 133
[12:27:51] [udemy-downloader] [process_lecture:1598] INFO:       > Lecture doesn't have DRM, attempting to download...
[12:27:51] [udemy-downloader] [process_lecture:1603] INFO:       ====== Selected quality: video 720
[12:27:54] [udemy-downloader] [parse_new:1808] INFO: Processing 22 caption(s)...
[12:27:54] [udemy-downloader] [process_caption:1546] INFO:     >  Downloading caption: '036 Practical example_en.vtt'
[12:27:54] [udemy-downloader] [process_caption:1559] INFO:     > Converting caption to SRT format...
[12:27:54] [udemy-downloader] [process_caption:1561] INFO:     > Caption conversion complete.
[12:27:54] [udemy-downloader] [parse_new:1822] INFO:     > Processing 1 asset(s) for lecture...
[12:27:55] [udemy-downloader] [parse_new:1782] INFO:   > Processing lecture 37 of 133
[12:27:55] [udemy-downloader] [parse_new:1822] INFO:     > Processing 3 asset(s) for lecture...
[12:27:56] [udemy-downloader] [parse_new:1754] INFO: ======= Processing chapter 6 of 18 =======
[12:27:59] [udemy-downloader] [parse_new:1782] INFO:   > Processing lecture 38 of 133
[12:27:59] [udemy-downloader] [process_lecture:1598] INFO:       > Lecture doesn't have DRM, attempting to download...
[12:27:59] [udemy-downloader] [process_lecture:1603] INFO:       ====== Selected quality: video 720
[12:28:01] [udemy-downloader] [parse_new:1808] INFO: Processing 22 caption(s)...
[12:28:01] [udemy-downloader] [process_caption:1546] INFO:     >  Downloading caption: '038 Introduction to inferential statistics_en.vtt'
[12:28:01] [udemy-downloader] [process_caption:1559] INFO:     > Converting caption to SRT format...
[12:28:01] [udemy-downloader] [process_caption:1561] INFO:     > Caption conversion complete.
[12:28:01] [udemy-downloader] [parse_new:1822] INFO:     > Processing 1 asset(s) for lecture...
[12:28:05] [udemy-downloader] [parse_new:1782] INFO:   > Processing lecture 39 of 133
[12:28:05] [udemy-downloader] [process_lecture:1598] INFO:       > Lecture doesn't have DRM, attempting to download...
[12:28:05] [udemy-downloader] [process_lecture:1603] INFO:       ====== Selected quality: video 720
[12:28:07] [udemy-downloader] [parse_new:1808] INFO: Processing 22 caption(s)...
[12:28:07] [udemy-downloader] [process_caption:1546] INFO:     >  Downloading caption: '039 What is a distribution_en.vtt'
[12:28:07] [udemy-downloader] [process_caption:1559] INFO:     > Converting caption to SRT format...
[12:28:07] [udemy-downloader] [process_caption:1561] INFO:     > Caption conversion complete.
[12:28:07] [udemy-downloader] [parse_new:1822] INFO:     > Processing 2 asset(s) for lecture...
[12:28:09] [udemy-downloader] [process_normal_quiz:1687] INFO:   > Processing quiz 11
[12:28:11] [udemy-downloader] [parse_new:1782] INFO:   > Processing lecture 41 of 133
[12:28:11] [udemy-downloader] [process_lecture:1598] INFO:       > Lecture doesn't have DRM, attempting to download...
[12:28:11] [udemy-downloader] [process_lecture:1603] INFO:       ====== Selected quality: video 720
[12:28:13] [udemy-downloader] [parse_new:1808] INFO: Processing 22 caption(s)...
[12:28:13] [udemy-downloader] [process_caption:1546] INFO:     >  Downloading caption: '041 The Normal distribution_en.vtt'
[12:28:14] [udemy-downloader] [process_caption:1559] INFO:     > Converting caption to SRT format...
[12:28:14] [udemy-downloader] [process_caption:1561] INFO:     > Caption conversion complete.
[12:28:14] [udemy-downloader] [parse_new:1822] INFO:     > Processing 0 asset(s) for lecture...
[12:28:14] [udemy-downloader] [process_normal_quiz:1687] INFO:   > Processing quiz 12
[12:28:18] [udemy-downloader] [parse_new:1782] INFO:   > Processing lecture 43 of 133
[12:28:18] [udemy-downloader] [process_lecture:1598] INFO:       > Lecture doesn't have DRM, attempting to download...
[12:28:18] [udemy-downloader] [process_lecture:1603] INFO:       ====== Selected quality: video 720
[12:28:20] [udemy-downloader] [parse_new:1808] INFO: Processing 22 caption(s)...
[12:28:20] [udemy-downloader] [process_caption:1546] INFO:     >  Downloading caption: '043 The standard normal distribution_en.vtt'
[12:28:20] [udemy-downloader] [process_caption:1559] INFO:     > Converting caption to SRT format...
[12:28:20] [udemy-downloader] [process_caption:1561] INFO:     > Caption conversion complete.
[12:28:20] [udemy-downloader] [parse_new:1822] INFO:     > Processing 1 asset(s) for lecture...
[12:28:21] [udemy-downloader] [process_normal_quiz:1687] INFO:   > Processing quiz 13
[12:28:21] [udemy-downloader] [parse_new:1782] INFO:   > Processing lecture 45 of 133
[12:28:21] [udemy-downloader] [parse_new:1822] INFO:     > Processing 3 asset(s) for lecture...
[12:28:27] [udemy-downloader] [parse_new:1782] INFO:   > Processing lecture 46 of 133
[12:28:27] [udemy-downloader] [process_lecture:1598] INFO:       > Lecture doesn't have DRM, attempting to download...
[12:28:27] [udemy-downloader] [process_lecture:1603] INFO:       ====== Selected quality: video 720
[12:28:31] [udemy-downloader] [parse_new:1808] INFO: Processing 22 caption(s)...
[12:28:31] [udemy-downloader] [process_caption:1546] INFO:     >  Downloading caption: '046 Understanding the central limit theorem_en.vtt'
[12:28:31] [udemy-downloader] [process_caption:1559] INFO:     > Converting caption to SRT format...
[12:28:31] [udemy-downloader] [process_caption:1561] INFO:     > Caption conversion complete.
[12:28:31] [udemy-downloader] [parse_new:1822] INFO:     > Processing 0 asset(s) for lecture...
[12:28:32] [udemy-downloader] [process_normal_quiz:1687] INFO:   > Processing quiz 14
[12:28:35] [udemy-downloader] [parse_new:1782] INFO:   > Processing lecture 48 of 133
[12:28:35] [udemy-downloader] [process_lecture:1598] INFO:       > Lecture doesn't have DRM, attempting to download...
[12:28:35] [udemy-downloader] [process_lecture:1603] INFO:       ====== Selected quality: video 720
[12:28:36] [udemy-downloader] [parse_new:1808] INFO: Processing 22 caption(s)...
[12:28:36] [udemy-downloader] [process_caption:1546] INFO:     >  Downloading caption: '048 Standard error_en.vtt'
[12:28:37] [udemy-downloader] [process_caption:1559] INFO:     > Converting caption to SRT format...
[12:28:37] [udemy-downloader] [process_caption:1561] INFO:     > Caption conversion complete.
[12:28:37] [udemy-downloader] [parse_new:1822] INFO:     > Processing 0 asset(s) for lecture...
[12:28:37] [udemy-downloader] [process_normal_quiz:1687] INFO:   > Processing quiz 15
[12:28:37] [udemy-downloader] [parse_new:1754] INFO: ======= Processing chapter 7 of 18 =======
[12:28:42] [udemy-downloader] [parse_new:1782] INFO:   > Processing lecture 50 of 133
[12:28:42] [udemy-downloader] [process_lecture:1598] INFO:       > Lecture doesn't have DRM, attempting to download...
[12:28:42] [udemy-downloader] [process_lecture:1603] INFO:       ====== Selected quality: video 720
[12:28:43] [udemy-downloader] [parse_new:1808] INFO: Processing 22 caption(s)...
[12:28:43] [udemy-downloader] [process_caption:1546] INFO:     >  Downloading caption: '050 Working with estimators and estimates_en.vtt'
[12:28:44] [udemy-downloader] [process_caption:1559] INFO:     > Converting caption to SRT format...
[12:28:44] [udemy-downloader] [process_caption:1561] INFO:     > Caption conversion complete.
[12:28:44] [udemy-downloader] [parse_new:1822] INFO:     > Processing 0 asset(s) for lecture...
[12:28:44] [udemy-downloader] [process_normal_quiz:1687] INFO:   > Processing quiz 16
[12:28:48] [udemy-downloader] [parse_new:1782] INFO:   > Processing lecture 52 of 133
[12:28:48] [udemy-downloader] [process_lecture:1598] INFO:       > Lecture doesn't have DRM, attempting to download...
[12:28:48] [udemy-downloader] [process_lecture:1603] INFO:       ====== Selected quality: video 720
[12:28:50] [udemy-downloader] [parse_new:1808] INFO: Processing 22 caption(s)...
[12:28:50] [udemy-downloader] [process_caption:1546] INFO:     >  Downloading caption: '052 Confidence intervals - an invaluable tool for decision making_en.vtt'
[12:28:50] [udemy-downloader] [process_caption:1559] INFO:     > Converting caption to SRT format...
[12:28:50] [udemy-downloader] [process_caption:1561] INFO:     > Caption conversion complete.
[12:28:50] [udemy-downloader] [parse_new:1822] INFO:     > Processing 1 asset(s) for lecture...
[12:28:51] [udemy-downloader] [process_normal_quiz:1687] INFO:   > Processing quiz 17
[12:28:54] [udemy-downloader] [parse_new:1782] INFO:   > Processing lecture 54 of 133
[12:28:54] [udemy-downloader] [process_lecture:1598] INFO:       > Lecture doesn't have DRM, attempting to download...
[12:28:54] [udemy-downloader] [process_lecture:1603] INFO:       ====== Selected quality: video 720
[12:28:57] [udemy-downloader] [parse_new:1808] INFO: Processing 22 caption(s)...
[12:28:57] [udemy-downloader] [process_caption:1546] INFO:     >  Downloading caption: '054 Calculating confidence intervals within a population with a known variance_en.vtt'
[12:28:57] [udemy-downloader] [process_caption:1559] INFO:     > Converting caption to SRT format...
[12:28:57] [udemy-downloader] [process_caption:1561] INFO:     > Caption conversion complete.
[12:28:57] [udemy-downloader] [parse_new:1822] INFO:     > Processing 2 asset(s) for lecture...
[12:28:58] [udemy-downloader] [parse_new:1782] INFO:   > Processing lecture 55 of 133
[12:28:58] [udemy-downloader] [parse_new:1822] INFO:     > Processing 4 asset(s) for lecture...
[12:29:03] [udemy-downloader] [parse_new:1782] INFO:   > Processing lecture 56 of 133
[12:29:03] [udemy-downloader] [process_lecture:1598] INFO:       > Lecture doesn't have DRM, attempting to download...
[12:29:03] [udemy-downloader] [process_lecture:1603] INFO:       ====== Selected quality: video 720
[12:29:05] [udemy-downloader] [parse_new:1808] INFO: Processing 22 caption(s)...
[12:29:05] [udemy-downloader] [process_caption:1546] INFO:     >  Downloading caption: '056 Confidence interval clarifications_en.vtt'
[12:29:06] [udemy-downloader] [process_caption:1559] INFO:     > Converting caption to SRT format...
[12:29:06] [udemy-downloader] [process_caption:1561] INFO:     > Caption conversion complete.
[12:29:06] [udemy-downloader] [parse_new:1822] INFO:     > Processing 0 asset(s) for lecture...
[12:29:10] [udemy-downloader] [parse_new:1782] INFO:   > Processing lecture 57 of 133
[12:29:10] [udemy-downloader] [process_lecture:1598] INFO:       > Lecture doesn't have DRM, attempting to download...
[12:29:10] [udemy-downloader] [process_lecture:1603] INFO:       ====== Selected quality: video 720
[12:29:12] [udemy-downloader] [parse_new:1808] INFO: Processing 22 caption(s)...
[12:29:12] [udemy-downloader] [process_caption:1546] INFO:     >  Downloading caption: '057 Student's T distribution_en.vtt'
[12:29:12] [udemy-downloader] [process_caption:1559] INFO:     > Converting caption to SRT format...
[12:29:12] [udemy-downloader] [process_caption:1561] INFO:     > Caption conversion complete.
[12:29:12] [udemy-downloader] [parse_new:1822] INFO:     > Processing 0 asset(s) for lecture...
[12:29:13] [udemy-downloader] [process_normal_quiz:1687] INFO:   > Processing quiz 18
[12:29:16] [udemy-downloader] [parse_new:1782] INFO:   > Processing lecture 59 of 133
[12:29:16] [udemy-downloader] [process_lecture:1598] INFO:       > Lecture doesn't have DRM, attempting to download...
[12:29:16] [udemy-downloader] [process_lecture:1603] INFO:       ====== Selected quality: video 720
[12:29:18] [udemy-downloader] [parse_new:1808] INFO: Processing 22 caption(s)...
[12:29:18] [udemy-downloader] [process_caption:1546] INFO:     >  Downloading caption: '059 Calculating confidence intervals within a population with an unknown variance_en.vtt'
[12:29:19] [udemy-downloader] [process_caption:1559] INFO:     > Converting caption to SRT format...
[12:29:19] [udemy-downloader] [process_caption:1561] INFO:     > Caption conversion complete.
[12:29:19] [udemy-downloader] [parse_new:1822] INFO:     > Processing 2 asset(s) for lecture...
[12:29:19] [udemy-downloader] [parse_new:1782] INFO:   > Processing lecture 60 of 133
[12:29:19] [udemy-downloader] [parse_new:1822] INFO:     > Processing 4 asset(s) for lecture...
[12:29:25] [udemy-downloader] [parse_new:1782] INFO:   > Processing lecture 61 of 133
[12:29:25] [udemy-downloader] [process_lecture:1598] INFO:       > Lecture doesn't have DRM, attempting to download...
[12:29:25] [udemy-downloader] [process_lecture:1603] INFO:       ====== Selected quality: video 720
[12:29:27] [udemy-downloader] [parse_new:1808] INFO: Processing 20 caption(s)...
[12:29:27] [udemy-downloader] [process_caption:1546] INFO:     >  Downloading caption: '061 What is a margin of error and why is it important in Statistics_en.vtt'
[12:29:28] [udemy-downloader] [process_caption:1559] INFO:     > Converting caption to SRT format...
[12:29:28] [udemy-downloader] [process_caption:1561] INFO:     > Caption conversion complete.
[12:29:28] [udemy-downloader] [parse_new:1822] INFO:     > Processing 0 asset(s) for lecture...
[12:29:28] [udemy-downloader] [process_normal_quiz:1687] INFO:   > Processing quiz 19
[12:29:28] [udemy-downloader] [parse_new:1754] INFO: ======= Processing chapter 8 of 18 =======
[12:29:33] [udemy-downloader] [parse_new:1782] INFO:   > Processing lecture 63 of 133
[12:29:33] [udemy-downloader] [process_lecture:1598] INFO:       > Lecture doesn't have DRM, attempting to download...
[12:29:33] [udemy-downloader] [process_lecture:1603] INFO:       ====== Selected quality: video 720
[12:29:35] [udemy-downloader] [parse_new:1808] INFO: Processing 22 caption(s)...
[12:29:35] [udemy-downloader] [process_caption:1546] INFO:     >  Downloading caption: '063 Calculating confidence intervals for two means with dependent samples_en.vtt'
[12:29:35] [udemy-downloader] [process_caption:1559] INFO:     > Converting caption to SRT format...
[12:29:35] [udemy-downloader] [process_caption:1561] INFO:     > Caption conversion complete.
[12:29:35] [udemy-downloader] [parse_new:1822] INFO:     > Processing 1 asset(s) for lecture...
[12:29:36] [udemy-downloader] [parse_new:1782] INFO:   > Processing lecture 64 of 133
[12:29:36] [udemy-downloader] [parse_new:1822] INFO:     > Processing 3 asset(s) for lecture...
[12:29:41] [udemy-downloader] [parse_new:1782] INFO:   > Processing lecture 65 of 133
[12:29:41] [udemy-downloader] [process_lecture:1598] INFO:       > Lecture doesn't have DRM, attempting to download...
[12:29:41] [udemy-downloader] [process_lecture:1603] INFO:       ====== Selected quality: video 720
[12:29:43] [udemy-downloader] [parse_new:1808] INFO: Processing 22 caption(s)...
[12:29:43] [udemy-downloader] [process_caption:1546] INFO:     >  Downloading caption: '065 Calculating confidence intervals for two means with independent samples (part 1)_en.vtt'
[12:29:43] [udemy-downloader] [process_caption:1559] INFO:     > Converting caption to SRT format...
[12:29:43] [udemy-downloader] [process_caption:1561] INFO:     > Caption conversion complete.
[12:29:43] [udemy-downloader] [parse_new:1822] INFO:     > Processing 1 asset(s) for lecture...
[12:29:44] [udemy-downloader] [parse_new:1782] INFO:   > Processing lecture 66 of 133
[12:29:44] [udemy-downloader] [parse_new:1822] INFO:     > Processing 3 asset(s) for lecture...
[12:29:49] [udemy-downloader] [parse_new:1782] INFO:   > Processing lecture 67 of 133
[12:29:49] [udemy-downloader] [process_lecture:1598] INFO:       > Lecture doesn't have DRM, attempting to download...
[12:29:49] [udemy-downloader] [process_lecture:1603] INFO:       ====== Selected quality: video 720
[12:29:51] [udemy-downloader] [parse_new:1808] INFO: Processing 22 caption(s)...
[12:29:51] [udemy-downloader] [process_caption:1546] INFO:     >  Downloading caption: '067 Calculating confidence intervals for two means with independent samples (part 2)_en.vtt'
[12:29:51] [udemy-downloader] [process_caption:1559] INFO:     > Converting caption to SRT format...
[12:29:51] [udemy-downloader] [process_caption:1561] INFO:     > Caption conversion complete.
[12:29:51] [udemy-downloader] [parse_new:1822] INFO:     > Processing 1 asset(s) for lecture...
[12:29:52] [udemy-downloader] [parse_new:1782] INFO:   > Processing lecture 68 of 133
[12:29:52] [udemy-downloader] [parse_new:1822] INFO:     > Processing 3 asset(s) for lecture...
[12:29:56] [udemy-downloader] [parse_new:1782] INFO:   > Processing lecture 69 of 133
[12:29:56] [udemy-downloader] [process_lecture:1598] INFO:       > Lecture doesn't have DRM, attempting to download...
[12:29:56] [udemy-downloader] [process_lecture:1603] INFO:       ====== Selected quality: video 720
[12:29:57] [udemy-downloader] [parse_new:1808] INFO: Processing 22 caption(s)...
[12:29:57] [udemy-downloader] [process_caption:1546] INFO:     >  Downloading caption: '069 Calculating confidence intervals for two means with independent samples (part 3)_en.vtt'
[12:29:58] [udemy-downloader] [process_caption:1559] INFO:     > Converting caption to SRT format...
[12:29:58] [udemy-downloader] [process_caption:1561] INFO:     > Caption conversion complete.
[12:29:58] [udemy-downloader] [parse_new:1822] INFO:     > Processing 0 asset(s) for lecture...
[12:29:58] [udemy-downloader] [parse_new:1754] INFO: ======= Processing chapter 9 of 18 =======
[12:30:02] [udemy-downloader] [parse_new:1782] INFO:   > Processing lecture 70 of 133
[12:30:02] [udemy-downloader] [process_lecture:1598] INFO:       > Lecture doesn't have DRM, attempting to download...
[12:30:02] [udemy-downloader] [process_lecture:1603] INFO:       ====== Selected quality: video 720
[12:30:05] [udemy-downloader] [parse_new:1808] INFO: Processing 22 caption(s)...
[12:30:05] [udemy-downloader] [process_caption:1546] INFO:     >  Downloading caption: '070 Practical example inferential statistics_en.vtt'
[12:30:06] [udemy-downloader] [process_caption:1559] INFO:     > Converting caption to SRT format...
[12:30:06] [udemy-downloader] [process_caption:1561] INFO:     > Caption conversion complete.
[12:30:06] [udemy-downloader] [parse_new:1822] INFO:     > Processing 1 asset(s) for lecture...
[12:30:06] [udemy-downloader] [parse_new:1782] INFO:   > Processing lecture 71 of 133
[12:30:06] [udemy-downloader] [parse_new:1822] INFO:     > Processing 3 asset(s) for lecture...
[12:30:08] [udemy-downloader] [parse_new:1754] INFO: ======= Processing chapter 10 of 18 =======
[12:30:12] [udemy-downloader] [parse_new:1782] INFO:   > Processing lecture 72 of 133
[12:30:12] [udemy-downloader] [process_lecture:1598] INFO:       > Lecture doesn't have DRM, attempting to download...
[12:30:12] [udemy-downloader] [process_lecture:1603] INFO:       ====== Selected quality: video 720
[12:30:14] [udemy-downloader] [parse_new:1808] INFO: Processing 22 caption(s)...
[12:30:14] [udemy-downloader] [process_caption:1546] INFO:     >  Downloading caption: '072 The null and the alternative hypothesis_en.vtt'
[12:30:15] [udemy-downloader] [process_caption:1559] INFO:     > Converting caption to SRT format...
[12:30:15] [udemy-downloader] [process_caption:1561] INFO:     > Caption conversion complete.
[12:30:15] [udemy-downloader] [parse_new:1822] INFO:     > Processing 1 asset(s) for lecture...
[12:30:15] [udemy-downloader] [parse_new:1782] INFO:   > Processing lecture 73 of 133
[12:30:15] [udemy-downloader] [parse_new:1822] INFO:     > Processing 1 asset(s) for lecture...
[12:30:16] [udemy-downloader] [process_normal_quiz:1687] INFO:   > Processing quiz 20
[12:30:19] [udemy-downloader] [parse_new:1782] INFO:   > Processing lecture 75 of 133
[12:30:19] [udemy-downloader] [process_lecture:1598] INFO:       > Lecture doesn't have DRM, attempting to download...
[12:30:19] [udemy-downloader] [process_lecture:1603] INFO:       ====== Selected quality: video 720
[12:30:22] [udemy-downloader] [parse_new:1808] INFO: Processing 20 caption(s)...
[12:30:22] [udemy-downloader] [process_caption:1546] INFO:     >  Downloading caption: '075 Establishing a rejection region and a significance level_en.vtt'
[12:30:22] [udemy-downloader] [process_caption:1559] INFO:     > Converting caption to SRT format...
[12:30:22] [udemy-downloader] [process_caption:1561] INFO:     > Caption conversion complete.
[12:30:22] [udemy-downloader] [parse_new:1822] INFO:     > Processing 1 asset(s) for lecture...
[12:30:25] [udemy-downloader] [process_normal_quiz:1687] INFO:   > Processing quiz 21
[12:30:28] [udemy-downloader] [parse_new:1782] INFO:   > Processing lecture 77 of 133
[12:30:28] [udemy-downloader] [process_lecture:1598] INFO:       > Lecture doesn't have DRM, attempting to download...
[12:30:28] [udemy-downloader] [process_lecture:1603] INFO:       ====== Selected quality: video 720
[12:30:30] [udemy-downloader] [parse_new:1808] INFO: Processing 22 caption(s)...
[12:30:30] [udemy-downloader] [process_caption:1546] INFO:     >  Downloading caption: '077 Type I error vs Type II error_en.vtt'
[12:30:31] [udemy-downloader] [process_caption:1559] INFO:     > Converting caption to SRT format...
[12:30:31] [udemy-downloader] [process_caption:1561] INFO:     > Caption conversion complete.
[12:30:31] [udemy-downloader] [parse_new:1822] INFO:     > Processing 0 asset(s) for lecture...
[12:30:31] [udemy-downloader] [process_normal_quiz:1687] INFO:   > Processing quiz 22
[12:30:31] [udemy-downloader] [parse_new:1754] INFO: ======= Processing chapter 11 of 18 =======
[12:30:35] [udemy-downloader] [parse_new:1782] INFO:   > Processing lecture 79 of 133
[12:30:35] [udemy-downloader] [process_lecture:1598] INFO:       > Lecture doesn't have DRM, attempting to download...
[12:30:35] [udemy-downloader] [process_lecture:1603] INFO:       ====== Selected quality: video 720
[12:30:37] [udemy-downloader] [parse_new:1808] INFO: Processing 22 caption(s)...
[12:30:37] [udemy-downloader] [process_caption:1546] INFO:     >  Downloading caption: '079 Test for the mean. Population variance known_en.vtt'
[12:30:38] [udemy-downloader] [process_caption:1559] INFO:     > Converting caption to SRT format...
[12:30:38] [udemy-downloader] [process_caption:1561] INFO:     > Caption conversion complete.
[12:30:38] [udemy-downloader] [parse_new:1822] INFO:     > Processing 1 asset(s) for lecture...
[12:30:38] [udemy-downloader] [parse_new:1782] INFO:   > Processing lecture 80 of 133
[12:30:38] [udemy-downloader] [parse_new:1822] INFO:     > Processing 3 asset(s) for lecture...
[12:30:43] [udemy-downloader] [parse_new:1782] INFO:   > Processing lecture 81 of 133
[12:30:43] [udemy-downloader] [process_lecture:1598] INFO:       > Lecture doesn't have DRM, attempting to download...
[12:30:43] [udemy-downloader] [process_lecture:1603] INFO:       ====== Selected quality: video 720
[12:30:45] [udemy-downloader] [parse_new:1808] INFO: Processing 22 caption(s)...
[12:30:45] [udemy-downloader] [process_caption:1546] INFO:     >  Downloading caption: '081 What is the p-value and why is it one of the most useful tools for statisticians_en.vtt'
[12:30:45] [udemy-downloader] [process_caption:1559] INFO:     > Converting caption to SRT format...
[12:30:45] [udemy-downloader] [process_caption:1561] INFO:     > Caption conversion complete.
[12:30:45] [udemy-downloader] [parse_new:1822] INFO:     > Processing 1 asset(s) for lecture...
[12:30:46] [udemy-downloader] [process_normal_quiz:1687] INFO:   > Processing quiz 23
[12:30:50] [udemy-downloader] [parse_new:1782] INFO:   > Processing lecture 83 of 133
[12:30:50] [udemy-downloader] [process_lecture:1598] INFO:       > Lecture doesn't have DRM, attempting to download...
[12:30:50] [udemy-downloader] [process_lecture:1603] INFO:       ====== Selected quality: video 720
[12:30:52] [udemy-downloader] [parse_new:1808] INFO: Processing 22 caption(s)...
[12:30:52] [udemy-downloader] [process_caption:1546] INFO:     >  Downloading caption: '083 Test for the mean. Population variance unknown_en.vtt'
[12:30:52] [udemy-downloader] [process_caption:1559] INFO:     > Converting caption to SRT format...
[12:30:52] [udemy-downloader] [process_caption:1561] INFO:     > Caption conversion complete.
[12:30:52] [udemy-downloader] [parse_new:1822] INFO:     > Processing 1 asset(s) for lecture...
[12:30:53] [udemy-downloader] [parse_new:1782] INFO:   > Processing lecture 84 of 133
[12:30:53] [udemy-downloader] [parse_new:1822] INFO:     > Processing 3 asset(s) for lecture...
[12:30:58] [udemy-downloader] [parse_new:1782] INFO:   > Processing lecture 85 of 133
[12:30:58] [udemy-downloader] [process_lecture:1598] INFO:       > Lecture doesn't have DRM, attempting to download...
[12:30:58] [udemy-downloader] [process_lecture:1603] INFO:       ====== Selected quality: video 720
[12:30:59] [udemy-downloader] [parse_new:1808] INFO: Processing 22 caption(s)...
[12:30:59] [udemy-downloader] [process_caption:1546] INFO:     >  Downloading caption: '085 Test for the mean. Dependent samples_en.vtt'
[12:31:00] [udemy-downloader] [process_caption:1559] INFO:     > Converting caption to SRT format...
[12:31:00] [udemy-downloader] [process_caption:1561] INFO:     > Caption conversion complete.
[12:31:00] [udemy-downloader] [parse_new:1822] INFO:     > Processing 1 asset(s) for lecture...
[12:31:00] [udemy-downloader] [parse_new:1782] INFO:   > Processing lecture 86 of 133
[12:31:00] [udemy-downloader] [parse_new:1822] INFO:     > Processing 3 asset(s) for lecture...
[12:31:05] [udemy-downloader] [parse_new:1782] INFO:   > Processing lecture 87 of 133
[12:31:05] [udemy-downloader] [process_lecture:1598] INFO:       > Lecture doesn't have DRM, attempting to download...
[12:31:05] [udemy-downloader] [process_lecture:1603] INFO:       ====== Selected quality: video 720
[12:31:06] [udemy-downloader] [parse_new:1808] INFO: Processing 22 caption(s)...
[12:31:06] [udemy-downloader] [process_caption:1546] INFO:     >  Downloading caption: '087 Test for the mean. Independent samples (Part 1)_en.vtt'
[12:31:07] [udemy-downloader] [process_caption:1559] INFO:     > Converting caption to SRT format...
[12:31:07] [udemy-downloader] [process_caption:1561] INFO:     > Caption conversion complete.
[12:31:07] [udemy-downloader] [parse_new:1822] INFO:     > Processing 1 asset(s) for lecture...
[12:31:07] [udemy-downloader] [parse_new:1782] INFO:   > Processing lecture 88 of 133
[12:31:07] [udemy-downloader] [parse_new:1822] INFO:     > Processing 3 asset(s) for lecture...
[12:31:11] [udemy-downloader] [parse_new:1782] INFO:   > Processing lecture 89 of 133
[12:31:11] [udemy-downloader] [process_lecture:1598] INFO:       > Lecture doesn't have DRM, attempting to download...
[12:31:11] [udemy-downloader] [process_lecture:1603] INFO:       ====== Selected quality: video 720
[12:31:13] [udemy-downloader] [parse_new:1808] INFO: Processing 20 caption(s)...
[12:31:13] [udemy-downloader] [process_caption:1546] INFO:     >  Downloading caption: '089 Test for the mean. Independent samples (Part 2)_en.vtt'
[12:31:14] [udemy-downloader] [process_caption:1559] INFO:     > Converting caption to SRT format...
[12:31:14] [udemy-downloader] [process_caption:1561] INFO:     > Caption conversion complete.
[12:31:14] [udemy-downloader] [parse_new:1822] INFO:     > Processing 1 asset(s) for lecture...
[12:31:15] [udemy-downloader] [process_normal_quiz:1687] INFO:   > Processing quiz 24
[12:31:15] [udemy-downloader] [parse_new:1782] INFO:   > Processing lecture 91 of 133
[12:31:15] [udemy-downloader] [parse_new:1822] INFO:     > Processing 3 asset(s) for lecture...
[12:31:16] [udemy-downloader] [parse_new:1754] INFO: ======= Processing chapter 12 of 18 =======
[12:31:19] [udemy-downloader] [parse_new:1782] INFO:   > Processing lecture 92 of 133
[12:31:19] [udemy-downloader] [process_lecture:1598] INFO:       > Lecture doesn't have DRM, attempting to download...
[12:31:19] [udemy-downloader] [process_lecture:1603] INFO:       ====== Selected quality: video 720
[12:31:22] [udemy-downloader] [parse_new:1808] INFO: Processing 22 caption(s)...
[12:31:22] [udemy-downloader] [process_caption:1546] INFO:     >  Downloading caption: '092 Practical example hypothesis testing_en.vtt'
[12:31:23] [udemy-downloader] [process_caption:1559] INFO:     > Converting caption to SRT format...
[12:31:23] [udemy-downloader] [process_caption:1561] INFO:     > Caption conversion complete.
[12:31:23] [udemy-downloader] [parse_new:1822] INFO:     > Processing 1 asset(s) for lecture...
[12:31:23] [udemy-downloader] [parse_new:1782] INFO:   > Processing lecture 93 of 133
[12:31:23] [udemy-downloader] [parse_new:1822] INFO:     > Processing 3 asset(s) for lecture...
[12:31:24] [udemy-downloader] [parse_new:1754] INFO: ======= Processing chapter 13 of 18 =======
[12:31:27] [udemy-downloader] [parse_new:1782] INFO:   > Processing lecture 94 of 133
[12:31:27] [udemy-downloader] [process_lecture:1598] INFO:       > Lecture doesn't have DRM, attempting to download...
[12:31:27] [udemy-downloader] [process_lecture:1603] INFO:       ====== Selected quality: video 720
[12:31:29] [udemy-downloader] [parse_new:1808] INFO: Processing 22 caption(s)...
[12:31:29] [udemy-downloader] [process_caption:1546] INFO:     >  Downloading caption: '094 Introduction to regression analysis_en.vtt'
[12:31:29] [udemy-downloader] [process_caption:1559] INFO:     > Converting caption to SRT format...
[12:31:29] [udemy-downloader] [process_caption:1561] INFO:     > Caption conversion complete.
[12:31:29] [udemy-downloader] [parse_new:1822] INFO:     > Processing 1 asset(s) for lecture...
[12:31:31] [udemy-downloader] [process_normal_quiz:1687] INFO:   > Processing quiz 25
[12:31:34] [udemy-downloader] [parse_new:1782] INFO:   > Processing lecture 96 of 133
[12:31:34] [udemy-downloader] [process_lecture:1598] INFO:       > Lecture doesn't have DRM, attempting to download...
[12:31:34] [udemy-downloader] [process_lecture:1603] INFO:       ====== Selected quality: video 720
[12:31:36] [udemy-downloader] [parse_new:1808] INFO: Processing 22 caption(s)...
[12:31:36] [udemy-downloader] [process_caption:1546] INFO:     >  Downloading caption: '096 Correlation and causation_en.vtt'
[12:31:37] [udemy-downloader] [process_caption:1559] INFO:     > Converting caption to SRT format...
[12:31:37] [udemy-downloader] [process_caption:1561] INFO:     > Caption conversion complete.
[12:31:37] [udemy-downloader] [parse_new:1822] INFO:     > Processing 2 asset(s) for lecture...
[12:31:38] [udemy-downloader] [process_normal_quiz:1687] INFO:   > Processing quiz 26
[12:31:41] [udemy-downloader] [parse_new:1782] INFO:   > Processing lecture 98 of 133
[12:31:41] [udemy-downloader] [process_lecture:1598] INFO:       > Lecture doesn't have DRM, attempting to download...
[12:31:41] [udemy-downloader] [process_lecture:1603] INFO:       ====== Selected quality: video 720
[12:31:44] [udemy-downloader] [parse_new:1808] INFO: Processing 22 caption(s)...
[12:31:44] [udemy-downloader] [process_caption:1546] INFO:     >  Downloading caption: '098 The linear regression model made easy_en.vtt'
[12:31:44] [udemy-downloader] [process_caption:1559] INFO:     > Converting caption to SRT format...
[12:31:44] [udemy-downloader] [process_caption:1561] INFO:     > Caption conversion complete.
[12:31:44] [udemy-downloader] [parse_new:1822] INFO:     > Processing 0 asset(s) for lecture...
[12:31:44] [udemy-downloader] [process_normal_quiz:1687] INFO:   > Processing quiz 27
[12:31:48] [udemy-downloader] [parse_new:1782] INFO:   > Processing lecture 100 of 133
[12:31:48] [udemy-downloader] [process_lecture:1598] INFO:       > Lecture doesn't have DRM, attempting to download...
[12:31:48] [udemy-downloader] [process_lecture:1603] INFO:       ====== Selected quality: video 720
[12:31:49] [udemy-downloader] [parse_new:1808] INFO: Processing 22 caption(s)...
[12:31:49] [udemy-downloader] [process_caption:1546] INFO:     >  Downloading caption: '100 What is the difference between correlation and regression_en.vtt'
[12:31:49] [udemy-downloader] [process_caption:1559] INFO:     > Converting caption to SRT format...
[12:31:49] [udemy-downloader] [process_caption:1561] INFO:     > Caption conversion complete.
[12:31:49] [udemy-downloader] [parse_new:1822] INFO:     > Processing 0 asset(s) for lecture...
[12:31:50] [udemy-downloader] [process_normal_quiz:1687] INFO:   > Processing quiz 28
[12:31:54] [udemy-downloader] [parse_new:1782] INFO:   > Processing lecture 102 of 133
[12:31:54] [udemy-downloader] [process_lecture:1598] INFO:       > Lecture doesn't have DRM, attempting to download...
[12:31:54] [udemy-downloader] [process_lecture:1603] INFO:       ====== Selected quality: video 720
[12:31:56] [udemy-downloader] [parse_new:1808] INFO: Processing 22 caption(s)...
[12:31:56] [udemy-downloader] [process_caption:1546] INFO:     >  Downloading caption: '102 A geometrical representation of the linear regression model_en.vtt'
[12:31:56] [udemy-downloader] [process_caption:1559] INFO:     > Converting caption to SRT format...
[12:31:56] [udemy-downloader] [process_caption:1561] INFO:     > Caption conversion complete.
[12:31:56] [udemy-downloader] [parse_new:1822] INFO:     > Processing 0 asset(s) for lecture...
[12:31:57] [udemy-downloader] [process_normal_quiz:1687] INFO:   > Processing quiz 29
[12:32:01] [udemy-downloader] [parse_new:1782] INFO:   > Processing lecture 104 of 133
[12:32:01] [udemy-downloader] [process_lecture:1598] INFO:       > Lecture doesn't have DRM, attempting to download...
[12:32:01] [udemy-downloader] [process_lecture:1603] INFO:       ====== Selected quality: video 720
[12:32:03] [udemy-downloader] [parse_new:1808] INFO: Processing 22 caption(s)...
[12:32:03] [udemy-downloader] [process_caption:1546] INFO:     >  Downloading caption: '104 A practical example - Reinforced learning_en.vtt'
[12:32:03] [udemy-downloader] [process_caption:1559] INFO:     > Converting caption to SRT format...
[12:32:03] [udemy-downloader] [process_caption:1561] INFO:     > Caption conversion complete.
[12:32:03] [udemy-downloader] [parse_new:1822] INFO:     > Processing 1 asset(s) for lecture...
[12:32:03] [udemy-downloader] [parse_new:1754] INFO: ======= Processing chapter 14 of 18 =======
[12:32:07] [udemy-downloader] [parse_new:1782] INFO:   > Processing lecture 105 of 133
[12:32:07] [udemy-downloader] [process_lecture:1598] INFO:       > Lecture doesn't have DRM, attempting to download...
[12:32:07] [udemy-downloader] [process_lecture:1603] INFO:       ====== Selected quality: video 720
[12:32:10] [udemy-downloader] [parse_new:1808] INFO: Processing 22 caption(s)...
[12:32:10] [udemy-downloader] [process_caption:1546] INFO:     >  Downloading caption: '105 Decomposing the linear regression model - understanding its nuts and bolts_en.vtt'
[12:32:10] [udemy-downloader] [process_caption:1559] INFO:     > Converting caption to SRT format...
[12:32:10] [udemy-downloader] [process_caption:1561] INFO:     > Caption conversion complete.
[12:32:10] [udemy-downloader] [parse_new:1822] INFO:     > Processing 0 asset(s) for lecture...
[12:32:11] [udemy-downloader] [process_normal_quiz:1687] INFO:   > Processing quiz 30
[12:32:15] [udemy-downloader] [parse_new:1782] INFO:   > Processing lecture 107 of 133
[12:32:15] [udemy-downloader] [process_lecture:1598] INFO:       > Lecture doesn't have DRM, attempting to download...
[12:32:15] [udemy-downloader] [process_lecture:1603] INFO:       ====== Selected quality: video 720
[12:32:17] [udemy-downloader] [parse_new:1808] INFO: Processing 22 caption(s)...
[12:32:17] [udemy-downloader] [process_caption:1546] INFO:     >  Downloading caption: '107 What is R-squared and how does it help us_en.vtt'
[12:32:17] [udemy-downloader] [process_caption:1559] INFO:     > Converting caption to SRT format...
[12:32:17] [udemy-downloader] [process_caption:1561] INFO:     > Caption conversion complete.
[12:32:17] [udemy-downloader] [parse_new:1822] INFO:     > Processing 0 asset(s) for lecture...
[12:32:18] [udemy-downloader] [process_normal_quiz:1687] INFO:   > Processing quiz 31
[12:32:22] [udemy-downloader] [parse_new:1782] INFO:   > Processing lecture 109 of 133
[12:32:22] [udemy-downloader] [process_lecture:1598] INFO:       > Lecture doesn't have DRM, attempting to download...
[12:32:22] [udemy-downloader] [process_lecture:1603] INFO:       ====== Selected quality: video 720
[12:32:24] [udemy-downloader] [parse_new:1808] INFO: Processing 22 caption(s)...
[12:32:24] [udemy-downloader] [process_caption:1546] INFO:     >  Downloading caption: '109 The ordinary least squares setting and its practical applications_en.vtt'
[12:32:24] [udemy-downloader] [process_caption:1559] INFO:     > Converting caption to SRT format...
[12:32:24] [udemy-downloader] [process_caption:1561] INFO:     > Caption conversion complete.
[12:32:24] [udemy-downloader] [parse_new:1822] INFO:     > Processing 0 asset(s) for lecture...
[12:32:24] [udemy-downloader] [process_normal_quiz:1687] INFO:   > Processing quiz 32
[12:32:29] [udemy-downloader] [parse_new:1782] INFO:   > Processing lecture 111 of 133
[12:32:29] [udemy-downloader] [process_lecture:1598] INFO:       > Lecture doesn't have DRM, attempting to download...
[12:32:29] [udemy-downloader] [process_lecture:1603] INFO:       ====== Selected quality: video 720
[12:32:31] [udemy-downloader] [parse_new:1808] INFO: Processing 22 caption(s)...
[12:32:31] [udemy-downloader] [process_caption:1546] INFO:     >  Downloading caption: '111 Studying regression tables_en.vtt'
[12:32:32] [udemy-downloader] [process_caption:1559] INFO:     > Converting caption to SRT format...
[12:32:32] [udemy-downloader] [process_caption:1561] INFO:     > Caption conversion complete.
[12:32:32] [udemy-downloader] [parse_new:1822] INFO:     > Processing 1 asset(s) for lecture...
[12:32:33] [udemy-downloader] [process_normal_quiz:1687] INFO:   > Processing quiz 33
[12:32:33] [udemy-downloader] [parse_new:1782] INFO:   > Processing lecture 113 of 133
[12:32:33] [udemy-downloader] [parse_new:1822] INFO:     > Processing 3 asset(s) for lecture...
[12:32:38] [udemy-downloader] [parse_new:1782] INFO:   > Processing lecture 114 of 133
[12:32:38] [udemy-downloader] [process_lecture:1598] INFO:       > Lecture doesn't have DRM, attempting to download...
[12:32:38] [udemy-downloader] [process_lecture:1603] INFO:       ====== Selected quality: video 720
[12:32:39] [udemy-downloader] [parse_new:1808] INFO: Processing 22 caption(s)...
[12:32:39] [udemy-downloader] [process_caption:1546] INFO:     >  Downloading caption: '114 The multiple linear regression model_en.vtt'
[12:32:40] [udemy-downloader] [process_caption:1559] INFO:     > Converting caption to SRT format...
[12:32:40] [udemy-downloader] [process_caption:1561] INFO:     > Caption conversion complete.
[12:32:40] [udemy-downloader] [parse_new:1822] INFO:     > Processing 0 asset(s) for lecture...
[12:32:40] [udemy-downloader] [process_normal_quiz:1687] INFO:   > Processing quiz 34
[12:32:43] [udemy-downloader] [parse_new:1782] INFO:   > Processing lecture 116 of 133
[12:32:43] [udemy-downloader] [process_lecture:1598] INFO:       > Lecture doesn't have DRM, attempting to download...
[12:32:43] [udemy-downloader] [process_lecture:1603] INFO:       ====== Selected quality: video 720
[12:32:45] [udemy-downloader] [parse_new:1808] INFO: Processing 22 caption(s)...
[12:32:45] [udemy-downloader] [process_caption:1546] INFO:     >  Downloading caption: '116 The adjusted R-squared_en.vtt'
[12:32:45] [udemy-downloader] [process_caption:1559] INFO:     > Converting caption to SRT format...
[12:32:45] [udemy-downloader] [process_caption:1561] INFO:     > Caption conversion complete.
[12:32:45] [udemy-downloader] [parse_new:1822] INFO:     > Processing 1 asset(s) for lecture...
[12:32:46] [udemy-downloader] [process_normal_quiz:1687] INFO:   > Processing quiz 35
[12:32:51] [udemy-downloader] [parse_new:1782] INFO:   > Processing lecture 118 of 133
[12:32:51] [udemy-downloader] [process_lecture:1598] INFO:       > Lecture doesn't have DRM, attempting to download...
[12:32:51] [udemy-downloader] [process_lecture:1603] INFO:       ====== Selected quality: video 720
[12:32:52] [udemy-downloader] [parse_new:1808] INFO: Processing 22 caption(s)...
[12:32:52] [udemy-downloader] [process_caption:1546] INFO:     >  Downloading caption: '118 What does the F-statistic show us and why do we need to understand it_en.vtt'
[12:32:52] [udemy-downloader] [process_caption:1559] INFO:     > Converting caption to SRT format...
[12:32:52] [udemy-downloader] [process_caption:1561] INFO:     > Caption conversion complete.
[12:32:52] [udemy-downloader] [parse_new:1822] INFO:     > Processing 0 asset(s) for lecture...
[12:32:52] [udemy-downloader] [parse_new:1754] INFO: ======= Processing chapter 15 of 18 =======
[12:32:55] [udemy-downloader] [parse_new:1782] INFO:   > Processing lecture 119 of 133
[12:32:55] [udemy-downloader] [process_lecture:1598] INFO:       > Lecture doesn't have DRM, attempting to download...
[12:32:55] [udemy-downloader] [process_lecture:1603] INFO:       ====== Selected quality: video 720
[12:32:57] [udemy-downloader] [parse_new:1808] INFO: Processing 22 caption(s)...
[12:32:57] [udemy-downloader] [process_caption:1546] INFO:     >  Downloading caption: '119 OLS assumptions_en.vtt'
[12:32:57] [udemy-downloader] [process_caption:1559] INFO:     > Converting caption to SRT format...
[12:32:57] [udemy-downloader] [process_caption:1561] INFO:     > Caption conversion complete.
[12:32:57] [udemy-downloader] [parse_new:1822] INFO:     > Processing 0 asset(s) for lecture...
[12:32:58] [udemy-downloader] [process_normal_quiz:1687] INFO:   > Processing quiz 36
[12:33:01] [udemy-downloader] [parse_new:1782] INFO:   > Processing lecture 121 of 133
[12:33:01] [udemy-downloader] [process_lecture:1598] INFO:       > Lecture doesn't have DRM, attempting to download...
[12:33:01] [udemy-downloader] [process_lecture:1603] INFO:       ====== Selected quality: video 720
[12:33:02] [udemy-downloader] [parse_new:1808] INFO: Processing 22 caption(s)...
[12:33:02] [udemy-downloader] [process_caption:1546] INFO:     >  Downloading caption: '121 A1. Linearity_en.vtt'
[12:33:03] [udemy-downloader] [process_caption:1559] INFO:     > Converting caption to SRT format...
[12:33:03] [udemy-downloader] [process_caption:1561] INFO:     > Caption conversion complete.
[12:33:03] [udemy-downloader] [parse_new:1822] INFO:     > Processing 0 asset(s) for lecture...
[12:33:03] [udemy-downloader] [process_normal_quiz:1687] INFO:   > Processing quiz 37
[12:33:06] [udemy-downloader] [parse_new:1782] INFO:   > Processing lecture 123 of 133
[12:33:06] [udemy-downloader] [process_lecture:1598] INFO:       > Lecture doesn't have DRM, attempting to download...
[12:33:06] [udemy-downloader] [process_lecture:1603] INFO:       ====== Selected quality: video 720
[12:33:08] [udemy-downloader] [parse_new:1808] INFO: Processing 22 caption(s)...
[12:33:08] [udemy-downloader] [process_caption:1546] INFO:     >  Downloading caption: '123 A2. No endogeneity_en.vtt'
[12:33:08] [udemy-downloader] [process_caption:1559] INFO:     > Converting caption to SRT format...
[12:33:08] [udemy-downloader] [process_caption:1561] INFO:     > Caption conversion complete.
[12:33:08] [udemy-downloader] [parse_new:1822] INFO:     > Processing 0 asset(s) for lecture...
[12:33:08] [udemy-downloader] [process_normal_quiz:1687] INFO:   > Processing quiz 38
[12:33:12] [udemy-downloader] [parse_new:1782] INFO:   > Processing lecture 125 of 133
[12:33:12] [udemy-downloader] [process_lecture:1598] INFO:       > Lecture doesn't have DRM, attempting to download...
[12:33:12] [udemy-downloader] [process_lecture:1603] INFO:       ====== Selected quality: video 720
[12:33:15] [udemy-downloader] [parse_new:1808] INFO: Processing 22 caption(s)...
[12:33:15] [udemy-downloader] [process_caption:1546] INFO:     >  Downloading caption: '125 A3. Normality and homoscedasticity_en.vtt'
[12:33:15] [udemy-downloader] [process_caption:1559] INFO:     > Converting caption to SRT format...
[12:33:15] [udemy-downloader] [process_caption:1561] INFO:     > Caption conversion complete.
[12:33:15] [udemy-downloader] [parse_new:1822] INFO:     > Processing 0 asset(s) for lecture...
[12:33:16] [udemy-downloader] [process_normal_quiz:1687] INFO:   > Processing quiz 39
[12:33:18] [udemy-downloader] [parse_new:1782] INFO:   > Processing lecture 127 of 133
[12:33:18] [udemy-downloader] [process_lecture:1598] INFO:       > Lecture doesn't have DRM, attempting to download...
[12:33:18] [udemy-downloader] [process_lecture:1603] INFO:       ====== Selected quality: video 720
[12:33:20] [udemy-downloader] [parse_new:1808] INFO: Processing 22 caption(s)...
[12:33:20] [udemy-downloader] [process_caption:1546] INFO:     >  Downloading caption: '127 A4. No autocorrelation_en.vtt'
[12:33:20] [udemy-downloader] [process_caption:1559] INFO:     > Converting caption to SRT format...
[12:33:20] [udemy-downloader] [process_caption:1561] INFO:     > Caption conversion complete.
[12:33:20] [udemy-downloader] [parse_new:1822] INFO:     > Processing 0 asset(s) for lecture...
[12:33:21] [udemy-downloader] [process_normal_quiz:1687] INFO:   > Processing quiz 40
[12:33:25] [udemy-downloader] [parse_new:1782] INFO:   > Processing lecture 129 of 133
[12:33:25] [udemy-downloader] [process_lecture:1598] INFO:       > Lecture doesn't have DRM, attempting to download...
[12:33:25] [udemy-downloader] [process_lecture:1603] INFO:       ====== Selected quality: video 720
[12:33:26] [udemy-downloader] [parse_new:1808] INFO: Processing 22 caption(s)...
[12:33:26] [udemy-downloader] [process_caption:1546] INFO:     >  Downloading caption: '129 A5. No multicollinearity_en.vtt'
[12:33:27] [udemy-downloader] [process_caption:1559] INFO:     > Converting caption to SRT format...
[12:33:27] [udemy-downloader] [process_caption:1561] INFO:     > Caption conversion complete.
[12:33:27] [udemy-downloader] [parse_new:1822] INFO:     > Processing 0 asset(s) for lecture...
[12:33:27] [udemy-downloader] [process_normal_quiz:1687] INFO:   > Processing quiz 41
[12:33:27] [udemy-downloader] [parse_new:1754] INFO: ======= Processing chapter 16 of 18 =======
[12:33:31] [udemy-downloader] [parse_new:1782] INFO:   > Processing lecture 131 of 133
[12:33:31] [udemy-downloader] [process_lecture:1598] INFO:       > Lecture doesn't have DRM, attempting to download...
[12:33:31] [udemy-downloader] [process_lecture:1603] INFO:       ====== Selected quality: video 720
[12:33:33] [udemy-downloader] [parse_new:1808] INFO: Processing 22 caption(s)...
[12:33:33] [udemy-downloader] [process_caption:1546] INFO:     >  Downloading caption: '131 Dummy variables_en.vtt'
[12:33:34] [udemy-downloader] [process_caption:1559] INFO:     > Converting caption to SRT format...
[12:33:34] [udemy-downloader] [process_caption:1561] INFO:     > Caption conversion complete.
[12:33:34] [udemy-downloader] [parse_new:1822] INFO:     > Processing 1 asset(s) for lecture...
[12:33:34] [udemy-downloader] [parse_new:1754] INFO: ======= Processing chapter 17 of 18 =======
[12:33:38] [udemy-downloader] [parse_new:1782] INFO:   > Processing lecture 132 of 133
[12:33:38] [udemy-downloader] [process_lecture:1598] INFO:       > Lecture doesn't have DRM, attempting to download...
[12:33:38] [udemy-downloader] [process_lecture:1603] INFO:       ====== Selected quality: video 720
[12:33:40] [udemy-downloader] [parse_new:1808] INFO: Processing 22 caption(s)...
[12:33:40] [udemy-downloader] [process_caption:1546] INFO:     >  Downloading caption: '132 Practical example regression analysis_en.vtt'
[12:33:41] [udemy-downloader] [process_caption:1559] INFO:     > Converting caption to SRT format...
[12:33:41] [udemy-downloader] [process_caption:1561] INFO:     > Caption conversion complete.
[12:33:41] [udemy-downloader] [parse_new:1822] INFO:     > Processing 1 asset(s) for lecture...
[12:33:41] [udemy-downloader] [parse_new:1754] INFO: ======= Processing chapter 18 of 18 =======
[12:33:41] [udemy-downloader] [parse_new:1782] INFO:   > Processing lecture 133 of 133
[12:33:41] [udemy-downloader] [parse_new:1822] INFO:     > Processing 1 asset(s) for lecture...
{"timestamp":"2026-01-16T17:33:41.987Z","level":"info","category":"download","source":"python_worker","orderId":35,"taskId":57,"message":"Download progress: 70% (Download completed, preparing upload...)","details":{"duration":489,"attempt":1},"progress":70,"currentFile":"Download completed, preparing upload...","stack":null,"metadata":null}
{"timestamp":"2026-01-16T17:35:54.668Z","level":"info","category":"download","source":"python_worker","orderId":35,"taskId":57,"message":"Download progress: 100% (Task completed successfully!)","details":{"duration":621,"folderName":"statistics-for-data-science-and-business-analysis"},"progress":100,"currentFile":"Task completed successfully!","stack":null,"metadata":null}
