
============================================================
[2026-01-21T20:56:47.654850] Starting download for task 113
Command: /usr/bin/python3 main.py -c https://samsungu.udemy.com/course/an-ninh-mang-cho-nguoi-moi-bat-au/ -b BXkdOY7L4dK19hrNj1GnplHFHoMbkXpiLlSn9dcU -o Staging_Download/Task_113 -q 720 --download-captions --download-assets --download-quizzes --concurrent-downloads 10 --continue-lecture-numbers
============================================================

============================================================
[LOGGING MODULE] Starting download process
============================================================
[08:56:48] [udemy-downloader] [pre_run:394] INFO: Output directory set to /root/project/server/udemy_dl/Staging_Download/Task_113
[08:56:48] [udemy-downloader] [pre_run:404] WARNING: > Keyfile not found! You won't be able to decrypt any encrypted videos!
[08:56:48] [udemy-downloader] [visit:1203] INFO: Visit request successful
[08:56:48] [udemy-downloader] [main:2044] INFO: > Fetching course information, this may take a minute...
[08:56:49] [udemy-downloader] [_handle_pagination:914] INFO: > Downloading data page 2/2
[08:56:50] [udemy-downloader] [main:2047] INFO: > Course information retrieved!
[08:56:50] [udemy-downloader] [main:2052] INFO: > Fetching course curriculum, this may take a minute...
[08:56:58] [udemy-downloader] [main:2076] INFO: > Course curriculum retrieved!
[08:56:58] [udemy-downloader] [main:2107] INFO: > Processing course data, this may take a minute. 
[08:56:58] [udemy-downloader] [main:2151] INFO: Processing 2 of 88
[08:56:58] [udemy-downloader] [main:2151] INFO: Processing 3 of 88
[08:56:58] [udemy-downloader] [main:2187] INFO: Processing 4 of 88
[08:56:58] [udemy-downloader] [main:2151] INFO: Processing 5 of 88
[08:56:58] [udemy-downloader] [main:2151] INFO: Processing 6 of 88
[08:56:58] [udemy-downloader] [main:2151] INFO: Processing 7 of 88
[08:56:58] [udemy-downloader] [main:2151] INFO: Processing 8 of 88
[08:56:58] [udemy-downloader] [main:2151] INFO: Processing 9 of 88
[08:56:58] [udemy-downloader] [main:2151] INFO: Processing 10 of 88
[08:56:58] [udemy-downloader] [main:2151] INFO: Processing 12 of 88
[08:56:58] [udemy-downloader] [main:2151] INFO: Processing 13 of 88
[08:56:58] [udemy-downloader] [main:2151] INFO: Processing 14 of 88
[08:56:58] [udemy-downloader] [main:2151] INFO: Processing 15 of 88
[08:56:58] [udemy-downloader] [main:2187] INFO: Processing 16 of 88
[08:56:58] [udemy-downloader] [main:2151] INFO: Processing 18 of 88
[08:56:58] [udemy-downloader] [main:2151] INFO: Processing 19 of 88
[08:56:58] [udemy-downloader] [main:2151] INFO: Processing 20 of 88
[08:56:58] [udemy-downloader] [main:2151] INFO: Processing 21 of 88
[08:56:58] [udemy-downloader] [main:2151] INFO: Processing 22 of 88
[08:56:58] [udemy-downloader] [main:2151] INFO: Processing 23 of 88
[08:56:58] [udemy-downloader] [main:2187] INFO: Processing 24 of 88
[08:56:58] [udemy-downloader] [main:2151] INFO: Processing 26 of 88
[08:56:58] [udemy-downloader] [main:2151] INFO: Processing 27 of 88
[08:56:58] [udemy-downloader] [main:2151] INFO: Processing 28 of 88
[08:56:58] [udemy-downloader] [main:2151] INFO: Processing 29 of 88
[08:56:58] [udemy-downloader] [main:2151] INFO: Processing 30 of 88
[08:56:58] [udemy-downloader] [main:2151] INFO: Processing 31 of 88
[08:56:58] [udemy-downloader] [main:2187] INFO: Processing 32 of 88
[08:56:58] [udemy-downloader] [main:2151] INFO: Processing 34 of 88
[08:56:58] [udemy-downloader] [main:2151] INFO: Processing 35 of 88
[08:56:58] [udemy-downloader] [main:2151] INFO: Processing 36 of 88
[08:56:58] [udemy-downloader] [main:2151] INFO: Processing 37 of 88
[08:56:58] [udemy-downloader] [main:2151] INFO: Processing 38 of 88
[08:56:58] [udemy-downloader] [main:2151] INFO: Processing 40 of 88
[08:56:58] [udemy-downloader] [main:2187] INFO: Processing 41 of 88
[08:56:58] [udemy-downloader] [main:2151] INFO: Processing 42 of 88
[08:56:58] [udemy-downloader] [main:2151] INFO: Processing 43 of 88
[08:56:58] [udemy-downloader] [main:2151] INFO: Processing 44 of 88
[08:56:58] [udemy-downloader] [main:2151] INFO: Processing 45 of 88
[08:56:58] [udemy-downloader] [main:2151] INFO: Processing 46 of 88
[08:56:58] [udemy-downloader] [main:2151] INFO: Processing 47 of 88
[08:56:58] [udemy-downloader] [main:2187] INFO: Processing 48 of 88
[08:56:58] [udemy-downloader] [main:2151] INFO: Processing 50 of 88
[08:56:58] [udemy-downloader] [main:2151] INFO: Processing 51 of 88
[08:56:58] [udemy-downloader] [main:2151] INFO: Processing 52 of 88
[08:56:58] [udemy-downloader] [main:2151] INFO: Processing 53 of 88
[08:56:58] [udemy-downloader] [main:2151] INFO: Processing 54 of 88
[08:56:58] [udemy-downloader] [main:2151] INFO: Processing 55 of 88
[08:56:58] [udemy-downloader] [main:2151] INFO: Processing 56 of 88
[08:56:58] [udemy-downloader] [main:2151] INFO: Processing 57 of 88
[08:56:58] [udemy-downloader] [main:2151] INFO: Processing 58 of 88
[08:56:58] [udemy-downloader] [main:2151] INFO: Processing 59 of 88
[08:56:58] [udemy-downloader] [main:2151] INFO: Processing 60 of 88
[08:56:58] [udemy-downloader] [main:2151] INFO: Processing 62 of 88
[08:56:58] [udemy-downloader] [main:2151] INFO: Processing 63 of 88
[08:56:58] [udemy-downloader] [main:2151] INFO: Processing 64 of 88
[08:56:58] [udemy-downloader] [main:2151] INFO: Processing 65 of 88
[08:56:58] [udemy-downloader] [main:2151] INFO: Processing 66 of 88
[08:56:58] [udemy-downloader] [main:2151] INFO: Processing 67 of 88
[08:56:58] [udemy-downloader] [main:2151] INFO: Processing 68 of 88
[08:56:58] [udemy-downloader] [main:2151] INFO: Processing 69 of 88
[08:56:58] [udemy-downloader] [main:2151] INFO: Processing 70 of 88
[08:56:58] [udemy-downloader] [main:2151] INFO: Processing 71 of 88
[08:56:58] [udemy-downloader] [main:2187] INFO: Processing 72 of 88
[08:56:58] [udemy-downloader] [main:2151] INFO: Processing 74 of 88
[08:56:58] [udemy-downloader] [main:2151] INFO: Processing 75 of 88
[08:56:58] [udemy-downloader] [main:2151] INFO: Processing 76 of 88
[08:56:58] [udemy-downloader] [main:2151] INFO: Processing 77 of 88
[08:56:58] [udemy-downloader] [main:2151] INFO: Processing 78 of 88
[08:56:58] [udemy-downloader] [main:2151] INFO: Processing 79 of 88
[08:56:58] [udemy-downloader] [main:2151] INFO: Processing 81 of 88
[08:56:58] [udemy-downloader] [main:2151] INFO: Processing 82 of 88
[08:56:58] [udemy-downloader] [main:2151] INFO: Processing 83 of 88
[08:56:58] [udemy-downloader] [main:2151] INFO: Processing 84 of 88
[08:56:58] [udemy-downloader] [main:2151] INFO: Processing 86 of 88
[08:56:58] [udemy-downloader] [main:2151] INFO: Processing 87 of 88
[08:56:58] [udemy-downloader] [main:2151] INFO: Processing 88 of 88
[08:56:58] [udemy-downloader] [parse_new:1731] INFO: Chapter(s) (11)
[08:56:58] [udemy-downloader] [parse_new:1732] INFO: Lecture(s) (77)
[08:56:58] [udemy-downloader] [parse_new:1754] INFO: ======= Processing chapter 1 of 11 =======
[08:57:02] [udemy-downloader] [parse_new:1782] INFO:   > Processing lecture 1 of 77
[08:57:02] [udemy-downloader] [process_lecture:1598] INFO:       > Lecture doesn't have DRM, attempting to download...
[08:57:02] [udemy-downloader] [process_lecture:1603] INFO:       ====== Selected quality: video 720
[08:57:03] [udemy-downloader] [parse_new:1808] INFO: Processing 0 caption(s)...
[08:57:03] [udemy-downloader] [parse_new:1822] INFO:     > Processing 0 asset(s) for lecture...
[08:57:09] [udemy-downloader] [parse_new:1782] INFO:   > Processing lecture 2 of 77
[08:57:09] [udemy-downloader] [process_lecture:1598] INFO:       > Lecture doesn't have DRM, attempting to download...
[08:57:09] [udemy-downloader] [process_lecture:1603] INFO:       ====== Selected quality: video 720
[08:57:11] [udemy-downloader] [parse_new:1808] INFO: Processing 0 caption(s)...
[08:57:11] [udemy-downloader] [parse_new:1822] INFO:     > Processing 0 asset(s) for lecture...
[08:57:12] [udemy-downloader] [process_normal_quiz:1687] INFO:   > Processing quiz 1
[08:57:16] [udemy-downloader] [parse_new:1782] INFO:   > Processing lecture 4 of 77
[08:57:16] [udemy-downloader] [process_lecture:1598] INFO:       > Lecture doesn't have DRM, attempting to download...
[08:57:16] [udemy-downloader] [process_lecture:1603] INFO:       ====== Selected quality: video 720
[08:57:18] [udemy-downloader] [parse_new:1808] INFO: Processing 0 caption(s)...
[08:57:18] [udemy-downloader] [parse_new:1822] INFO:     > Processing 0 asset(s) for lecture...
[08:57:18] [udemy-downloader] [parse_new:1782] INFO:   > Processing lecture 5 of 77
[08:57:18] [udemy-downloader] [parse_new:1822] INFO:     > Processing 1 asset(s) for lecture...
[08:57:24] [udemy-downloader] [parse_new:1782] INFO:   > Processing lecture 6 of 77
[08:57:24] [udemy-downloader] [process_lecture:1598] INFO:       > Lecture doesn't have DRM, attempting to download...
[08:57:24] [udemy-downloader] [process_lecture:1603] INFO:       ====== Selected quality: video 720
[08:57:25] [udemy-downloader] [parse_new:1808] INFO: Processing 0 caption(s)...
[08:57:25] [udemy-downloader] [parse_new:1822] INFO:     > Processing 1 asset(s) for lecture...
[08:57:29] [udemy-downloader] [parse_new:1782] INFO:   > Processing lecture 7 of 77
[08:57:29] [udemy-downloader] [process_lecture:1598] INFO:       > Lecture doesn't have DRM, attempting to download...
[08:57:29] [udemy-downloader] [process_lecture:1603] INFO:       ====== Selected quality: video 720
[08:57:30] [udemy-downloader] [parse_new:1808] INFO: Processing 0 caption(s)...
[08:57:30] [udemy-downloader] [parse_new:1822] INFO:     > Processing 1 asset(s) for lecture...
[08:57:36] [udemy-downloader] [parse_new:1782] INFO:   > Processing lecture 8 of 77
[08:57:36] [udemy-downloader] [process_lecture:1598] INFO:       > Lecture doesn't have DRM, attempting to download...
[08:57:36] [udemy-downloader] [process_lecture:1603] INFO:       ====== Selected quality: video 720
[08:57:38] [udemy-downloader] [parse_new:1808] INFO: Processing 0 caption(s)...
[08:57:38] [udemy-downloader] [parse_new:1822] INFO:     > Processing 1 asset(s) for lecture...
[08:57:43] [udemy-downloader] [parse_new:1782] INFO:   > Processing lecture 9 of 77
[08:57:43] [udemy-downloader] [process_lecture:1598] INFO:       > Lecture doesn't have DRM, attempting to download...
[08:57:43] [udemy-downloader] [process_lecture:1603] INFO:       ====== Selected quality: video 720
[08:57:46] [udemy-downloader] [parse_new:1808] INFO: Processing 0 caption(s)...
[08:57:46] [udemy-downloader] [parse_new:1822] INFO:     > Processing 0 asset(s) for lecture...
[08:57:46] [udemy-downloader] [parse_new:1754] INFO: ======= Processing chapter 2 of 11 =======
[08:57:51] [udemy-downloader] [parse_new:1782] INFO:   > Processing lecture 10 of 77
[08:57:51] [udemy-downloader] [process_lecture:1598] INFO:       > Lecture doesn't have DRM, attempting to download...
[08:57:51] [udemy-downloader] [process_lecture:1603] INFO:       ====== Selected quality: video 720
[08:57:53] [udemy-downloader] [parse_new:1808] INFO: Processing 0 caption(s)...
[08:57:53] [udemy-downloader] [parse_new:1822] INFO:     > Processing 0 asset(s) for lecture...
[08:57:58] [udemy-downloader] [parse_new:1782] INFO:   > Processing lecture 11 of 77
[08:57:58] [udemy-downloader] [process_lecture:1598] INFO:       > Lecture doesn't have DRM, attempting to download...
[08:57:58] [udemy-downloader] [process_lecture:1603] INFO:       ====== Selected quality: video 720
[08:58:00] [udemy-downloader] [parse_new:1808] INFO: Processing 0 caption(s)...
[08:58:00] [udemy-downloader] [parse_new:1822] INFO:     > Processing 0 asset(s) for lecture...
[08:58:07] [udemy-downloader] [parse_new:1782] INFO:   > Processing lecture 12 of 77
[08:58:07] [udemy-downloader] [process_lecture:1598] INFO:       > Lecture doesn't have DRM, attempting to download...
[08:58:07] [udemy-downloader] [process_lecture:1603] INFO:       ====== Selected quality: video 720
[08:58:09] [udemy-downloader] [parse_new:1808] INFO: Processing 0 caption(s)...
[08:58:09] [udemy-downloader] [parse_new:1822] INFO:     > Processing 0 asset(s) for lecture...
[08:58:12] [udemy-downloader] [parse_new:1782] INFO:   > Processing lecture 13 of 77
[08:58:12] [udemy-downloader] [process_lecture:1598] INFO:       > Lecture doesn't have DRM, attempting to download...
[08:58:12] [udemy-downloader] [process_lecture:1603] INFO:       ====== Selected quality: video 720
[08:58:15] [udemy-downloader] [parse_new:1808] INFO: Processing 0 caption(s)...
[08:58:15] [udemy-downloader] [parse_new:1822] INFO:     > Processing 1 asset(s) for lecture...
[08:58:16] [udemy-downloader] [process_normal_quiz:1687] INFO:   > Processing quiz 2
[08:58:16] [udemy-downloader] [parse_new:1754] INFO: ======= Processing chapter 3 of 11 =======
[08:58:19] [udemy-downloader] [parse_new:1782] INFO:   > Processing lecture 15 of 77
[08:58:19] [udemy-downloader] [process_lecture:1598] INFO:       > Lecture doesn't have DRM, attempting to download...
[08:58:19] [udemy-downloader] [process_lecture:1603] INFO:       ====== Selected quality: video 720
[08:58:21] [udemy-downloader] [parse_new:1808] INFO: Processing 0 caption(s)...
[08:58:21] [udemy-downloader] [parse_new:1822] INFO:     > Processing 0 asset(s) for lecture...
[08:58:27] [udemy-downloader] [parse_new:1782] INFO:   > Processing lecture 16 of 77
[08:58:27] [udemy-downloader] [process_lecture:1598] INFO:       > Lecture doesn't have DRM, attempting to download...
[08:58:27] [udemy-downloader] [process_lecture:1603] INFO:       ====== Selected quality: video 720
[08:58:29] [udemy-downloader] [parse_new:1808] INFO: Processing 0 caption(s)...
[08:58:29] [udemy-downloader] [parse_new:1822] INFO:     > Processing 0 asset(s) for lecture...
[08:58:34] [udemy-downloader] [parse_new:1782] INFO:   > Processing lecture 17 of 77
[08:58:34] [udemy-downloader] [process_lecture:1598] INFO:       > Lecture doesn't have DRM, attempting to download...
[08:58:34] [udemy-downloader] [process_lecture:1603] INFO:       ====== Selected quality: video 720
[08:58:37] [udemy-downloader] [parse_new:1808] INFO: Processing 0 caption(s)...
[08:58:37] [udemy-downloader] [parse_new:1822] INFO:     > Processing 0 asset(s) for lecture...
[08:58:41] [udemy-downloader] [parse_new:1782] INFO:   > Processing lecture 18 of 77
[08:58:41] [udemy-downloader] [process_lecture:1598] INFO:       > Lecture doesn't have DRM, attempting to download...
[08:58:41] [udemy-downloader] [process_lecture:1603] INFO:       ====== Selected quality: video 720
[08:58:44] [udemy-downloader] [parse_new:1808] INFO: Processing 0 caption(s)...
[08:58:44] [udemy-downloader] [parse_new:1822] INFO:     > Processing 0 asset(s) for lecture...
[08:58:50] [udemy-downloader] [parse_new:1782] INFO:   > Processing lecture 19 of 77
[08:58:50] [udemy-downloader] [process_lecture:1598] INFO:       > Lecture doesn't have DRM, attempting to download...
[08:58:50] [udemy-downloader] [process_lecture:1603] INFO:       ====== Selected quality: video 720
[08:58:52] [udemy-downloader] [parse_new:1808] INFO: Processing 0 caption(s)...
[08:58:52] [udemy-downloader] [parse_new:1822] INFO:     > Processing 0 asset(s) for lecture...
[08:58:55] [udemy-downloader] [parse_new:1782] INFO:   > Processing lecture 20 of 77
[08:58:55] [udemy-downloader] [process_lecture:1598] INFO:       > Lecture doesn't have DRM, attempting to download...
[08:58:55] [udemy-downloader] [process_lecture:1603] INFO:       ====== Selected quality: video 720
[08:58:58] [udemy-downloader] [parse_new:1808] INFO: Processing 0 caption(s)...
[08:58:58] [udemy-downloader] [parse_new:1822] INFO:     > Processing 0 asset(s) for lecture...
[08:58:58] [udemy-downloader] [process_normal_quiz:1687] INFO:   > Processing quiz 3
[08:58:58] [udemy-downloader] [parse_new:1754] INFO: ======= Processing chapter 4 of 11 =======
[08:59:02] [udemy-downloader] [parse_new:1782] INFO:   > Processing lecture 22 of 77
[08:59:02] [udemy-downloader] [process_lecture:1598] INFO:       > Lecture doesn't have DRM, attempting to download...
[08:59:02] [udemy-downloader] [process_lecture:1603] INFO:       ====== Selected quality: video 720
[08:59:05] [udemy-downloader] [parse_new:1808] INFO: Processing 0 caption(s)...
[08:59:05] [udemy-downloader] [parse_new:1822] INFO:     > Processing 0 asset(s) for lecture...
[08:59:10] [udemy-downloader] [parse_new:1782] INFO:   > Processing lecture 23 of 77
[08:59:10] [udemy-downloader] [process_lecture:1598] INFO:       > Lecture doesn't have DRM, attempting to download...
[08:59:10] [udemy-downloader] [process_lecture:1603] INFO:       ====== Selected quality: video 720
[08:59:12] [udemy-downloader] [parse_new:1808] INFO: Processing 0 caption(s)...
[08:59:12] [udemy-downloader] [parse_new:1822] INFO:     > Processing 0 asset(s) for lecture...
[08:59:17] [udemy-downloader] [parse_new:1782] INFO:   > Processing lecture 24 of 77
[08:59:17] [udemy-downloader] [process_lecture:1598] INFO:       > Lecture doesn't have DRM, attempting to download...
[08:59:17] [udemy-downloader] [process_lecture:1603] INFO:       ====== Selected quality: video 720
[08:59:19] [udemy-downloader] [parse_new:1808] INFO: Processing 0 caption(s)...
[08:59:19] [udemy-downloader] [parse_new:1822] INFO:     > Processing 0 asset(s) for lecture...
[08:59:19] [udemy-downloader] [parse_new:1782] INFO:   > Processing lecture 25 of 77
[08:59:19] [udemy-downloader] [parse_new:1822] INFO:     > Processing 1 asset(s) for lecture...
[08:59:23] [udemy-downloader] [parse_new:1782] INFO:   > Processing lecture 26 of 77
[08:59:23] [udemy-downloader] [process_lecture:1598] INFO:       > Lecture doesn't have DRM, attempting to download...
[08:59:23] [udemy-downloader] [process_lecture:1603] INFO:       ====== Selected quality: video 720
[08:59:24] [udemy-downloader] [parse_new:1808] INFO: Processing 0 caption(s)...
[08:59:24] [udemy-downloader] [parse_new:1822] INFO:     > Processing 1 asset(s) for lecture...
[08:59:30] [udemy-downloader] [parse_new:1782] INFO:   > Processing lecture 27 of 77
[08:59:30] [udemy-downloader] [process_lecture:1598] INFO:       > Lecture doesn't have DRM, attempting to download...
[08:59:30] [udemy-downloader] [process_lecture:1603] INFO:       ====== Selected quality: video 720
[08:59:34] [udemy-downloader] [parse_new:1808] INFO: Processing 0 caption(s)...
[08:59:34] [udemy-downloader] [parse_new:1822] INFO:     > Processing 1 asset(s) for lecture...
[08:59:35] [udemy-downloader] [process_normal_quiz:1687] INFO:   > Processing quiz 4
[08:59:35] [udemy-downloader] [parse_new:1754] INFO: ======= Processing chapter 5 of 11 =======
[08:59:38] [udemy-downloader] [parse_new:1782] INFO:   > Processing lecture 29 of 77
[08:59:38] [udemy-downloader] [process_lecture:1598] INFO:       > Lecture doesn't have DRM, attempting to download...
[08:59:38] [udemy-downloader] [process_lecture:1603] INFO:       ====== Selected quality: video 720
[08:59:39] [udemy-downloader] [parse_new:1808] INFO: Processing 0 caption(s)...
[08:59:39] [udemy-downloader] [parse_new:1822] INFO:     > Processing 2 asset(s) for lecture...
[08:59:43] [udemy-downloader] [parse_new:1782] INFO:   > Processing lecture 30 of 77
[08:59:43] [udemy-downloader] [process_lecture:1598] INFO:       > Lecture doesn't have DRM, attempting to download...
[08:59:43] [udemy-downloader] [process_lecture:1603] INFO:       ====== Selected quality: video 720
[08:59:45] [udemy-downloader] [parse_new:1808] INFO: Processing 0 caption(s)...
[08:59:45] [udemy-downloader] [parse_new:1822] INFO:     > Processing 1 asset(s) for lecture...
[08:59:49] [udemy-downloader] [parse_new:1782] INFO:   > Processing lecture 31 of 77
[08:59:49] [udemy-downloader] [process_lecture:1598] INFO:       > Lecture doesn't have DRM, attempting to download...
[08:59:49] [udemy-downloader] [process_lecture:1603] INFO:       ====== Selected quality: video 720
[08:59:51] [udemy-downloader] [parse_new:1808] INFO: Processing 0 caption(s)...
[08:59:51] [udemy-downloader] [parse_new:1822] INFO:     > Processing 0 asset(s) for lecture...
[08:59:51] [udemy-downloader] [parse_new:1782] INFO:   > Processing lecture 32 of 77
[08:59:51] [udemy-downloader] [parse_new:1822] INFO:     > Processing 2 asset(s) for lecture...
[08:59:56] [udemy-downloader] [parse_new:1782] INFO:   > Processing lecture 33 of 77
[08:59:56] [udemy-downloader] [process_lecture:1598] INFO:       > Lecture doesn't have DRM, attempting to download...
[08:59:56] [udemy-downloader] [process_lecture:1603] INFO:       ====== Selected quality: video 720
[08:59:59] [udemy-downloader] [parse_new:1808] INFO: Processing 0 caption(s)...
[08:59:59] [udemy-downloader] [parse_new:1822] INFO:     > Processing 0 asset(s) for lecture...
[08:59:59] [udemy-downloader] [parse_new:1754] INFO: ======= Processing chapter 6 of 11 =======
[09:00:04] [udemy-downloader] [parse_new:1782] INFO:   > Processing lecture 34 of 77
[09:00:04] [udemy-downloader] [process_lecture:1598] INFO:       > Lecture doesn't have DRM, attempting to download...
[09:00:04] [udemy-downloader] [process_lecture:1603] INFO:       ====== Selected quality: video 720
[09:00:06] [udemy-downloader] [parse_new:1808] INFO: Processing 0 caption(s)...
[09:00:06] [udemy-downloader] [parse_new:1822] INFO:     > Processing 0 asset(s) for lecture...
[09:00:06] [udemy-downloader] [process_normal_quiz:1687] INFO:   > Processing quiz 5
[09:00:11] [udemy-downloader] [parse_new:1782] INFO:   > Processing lecture 36 of 77
[09:00:11] [udemy-downloader] [process_lecture:1598] INFO:       > Lecture doesn't have DRM, attempting to download...
[09:00:11] [udemy-downloader] [process_lecture:1603] INFO:       ====== Selected quality: video 720
[09:00:13] [udemy-downloader] [parse_new:1808] INFO: Processing 0 caption(s)...
[09:00:13] [udemy-downloader] [parse_new:1822] INFO:     > Processing 0 asset(s) for lecture...
[09:00:18] [udemy-downloader] [parse_new:1782] INFO:   > Processing lecture 37 of 77
[09:00:18] [udemy-downloader] [process_lecture:1598] INFO:       > Lecture doesn't have DRM, attempting to download...
[09:00:18] [udemy-downloader] [process_lecture:1603] INFO:       ====== Selected quality: video 720
[09:00:20] [udemy-downloader] [parse_new:1808] INFO: Processing 0 caption(s)...
[09:00:20] [udemy-downloader] [parse_new:1822] INFO:     > Processing 0 asset(s) for lecture...
[09:00:24] [udemy-downloader] [parse_new:1782] INFO:   > Processing lecture 38 of 77
[09:00:24] [udemy-downloader] [process_lecture:1598] INFO:       > Lecture doesn't have DRM, attempting to download...
[09:00:24] [udemy-downloader] [process_lecture:1603] INFO:       ====== Selected quality: video 720
[09:00:27] [udemy-downloader] [parse_new:1808] INFO: Processing 0 caption(s)...
[09:00:27] [udemy-downloader] [parse_new:1822] INFO:     > Processing 0 asset(s) for lecture...
[09:00:30] [udemy-downloader] [parse_new:1782] INFO:   > Processing lecture 39 of 77
[09:00:30] [udemy-downloader] [process_lecture:1598] INFO:       > Lecture doesn't have DRM, attempting to download...
[09:00:30] [udemy-downloader] [process_lecture:1603] INFO:       ====== Selected quality: video 720
[09:00:32] [udemy-downloader] [parse_new:1808] INFO: Processing 0 caption(s)...
[09:00:32] [udemy-downloader] [parse_new:1822] INFO:     > Processing 0 asset(s) for lecture...
[09:00:38] [udemy-downloader] [parse_new:1782] INFO:   > Processing lecture 40 of 77
[09:00:38] [udemy-downloader] [process_lecture:1598] INFO:       > Lecture doesn't have DRM, attempting to download...
[09:00:38] [udemy-downloader] [process_lecture:1603] INFO:       ====== Selected quality: video 720
[09:00:40] [udemy-downloader] [parse_new:1808] INFO: Processing 0 caption(s)...
[09:00:40] [udemy-downloader] [parse_new:1822] INFO:     > Processing 0 asset(s) for lecture...
[09:00:44] [udemy-downloader] [parse_new:1782] INFO:   > Processing lecture 41 of 77
[09:00:44] [udemy-downloader] [process_lecture:1598] INFO:       > Lecture doesn't have DRM, attempting to download...
[09:00:44] [udemy-downloader] [process_lecture:1603] INFO:       ====== Selected quality: video 720
[09:00:46] [udemy-downloader] [parse_new:1808] INFO: Processing 0 caption(s)...
[09:00:46] [udemy-downloader] [parse_new:1822] INFO:     > Processing 1 asset(s) for lecture...
[09:00:47] [udemy-downloader] [process_normal_quiz:1687] INFO:   > Processing quiz 6
[09:00:47] [udemy-downloader] [parse_new:1754] INFO: ======= Processing chapter 7 of 11 =======
[09:00:51] [udemy-downloader] [parse_new:1782] INFO:   > Processing lecture 43 of 77
[09:00:51] [udemy-downloader] [process_lecture:1598] INFO:       > Lecture doesn't have DRM, attempting to download...
[09:00:51] [udemy-downloader] [process_lecture:1603] INFO:       ====== Selected quality: video 720
[09:00:52] [udemy-downloader] [parse_new:1808] INFO: Processing 0 caption(s)...
[09:00:52] [udemy-downloader] [parse_new:1822] INFO:     > Processing 0 asset(s) for lecture...
[09:00:52] [udemy-downloader] [parse_new:1782] INFO:   > Processing lecture 44 of 77
[09:00:52] [udemy-downloader] [parse_new:1822] INFO:     > Processing 2 asset(s) for lecture...
[09:00:57] [udemy-downloader] [parse_new:1782] INFO:   > Processing lecture 45 of 77
[09:00:57] [udemy-downloader] [process_lecture:1598] INFO:       > Lecture doesn't have DRM, attempting to download...
[09:00:57] [udemy-downloader] [process_lecture:1603] INFO:       ====== Selected quality: video 720
[09:00:59] [udemy-downloader] [parse_new:1808] INFO: Processing 0 caption(s)...
[09:00:59] [udemy-downloader] [parse_new:1822] INFO:     > Processing 0 asset(s) for lecture...
[09:01:03] [udemy-downloader] [parse_new:1782] INFO:   > Processing lecture 46 of 77
[09:01:03] [udemy-downloader] [process_lecture:1598] INFO:       > Lecture doesn't have DRM, attempting to download...
[09:01:03] [udemy-downloader] [process_lecture:1603] INFO:       ====== Selected quality: video 720
[09:01:06] [udemy-downloader] [parse_new:1808] INFO: Processing 0 caption(s)...
[09:01:06] [udemy-downloader] [parse_new:1822] INFO:     > Processing 0 asset(s) for lecture...
[09:01:06] [udemy-downloader] [parse_new:1782] INFO:   > Processing lecture 47 of 77
[09:01:06] [udemy-downloader] [parse_new:1822] INFO:     > Processing 2 asset(s) for lecture...
[09:01:11] [udemy-downloader] [parse_new:1782] INFO:   > Processing lecture 48 of 77
[09:01:11] [udemy-downloader] [process_lecture:1598] INFO:       > Lecture doesn't have DRM, attempting to download...
[09:01:11] [udemy-downloader] [process_lecture:1603] INFO:       ====== Selected quality: video 720
[09:01:13] [udemy-downloader] [parse_new:1808] INFO: Processing 0 caption(s)...
[09:01:13] [udemy-downloader] [parse_new:1822] INFO:     > Processing 1 asset(s) for lecture...
[09:01:17] [udemy-downloader] [parse_new:1782] INFO:   > Processing lecture 49 of 77
[09:01:17] [udemy-downloader] [process_lecture:1598] INFO:       > Lecture doesn't have DRM, attempting to download...
[09:01:17] [udemy-downloader] [process_lecture:1603] INFO:       ====== Selected quality: video 720
[09:01:20] [udemy-downloader] [parse_new:1808] INFO: Processing 0 caption(s)...
[09:01:20] [udemy-downloader] [parse_new:1822] INFO:     > Processing 1 asset(s) for lecture...
[09:01:21] [udemy-downloader] [parse_new:1782] INFO:   > Processing lecture 50 of 77
[09:01:21] [udemy-downloader] [parse_new:1822] INFO:     > Processing 2 asset(s) for lecture...
[09:01:30] [udemy-downloader] [parse_new:1782] INFO:   > Processing lecture 51 of 77
[09:01:30] [udemy-downloader] [process_lecture:1598] INFO:       > Lecture doesn't have DRM, attempting to download...
[09:01:30] [udemy-downloader] [process_lecture:1603] INFO:       ====== Selected quality: video 720
[09:01:33] [udemy-downloader] [parse_new:1808] INFO: Processing 0 caption(s)...
[09:01:33] [udemy-downloader] [parse_new:1822] INFO:     > Processing 0 asset(s) for lecture...
[09:01:33] [udemy-downloader] [parse_new:1782] INFO:   > Processing lecture 52 of 77
[09:01:33] [udemy-downloader] [parse_new:1822] INFO:     > Processing 2 asset(s) for lecture...
[09:01:40] [udemy-downloader] [parse_new:1782] INFO:   > Processing lecture 53 of 77
[09:01:40] [udemy-downloader] [process_lecture:1598] INFO:       > Lecture doesn't have DRM, attempting to download...
[09:01:40] [udemy-downloader] [process_lecture:1603] INFO:       ====== Selected quality: video 720
[09:01:43] [udemy-downloader] [parse_new:1808] INFO: Processing 0 caption(s)...
[09:01:43] [udemy-downloader] [parse_new:1822] INFO:     > Processing 0 asset(s) for lecture...
[09:01:43] [udemy-downloader] [parse_new:1754] INFO: ======= Processing chapter 8 of 11 =======
[09:01:43] [udemy-downloader] [parse_new:1782] INFO:   > Processing lecture 54 of 77
[09:01:43] [udemy-downloader] [parse_new:1822] INFO:     > Processing 1 asset(s) for lecture...
[09:01:49] [udemy-downloader] [parse_new:1782] INFO:   > Processing lecture 55 of 77
[09:01:49] [udemy-downloader] [process_lecture:1598] INFO:       > Lecture doesn't have DRM, attempting to download...
[09:01:49] [udemy-downloader] [process_lecture:1603] INFO:       ====== Selected quality: video 720
[09:01:51] [udemy-downloader] [parse_new:1808] INFO: Processing 0 caption(s)...
[09:01:51] [udemy-downloader] [parse_new:1822] INFO:     > Processing 1 asset(s) for lecture...
[09:01:56] [udemy-downloader] [parse_new:1782] INFO:   > Processing lecture 56 of 77
[09:01:56] [udemy-downloader] [process_lecture:1598] INFO:       > Lecture doesn't have DRM, attempting to download...
[09:01:56] [udemy-downloader] [process_lecture:1603] INFO:       ====== Selected quality: video 720
[09:01:57] [udemy-downloader] [parse_new:1808] INFO: Processing 0 caption(s)...
[09:01:57] [udemy-downloader] [parse_new:1822] INFO:     > Processing 0 asset(s) for lecture...
[09:02:02] [udemy-downloader] [parse_new:1782] INFO:   > Processing lecture 57 of 77
[09:02:02] [udemy-downloader] [process_lecture:1598] INFO:       > Lecture doesn't have DRM, attempting to download...
[09:02:02] [udemy-downloader] [process_lecture:1603] INFO:       ====== Selected quality: video 720
[09:02:05] [udemy-downloader] [parse_new:1808] INFO: Processing 0 caption(s)...
[09:02:05] [udemy-downloader] [parse_new:1822] INFO:     > Processing 0 asset(s) for lecture...
[09:02:09] [udemy-downloader] [parse_new:1782] INFO:   > Processing lecture 58 of 77
[09:02:09] [udemy-downloader] [process_lecture:1598] INFO:       > Lecture doesn't have DRM, attempting to download...
[09:02:09] [udemy-downloader] [process_lecture:1603] INFO:       ====== Selected quality: video 720
[09:02:12] [udemy-downloader] [parse_new:1808] INFO: Processing 0 caption(s)...
[09:02:12] [udemy-downloader] [parse_new:1822] INFO:     > Processing 0 asset(s) for lecture...
[09:02:16] [udemy-downloader] [parse_new:1782] INFO:   > Processing lecture 59 of 77
[09:02:16] [udemy-downloader] [process_lecture:1598] INFO:       > Lecture doesn't have DRM, attempting to download...
[09:02:16] [udemy-downloader] [process_lecture:1603] INFO:       ====== Selected quality: video 720
[09:02:18] [udemy-downloader] [parse_new:1808] INFO: Processing 0 caption(s)...
[09:02:18] [udemy-downloader] [parse_new:1822] INFO:     > Processing 0 asset(s) for lecture...
[09:02:22] [udemy-downloader] [parse_new:1782] INFO:   > Processing lecture 60 of 77
[09:02:22] [udemy-downloader] [process_lecture:1598] INFO:       > Lecture doesn't have DRM, attempting to download...
[09:02:22] [udemy-downloader] [process_lecture:1603] INFO:       ====== Selected quality: video 720
[09:02:24] [udemy-downloader] [parse_new:1808] INFO: Processing 0 caption(s)...
[09:02:24] [udemy-downloader] [parse_new:1822] INFO:     > Processing 0 asset(s) for lecture...
[09:02:29] [udemy-downloader] [parse_new:1782] INFO:   > Processing lecture 61 of 77
[09:02:29] [udemy-downloader] [process_lecture:1598] INFO:       > Lecture doesn't have DRM, attempting to download...
[09:02:29] [udemy-downloader] [process_lecture:1603] INFO:       ====== Selected quality: video 720
[09:02:31] [udemy-downloader] [parse_new:1808] INFO: Processing 0 caption(s)...
[09:02:31] [udemy-downloader] [parse_new:1822] INFO:     > Processing 1 asset(s) for lecture...
[09:02:36] [udemy-downloader] [parse_new:1782] INFO:   > Processing lecture 62 of 77
[09:02:36] [udemy-downloader] [process_lecture:1598] INFO:       > Lecture doesn't have DRM, attempting to download...
[09:02:36] [udemy-downloader] [process_lecture:1603] INFO:       ====== Selected quality: video 720
[09:02:39] [udemy-downloader] [parse_new:1808] INFO: Processing 0 caption(s)...
[09:02:39] [udemy-downloader] [parse_new:1822] INFO:     > Processing 0 asset(s) for lecture...
[09:02:39] [udemy-downloader] [parse_new:1782] INFO:   > Processing lecture 63 of 77
[09:02:39] [udemy-downloader] [parse_new:1822] INFO:     > Processing 1 asset(s) for lecture...
[09:02:39] [udemy-downloader] [process_normal_quiz:1687] INFO:   > Processing quiz 7
[09:02:39] [udemy-downloader] [parse_new:1754] INFO: ======= Processing chapter 9 of 11 =======
[09:02:44] [udemy-downloader] [parse_new:1782] INFO:   > Processing lecture 65 of 77
[09:02:44] [udemy-downloader] [process_lecture:1598] INFO:       > Lecture doesn't have DRM, attempting to download...
[09:02:44] [udemy-downloader] [process_lecture:1603] INFO:       ====== Selected quality: video 720
[09:02:46] [udemy-downloader] [parse_new:1808] INFO: Processing 0 caption(s)...
[09:02:46] [udemy-downloader] [parse_new:1822] INFO:     > Processing 3 asset(s) for lecture...
[09:02:52] [udemy-downloader] [parse_new:1782] INFO:   > Processing lecture 66 of 77
[09:02:52] [udemy-downloader] [process_lecture:1598] INFO:       > Lecture doesn't have DRM, attempting to download...
[09:02:52] [udemy-downloader] [process_lecture:1603] INFO:       ====== Selected quality: video 720
[09:02:55] [udemy-downloader] [parse_new:1808] INFO: Processing 0 caption(s)...
[09:02:55] [udemy-downloader] [parse_new:1822] INFO:     > Processing 0 asset(s) for lecture...
[09:02:59] [udemy-downloader] [parse_new:1782] INFO:   > Processing lecture 67 of 77
[09:02:59] [udemy-downloader] [process_lecture:1598] INFO:       > Lecture doesn't have DRM, attempting to download...
[09:02:59] [udemy-downloader] [process_lecture:1603] INFO:       ====== Selected quality: video 720
[09:03:02] [udemy-downloader] [parse_new:1808] INFO: Processing 0 caption(s)...
[09:03:02] [udemy-downloader] [parse_new:1822] INFO:     > Processing 1 asset(s) for lecture...
[09:03:06] [udemy-downloader] [parse_new:1782] INFO:   > Processing lecture 68 of 77
[09:03:06] [udemy-downloader] [process_lecture:1598] INFO:       > Lecture doesn't have DRM, attempting to download...
[09:03:06] [udemy-downloader] [process_lecture:1603] INFO:       ====== Selected quality: video 720
[09:03:09] [udemy-downloader] [parse_new:1808] INFO: Processing 0 caption(s)...
[09:03:09] [udemy-downloader] [parse_new:1822] INFO:     > Processing 0 asset(s) for lecture...
[09:03:13] [udemy-downloader] [parse_new:1782] INFO:   > Processing lecture 69 of 77
[09:03:13] [udemy-downloader] [process_lecture:1598] INFO:       > Lecture doesn't have DRM, attempting to download...
[09:03:13] [udemy-downloader] [process_lecture:1603] INFO:       ====== Selected quality: video 720
[09:03:16] [udemy-downloader] [parse_new:1808] INFO: Processing 0 caption(s)...
[09:03:16] [udemy-downloader] [parse_new:1822] INFO:     > Processing 0 asset(s) for lecture...
[09:03:20] [udemy-downloader] [parse_new:1782] INFO:   > Processing lecture 70 of 77
[09:03:20] [udemy-downloader] [process_lecture:1598] INFO:       > Lecture doesn't have DRM, attempting to download...
[09:03:20] [udemy-downloader] [process_lecture:1603] INFO:       ====== Selected quality: video 720
[09:03:24] [udemy-downloader] [parse_new:1808] INFO: Processing 0 caption(s)...
[09:03:24] [udemy-downloader] [parse_new:1822] INFO:     > Processing 1 asset(s) for lecture...
[09:03:24] [udemy-downloader] [parse_new:1754] INFO: ======= Processing chapter 10 of 11 =======
[09:03:24] [udemy-downloader] [parse_new:1782] INFO:   > Processing lecture 71 of 77
[09:03:24] [udemy-downloader] [parse_new:1822] INFO:     > Processing 1 asset(s) for lecture...
[09:03:24] [udemy-downloader] [parse_new:1782] INFO:   > Processing lecture 72 of 77
[09:03:24] [udemy-downloader] [parse_new:1822] INFO:     > Processing 1 asset(s) for lecture...
[09:03:28] [udemy-downloader] [parse_new:1782] INFO:   > Processing lecture 73 of 77
[09:03:28] [udemy-downloader] [process_lecture:1598] INFO:       > Lecture doesn't have DRM, attempting to download...
[09:03:28] [udemy-downloader] [process_lecture:1603] INFO:       ====== Selected quality: video 720
[09:03:30] [udemy-downloader] [parse_new:1808] INFO: Processing 0 caption(s)...
[09:03:30] [udemy-downloader] [parse_new:1822] INFO:     > Processing 0 asset(s) for lecture...
[09:03:35] [udemy-downloader] [parse_new:1782] INFO:   > Processing lecture 74 of 77
[09:03:35] [udemy-downloader] [process_lecture:1598] INFO:       > Lecture doesn't have DRM, attempting to download...
[09:03:35] [udemy-downloader] [process_lecture:1603] INFO:       ====== Selected quality: video 720
[09:03:37] [udemy-downloader] [parse_new:1808] INFO: Processing 0 caption(s)...
[09:03:37] [udemy-downloader] [parse_new:1822] INFO:     > Processing 0 asset(s) for lecture...
[09:03:37] [udemy-downloader] [parse_new:1754] INFO: ======= Processing chapter 11 of 11 =======
[09:03:41] [udemy-downloader] [parse_new:1782] INFO:   > Processing lecture 75 of 77
[09:03:41] [udemy-downloader] [process_lecture:1598] INFO:       > Lecture doesn't have DRM, attempting to download...
[09:03:41] [udemy-downloader] [process_lecture:1603] INFO:       ====== Selected quality: video 720
[09:03:43] [udemy-downloader] [parse_new:1808] INFO: Processing 0 caption(s)...
[09:03:43] [udemy-downloader] [parse_new:1822] INFO:     > Processing 1 asset(s) for lecture...
[09:03:49] [udemy-downloader] [parse_new:1782] INFO:   > Processing lecture 76 of 77
[09:03:49] [udemy-downloader] [process_lecture:1598] INFO:       > Lecture doesn't have DRM, attempting to download...
[09:03:49] [udemy-downloader] [process_lecture:1603] INFO:       ====== Selected quality: video 720
[09:03:51] [udemy-downloader] [parse_new:1808] INFO: Processing 0 caption(s)...
[09:03:51] [udemy-downloader] [parse_new:1822] INFO:     > Processing 1 asset(s) for lecture...
[09:03:56] [udemy-downloader] [parse_new:1782] INFO:   > Processing lecture 77 of 77
[09:03:56] [udemy-downloader] [process_lecture:1598] INFO:       > Lecture doesn't have DRM, attempting to download...
[09:03:56] [udemy-downloader] [process_lecture:1603] INFO:       ====== Selected quality: video 720
[09:03:59] [udemy-downloader] [parse_new:1808] INFO: Processing 0 caption(s)...
[09:03:59] [udemy-downloader] [parse_new:1822] INFO:     > Processing 3 asset(s) for lecture...
