
============================================================
[2026-01-22T00:30:52.809061] Starting download for task 120
Command: /usr/bin/python3 main.py -c https://samsungu.udemy.com/course/khoa-hoc-ung-dung-google-sheets-trong-quan-ly-du-an-phan-mem/ -b BXkdOY7L4dK19hrNj1GnplHFHoMbkXpiLlSn9dcU -o Staging_Download/Task_120 -q 720 --download-captions --download-assets --download-quizzes --concurrent-downloads 10 --continue-lecture-numbers
============================================================

============================================================
[LOGGING MODULE] Starting download process
============================================================
[12:30:53] [udemy-downloader] [pre_run:394] INFO: Output directory set to /root/project/server/udemy_dl/Staging_Download/Task_120
[12:30:53] [udemy-downloader] [pre_run:404] WARNING: > Keyfile not found! You won't be able to decrypt any encrypted videos!
[12:30:54] [udemy-downloader] [visit:1203] INFO: Visit request successful
[12:30:54] [udemy-downloader] [main:2044] INFO: > Fetching course information, this may take a minute...
[12:30:55] [udemy-downloader] [_handle_pagination:914] INFO: > Downloading data page 2/2
[12:30:57] [udemy-downloader] [main:2047] INFO: > Course information retrieved!
[12:30:57] [udemy-downloader] [main:2052] INFO: > Fetching course curriculum, this may take a minute...
[12:31:02] [udemy-downloader] [main:2076] INFO: > Course curriculum retrieved!
[12:31:02] [udemy-downloader] [main:2107] INFO: > Processing course data, this may take a minute. 
[12:31:02] [udemy-downloader] [main:2151] INFO: Processing 2 of 74
[12:31:02] [udemy-downloader] [main:2151] INFO: Processing 3 of 74
[12:31:02] [udemy-downloader] [main:2151] INFO: Processing 4 of 74
[12:31:02] [udemy-downloader] [main:2151] INFO: Processing 5 of 74
[12:31:02] [udemy-downloader] [main:2151] INFO: Processing 7 of 74
[12:31:02] [udemy-downloader] [main:2151] INFO: Processing 9 of 74
[12:31:02] [udemy-downloader] [main:2151] INFO: Processing 10 of 74
[12:31:02] [udemy-downloader] [main:2151] INFO: Processing 11 of 74
[12:31:02] [udemy-downloader] [main:2151] INFO: Processing 12 of 74
[12:31:02] [udemy-downloader] [main:2151] INFO: Processing 14 of 74
[12:31:02] [udemy-downloader] [main:2151] INFO: Processing 15 of 74
[12:31:02] [udemy-downloader] [main:2151] INFO: Processing 16 of 74
[12:31:02] [udemy-downloader] [main:2151] INFO: Processing 17 of 74
[12:31:02] [udemy-downloader] [main:2151] INFO: Processing 18 of 74
[12:31:02] [udemy-downloader] [main:2151] INFO: Processing 19 of 74
[12:31:02] [udemy-downloader] [main:2151] INFO: Processing 20 of 74
[12:31:02] [udemy-downloader] [main:2151] INFO: Processing 21 of 74
[12:31:02] [udemy-downloader] [main:2151] INFO: Processing 22 of 74
[12:31:02] [udemy-downloader] [main:2151] INFO: Processing 24 of 74
[12:31:02] [udemy-downloader] [main:2151] INFO: Processing 25 of 74
[12:31:02] [udemy-downloader] [main:2151] INFO: Processing 26 of 74
[12:31:02] [udemy-downloader] [main:2151] INFO: Processing 28 of 74
[12:31:02] [udemy-downloader] [main:2151] INFO: Processing 29 of 74
[12:31:02] [udemy-downloader] [main:2151] INFO: Processing 30 of 74
[12:31:02] [udemy-downloader] [main:2151] INFO: Processing 32 of 74
[12:31:02] [udemy-downloader] [main:2151] INFO: Processing 33 of 74
[12:31:02] [udemy-downloader] [main:2151] INFO: Processing 34 of 74
[12:31:02] [udemy-downloader] [main:2151] INFO: Processing 36 of 74
[12:31:02] [udemy-downloader] [main:2151] INFO: Processing 37 of 74
[12:31:02] [udemy-downloader] [main:2151] INFO: Processing 38 of 74
[12:31:02] [udemy-downloader] [main:2151] INFO: Processing 40 of 74
[12:31:02] [udemy-downloader] [main:2151] INFO: Processing 41 of 74
[12:31:02] [udemy-downloader] [main:2151] INFO: Processing 42 of 74
[12:31:02] [udemy-downloader] [main:2151] INFO: Processing 43 of 74
[12:31:02] [udemy-downloader] [main:2151] INFO: Processing 44 of 74
[12:31:02] [udemy-downloader] [main:2151] INFO: Processing 45 of 74
[12:31:02] [udemy-downloader] [main:2151] INFO: Processing 47 of 74
[12:31:02] [udemy-downloader] [main:2151] INFO: Processing 48 of 74
[12:31:02] [udemy-downloader] [main:2151] INFO: Processing 49 of 74
[12:31:02] [udemy-downloader] [main:2151] INFO: Processing 51 of 74
[12:31:02] [udemy-downloader] [main:2151] INFO: Processing 52 of 74
[12:31:02] [udemy-downloader] [main:2151] INFO: Processing 53 of 74
[12:31:02] [udemy-downloader] [main:2151] INFO: Processing 54 of 74
[12:31:02] [udemy-downloader] [main:2151] INFO: Processing 55 of 74
[12:31:02] [udemy-downloader] [main:2151] INFO: Processing 56 of 74
[12:31:02] [udemy-downloader] [main:2151] INFO: Processing 57 of 74
[12:31:02] [udemy-downloader] [main:2151] INFO: Processing 58 of 74
[12:31:02] [udemy-downloader] [main:2151] INFO: Processing 60 of 74
[12:31:02] [udemy-downloader] [main:2151] INFO: Processing 61 of 74
[12:31:02] [udemy-downloader] [main:2151] INFO: Processing 63 of 74
[12:31:02] [udemy-downloader] [main:2151] INFO: Processing 64 of 74
[12:31:02] [udemy-downloader] [main:2151] INFO: Processing 65 of 74
[12:31:02] [udemy-downloader] [main:2151] INFO: Processing 67 of 74
[12:31:02] [udemy-downloader] [main:2151] INFO: Processing 68 of 74
[12:31:02] [udemy-downloader] [main:2151] INFO: Processing 70 of 74
[12:31:02] [udemy-downloader] [main:2151] INFO: Processing 71 of 74
[12:31:02] [udemy-downloader] [main:2151] INFO: Processing 73 of 74
[12:31:02] [udemy-downloader] [main:2151] INFO: Processing 74 of 74
[12:31:02] [udemy-downloader] [parse_new:1731] INFO: Chapter(s) (16)
[12:31:02] [udemy-downloader] [parse_new:1732] INFO: Lecture(s) (58)
[12:31:02] [udemy-downloader] [parse_new:1754] INFO: ======= Processing chapter 1 of 16 =======
[12:31:07] [udemy-downloader] [parse_new:1782] INFO:   > Processing lecture 1 of 58
[12:31:07] [udemy-downloader] [process_lecture:1598] INFO:       > Lecture doesn't have DRM, attempting to download...
[12:31:07] [udemy-downloader] [process_lecture:1603] INFO:       ====== Selected quality: video 720
[12:31:10] [udemy-downloader] [parse_new:1808] INFO: Processing 0 caption(s)...
[12:31:10] [udemy-downloader] [parse_new:1822] INFO:     > Processing 1 asset(s) for lecture...
[12:31:13] [udemy-downloader] [parse_new:1782] INFO:   > Processing lecture 2 of 58
[12:31:13] [udemy-downloader] [process_lecture:1598] INFO:       > Lecture doesn't have DRM, attempting to download...
[12:31:13] [udemy-downloader] [process_lecture:1603] INFO:       ====== Selected quality: video 720
[12:31:15] [udemy-downloader] [parse_new:1808] INFO: Processing 0 caption(s)...
[12:31:15] [udemy-downloader] [parse_new:1822] INFO:     > Processing 0 asset(s) for lecture...
[12:31:18] [udemy-downloader] [parse_new:1782] INFO:   > Processing lecture 3 of 58
[12:31:18] [udemy-downloader] [process_lecture:1598] INFO:       > Lecture doesn't have DRM, attempting to download...
[12:31:18] [udemy-downloader] [process_lecture:1603] INFO:       ====== Selected quality: video 720
[12:31:20] [udemy-downloader] [parse_new:1808] INFO: Processing 0 caption(s)...
[12:31:20] [udemy-downloader] [parse_new:1822] INFO:     > Processing 0 asset(s) for lecture...
[12:31:23] [udemy-downloader] [parse_new:1782] INFO:   > Processing lecture 4 of 58
[12:31:23] [udemy-downloader] [process_lecture:1598] INFO:       > Lecture doesn't have DRM, attempting to download...
[12:31:23] [udemy-downloader] [process_lecture:1603] INFO:       ====== Selected quality: video 720
[12:31:24] [udemy-downloader] [parse_new:1808] INFO: Processing 0 caption(s)...
[12:31:24] [udemy-downloader] [parse_new:1822] INFO:     > Processing 0 asset(s) for lecture...
[12:31:24] [udemy-downloader] [parse_new:1754] INFO: ======= Processing chapter 2 of 16 =======
[12:31:28] [udemy-downloader] [parse_new:1782] INFO:   > Processing lecture 5 of 58
[12:31:28] [udemy-downloader] [process_lecture:1598] INFO:       > Lecture doesn't have DRM, attempting to download...
[12:31:28] [udemy-downloader] [process_lecture:1603] INFO:       ====== Selected quality: video 720
[12:31:30] [udemy-downloader] [parse_new:1808] INFO: Processing 0 caption(s)...
[12:31:30] [udemy-downloader] [parse_new:1822] INFO:     > Processing 0 asset(s) for lecture...
[12:31:30] [udemy-downloader] [parse_new:1754] INFO: ======= Processing chapter 3 of 16 =======
[12:31:35] [udemy-downloader] [parse_new:1782] INFO:   > Processing lecture 6 of 58
[12:31:35] [udemy-downloader] [process_lecture:1598] INFO:       > Lecture doesn't have DRM, attempting to download...
[12:31:35] [udemy-downloader] [process_lecture:1603] INFO:       ====== Selected quality: video 720
[12:31:37] [udemy-downloader] [parse_new:1808] INFO: Processing 0 caption(s)...
[12:31:37] [udemy-downloader] [parse_new:1822] INFO:     > Processing 0 asset(s) for lecture...
[12:31:41] [udemy-downloader] [parse_new:1782] INFO:   > Processing lecture 7 of 58
[12:31:41] [udemy-downloader] [process_lecture:1598] INFO:       > Lecture doesn't have DRM, attempting to download...
[12:31:41] [udemy-downloader] [process_lecture:1603] INFO:       ====== Selected quality: video 720
[12:31:44] [udemy-downloader] [parse_new:1808] INFO: Processing 0 caption(s)...
[12:31:44] [udemy-downloader] [parse_new:1822] INFO:     > Processing 0 asset(s) for lecture...
[12:31:47] [udemy-downloader] [parse_new:1782] INFO:   > Processing lecture 8 of 58
[12:31:47] [udemy-downloader] [process_lecture:1598] INFO:       > Lecture doesn't have DRM, attempting to download...
[12:31:47] [udemy-downloader] [process_lecture:1603] INFO:       ====== Selected quality: video 720
[12:31:48] [udemy-downloader] [parse_new:1808] INFO: Processing 0 caption(s)...
[12:31:48] [udemy-downloader] [parse_new:1822] INFO:     > Processing 0 asset(s) for lecture...
[12:31:51] [udemy-downloader] [parse_new:1782] INFO:   > Processing lecture 9 of 58
[12:31:51] [udemy-downloader] [process_lecture:1598] INFO:       > Lecture doesn't have DRM, attempting to download...
[12:31:51] [udemy-downloader] [process_lecture:1603] INFO:       ====== Selected quality: video 720
[12:31:54] [udemy-downloader] [parse_new:1808] INFO: Processing 0 caption(s)...
[12:31:54] [udemy-downloader] [parse_new:1822] INFO:     > Processing 0 asset(s) for lecture...
[12:31:54] [udemy-downloader] [parse_new:1754] INFO: ======= Processing chapter 4 of 16 =======
[12:31:58] [udemy-downloader] [parse_new:1782] INFO:   > Processing lecture 10 of 58
[12:31:58] [udemy-downloader] [process_lecture:1598] INFO:       > Lecture doesn't have DRM, attempting to download...
[12:31:58] [udemy-downloader] [process_lecture:1603] INFO:       ====== Selected quality: video 720
[12:32:01] [udemy-downloader] [parse_new:1808] INFO: Processing 0 caption(s)...
[12:32:01] [udemy-downloader] [parse_new:1822] INFO:     > Processing 0 asset(s) for lecture...
[12:32:04] [udemy-downloader] [parse_new:1782] INFO:   > Processing lecture 11 of 58
[12:32:04] [udemy-downloader] [process_lecture:1598] INFO:       > Lecture doesn't have DRM, attempting to download...
[12:32:04] [udemy-downloader] [process_lecture:1603] INFO:       ====== Selected quality: video 720
[12:32:07] [udemy-downloader] [parse_new:1808] INFO: Processing 0 caption(s)...
[12:32:07] [udemy-downloader] [parse_new:1822] INFO:     > Processing 0 asset(s) for lecture...
[12:32:12] [udemy-downloader] [parse_new:1782] INFO:   > Processing lecture 12 of 58
[12:32:12] [udemy-downloader] [process_lecture:1598] INFO:       > Lecture doesn't have DRM, attempting to download...
[12:32:12] [udemy-downloader] [process_lecture:1603] INFO:       ====== Selected quality: video 720
[12:32:14] [udemy-downloader] [parse_new:1808] INFO: Processing 0 caption(s)...
[12:32:14] [udemy-downloader] [parse_new:1822] INFO:     > Processing 0 asset(s) for lecture...
[12:32:17] [udemy-downloader] [parse_new:1782] INFO:   > Processing lecture 13 of 58
[12:32:17] [udemy-downloader] [process_lecture:1598] INFO:       > Lecture doesn't have DRM, attempting to download...
[12:32:17] [udemy-downloader] [process_lecture:1603] INFO:       ====== Selected quality: video 720
[12:32:20] [udemy-downloader] [parse_new:1808] INFO: Processing 0 caption(s)...
[12:32:20] [udemy-downloader] [parse_new:1822] INFO:     > Processing 0 asset(s) for lecture...
[12:32:23] [udemy-downloader] [parse_new:1782] INFO:   > Processing lecture 14 of 58
[12:32:23] [udemy-downloader] [process_lecture:1598] INFO:       > Lecture doesn't have DRM, attempting to download...
[12:32:23] [udemy-downloader] [process_lecture:1603] INFO:       ====== Selected quality: video 720
[12:32:26] [udemy-downloader] [parse_new:1808] INFO: Processing 0 caption(s)...
[12:32:26] [udemy-downloader] [parse_new:1822] INFO:     > Processing 0 asset(s) for lecture...
[12:32:30] [udemy-downloader] [parse_new:1782] INFO:   > Processing lecture 15 of 58
[12:32:30] [udemy-downloader] [process_lecture:1598] INFO:       > Lecture doesn't have DRM, attempting to download...
[12:32:30] [udemy-downloader] [process_lecture:1603] INFO:       ====== Selected quality: video 720
[12:32:33] [udemy-downloader] [parse_new:1808] INFO: Processing 0 caption(s)...
[12:32:33] [udemy-downloader] [parse_new:1822] INFO:     > Processing 0 asset(s) for lecture...
[12:32:38] [udemy-downloader] [parse_new:1782] INFO:   > Processing lecture 16 of 58
[12:32:38] [udemy-downloader] [process_lecture:1598] INFO:       > Lecture doesn't have DRM, attempting to download...
[12:32:38] [udemy-downloader] [process_lecture:1603] INFO:       ====== Selected quality: video 720
[12:32:41] [udemy-downloader] [parse_new:1808] INFO: Processing 0 caption(s)...
[12:32:41] [udemy-downloader] [parse_new:1822] INFO:     > Processing 0 asset(s) for lecture...
[12:32:44] [udemy-downloader] [parse_new:1782] INFO:   > Processing lecture 17 of 58
[12:32:44] [udemy-downloader] [process_lecture:1598] INFO:       > Lecture doesn't have DRM, attempting to download...
[12:32:44] [udemy-downloader] [process_lecture:1603] INFO:       ====== Selected quality: video 720
[12:32:47] [udemy-downloader] [parse_new:1808] INFO: Processing 0 caption(s)...
[12:32:47] [udemy-downloader] [parse_new:1822] INFO:     > Processing 0 asset(s) for lecture...
[12:32:50] [udemy-downloader] [parse_new:1782] INFO:   > Processing lecture 18 of 58
[12:32:50] [udemy-downloader] [process_lecture:1598] INFO:       > Lecture doesn't have DRM, attempting to download...
[12:32:50] [udemy-downloader] [process_lecture:1603] INFO:       ====== Selected quality: video 720
[12:32:53] [udemy-downloader] [parse_new:1808] INFO: Processing 0 caption(s)...
[12:32:53] [udemy-downloader] [parse_new:1822] INFO:     > Processing 0 asset(s) for lecture...
[12:32:53] [udemy-downloader] [parse_new:1754] INFO: ======= Processing chapter 5 of 16 =======
[12:32:58] [udemy-downloader] [parse_new:1782] INFO:   > Processing lecture 19 of 58
[12:32:58] [udemy-downloader] [process_lecture:1598] INFO:       > Lecture doesn't have DRM, attempting to download...
[12:32:58] [udemy-downloader] [process_lecture:1603] INFO:       ====== Selected quality: video 720
[12:33:00] [udemy-downloader] [parse_new:1808] INFO: Processing 0 caption(s)...
[12:33:00] [udemy-downloader] [parse_new:1822] INFO:     > Processing 0 asset(s) for lecture...
[12:33:05] [udemy-downloader] [parse_new:1782] INFO:   > Processing lecture 20 of 58
[12:33:05] [udemy-downloader] [process_lecture:1598] INFO:       > Lecture doesn't have DRM, attempting to download...
[12:33:05] [udemy-downloader] [process_lecture:1603] INFO:       ====== Selected quality: video 720
[12:33:08] [udemy-downloader] [parse_new:1808] INFO: Processing 0 caption(s)...
[12:33:08] [udemy-downloader] [parse_new:1822] INFO:     > Processing 0 asset(s) for lecture...
[12:33:12] [udemy-downloader] [parse_new:1782] INFO:   > Processing lecture 21 of 58
[12:33:12] [udemy-downloader] [process_lecture:1598] INFO:       > Lecture doesn't have DRM, attempting to download...
[12:33:12] [udemy-downloader] [process_lecture:1603] INFO:       ====== Selected quality: video 720
[12:33:16] [udemy-downloader] [parse_new:1808] INFO: Processing 0 caption(s)...
[12:33:16] [udemy-downloader] [parse_new:1822] INFO:     > Processing 0 asset(s) for lecture...
[12:33:16] [udemy-downloader] [parse_new:1754] INFO: ======= Processing chapter 6 of 16 =======
[12:33:19] [udemy-downloader] [parse_new:1782] INFO:   > Processing lecture 22 of 58
[12:33:19] [udemy-downloader] [process_lecture:1598] INFO:       > Lecture doesn't have DRM, attempting to download...
[12:33:19] [udemy-downloader] [process_lecture:1603] INFO:       ====== Selected quality: video 720
[12:33:21] [udemy-downloader] [parse_new:1808] INFO: Processing 0 caption(s)...
[12:33:21] [udemy-downloader] [parse_new:1822] INFO:     > Processing 0 asset(s) for lecture...
[12:33:28] [udemy-downloader] [parse_new:1782] INFO:   > Processing lecture 23 of 58
[12:33:28] [udemy-downloader] [process_lecture:1598] INFO:       > Lecture doesn't have DRM, attempting to download...
[12:33:28] [udemy-downloader] [process_lecture:1603] INFO:       ====== Selected quality: video 720
[12:33:31] [udemy-downloader] [parse_new:1808] INFO: Processing 0 caption(s)...
[12:33:31] [udemy-downloader] [parse_new:1822] INFO:     > Processing 0 asset(s) for lecture...
[12:33:35] [udemy-downloader] [parse_new:1782] INFO:   > Processing lecture 24 of 58
[12:33:35] [udemy-downloader] [process_lecture:1598] INFO:       > Lecture doesn't have DRM, attempting to download...
[12:33:35] [udemy-downloader] [process_lecture:1603] INFO:       ====== Selected quality: video 720
[12:33:38] [udemy-downloader] [parse_new:1808] INFO: Processing 0 caption(s)...
[12:33:38] [udemy-downloader] [parse_new:1822] INFO:     > Processing 0 asset(s) for lecture...
[12:33:38] [udemy-downloader] [parse_new:1754] INFO: ======= Processing chapter 7 of 16 =======
[12:33:42] [udemy-downloader] [parse_new:1782] INFO:   > Processing lecture 25 of 58
[12:33:42] [udemy-downloader] [process_lecture:1598] INFO:       > Lecture doesn't have DRM, attempting to download...
[12:33:42] [udemy-downloader] [process_lecture:1603] INFO:       ====== Selected quality: video 720
[12:33:45] [udemy-downloader] [parse_new:1808] INFO: Processing 0 caption(s)...
[12:33:45] [udemy-downloader] [parse_new:1822] INFO:     > Processing 0 asset(s) for lecture...
[12:33:49] [udemy-downloader] [parse_new:1782] INFO:   > Processing lecture 26 of 58
[12:33:49] [udemy-downloader] [process_lecture:1598] INFO:       > Lecture doesn't have DRM, attempting to download...
[12:33:49] [udemy-downloader] [process_lecture:1603] INFO:       ====== Selected quality: video 720
[12:33:52] [udemy-downloader] [parse_new:1808] INFO: Processing 0 caption(s)...
[12:33:52] [udemy-downloader] [parse_new:1822] INFO:     > Processing 0 asset(s) for lecture...
[12:33:56] [udemy-downloader] [parse_new:1782] INFO:   > Processing lecture 27 of 58
[12:33:56] [udemy-downloader] [process_lecture:1598] INFO:       > Lecture doesn't have DRM, attempting to download...
[12:33:56] [udemy-downloader] [process_lecture:1603] INFO:       ====== Selected quality: video 720
[12:33:59] [udemy-downloader] [parse_new:1808] INFO: Processing 0 caption(s)...
[12:33:59] [udemy-downloader] [parse_new:1822] INFO:     > Processing 0 asset(s) for lecture...
[12:33:59] [udemy-downloader] [parse_new:1754] INFO: ======= Processing chapter 8 of 16 =======
[12:34:03] [udemy-downloader] [parse_new:1782] INFO:   > Processing lecture 28 of 58
[12:34:03] [udemy-downloader] [process_lecture:1598] INFO:       > Lecture doesn't have DRM, attempting to download...
[12:34:03] [udemy-downloader] [process_lecture:1603] INFO:       ====== Selected quality: video 720
[12:34:06] [udemy-downloader] [parse_new:1808] INFO: Processing 0 caption(s)...
[12:34:06] [udemy-downloader] [parse_new:1822] INFO:     > Processing 0 asset(s) for lecture...
[12:34:12] [udemy-downloader] [parse_new:1782] INFO:   > Processing lecture 29 of 58
[12:34:12] [udemy-downloader] [process_lecture:1598] INFO:       > Lecture doesn't have DRM, attempting to download...
[12:34:12] [udemy-downloader] [process_lecture:1603] INFO:       ====== Selected quality: video 720
[12:34:15] [udemy-downloader] [parse_new:1808] INFO: Processing 0 caption(s)...
[12:34:15] [udemy-downloader] [parse_new:1822] INFO:     > Processing 0 asset(s) for lecture...
[12:34:19] [udemy-downloader] [parse_new:1782] INFO:   > Processing lecture 30 of 58
[12:34:19] [udemy-downloader] [process_lecture:1598] INFO:       > Lecture doesn't have DRM, attempting to download...
[12:34:19] [udemy-downloader] [process_lecture:1603] INFO:       ====== Selected quality: video 720
[12:34:21] [udemy-downloader] [parse_new:1808] INFO: Processing 0 caption(s)...
[12:34:21] [udemy-downloader] [parse_new:1822] INFO:     > Processing 0 asset(s) for lecture...
[12:34:21] [udemy-downloader] [parse_new:1754] INFO: ======= Processing chapter 9 of 16 =======
[12:34:26] [udemy-downloader] [parse_new:1782] INFO:   > Processing lecture 31 of 58
[12:34:26] [udemy-downloader] [process_lecture:1598] INFO:       > Lecture doesn't have DRM, attempting to download...
[12:34:26] [udemy-downloader] [process_lecture:1603] INFO:       ====== Selected quality: video 720
[12:34:28] [udemy-downloader] [parse_new:1808] INFO: Processing 0 caption(s)...
[12:34:28] [udemy-downloader] [parse_new:1822] INFO:     > Processing 0 asset(s) for lecture...
[12:34:32] [udemy-downloader] [parse_new:1782] INFO:   > Processing lecture 32 of 58
[12:34:32] [udemy-downloader] [process_lecture:1598] INFO:       > Lecture doesn't have DRM, attempting to download...
[12:34:32] [udemy-downloader] [process_lecture:1603] INFO:       ====== Selected quality: video 720
[12:34:34] [udemy-downloader] [parse_new:1808] INFO: Processing 0 caption(s)...
[12:34:34] [udemy-downloader] [parse_new:1822] INFO:     > Processing 0 asset(s) for lecture...
[12:34:39] [udemy-downloader] [parse_new:1782] INFO:   > Processing lecture 33 of 58
[12:34:39] [udemy-downloader] [process_lecture:1598] INFO:       > Lecture doesn't have DRM, attempting to download...
[12:34:39] [udemy-downloader] [process_lecture:1603] INFO:       ====== Selected quality: video 720
[12:34:43] [udemy-downloader] [parse_new:1808] INFO: Processing 0 caption(s)...
[12:34:43] [udemy-downloader] [parse_new:1822] INFO:     > Processing 0 asset(s) for lecture...
[12:34:48] [udemy-downloader] [parse_new:1782] INFO:   > Processing lecture 34 of 58
[12:34:48] [udemy-downloader] [process_lecture:1598] INFO:       > Lecture doesn't have DRM, attempting to download...
[12:34:48] [udemy-downloader] [process_lecture:1603] INFO:       ====== Selected quality: video 720
[12:34:51] [udemy-downloader] [parse_new:1808] INFO: Processing 0 caption(s)...
[12:34:51] [udemy-downloader] [parse_new:1822] INFO:     > Processing 0 asset(s) for lecture...
[12:34:56] [udemy-downloader] [parse_new:1782] INFO:   > Processing lecture 35 of 58
[12:34:56] [udemy-downloader] [process_lecture:1598] INFO:       > Lecture doesn't have DRM, attempting to download...
[12:34:56] [udemy-downloader] [process_lecture:1603] INFO:       ====== Selected quality: video 720
[12:34:58] [udemy-downloader] [parse_new:1808] INFO: Processing 0 caption(s)...
[12:34:58] [udemy-downloader] [parse_new:1822] INFO:     > Processing 0 asset(s) for lecture...
[12:35:02] [udemy-downloader] [parse_new:1782] INFO:   > Processing lecture 36 of 58
[12:35:02] [udemy-downloader] [process_lecture:1598] INFO:       > Lecture doesn't have DRM, attempting to download...
[12:35:02] [udemy-downloader] [process_lecture:1603] INFO:       ====== Selected quality: video 720
[12:35:04] [udemy-downloader] [parse_new:1808] INFO: Processing 0 caption(s)...
[12:35:04] [udemy-downloader] [parse_new:1822] INFO:     > Processing 0 asset(s) for lecture...
[12:35:04] [udemy-downloader] [parse_new:1754] INFO: ======= Processing chapter 10 of 16 =======
[12:35:08] [udemy-downloader] [parse_new:1782] INFO:   > Processing lecture 37 of 58
[12:35:08] [udemy-downloader] [process_lecture:1598] INFO:       > Lecture doesn't have DRM, attempting to download...
[12:35:08] [udemy-downloader] [process_lecture:1603] INFO:       ====== Selected quality: video 720
[12:35:12] [udemy-downloader] [parse_new:1808] INFO: Processing 0 caption(s)...
[12:35:12] [udemy-downloader] [parse_new:1822] INFO:     > Processing 0 asset(s) for lecture...
[12:35:16] [udemy-downloader] [parse_new:1782] INFO:   > Processing lecture 38 of 58
[12:35:16] [udemy-downloader] [process_lecture:1598] INFO:       > Lecture doesn't have DRM, attempting to download...
[12:35:16] [udemy-downloader] [process_lecture:1603] INFO:       ====== Selected quality: video 720
[12:35:19] [udemy-downloader] [parse_new:1808] INFO: Processing 0 caption(s)...
[12:35:19] [udemy-downloader] [parse_new:1822] INFO:     > Processing 0 asset(s) for lecture...
[12:35:23] [udemy-downloader] [parse_new:1782] INFO:   > Processing lecture 39 of 58
[12:35:23] [udemy-downloader] [process_lecture:1598] INFO:       > Lecture doesn't have DRM, attempting to download...
[12:35:23] [udemy-downloader] [process_lecture:1603] INFO:       ====== Selected quality: video 720
[12:35:26] [udemy-downloader] [parse_new:1808] INFO: Processing 0 caption(s)...
[12:35:26] [udemy-downloader] [parse_new:1822] INFO:     > Processing 0 asset(s) for lecture...
[12:35:26] [udemy-downloader] [parse_new:1754] INFO: ======= Processing chapter 11 of 16 =======
[12:35:31] [udemy-downloader] [parse_new:1782] INFO:   > Processing lecture 40 of 58
[12:35:31] [udemy-downloader] [process_lecture:1598] INFO:       > Lecture doesn't have DRM, attempting to download...
[12:35:31] [udemy-downloader] [process_lecture:1603] INFO:       ====== Selected quality: video 720
[12:35:35] [udemy-downloader] [parse_new:1808] INFO: Processing 0 caption(s)...
[12:35:35] [udemy-downloader] [parse_new:1822] INFO:     > Processing 0 asset(s) for lecture...
[12:35:38] [udemy-downloader] [parse_new:1782] INFO:   > Processing lecture 41 of 58
[12:35:38] [udemy-downloader] [process_lecture:1598] INFO:       > Lecture doesn't have DRM, attempting to download...
[12:35:38] [udemy-downloader] [process_lecture:1603] INFO:       ====== Selected quality: video 720
[12:35:41] [udemy-downloader] [parse_new:1808] INFO: Processing 0 caption(s)...
[12:35:41] [udemy-downloader] [parse_new:1822] INFO:     > Processing 0 asset(s) for lecture...
[12:35:44] [udemy-downloader] [parse_new:1782] INFO:   > Processing lecture 42 of 58
[12:35:44] [udemy-downloader] [process_lecture:1598] INFO:       > Lecture doesn't have DRM, attempting to download...
[12:35:44] [udemy-downloader] [process_lecture:1603] INFO:       ====== Selected quality: video 720
[12:35:47] [udemy-downloader] [parse_new:1808] INFO: Processing 0 caption(s)...
[12:35:47] [udemy-downloader] [parse_new:1822] INFO:     > Processing 0 asset(s) for lecture...
[12:35:53] [udemy-downloader] [parse_new:1782] INFO:   > Processing lecture 43 of 58
[12:35:53] [udemy-downloader] [process_lecture:1598] INFO:       > Lecture doesn't have DRM, attempting to download...
[12:35:53] [udemy-downloader] [process_lecture:1603] INFO:       ====== Selected quality: video 720
[12:35:56] [udemy-downloader] [parse_new:1808] INFO: Processing 0 caption(s)...
[12:35:56] [udemy-downloader] [parse_new:1822] INFO:     > Processing 0 asset(s) for lecture...
[12:36:00] [udemy-downloader] [parse_new:1782] INFO:   > Processing lecture 44 of 58
[12:36:00] [udemy-downloader] [process_lecture:1598] INFO:       > Lecture doesn't have DRM, attempting to download...
[12:36:00] [udemy-downloader] [process_lecture:1603] INFO:       ====== Selected quality: video 720
[12:36:02] [udemy-downloader] [parse_new:1808] INFO: Processing 0 caption(s)...
[12:36:02] [udemy-downloader] [parse_new:1822] INFO:     > Processing 0 asset(s) for lecture...
[12:36:08] [udemy-downloader] [parse_new:1782] INFO:   > Processing lecture 45 of 58
[12:36:08] [udemy-downloader] [process_lecture:1598] INFO:       > Lecture doesn't have DRM, attempting to download...
[12:36:08] [udemy-downloader] [process_lecture:1603] INFO:       ====== Selected quality: video 720
[12:36:12] [udemy-downloader] [parse_new:1808] INFO: Processing 0 caption(s)...
[12:36:12] [udemy-downloader] [parse_new:1822] INFO:     > Processing 0 asset(s) for lecture...
[12:36:17] [udemy-downloader] [parse_new:1782] INFO:   > Processing lecture 46 of 58
[12:36:17] [udemy-downloader] [process_lecture:1598] INFO:       > Lecture doesn't have DRM, attempting to download...
[12:36:17] [udemy-downloader] [process_lecture:1603] INFO:       ====== Selected quality: video 720
[12:36:20] [udemy-downloader] [parse_new:1808] INFO: Processing 0 caption(s)...
[12:36:20] [udemy-downloader] [parse_new:1822] INFO:     > Processing 0 asset(s) for lecture...
[12:36:23] [udemy-downloader] [parse_new:1782] INFO:   > Processing lecture 47 of 58
[12:36:23] [udemy-downloader] [process_lecture:1598] INFO:       > Lecture doesn't have DRM, attempting to download...
[12:36:23] [udemy-downloader] [process_lecture:1603] INFO:       ====== Selected quality: video 720
[12:36:26] [udemy-downloader] [parse_new:1808] INFO: Processing 0 caption(s)...
[12:36:26] [udemy-downloader] [parse_new:1822] INFO:     > Processing 0 asset(s) for lecture...
[12:36:26] [udemy-downloader] [parse_new:1754] INFO: ======= Processing chapter 12 of 16 =======
[12:36:30] [udemy-downloader] [parse_new:1782] INFO:   > Processing lecture 48 of 58
[12:36:30] [udemy-downloader] [process_lecture:1598] INFO:       > Lecture doesn't have DRM, attempting to download...
[12:36:30] [udemy-downloader] [process_lecture:1603] INFO:       ====== Selected quality: video 720
[12:36:32] [udemy-downloader] [parse_new:1808] INFO: Processing 0 caption(s)...
[12:36:32] [udemy-downloader] [parse_new:1822] INFO:     > Processing 0 asset(s) for lecture...
[12:36:37] [udemy-downloader] [parse_new:1782] INFO:   > Processing lecture 49 of 58
[12:36:37] [udemy-downloader] [process_lecture:1598] INFO:       > Lecture doesn't have DRM, attempting to download...
[12:36:37] [udemy-downloader] [process_lecture:1603] INFO:       ====== Selected quality: video 720
[12:36:39] [udemy-downloader] [parse_new:1808] INFO: Processing 0 caption(s)...
[12:36:39] [udemy-downloader] [parse_new:1822] INFO:     > Processing 0 asset(s) for lecture...
[12:36:39] [udemy-downloader] [parse_new:1754] INFO: ======= Processing chapter 13 of 16 =======
[12:36:44] [udemy-downloader] [parse_new:1782] INFO:   > Processing lecture 50 of 58
[12:36:44] [udemy-downloader] [process_lecture:1598] INFO:       > Lecture doesn't have DRM, attempting to download...
[12:36:44] [udemy-downloader] [process_lecture:1603] INFO:       ====== Selected quality: video 720
[12:36:47] [udemy-downloader] [parse_new:1808] INFO: Processing 0 caption(s)...
[12:36:47] [udemy-downloader] [parse_new:1822] INFO:     > Processing 0 asset(s) for lecture...
[12:36:51] [udemy-downloader] [parse_new:1782] INFO:   > Processing lecture 51 of 58
[12:36:51] [udemy-downloader] [process_lecture:1598] INFO:       > Lecture doesn't have DRM, attempting to download...
[12:36:51] [udemy-downloader] [process_lecture:1603] INFO:       ====== Selected quality: video 720
[12:36:54] [udemy-downloader] [parse_new:1808] INFO: Processing 0 caption(s)...
[12:36:54] [udemy-downloader] [parse_new:1822] INFO:     > Processing 0 asset(s) for lecture...
[12:36:58] [udemy-downloader] [parse_new:1782] INFO:   > Processing lecture 52 of 58
[12:36:58] [udemy-downloader] [process_lecture:1598] INFO:       > Lecture doesn't have DRM, attempting to download...
[12:36:58] [udemy-downloader] [process_lecture:1603] INFO:       ====== Selected quality: video 720
[12:37:01] [udemy-downloader] [parse_new:1808] INFO: Processing 0 caption(s)...
[12:37:01] [udemy-downloader] [parse_new:1822] INFO:     > Processing 0 asset(s) for lecture...
[12:37:01] [udemy-downloader] [parse_new:1754] INFO: ======= Processing chapter 14 of 16 =======
[12:37:06] [udemy-downloader] [parse_new:1782] INFO:   > Processing lecture 53 of 58
[12:37:06] [udemy-downloader] [process_lecture:1598] INFO:       > Lecture doesn't have DRM, attempting to download...
[12:37:06] [udemy-downloader] [process_lecture:1603] INFO:       ====== Selected quality: video 720
[12:37:09] [udemy-downloader] [parse_new:1808] INFO: Processing 0 caption(s)...
[12:37:09] [udemy-downloader] [parse_new:1822] INFO:     > Processing 0 asset(s) for lecture...
[12:37:13] [udemy-downloader] [parse_new:1782] INFO:   > Processing lecture 54 of 58
[12:37:13] [udemy-downloader] [process_lecture:1598] INFO:       > Lecture doesn't have DRM, attempting to download...
[12:37:13] [udemy-downloader] [process_lecture:1603] INFO:       ====== Selected quality: video 720
[12:37:17] [udemy-downloader] [parse_new:1808] INFO: Processing 0 caption(s)...
[12:37:17] [udemy-downloader] [parse_new:1822] INFO:     > Processing 0 asset(s) for lecture...
[12:37:17] [udemy-downloader] [parse_new:1754] INFO: ======= Processing chapter 15 of 16 =======
[12:37:21] [udemy-downloader] [parse_new:1782] INFO:   > Processing lecture 55 of 58
[12:37:21] [udemy-downloader] [process_lecture:1598] INFO:       > Lecture doesn't have DRM, attempting to download...
[12:37:21] [udemy-downloader] [process_lecture:1603] INFO:       ====== Selected quality: video 720
[12:37:22] [udemy-downloader] [parse_new:1808] INFO: Processing 0 caption(s)...
[12:37:22] [udemy-downloader] [parse_new:1822] INFO:     > Processing 0 asset(s) for lecture...
[12:37:27] [udemy-downloader] [parse_new:1782] INFO:   > Processing lecture 56 of 58
[12:37:27] [udemy-downloader] [process_lecture:1598] INFO:       > Lecture doesn't have DRM, attempting to download...
[12:37:27] [udemy-downloader] [process_lecture:1603] INFO:       ====== Selected quality: video 720
[12:37:30] [udemy-downloader] [parse_new:1808] INFO: Processing 0 caption(s)...
[12:37:30] [udemy-downloader] [parse_new:1822] INFO:     > Processing 0 asset(s) for lecture...
[12:37:30] [udemy-downloader] [parse_new:1754] INFO: ======= Processing chapter 16 of 16 =======
[12:37:34] [udemy-downloader] [parse_new:1782] INFO:   > Processing lecture 57 of 58
[12:37:34] [udemy-downloader] [process_lecture:1598] INFO:       > Lecture doesn't have DRM, attempting to download...
[12:37:34] [udemy-downloader] [process_lecture:1603] INFO:       ====== Selected quality: video 720
[12:37:37] [udemy-downloader] [parse_new:1808] INFO: Processing 0 caption(s)...
[12:37:37] [udemy-downloader] [parse_new:1822] INFO:     > Processing 0 asset(s) for lecture...
[12:37:37] [udemy-downloader] [parse_new:1782] INFO:   > Processing lecture 58 of 58
[12:37:37] [udemy-downloader] [parse_new:1822] INFO:     > Processing 1 asset(s) for lecture...
