
============================================================
[2026-01-21T23:42:39.859048] Starting download for task 119
Command: /usr/bin/python3 main.py -c https://samsungu.udemy.com/course/django-python/ -b BXkdOY7L4dK19hrNj1GnplHFHoMbkXpiLlSn9dcU -o Staging_Download/Task_119 -q 720 --download-captions --download-assets --download-quizzes --concurrent-downloads 10 --continue-lecture-numbers
============================================================

============================================================
[LOGGING MODULE] Starting download process
============================================================
[11:42:40] [udemy-downloader] [pre_run:394] INFO: Output directory set to /root/project/server/udemy_dl/Staging_Download/Task_119
[11:42:40] [udemy-downloader] [pre_run:404] WARNING: > Keyfile not found! You won't be able to decrypt any encrypted videos!
[11:42:41] [udemy-downloader] [visit:1203] INFO: Visit request successful
[11:42:41] [udemy-downloader] [main:2044] INFO: > Fetching course information, this may take a minute...
[11:42:42] [udemy-downloader] [_handle_pagination:914] INFO: > Downloading data page 2/2
[11:42:43] [udemy-downloader] [main:2047] INFO: > Course information retrieved!
[11:42:43] [udemy-downloader] [main:2052] INFO: > Fetching course curriculum, this may take a minute...
[11:42:56] [udemy-downloader] [main:2076] INFO: > Course curriculum retrieved!
[11:42:56] [udemy-downloader] [main:2107] INFO: > Processing course data, this may take a minute. 
[11:42:56] [udemy-downloader] [main:2151] INFO: Processing 2 of 90
[11:42:56] [udemy-downloader] [main:2151] INFO: Processing 3 of 90
[11:42:56] [udemy-downloader] [main:2151] INFO: Processing 4 of 90
[11:42:56] [udemy-downloader] [main:2151] INFO: Processing 5 of 90
[11:42:56] [udemy-downloader] [main:2151] INFO: Processing 6 of 90
[11:42:56] [udemy-downloader] [main:2151] INFO: Processing 7 of 90
[11:42:56] [udemy-downloader] [main:2151] INFO: Processing 9 of 90
[11:42:56] [udemy-downloader] [main:2151] INFO: Processing 10 of 90
[11:42:56] [udemy-downloader] [main:2151] INFO: Processing 12 of 90
[11:42:56] [udemy-downloader] [main:2151] INFO: Processing 13 of 90
[11:42:56] [udemy-downloader] [main:2151] INFO: Processing 14 of 90
[11:42:56] [udemy-downloader] [main:2151] INFO: Processing 16 of 90
[11:42:56] [udemy-downloader] [main:2151] INFO: Processing 17 of 90
[11:42:56] [udemy-downloader] [main:2151] INFO: Processing 18 of 90
[11:42:56] [udemy-downloader] [main:2151] INFO: Processing 19 of 90
[11:42:56] [udemy-downloader] [main:2151] INFO: Processing 21 of 90
[11:42:56] [udemy-downloader] [main:2151] INFO: Processing 22 of 90
[11:42:56] [udemy-downloader] [main:2151] INFO: Processing 23 of 90
[11:42:56] [udemy-downloader] [main:2151] INFO: Processing 24 of 90
[11:42:56] [udemy-downloader] [main:2151] INFO: Processing 25 of 90
[11:42:56] [udemy-downloader] [main:2151] INFO: Processing 27 of 90
[11:42:56] [udemy-downloader] [main:2151] INFO: Processing 28 of 90
[11:42:56] [udemy-downloader] [main:2151] INFO: Processing 29 of 90
[11:42:56] [udemy-downloader] [main:2151] INFO: Processing 30 of 90
[11:42:56] [udemy-downloader] [main:2151] INFO: Processing 31 of 90
[11:42:56] [udemy-downloader] [main:2151] INFO: Processing 33 of 90
[11:42:56] [udemy-downloader] [main:2151] INFO: Processing 34 of 90
[11:42:56] [udemy-downloader] [main:2151] INFO: Processing 35 of 90
[11:42:56] [udemy-downloader] [main:2151] INFO: Processing 37 of 90
[11:42:56] [udemy-downloader] [main:2151] INFO: Processing 38 of 90
[11:42:56] [udemy-downloader] [main:2151] INFO: Processing 39 of 90
[11:42:56] [udemy-downloader] [main:2151] INFO: Processing 40 of 90
[11:42:56] [udemy-downloader] [main:2151] INFO: Processing 41 of 90
[11:42:56] [udemy-downloader] [main:2151] INFO: Processing 42 of 90
[11:42:56] [udemy-downloader] [main:2151] INFO: Processing 43 of 90
[11:42:56] [udemy-downloader] [main:2151] INFO: Processing 44 of 90
[11:42:56] [udemy-downloader] [main:2151] INFO: Processing 45 of 90
[11:42:56] [udemy-downloader] [main:2151] INFO: Processing 47 of 90
[11:42:56] [udemy-downloader] [main:2151] INFO: Processing 48 of 90
[11:42:56] [udemy-downloader] [main:2151] INFO: Processing 49 of 90
[11:42:56] [udemy-downloader] [main:2151] INFO: Processing 50 of 90
[11:42:56] [udemy-downloader] [main:2151] INFO: Processing 51 of 90
[11:42:56] [udemy-downloader] [main:2151] INFO: Processing 52 of 90
[11:42:56] [udemy-downloader] [main:2151] INFO: Processing 54 of 90
[11:42:56] [udemy-downloader] [main:2151] INFO: Processing 55 of 90
[11:42:56] [udemy-downloader] [main:2151] INFO: Processing 56 of 90
[11:42:56] [udemy-downloader] [main:2151] INFO: Processing 57 of 90
[11:42:56] [udemy-downloader] [main:2151] INFO: Processing 58 of 90
[11:42:56] [udemy-downloader] [main:2151] INFO: Processing 59 of 90
[11:42:56] [udemy-downloader] [main:2151] INFO: Processing 60 of 90
[11:42:56] [udemy-downloader] [main:2151] INFO: Processing 61 of 90
[11:42:56] [udemy-downloader] [main:2151] INFO: Processing 62 of 90
[11:42:56] [udemy-downloader] [main:2151] INFO: Processing 63 of 90
[11:42:56] [udemy-downloader] [main:2151] INFO: Processing 64 of 90
[11:42:56] [udemy-downloader] [main:2151] INFO: Processing 66 of 90
[11:42:56] [udemy-downloader] [main:2151] INFO: Processing 67 of 90
[11:42:56] [udemy-downloader] [main:2151] INFO: Processing 68 of 90
[11:42:56] [udemy-downloader] [main:2151] INFO: Processing 70 of 90
[11:42:56] [udemy-downloader] [main:2151] INFO: Processing 71 of 90
[11:42:56] [udemy-downloader] [main:2151] INFO: Processing 72 of 90
[11:42:56] [udemy-downloader] [main:2151] INFO: Processing 73 of 90
[11:42:56] [udemy-downloader] [main:2151] INFO: Processing 74 of 90
[11:42:56] [udemy-downloader] [main:2151] INFO: Processing 75 of 90
[11:42:56] [udemy-downloader] [main:2151] INFO: Processing 76 of 90
[11:42:56] [udemy-downloader] [main:2151] INFO: Processing 77 of 90
[11:42:56] [udemy-downloader] [main:2151] INFO: Processing 78 of 90
[11:42:56] [udemy-downloader] [main:2151] INFO: Processing 79 of 90
[11:42:56] [udemy-downloader] [main:2151] INFO: Processing 80 of 90
[11:42:56] [udemy-downloader] [main:2151] INFO: Processing 82 of 90
[11:42:56] [udemy-downloader] [main:2151] INFO: Processing 83 of 90
[11:42:56] [udemy-downloader] [main:2151] INFO: Processing 84 of 90
[11:42:56] [udemy-downloader] [main:2151] INFO: Processing 85 of 90
[11:42:56] [udemy-downloader] [main:2151] INFO: Processing 86 of 90
[11:42:56] [udemy-downloader] [main:2151] INFO: Processing 87 of 90
[11:42:56] [udemy-downloader] [main:2151] INFO: Processing 89 of 90
[11:42:56] [udemy-downloader] [main:2151] INFO: Processing 90 of 90
[11:42:56] [udemy-downloader] [parse_new:1731] INFO: Chapter(s) (14)
[11:42:56] [udemy-downloader] [parse_new:1732] INFO: Lecture(s) (76)
[11:42:56] [udemy-downloader] [parse_new:1754] INFO: ======= Processing chapter 1 of 14 =======
[11:43:00] [udemy-downloader] [parse_new:1782] INFO:   > Processing lecture 1 of 76
[11:43:00] [udemy-downloader] [process_lecture:1598] INFO:       > Lecture doesn't have DRM, attempting to download...
[11:43:00] [udemy-downloader] [process_lecture:1603] INFO:       ====== Selected quality: video 720
[11:43:07] [udemy-downloader] [parse_new:1808] INFO: Processing 5 caption(s)...
[11:43:07] [udemy-downloader] [process_caption:1546] INFO:     >  Downloading caption: '001 Introduction_en.vtt'
[11:43:07] [udemy-downloader] [process_caption:1559] INFO:     > Converting caption to SRT format...
[11:43:07] [udemy-downloader] [process_caption:1561] INFO:     > Caption conversion complete.
[11:43:07] [udemy-downloader] [parse_new:1822] INFO:     > Processing 2 asset(s) for lecture...
[11:43:11] [udemy-downloader] [parse_new:1782] INFO:   > Processing lecture 2 of 76
[11:43:11] [udemy-downloader] [process_lecture:1598] INFO:       > Lecture doesn't have DRM, attempting to download...
[11:43:11] [udemy-downloader] [process_lecture:1603] INFO:       ====== Selected quality: video 720
[11:43:14] [udemy-downloader] [parse_new:1808] INFO: Processing 5 caption(s)...
[11:43:14] [udemy-downloader] [process_caption:1546] INFO:     >  Downloading caption: '002 Course structure_en.vtt'
[11:43:15] [udemy-downloader] [process_caption:1559] INFO:     > Converting caption to SRT format...
[11:43:15] [udemy-downloader] [process_caption:1561] INFO:     > Caption conversion complete.
[11:43:15] [udemy-downloader] [parse_new:1822] INFO:     > Processing 0 asset(s) for lecture...
[11:43:19] [udemy-downloader] [parse_new:1782] INFO:   > Processing lecture 3 of 76
[11:43:19] [udemy-downloader] [process_lecture:1598] INFO:       > Lecture doesn't have DRM, attempting to download...
[11:43:19] [udemy-downloader] [process_lecture:1603] INFO:       ====== Selected quality: video 720
[11:43:26] [udemy-downloader] [parse_new:1808] INFO: Processing 4 caption(s)...
[11:43:26] [udemy-downloader] [process_caption:1546] INFO:     >  Downloading caption: '003 Technologies_en.vtt'
[11:43:26] [udemy-downloader] [process_caption:1559] INFO:     > Converting caption to SRT format...
[11:43:26] [udemy-downloader] [process_caption:1561] INFO:     > Caption conversion complete.
[11:43:26] [udemy-downloader] [parse_new:1822] INFO:     > Processing 0 asset(s) for lecture...
[11:43:30] [udemy-downloader] [parse_new:1782] INFO:   > Processing lecture 4 of 76
[11:43:30] [udemy-downloader] [process_lecture:1598] INFO:       > Lecture doesn't have DRM, attempting to download...
[11:43:30] [udemy-downloader] [process_lecture:1603] INFO:       ====== Selected quality: video 720
[11:43:36] [udemy-downloader] [parse_new:1808] INFO: Processing 5 caption(s)...
[11:43:36] [udemy-downloader] [process_caption:1546] INFO:     >  Downloading caption: '004 Vagrant vs. Docker_en.vtt'
[11:43:36] [udemy-downloader] [process_caption:1559] INFO:     > Converting caption to SRT format...
[11:43:36] [udemy-downloader] [process_caption:1561] INFO:     > Caption conversion complete.
[11:43:36] [udemy-downloader] [parse_new:1822] INFO:     > Processing 0 asset(s) for lecture...
[11:43:39] [udemy-downloader] [parse_new:1782] INFO:   > Processing lecture 5 of 76
[11:43:39] [udemy-downloader] [process_lecture:1598] INFO:       > Lecture doesn't have DRM, attempting to download...
[11:43:39] [udemy-downloader] [process_lecture:1603] INFO:       ====== Selected quality: video 720
[11:43:43] [udemy-downloader] [parse_new:1808] INFO: Processing 5 caption(s)...
[11:43:43] [udemy-downloader] [process_caption:1546] INFO:     >  Downloading caption: '005 How to get the most out of this course_en.vtt'
[11:43:44] [udemy-downloader] [process_caption:1559] INFO:     > Converting caption to SRT format...
[11:43:44] [udemy-downloader] [process_caption:1561] INFO:     > Caption conversion complete.
[11:43:44] [udemy-downloader] [parse_new:1822] INFO:     > Processing 0 asset(s) for lecture...
[11:43:48] [udemy-downloader] [parse_new:1782] INFO:   > Processing lecture 6 of 76
[11:43:48] [udemy-downloader] [process_lecture:1598] INFO:       > Lecture doesn't have DRM, attempting to download...
[11:43:48] [udemy-downloader] [process_lecture:1603] INFO:       ====== Selected quality: video 720
[11:43:54] [udemy-downloader] [parse_new:1808] INFO: Processing 5 caption(s)...
[11:43:54] [udemy-downloader] [process_caption:1546] INFO:     >  Downloading caption: '006 How to get help_en.vtt'
[11:43:55] [udemy-downloader] [process_caption:1559] INFO:     > Converting caption to SRT format...
[11:43:55] [udemy-downloader] [process_caption:1561] INFO:     > Caption conversion complete.
[11:43:55] [udemy-downloader] [parse_new:1822] INFO:     > Processing 2 asset(s) for lecture...
[11:43:55] [udemy-downloader] [parse_new:1754] INFO: ======= Processing chapter 2 of 14 =======
[11:43:59] [udemy-downloader] [parse_new:1782] INFO:   > Processing lecture 7 of 76
[11:43:59] [udemy-downloader] [process_lecture:1598] INFO:       > Lecture doesn't have DRM, attempting to download...
[11:43:59] [udemy-downloader] [process_lecture:1603] INFO:       ====== Selected quality: video 720
[11:44:04] [udemy-downloader] [parse_new:1808] INFO: Processing 5 caption(s)...
[11:44:04] [udemy-downloader] [process_caption:1546] INFO:     >  Downloading caption: '007 Windows Installing Git, VirtualBox, Vagrant, Atom and ModHeader_en.vtt'
[11:44:05] [udemy-downloader] [process_caption:1559] INFO:     > Converting caption to SRT format...
[11:44:05] [udemy-downloader] [process_caption:1561] INFO:     > Caption conversion complete.
[11:44:05] [udemy-downloader] [parse_new:1822] INFO:     > Processing 6 asset(s) for lecture...
[11:44:10] [udemy-downloader] [parse_new:1782] INFO:   > Processing lecture 8 of 76
[11:44:10] [udemy-downloader] [process_lecture:1598] INFO:       > Lecture doesn't have DRM, attempting to download...
[11:44:10] [udemy-downloader] [process_lecture:1603] INFO:       ====== Selected quality: video 720
[11:44:17] [udemy-downloader] [parse_new:1808] INFO: Processing 5 caption(s)...
[11:44:17] [udemy-downloader] [process_caption:1546] INFO:     >  Downloading caption: '008 macOS Installing Git, VirtualBox, Vagrant, Atom and ModHeader_en.vtt'
[11:44:17] [udemy-downloader] [process_caption:1559] INFO:     > Converting caption to SRT format...
[11:44:17] [udemy-downloader] [process_caption:1561] INFO:     > Caption conversion complete.
[11:44:17] [udemy-downloader] [parse_new:1822] INFO:     > Processing 6 asset(s) for lecture...
[11:44:17] [udemy-downloader] [parse_new:1754] INFO: ======= Processing chapter 3 of 14 =======
[11:44:22] [udemy-downloader] [parse_new:1782] INFO:   > Processing lecture 9 of 76
[11:44:22] [udemy-downloader] [process_lecture:1598] INFO:       > Lecture doesn't have DRM, attempting to download...
[11:44:22] [udemy-downloader] [process_lecture:1603] INFO:       ====== Selected quality: video 720
[11:44:28] [udemy-downloader] [parse_new:1808] INFO: Processing 5 caption(s)...
[11:44:28] [udemy-downloader] [process_caption:1546] INFO:     >  Downloading caption: '009 Creating a workspace_en.vtt'
[11:44:29] [udemy-downloader] [process_caption:1559] INFO:     > Converting caption to SRT format...
[11:44:29] [udemy-downloader] [process_caption:1561] INFO:     > Caption conversion complete.
[11:44:29] [udemy-downloader] [parse_new:1822] INFO:     > Processing 0 asset(s) for lecture...
[11:44:34] [udemy-downloader] [parse_new:1782] INFO:   > Processing lecture 10 of 76
[11:44:34] [udemy-downloader] [process_lecture:1598] INFO:       > Lecture doesn't have DRM, attempting to download...
[11:44:34] [udemy-downloader] [process_lecture:1603] INFO:       ====== Selected quality: video 720
[11:44:40] [udemy-downloader] [parse_new:1808] INFO: Processing 1 caption(s)...
[11:44:40] [udemy-downloader] [process_caption:1546] INFO:     >  Downloading caption: '010 Creating a Git project_en.vtt'
[11:44:41] [udemy-downloader] [process_caption:1559] INFO:     > Converting caption to SRT format...
[11:44:41] [udemy-downloader] [process_caption:1561] INFO:     > Caption conversion complete.
[11:44:41] [udemy-downloader] [parse_new:1822] INFO:     > Processing 4 asset(s) for lecture...
[11:44:46] [udemy-downloader] [parse_new:1782] INFO:   > Processing lecture 11 of 76
[11:44:46] [udemy-downloader] [process_lecture:1598] INFO:       > Lecture doesn't have DRM, attempting to download...
[11:44:46] [udemy-downloader] [process_lecture:1603] INFO:       ====== Selected quality: video 720
[11:44:50] [udemy-downloader] [parse_new:1808] INFO: Processing 5 caption(s)...
[11:44:50] [udemy-downloader] [process_caption:1546] INFO:     >  Downloading caption: '011 Pushing to GitHub_en.vtt'
[11:44:51] [udemy-downloader] [process_caption:1559] INFO:     > Converting caption to SRT format...
[11:44:51] [udemy-downloader] [process_caption:1561] INFO:     > Caption conversion complete.
[11:44:51] [udemy-downloader] [parse_new:1822] INFO:     > Processing 0 asset(s) for lecture...
[11:44:51] [udemy-downloader] [parse_new:1754] INFO: ======= Processing chapter 4 of 14 =======
[11:44:55] [udemy-downloader] [parse_new:1782] INFO:   > Processing lecture 12 of 76
[11:44:55] [udemy-downloader] [process_lecture:1598] INFO:       > Lecture doesn't have DRM, attempting to download...
[11:44:55] [udemy-downloader] [process_lecture:1603] INFO:       ====== Selected quality: video 720
[11:45:00] [udemy-downloader] [parse_new:1808] INFO: Processing 5 caption(s)...
[11:45:00] [udemy-downloader] [process_caption:1546] INFO:     >  Downloading caption: '012 Creating a Vagrantfile_en.vtt'
[11:45:01] [udemy-downloader] [process_caption:1559] INFO:     > Converting caption to SRT format...
[11:45:01] [udemy-downloader] [process_caption:1561] INFO:     > Caption conversion complete.
[11:45:01] [udemy-downloader] [parse_new:1822] INFO:     > Processing 0 asset(s) for lecture...
[11:45:04] [udemy-downloader] [parse_new:1782] INFO:   > Processing lecture 13 of 76
[11:45:04] [udemy-downloader] [process_lecture:1598] INFO:       > Lecture doesn't have DRM, attempting to download...
[11:45:04] [udemy-downloader] [process_lecture:1603] INFO:       ====== Selected quality: video 720
[11:45:11] [udemy-downloader] [parse_new:1808] INFO: Processing 5 caption(s)...
[11:45:11] [udemy-downloader] [process_caption:1546] INFO:     >  Downloading caption: '013 Configuring our Vagrant box_en.vtt'
[11:45:12] [udemy-downloader] [process_caption:1559] INFO:     > Converting caption to SRT format...
[11:45:12] [udemy-downloader] [process_caption:1561] INFO:     > Caption conversion complete.
[11:45:12] [udemy-downloader] [parse_new:1822] INFO:     > Processing 1 asset(s) for lecture...
[11:45:15] [udemy-downloader] [parse_new:1782] INFO:   > Processing lecture 14 of 76
[11:45:15] [udemy-downloader] [process_lecture:1598] INFO:       > Lecture doesn't have DRM, attempting to download...
[11:45:15] [udemy-downloader] [process_lecture:1603] INFO:       ====== Selected quality: video 720
[11:45:23] [udemy-downloader] [parse_new:1808] INFO: Processing 5 caption(s)...
[11:45:23] [udemy-downloader] [process_caption:1546] INFO:     >  Downloading caption: '014 Running and connecting to our dev server_en.vtt'
[11:45:23] [udemy-downloader] [process_caption:1559] INFO:     > Converting caption to SRT format...
[11:45:23] [udemy-downloader] [process_caption:1561] INFO:     > Caption conversion complete.
[11:45:23] [udemy-downloader] [parse_new:1822] INFO:     > Processing 0 asset(s) for lecture...
[11:45:27] [udemy-downloader] [parse_new:1782] INFO:   > Processing lecture 15 of 76
[11:45:27] [udemy-downloader] [process_lecture:1598] INFO:       > Lecture doesn't have DRM, attempting to download...
[11:45:27] [udemy-downloader] [process_lecture:1603] INFO:       ====== Selected quality: video 720
[11:45:31] [udemy-downloader] [parse_new:1808] INFO: Processing 5 caption(s)...
[11:45:31] [udemy-downloader] [process_caption:1546] INFO:     >  Downloading caption: '015 Running a Hello World script_en.vtt'
[11:45:31] [udemy-downloader] [process_caption:1559] INFO:     > Converting caption to SRT format...
[11:45:31] [udemy-downloader] [process_caption:1561] INFO:     > Caption conversion complete.
[11:45:31] [udemy-downloader] [parse_new:1822] INFO:     > Processing 0 asset(s) for lecture...
[11:45:31] [udemy-downloader] [parse_new:1754] INFO: ======= Processing chapter 5 of 14 =======
[11:45:35] [udemy-downloader] [parse_new:1782] INFO:   > Processing lecture 16 of 76
[11:45:35] [udemy-downloader] [process_lecture:1598] INFO:       > Lecture doesn't have DRM, attempting to download...
[11:45:35] [udemy-downloader] [process_lecture:1603] INFO:       ====== Selected quality: video 720
[11:45:40] [udemy-downloader] [parse_new:1808] INFO: Processing 5 caption(s)...
[11:45:40] [udemy-downloader] [process_caption:1546] INFO:     >  Downloading caption: '016 Create Python Virtual Environment_en.vtt'
[11:45:41] [udemy-downloader] [process_caption:1559] INFO:     > Converting caption to SRT format...
[11:45:41] [udemy-downloader] [process_caption:1561] INFO:     > Caption conversion complete.
[11:45:41] [udemy-downloader] [parse_new:1822] INFO:     > Processing 1 asset(s) for lecture...
[11:45:44] [udemy-downloader] [parse_new:1782] INFO:   > Processing lecture 17 of 76
[11:45:44] [udemy-downloader] [process_lecture:1598] INFO:       > Lecture doesn't have DRM, attempting to download...
[11:45:44] [udemy-downloader] [process_lecture:1603] INFO:       ====== Selected quality: video 720
[11:45:49] [udemy-downloader] [parse_new:1808] INFO: Processing 5 caption(s)...
[11:45:49] [udemy-downloader] [process_caption:1546] INFO:     >  Downloading caption: '017 Install required Python packages_en.vtt'
[11:45:49] [udemy-downloader] [process_caption:1559] INFO:     > Converting caption to SRT format...
[11:45:49] [udemy-downloader] [process_caption:1561] INFO:     > Caption conversion complete.
[11:45:49] [udemy-downloader] [parse_new:1822] INFO:     > Processing 1 asset(s) for lecture...
[11:45:54] [udemy-downloader] [parse_new:1782] INFO:   > Processing lecture 18 of 76
[11:45:54] [udemy-downloader] [process_lecture:1598] INFO:       > Lecture doesn't have DRM, attempting to download...
[11:45:54] [udemy-downloader] [process_lecture:1603] INFO:       ====== Selected quality: video 720
[11:45:59] [udemy-downloader] [parse_new:1808] INFO: Processing 5 caption(s)...
[11:45:59] [udemy-downloader] [process_caption:1546] INFO:     >  Downloading caption: '018 Create a new Django project & app_en.vtt'
[11:45:59] [udemy-downloader] [process_caption:1559] INFO:     > Converting caption to SRT format...
[11:45:59] [udemy-downloader] [process_caption:1561] INFO:     > Caption conversion complete.
[11:45:59] [udemy-downloader] [parse_new:1822] INFO:     > Processing 0 asset(s) for lecture...
[11:46:03] [udemy-downloader] [parse_new:1782] INFO:   > Processing lecture 19 of 76
[11:46:03] [udemy-downloader] [process_lecture:1598] INFO:       > Lecture doesn't have DRM, attempting to download...
[11:46:03] [udemy-downloader] [process_lecture:1603] INFO:       ====== Selected quality: video 720
[11:46:07] [udemy-downloader] [parse_new:1808] INFO: Processing 5 caption(s)...
[11:46:07] [udemy-downloader] [process_caption:1546] INFO:     >  Downloading caption: '019 Enable our app in the Django settings file_en.vtt'
[11:46:08] [udemy-downloader] [process_caption:1559] INFO:     > Converting caption to SRT format...
[11:46:08] [udemy-downloader] [process_caption:1561] INFO:     > Caption conversion complete.
[11:46:08] [udemy-downloader] [parse_new:1822] INFO:     > Processing 0 asset(s) for lecture...
[11:46:13] [udemy-downloader] [parse_new:1782] INFO:   > Processing lecture 20 of 76
[11:46:13] [udemy-downloader] [process_lecture:1598] INFO:       > Lecture doesn't have DRM, attempting to download...
[11:46:13] [udemy-downloader] [process_lecture:1603] INFO:       ====== Selected quality: video 720
[11:46:18] [udemy-downloader] [parse_new:1808] INFO: Processing 5 caption(s)...
[11:46:18] [udemy-downloader] [process_caption:1546] INFO:     >  Downloading caption: '020 Test and commit our changes_en.vtt'
[11:46:18] [udemy-downloader] [process_caption:1559] INFO:     > Converting caption to SRT format...
[11:46:18] [udemy-downloader] [process_caption:1561] INFO:     > Caption conversion complete.
[11:46:18] [udemy-downloader] [parse_new:1822] INFO:     > Processing 0 asset(s) for lecture...
[11:46:18] [udemy-downloader] [parse_new:1754] INFO: ======= Processing chapter 6 of 14 =======
[11:46:22] [udemy-downloader] [parse_new:1782] INFO:   > Processing lecture 21 of 76
[11:46:22] [udemy-downloader] [process_lecture:1598] INFO:       > Lecture doesn't have DRM, attempting to download...
[11:46:22] [udemy-downloader] [process_lecture:1603] INFO:       ====== Selected quality: video 720
[11:46:25] [udemy-downloader] [parse_new:1808] INFO: Processing 5 caption(s)...
[11:46:25] [udemy-downloader] [process_caption:1546] INFO:     >  Downloading caption: '021 What are Django Models_en.vtt'
[11:46:26] [udemy-downloader] [process_caption:1559] INFO:     > Converting caption to SRT format...
[11:46:26] [udemy-downloader] [process_caption:1561] INFO:     > Caption conversion complete.
[11:46:26] [udemy-downloader] [parse_new:1822] INFO:     > Processing 1 asset(s) for lecture...
[11:46:30] [udemy-downloader] [parse_new:1782] INFO:   > Processing lecture 22 of 76
[11:46:30] [udemy-downloader] [process_lecture:1598] INFO:       > Lecture doesn't have DRM, attempting to download...
[11:46:30] [udemy-downloader] [process_lecture:1603] INFO:       ====== Selected quality: video 720
[11:46:38] [udemy-downloader] [parse_new:1808] INFO: Processing 1 caption(s)...
[11:46:38] [udemy-downloader] [process_caption:1546] INFO:     >  Downloading caption: '022 Create our user database model_en.vtt'
[11:46:38] [udemy-downloader] [process_caption:1559] INFO:     > Converting caption to SRT format...
[11:46:38] [udemy-downloader] [process_caption:1561] INFO:     > Caption conversion complete.
[11:46:38] [udemy-downloader] [parse_new:1822] INFO:     > Processing 4 asset(s) for lecture...
[11:46:42] [udemy-downloader] [parse_new:1782] INFO:   > Processing lecture 23 of 76
[11:46:42] [udemy-downloader] [process_lecture:1598] INFO:       > Lecture doesn't have DRM, attempting to download...
[11:46:42] [udemy-downloader] [process_lecture:1603] INFO:       ====== Selected quality: video 720
[11:46:51] [udemy-downloader] [parse_new:1808] INFO: Processing 1 caption(s)...
[11:46:51] [udemy-downloader] [process_caption:1546] INFO:     >  Downloading caption: '023 Add a user model manager_en.vtt'
[11:46:51] [udemy-downloader] [process_caption:1559] INFO:     > Converting caption to SRT format...
[11:46:51] [udemy-downloader] [process_caption:1561] INFO:     > Caption conversion complete.
[11:46:51] [udemy-downloader] [parse_new:1822] INFO:     > Processing 3 asset(s) for lecture...
[11:46:55] [udemy-downloader] [parse_new:1782] INFO:   > Processing lecture 24 of 76
[11:46:55] [udemy-downloader] [process_lecture:1598] INFO:       > Lecture doesn't have DRM, attempting to download...
[11:46:55] [udemy-downloader] [process_lecture:1603] INFO:       ====== Selected quality: video 720
[11:46:58] [udemy-downloader] [parse_new:1808] INFO: Processing 5 caption(s)...
[11:46:58] [udemy-downloader] [process_caption:1546] INFO:     >  Downloading caption: '024 Set our custom user model_en.vtt'
[11:46:59] [udemy-downloader] [process_caption:1559] INFO:     > Converting caption to SRT format...
[11:46:59] [udemy-downloader] [process_caption:1561] INFO:     > Caption conversion complete.
[11:46:59] [udemy-downloader] [parse_new:1822] INFO:     > Processing 1 asset(s) for lecture...
[11:47:03] [udemy-downloader] [parse_new:1782] INFO:   > Processing lecture 25 of 76
[11:47:03] [udemy-downloader] [process_lecture:1598] INFO:       > Lecture doesn't have DRM, attempting to download...
[11:47:03] [udemy-downloader] [process_lecture:1603] INFO:       ====== Selected quality: video 720
[11:47:08] [udemy-downloader] [parse_new:1808] INFO: Processing 5 caption(s)...
[11:47:08] [udemy-downloader] [process_caption:1546] INFO:     >  Downloading caption: '025 Create migrations and sync DB_en.vtt'
[11:47:08] [udemy-downloader] [process_caption:1559] INFO:     > Converting caption to SRT format...
[11:47:08] [udemy-downloader] [process_caption:1561] INFO:     > Caption conversion complete.
[11:47:08] [udemy-downloader] [parse_new:1822] INFO:     > Processing 0 asset(s) for lecture...
[11:47:08] [udemy-downloader] [parse_new:1754] INFO: ======= Processing chapter 7 of 14 =======
[11:47:12] [udemy-downloader] [parse_new:1782] INFO:   > Processing lecture 26 of 76
[11:47:12] [udemy-downloader] [process_lecture:1598] INFO:       > Lecture doesn't have DRM, attempting to download...
[11:47:12] [udemy-downloader] [process_lecture:1603] INFO:       ====== Selected quality: video 720
[11:47:17] [udemy-downloader] [parse_new:1808] INFO: Processing 5 caption(s)...
[11:47:17] [udemy-downloader] [process_caption:1546] INFO:     >  Downloading caption: '026 Creating a superuser_en.vtt'
[11:47:18] [udemy-downloader] [process_caption:1559] INFO:     > Converting caption to SRT format...
[11:47:18] [udemy-downloader] [process_caption:1561] INFO:     > Caption conversion complete.
[11:47:18] [udemy-downloader] [parse_new:1822] INFO:     > Processing 1 asset(s) for lecture...
[11:47:21] [udemy-downloader] [parse_new:1782] INFO:   > Processing lecture 27 of 76
[11:47:21] [udemy-downloader] [process_lecture:1598] INFO:       > Lecture doesn't have DRM, attempting to download...
[11:47:21] [udemy-downloader] [process_lecture:1603] INFO:       ====== Selected quality: video 720
[11:47:24] [udemy-downloader] [parse_new:1808] INFO: Processing 5 caption(s)...
[11:47:24] [udemy-downloader] [process_caption:1546] INFO:     >  Downloading caption: '027 Enable Django Admin_en.vtt'
[11:47:25] [udemy-downloader] [process_caption:1559] INFO:     > Converting caption to SRT format...
[11:47:25] [udemy-downloader] [process_caption:1561] INFO:     > Caption conversion complete.
[11:47:25] [udemy-downloader] [parse_new:1822] INFO:     > Processing 1 asset(s) for lecture...
[11:47:29] [udemy-downloader] [parse_new:1782] INFO:   > Processing lecture 28 of 76
[11:47:29] [udemy-downloader] [process_lecture:1598] INFO:       > Lecture doesn't have DRM, attempting to download...
[11:47:29] [udemy-downloader] [process_lecture:1603] INFO:       ====== Selected quality: video 720
[11:47:36] [udemy-downloader] [parse_new:1808] INFO: Processing 5 caption(s)...
[11:47:36] [udemy-downloader] [process_caption:1546] INFO:     >  Downloading caption: '028 Test Django Admin_en.vtt'
[11:47:37] [udemy-downloader] [process_caption:1559] INFO:     > Converting caption to SRT format...
[11:47:37] [udemy-downloader] [process_caption:1561] INFO:     > Caption conversion complete.
[11:47:37] [udemy-downloader] [parse_new:1822] INFO:     > Processing 1 asset(s) for lecture...
[11:47:37] [udemy-downloader] [parse_new:1754] INFO: ======= Processing chapter 8 of 14 =======
[11:47:40] [udemy-downloader] [parse_new:1782] INFO:   > Processing lecture 29 of 76
[11:47:40] [udemy-downloader] [process_lecture:1598] INFO:       > Lecture doesn't have DRM, attempting to download...
[11:47:40] [udemy-downloader] [process_lecture:1603] INFO:       ====== Selected quality: video 720
[11:47:43] [udemy-downloader] [parse_new:1808] INFO: Processing 5 caption(s)...
[11:47:43] [udemy-downloader] [process_caption:1546] INFO:     >  Downloading caption: '029 What is an APIView_en.vtt'
[11:47:44] [udemy-downloader] [process_caption:1559] INFO:     > Converting caption to SRT format...
[11:47:44] [udemy-downloader] [process_caption:1561] INFO:     > Caption conversion complete.
[11:47:44] [udemy-downloader] [parse_new:1822] INFO:     > Processing 1 asset(s) for lecture...
[11:47:49] [udemy-downloader] [parse_new:1782] INFO:   > Processing lecture 30 of 76
[11:47:49] [udemy-downloader] [process_lecture:1598] INFO:       > Lecture doesn't have DRM, attempting to download...
[11:47:49] [udemy-downloader] [process_lecture:1603] INFO:       ====== Selected quality: video 720
[11:47:57] [udemy-downloader] [parse_new:1808] INFO: Processing 1 caption(s)...
[11:47:57] [udemy-downloader] [process_caption:1546] INFO:     >  Downloading caption: '030 Create first APIView_en.vtt'
[11:47:57] [udemy-downloader] [process_caption:1559] INFO:     > Converting caption to SRT format...
[11:47:57] [udemy-downloader] [process_caption:1561] INFO:     > Caption conversion complete.
[11:47:57] [udemy-downloader] [parse_new:1822] INFO:     > Processing 1 asset(s) for lecture...
[11:48:02] [udemy-downloader] [parse_new:1782] INFO:   > Processing lecture 31 of 76
[11:48:02] [udemy-downloader] [process_lecture:1598] INFO:       > Lecture doesn't have DRM, attempting to download...
[11:48:02] [udemy-downloader] [process_lecture:1603] INFO:       ====== Selected quality: video 720
[11:48:08] [udemy-downloader] [parse_new:1808] INFO: Processing 5 caption(s)...
[11:48:08] [udemy-downloader] [process_caption:1546] INFO:     >  Downloading caption: '031 Configure view URL_en.vtt'
[11:48:08] [udemy-downloader] [process_caption:1559] INFO:     > Converting caption to SRT format...
[11:48:08] [udemy-downloader] [process_caption:1561] INFO:     > Caption conversion complete.
[11:48:08] [udemy-downloader] [parse_new:1822] INFO:     > Processing 5 asset(s) for lecture...
[11:48:12] [udemy-downloader] [parse_new:1782] INFO:   > Processing lecture 32 of 76
[11:48:12] [udemy-downloader] [process_lecture:1598] INFO:       > Lecture doesn't have DRM, attempting to download...
[11:48:12] [udemy-downloader] [process_lecture:1603] INFO:       ====== Selected quality: video 720
[11:48:19] [udemy-downloader] [parse_new:1808] INFO: Processing 5 caption(s)...
[11:48:19] [udemy-downloader] [process_caption:1546] INFO:     >  Downloading caption: '032 Testing our API View_en.vtt'
[11:48:19] [udemy-downloader] [process_caption:1559] INFO:     > Converting caption to SRT format...
[11:48:19] [udemy-downloader] [process_caption:1561] INFO:     > Caption conversion complete.
[11:48:19] [udemy-downloader] [parse_new:1822] INFO:     > Processing 0 asset(s) for lecture...
[11:48:24] [udemy-downloader] [parse_new:1782] INFO:   > Processing lecture 33 of 76
[11:48:24] [udemy-downloader] [process_lecture:1598] INFO:       > Lecture doesn't have DRM, attempting to download...
[11:48:24] [udemy-downloader] [process_lecture:1603] INFO:       ====== Selected quality: video 720
[11:48:32] [udemy-downloader] [parse_new:1808] INFO: Processing 5 caption(s)...
[11:48:32] [udemy-downloader] [process_caption:1546] INFO:     >  Downloading caption: '033 Create a Serializer_en.vtt'
[11:48:33] [udemy-downloader] [process_caption:1559] INFO:     > Converting caption to SRT format...
[11:48:33] [udemy-downloader] [process_caption:1561] INFO:     > Caption conversion complete.
[11:48:33] [udemy-downloader] [parse_new:1822] INFO:     > Processing 3 asset(s) for lecture...
[11:48:37] [udemy-downloader] [parse_new:1782] INFO:   > Processing lecture 34 of 76
[11:48:37] [udemy-downloader] [process_lecture:1598] INFO:       > Lecture doesn't have DRM, attempting to download...
[11:48:37] [udemy-downloader] [process_lecture:1603] INFO:       ====== Selected quality: video 720
[11:48:45] [udemy-downloader] [parse_new:1808] INFO: Processing 1 caption(s)...
[11:48:45] [udemy-downloader] [process_caption:1546] INFO:     >  Downloading caption: '034 Add POST method to APIView_en.vtt'
[11:48:46] [udemy-downloader] [process_caption:1559] INFO:     > Converting caption to SRT format...
[11:48:46] [udemy-downloader] [process_caption:1561] INFO:     > Caption conversion complete.
[11:48:46] [udemy-downloader] [parse_new:1822] INFO:     > Processing 1 asset(s) for lecture...
[11:48:50] [udemy-downloader] [parse_new:1782] INFO:   > Processing lecture 35 of 76
[11:48:50] [udemy-downloader] [process_lecture:1598] INFO:       > Lecture doesn't have DRM, attempting to download...
[11:48:50] [udemy-downloader] [process_lecture:1603] INFO:       ====== Selected quality: video 720
[11:48:57] [udemy-downloader] [parse_new:1808] INFO: Processing 5 caption(s)...
[11:48:57] [udemy-downloader] [process_caption:1546] INFO:     >  Downloading caption: '035 Test POST Function_en.vtt'
[11:48:57] [udemy-downloader] [process_caption:1559] INFO:     > Converting caption to SRT format...
[11:48:57] [udemy-downloader] [process_caption:1561] INFO:     > Caption conversion complete.
[11:48:57] [udemy-downloader] [parse_new:1822] INFO:     > Processing 1 asset(s) for lecture...
[11:49:02] [udemy-downloader] [parse_new:1782] INFO:   > Processing lecture 36 of 76
[11:49:02] [udemy-downloader] [process_lecture:1598] INFO:       > Lecture doesn't have DRM, attempting to download...
[11:49:02] [udemy-downloader] [process_lecture:1603] INFO:       ====== Selected quality: video 720
[11:49:11] [udemy-downloader] [parse_new:1808] INFO: Processing 5 caption(s)...
[11:49:11] [udemy-downloader] [process_caption:1546] INFO:     >  Downloading caption: '036 Add PUT, PATCH and DELETE methods_en.vtt'
[11:49:12] [udemy-downloader] [process_caption:1559] INFO:     > Converting caption to SRT format...
[11:49:12] [udemy-downloader] [process_caption:1561] INFO:     > Caption conversion complete.
[11:49:12] [udemy-downloader] [parse_new:1822] INFO:     > Processing 1 asset(s) for lecture...
[11:49:15] [udemy-downloader] [parse_new:1782] INFO:   > Processing lecture 37 of 76
[11:49:15] [udemy-downloader] [process_lecture:1598] INFO:       > Lecture doesn't have DRM, attempting to download...
[11:49:15] [udemy-downloader] [process_lecture:1603] INFO:       ====== Selected quality: video 720
[11:49:22] [udemy-downloader] [parse_new:1808] INFO: Processing 5 caption(s)...
[11:49:22] [udemy-downloader] [process_caption:1546] INFO:     >  Downloading caption: '037 Test the PUT, PATCH and DELETE methods_en.vtt'
[11:49:23] [udemy-downloader] [process_caption:1559] INFO:     > Converting caption to SRT format...
[11:49:23] [udemy-downloader] [process_caption:1561] INFO:     > Caption conversion complete.
[11:49:23] [udemy-downloader] [parse_new:1822] INFO:     > Processing 0 asset(s) for lecture...
[11:49:23] [udemy-downloader] [parse_new:1754] INFO: ======= Processing chapter 9 of 14 =======
[11:49:27] [udemy-downloader] [parse_new:1782] INFO:   > Processing lecture 38 of 76
[11:49:27] [udemy-downloader] [process_lecture:1598] INFO:       > Lecture doesn't have DRM, attempting to download...
[11:49:27] [udemy-downloader] [process_lecture:1603] INFO:       ====== Selected quality: video 720
[11:49:30] [udemy-downloader] [parse_new:1808] INFO: Processing 5 caption(s)...
[11:49:30] [udemy-downloader] [process_caption:1546] INFO:     >  Downloading caption: '038 What is a Viewset_en.vtt'
[11:49:31] [udemy-downloader] [process_caption:1559] INFO:     > Converting caption to SRT format...
[11:49:31] [udemy-downloader] [process_caption:1561] INFO:     > Caption conversion complete.
[11:49:31] [udemy-downloader] [parse_new:1822] INFO:     > Processing 0 asset(s) for lecture...
[11:49:35] [udemy-downloader] [parse_new:1782] INFO:   > Processing lecture 39 of 76
[11:49:35] [udemy-downloader] [process_lecture:1598] INFO:       > Lecture doesn't have DRM, attempting to download...
[11:49:35] [udemy-downloader] [process_lecture:1603] INFO:       ====== Selected quality: video 720
[11:49:43] [udemy-downloader] [parse_new:1808] INFO: Processing 5 caption(s)...
[11:49:43] [udemy-downloader] [process_caption:1546] INFO:     >  Downloading caption: '039 Create a simple Viewset_en.vtt'
[11:49:43] [udemy-downloader] [process_caption:1559] INFO:     > Converting caption to SRT format...
[11:49:43] [udemy-downloader] [process_caption:1561] INFO:     > Caption conversion complete.
[11:49:43] [udemy-downloader] [parse_new:1822] INFO:     > Processing 1 asset(s) for lecture...
[11:49:48] [udemy-downloader] [parse_new:1782] INFO:   > Processing lecture 40 of 76
[11:49:48] [udemy-downloader] [process_lecture:1598] INFO:       > Lecture doesn't have DRM, attempting to download...
[11:49:48] [udemy-downloader] [process_lecture:1603] INFO:       ====== Selected quality: video 720
[11:49:54] [udemy-downloader] [parse_new:1808] INFO: Processing 5 caption(s)...
[11:49:54] [udemy-downloader] [process_caption:1546] INFO:     >  Downloading caption: '040 Add URL Router_en.vtt'
[11:49:55] [udemy-downloader] [process_caption:1559] INFO:     > Converting caption to SRT format...
[11:49:55] [udemy-downloader] [process_caption:1561] INFO:     > Caption conversion complete.
[11:49:55] [udemy-downloader] [parse_new:1822] INFO:     > Processing 1 asset(s) for lecture...
[11:49:59] [udemy-downloader] [parse_new:1782] INFO:   > Processing lecture 41 of 76
[11:49:59] [udemy-downloader] [process_lecture:1598] INFO:       > Lecture doesn't have DRM, attempting to download...
[11:49:59] [udemy-downloader] [process_lecture:1603] INFO:       ====== Selected quality: video 720
[11:50:05] [udemy-downloader] [parse_new:1808] INFO: Processing 5 caption(s)...
[11:50:05] [udemy-downloader] [process_caption:1546] INFO:     >  Downloading caption: '041 Testing our Viewset_en.vtt'
[11:50:06] [udemy-downloader] [process_caption:1559] INFO:     > Converting caption to SRT format...
[11:50:06] [udemy-downloader] [process_caption:1561] INFO:     > Caption conversion complete.
[11:50:06] [udemy-downloader] [parse_new:1822] INFO:     > Processing 0 asset(s) for lecture...
[11:50:10] [udemy-downloader] [parse_new:1782] INFO:   > Processing lecture 42 of 76
[11:50:10] [udemy-downloader] [process_lecture:1598] INFO:       > Lecture doesn't have DRM, attempting to download...
[11:50:10] [udemy-downloader] [process_lecture:1603] INFO:       ====== Selected quality: video 720
[11:50:17] [udemy-downloader] [parse_new:1808] INFO: Processing 5 caption(s)...
[11:50:17] [udemy-downloader] [process_caption:1546] INFO:     >  Downloading caption: '042 Add create, retrieve, update, partial_update and destroy functions_en.vtt'
[11:50:18] [udemy-downloader] [process_caption:1559] INFO:     > Converting caption to SRT format...
[11:50:18] [udemy-downloader] [process_caption:1561] INFO:     > Caption conversion complete.
[11:50:18] [udemy-downloader] [parse_new:1822] INFO:     > Processing 1 asset(s) for lecture...
[11:50:21] [udemy-downloader] [parse_new:1782] INFO:   > Processing lecture 43 of 76
[11:50:21] [udemy-downloader] [process_lecture:1598] INFO:       > Lecture doesn't have DRM, attempting to download...
[11:50:21] [udemy-downloader] [process_lecture:1603] INFO:       ====== Selected quality: video 720
[11:50:30] [udemy-downloader] [parse_new:1808] INFO: Processing 5 caption(s)...
[11:50:30] [udemy-downloader] [process_caption:1546] INFO:     >  Downloading caption: '043 Test Viewset_en.vtt'
[11:50:30] [udemy-downloader] [process_caption:1559] INFO:     > Converting caption to SRT format...
[11:50:30] [udemy-downloader] [process_caption:1561] INFO:     > Caption conversion complete.
[11:50:30] [udemy-downloader] [parse_new:1822] INFO:     > Processing 0 asset(s) for lecture...
[11:50:30] [udemy-downloader] [parse_new:1754] INFO: ======= Processing chapter 10 of 14 =======
[11:50:34] [udemy-downloader] [parse_new:1782] INFO:   > Processing lecture 44 of 76
[11:50:34] [udemy-downloader] [process_lecture:1598] INFO:       > Lecture doesn't have DRM, attempting to download...
[11:50:34] [udemy-downloader] [process_lecture:1603] INFO:       ====== Selected quality: video 720
[11:50:36] [udemy-downloader] [parse_new:1808] INFO: Processing 5 caption(s)...
[11:50:36] [udemy-downloader] [process_caption:1546] INFO:     >  Downloading caption: '044 Plan our Profiles API_en.vtt'
[11:50:37] [udemy-downloader] [process_caption:1559] INFO:     > Converting caption to SRT format...
[11:50:37] [udemy-downloader] [process_caption:1561] INFO:     > Caption conversion complete.
[11:50:37] [udemy-downloader] [parse_new:1822] INFO:     > Processing 0 asset(s) for lecture...
[11:50:41] [udemy-downloader] [parse_new:1782] INFO:   > Processing lecture 45 of 76
[11:50:41] [udemy-downloader] [process_lecture:1598] INFO:       > Lecture doesn't have DRM, attempting to download...
[11:50:41] [udemy-downloader] [process_lecture:1603] INFO:       ====== Selected quality: video 720
[11:50:50] [udemy-downloader] [parse_new:1808] INFO: Processing 1 caption(s)...
[11:50:50] [udemy-downloader] [process_caption:1546] INFO:     >  Downloading caption: '045 Create user profile serializer_en.vtt'
[11:50:51] [udemy-downloader] [process_caption:1559] INFO:     > Converting caption to SRT format...
[11:50:51] [udemy-downloader] [process_caption:1561] INFO:     > Caption conversion complete.
[11:50:51] [udemy-downloader] [parse_new:1822] INFO:     > Processing 2 asset(s) for lecture...
[11:50:51] [udemy-downloader] [parse_new:1782] INFO:   > Processing lecture 46 of 76
[11:50:51] [udemy-downloader] [parse_new:1822] INFO:     > Processing 1 asset(s) for lecture...
[11:50:54] [udemy-downloader] [parse_new:1782] INFO:   > Processing lecture 47 of 76
[11:50:54] [udemy-downloader] [process_lecture:1598] INFO:       > Lecture doesn't have DRM, attempting to download...
[11:50:54] [udemy-downloader] [process_lecture:1603] INFO:       ====== Selected quality: video 720
[11:51:02] [udemy-downloader] [parse_new:1808] INFO: Processing 5 caption(s)...
[11:51:02] [udemy-downloader] [process_caption:1546] INFO:     >  Downloading caption: '047 Create profiles ViewSet_en.vtt'
[11:51:02] [udemy-downloader] [process_caption:1559] INFO:     > Converting caption to SRT format...
[11:51:02] [udemy-downloader] [process_caption:1561] INFO:     > Caption conversion complete.
[11:51:02] [udemy-downloader] [parse_new:1822] INFO:     > Processing 1 asset(s) for lecture...
[11:51:06] [udemy-downloader] [parse_new:1782] INFO:   > Processing lecture 48 of 76
[11:51:06] [udemy-downloader] [process_lecture:1598] INFO:       > Lecture doesn't have DRM, attempting to download...
[11:51:06] [udemy-downloader] [process_lecture:1603] INFO:       ====== Selected quality: video 720
[11:51:11] [udemy-downloader] [parse_new:1808] INFO: Processing 5 caption(s)...
[11:51:11] [udemy-downloader] [process_caption:1546] INFO:     >  Downloading caption: '048 Register profile Viewset with the URL router_en.vtt'
[11:51:11] [udemy-downloader] [process_caption:1559] INFO:     > Converting caption to SRT format...
[11:51:11] [udemy-downloader] [process_caption:1561] INFO:     > Caption conversion complete.
[11:51:11] [udemy-downloader] [parse_new:1822] INFO:     > Processing 0 asset(s) for lecture...
[11:51:15] [udemy-downloader] [parse_new:1782] INFO:   > Processing lecture 49 of 76
[11:51:15] [udemy-downloader] [process_lecture:1598] INFO:       > Lecture doesn't have DRM, attempting to download...
[11:51:15] [udemy-downloader] [process_lecture:1603] INFO:       ====== Selected quality: video 720
[11:51:25] [udemy-downloader] [parse_new:1808] INFO: Processing 5 caption(s)...
[11:51:25] [udemy-downloader] [process_caption:1546] INFO:     >  Downloading caption: '049 Test creating a profile_en.vtt'
[11:51:25] [udemy-downloader] [process_caption:1559] INFO:     > Converting caption to SRT format...
[11:51:25] [udemy-downloader] [process_caption:1561] INFO:     > Caption conversion complete.
[11:51:25] [udemy-downloader] [parse_new:1822] INFO:     > Processing 0 asset(s) for lecture...
[11:51:34] [udemy-downloader] [_extract_m3u8:784] ERROR: Udemy Says : '503 Server Error: Service Unavailable for url: https://samsungu.udemy.com/assets/18371222/files/1094964/18371222/2019-06-04_13-35-18-de85a9715da5c5c1fc00afdf42e74428/1/hls/AVC_1024x576_375k_AAC-HE_64k/aa0000f682329fdfdf041102c937c86e28c3.m3u8?provider=cloudfront&token=eyJhbGciOiJIUzI1NiIsInR5cCI6IkpXVCJ9.eyJwYXRoIjoiMTA5NDk2NC8xODM3MTIyMi8yMDE5LTA2LTA0XzEzLTM1LTE4LWRlODVhOTcxNWRhNWM1YzFmYzAwYWZkZjQyZTc0NDI4LzEvIiwiZXhwIjoxNzY5MDI5OTcyfQ.d60ssa7wklO7otF_80Q8EwFZzvRXyuhtJPIoY062M7s&v=1' while fetching hls streams..
[11:51:34] [udemy-downloader] [parse_new:1782] INFO:   > Processing lecture 50 of 76
[11:51:34] [udemy-downloader] [process_lecture:1598] INFO:       > Lecture doesn't have DRM, attempting to download...
[11:51:34] [udemy-downloader] [process_lecture:1603] INFO:       ====== Selected quality: video 720
[11:51:42] [udemy-downloader] [parse_new:1808] INFO: Processing 1 caption(s)...
[11:51:42] [udemy-downloader] [process_caption:1546] INFO:     >  Downloading caption: '050 Create permission class_en.vtt'
[11:51:43] [udemy-downloader] [process_caption:1559] INFO:     > Converting caption to SRT format...
[11:51:43] [udemy-downloader] [process_caption:1561] INFO:     > Caption conversion complete.
[11:51:43] [udemy-downloader] [parse_new:1822] INFO:     > Processing 2 asset(s) for lecture...
[11:51:50] [udemy-downloader] [parse_new:1782] INFO:   > Processing lecture 51 of 76
[11:51:50] [udemy-downloader] [process_lecture:1598] INFO:       > Lecture doesn't have DRM, attempting to download...
[11:51:50] [udemy-downloader] [process_lecture:1603] INFO:       ====== Selected quality: video 720
[11:51:58] [udemy-downloader] [parse_new:1808] INFO: Processing 5 caption(s)...
[11:51:58] [udemy-downloader] [process_caption:1546] INFO:     >  Downloading caption: '051 Add authentication and permissions to Viewset_en.vtt'
[11:51:58] [udemy-downloader] [process_caption:1559] INFO:     > Converting caption to SRT format...
[11:51:58] [udemy-downloader] [process_caption:1561] INFO:     > Caption conversion complete.
[11:51:58] [udemy-downloader] [parse_new:1822] INFO:     > Processing 1 asset(s) for lecture...
[11:52:02] [udemy-downloader] [parse_new:1782] INFO:   > Processing lecture 52 of 76
[11:52:02] [udemy-downloader] [process_lecture:1598] INFO:       > Lecture doesn't have DRM, attempting to download...
[11:52:02] [udemy-downloader] [process_lecture:1603] INFO:       ====== Selected quality: video 720
[11:52:06] [udemy-downloader] [parse_new:1808] INFO: Processing 5 caption(s)...
[11:52:06] [udemy-downloader] [process_caption:1546] INFO:     >  Downloading caption: '052 Test new permissions_en.vtt'
[11:52:07] [udemy-downloader] [process_caption:1559] INFO:     > Converting caption to SRT format...
[11:52:07] [udemy-downloader] [process_caption:1561] INFO:     > Caption conversion complete.
[11:52:07] [udemy-downloader] [parse_new:1822] INFO:     > Processing 0 asset(s) for lecture...
[11:52:10] [udemy-downloader] [parse_new:1782] INFO:   > Processing lecture 53 of 76
[11:52:10] [udemy-downloader] [process_lecture:1598] INFO:       > Lecture doesn't have DRM, attempting to download...
[11:52:10] [udemy-downloader] [process_lecture:1603] INFO:       ====== Selected quality: video 720
[11:52:20] [udemy-downloader] [parse_new:1808] INFO: Processing 5 caption(s)...
[11:52:20] [udemy-downloader] [process_caption:1546] INFO:     >  Downloading caption: '053 Add search profiles feature_en.vtt'
[11:52:21] [udemy-downloader] [process_caption:1559] INFO:     > Converting caption to SRT format...
[11:52:21] [udemy-downloader] [process_caption:1561] INFO:     > Caption conversion complete.
[11:52:21] [udemy-downloader] [parse_new:1822] INFO:     > Processing 1 asset(s) for lecture...
[11:52:24] [udemy-downloader] [parse_new:1782] INFO:   > Processing lecture 54 of 76
[11:52:24] [udemy-downloader] [process_lecture:1598] INFO:       > Lecture doesn't have DRM, attempting to download...
[11:52:24] [udemy-downloader] [process_lecture:1603] INFO:       ====== Selected quality: video 720
[11:52:33] [udemy-downloader] [parse_new:1808] INFO: Processing 5 caption(s)...
[11:52:33] [udemy-downloader] [process_caption:1546] INFO:     >  Downloading caption: '054 Test searching profiles_en.vtt'
[11:52:33] [udemy-downloader] [process_caption:1559] INFO:     > Converting caption to SRT format...
[11:52:33] [udemy-downloader] [process_caption:1561] INFO:     > Caption conversion complete.
[11:52:33] [udemy-downloader] [parse_new:1822] INFO:     > Processing 0 asset(s) for lecture...
[11:52:33] [udemy-downloader] [parse_new:1754] INFO: ======= Processing chapter 11 of 14 =======
[11:52:37] [udemy-downloader] [parse_new:1782] INFO:   > Processing lecture 55 of 76
[11:52:37] [udemy-downloader] [process_lecture:1598] INFO:       > Lecture doesn't have DRM, attempting to download...
[11:52:37] [udemy-downloader] [process_lecture:1603] INFO:       ====== Selected quality: video 720
[11:52:53] [udemy-downloader] [parse_new:1808] INFO: Processing 5 caption(s)...
[11:52:53] [udemy-downloader] [process_caption:1546] INFO:     >  Downloading caption: '055 Create login API viewset_en.vtt'
[11:52:53] [udemy-downloader] [process_caption:1559] INFO:     > Converting caption to SRT format...
[11:52:53] [udemy-downloader] [process_caption:1561] INFO:     > Caption conversion complete.
[11:52:53] [udemy-downloader] [parse_new:1822] INFO:     > Processing 2 asset(s) for lecture...
[11:52:58] [udemy-downloader] [parse_new:1782] INFO:   > Processing lecture 56 of 76
[11:52:58] [udemy-downloader] [process_lecture:1598] INFO:       > Lecture doesn't have DRM, attempting to download...
[11:52:58] [udemy-downloader] [process_lecture:1603] INFO:       ====== Selected quality: video 720
[11:53:06] [udemy-downloader] [parse_new:1808] INFO: Processing 5 caption(s)...
[11:53:06] [udemy-downloader] [process_caption:1546] INFO:     >  Downloading caption: '056 Test login API_en.vtt'
[11:53:06] [udemy-downloader] [process_caption:1559] INFO:     > Converting caption to SRT format...
[11:53:06] [udemy-downloader] [process_caption:1561] INFO:     > Caption conversion complete.
[11:53:06] [udemy-downloader] [parse_new:1822] INFO:     > Processing 0 asset(s) for lecture...
[11:53:11] [udemy-downloader] [parse_new:1782] INFO:   > Processing lecture 57 of 76
[11:53:11] [udemy-downloader] [process_lecture:1598] INFO:       > Lecture doesn't have DRM, attempting to download...
[11:53:11] [udemy-downloader] [process_lecture:1603] INFO:       ====== Selected quality: video 720
[11:53:18] [udemy-downloader] [parse_new:1808] INFO: Processing 5 caption(s)...
[11:53:18] [udemy-downloader] [process_caption:1546] INFO:     >  Downloading caption: '057 Set token header using ModHeader extension_en.vtt'
[11:53:18] [udemy-downloader] [process_caption:1559] INFO:     > Converting caption to SRT format...
[11:53:18] [udemy-downloader] [process_caption:1561] INFO:     > Caption conversion complete.
[11:53:18] [udemy-downloader] [parse_new:1822] INFO:     > Processing 0 asset(s) for lecture...
[11:53:18] [udemy-downloader] [parse_new:1754] INFO: ======= Processing chapter 12 of 14 =======
[11:53:23] [udemy-downloader] [parse_new:1782] INFO:   > Processing lecture 58 of 76
[11:53:23] [udemy-downloader] [process_lecture:1598] INFO:       > Lecture doesn't have DRM, attempting to download...
[11:53:23] [udemy-downloader] [process_lecture:1603] INFO:       ====== Selected quality: video 720
[11:53:25] [udemy-downloader] [parse_new:1808] INFO: Processing 5 caption(s)...
[11:53:25] [udemy-downloader] [process_caption:1546] INFO:     >  Downloading caption: '058 Plan profile feed API_en.vtt'
[11:53:25] [udemy-downloader] [process_caption:1559] INFO:     > Converting caption to SRT format...
[11:53:25] [udemy-downloader] [process_caption:1561] INFO:     > Caption conversion complete.
[11:53:25] [udemy-downloader] [parse_new:1822] INFO:     > Processing 0 asset(s) for lecture...
[11:53:30] [udemy-downloader] [parse_new:1782] INFO:   > Processing lecture 59 of 76
[11:53:30] [udemy-downloader] [process_lecture:1598] INFO:       > Lecture doesn't have DRM, attempting to download...
[11:53:30] [udemy-downloader] [process_lecture:1603] INFO:       ====== Selected quality: video 720
[11:53:38] [udemy-downloader] [parse_new:1808] INFO: Processing 1 caption(s)...
[11:53:38] [udemy-downloader] [process_caption:1546] INFO:     >  Downloading caption: '059 Add new model Item_en.vtt'
[11:53:38] [udemy-downloader] [process_caption:1559] INFO:     > Converting caption to SRT format...
[11:53:38] [udemy-downloader] [process_caption:1561] INFO:     > Caption conversion complete.
[11:53:38] [udemy-downloader] [parse_new:1822] INFO:     > Processing 1 asset(s) for lecture...
[11:53:42] [udemy-downloader] [parse_new:1782] INFO:   > Processing lecture 60 of 76
[11:53:42] [udemy-downloader] [process_lecture:1598] INFO:       > Lecture doesn't have DRM, attempting to download...
[11:53:42] [udemy-downloader] [process_lecture:1603] INFO:       ====== Selected quality: video 720
[11:53:49] [udemy-downloader] [parse_new:1808] INFO: Processing 5 caption(s)...
[11:53:49] [udemy-downloader] [process_caption:1546] INFO:     >  Downloading caption: '060 Create and run model migration_en.vtt'
[11:53:50] [udemy-downloader] [process_caption:1559] INFO:     > Converting caption to SRT format...
[11:53:50] [udemy-downloader] [process_caption:1561] INFO:     > Caption conversion complete.
[11:53:50] [udemy-downloader] [parse_new:1822] INFO:     > Processing 0 asset(s) for lecture...
[11:53:54] [udemy-downloader] [parse_new:1782] INFO:   > Processing lecture 61 of 76
[11:53:54] [udemy-downloader] [process_lecture:1598] INFO:       > Lecture doesn't have DRM, attempting to download...
[11:53:54] [udemy-downloader] [process_lecture:1603] INFO:       ====== Selected quality: video 720
[11:53:58] [udemy-downloader] [parse_new:1808] INFO: Processing 5 caption(s)...
[11:53:58] [udemy-downloader] [process_caption:1546] INFO:     >  Downloading caption: '061 Add profile feed model to admin_en.vtt'
[11:53:58] [udemy-downloader] [process_caption:1559] INFO:     > Converting caption to SRT format...
[11:53:58] [udemy-downloader] [process_caption:1561] INFO:     > Caption conversion complete.
[11:53:58] [udemy-downloader] [parse_new:1822] INFO:     > Processing 0 asset(s) for lecture...
[11:54:03] [udemy-downloader] [parse_new:1782] INFO:   > Processing lecture 62 of 76
[11:54:03] [udemy-downloader] [process_lecture:1598] INFO:       > Lecture doesn't have DRM, attempting to download...
[11:54:03] [udemy-downloader] [process_lecture:1603] INFO:       ====== Selected quality: video 720
[11:54:10] [udemy-downloader] [parse_new:1808] INFO: Processing 5 caption(s)...
[11:54:10] [udemy-downloader] [process_caption:1546] INFO:     >  Downloading caption: '062 Create profile feed item serializer_en.vtt'
[11:54:10] [udemy-downloader] [process_caption:1559] INFO:     > Converting caption to SRT format...
[11:54:10] [udemy-downloader] [process_caption:1561] INFO:     > Caption conversion complete.
[11:54:10] [udemy-downloader] [parse_new:1822] INFO:     > Processing 1 asset(s) for lecture...
[11:54:15] [udemy-downloader] [parse_new:1782] INFO:   > Processing lecture 63 of 76
[11:54:15] [udemy-downloader] [process_lecture:1598] INFO:       > Lecture doesn't have DRM, attempting to download...
[11:54:15] [udemy-downloader] [process_lecture:1603] INFO:       ====== Selected quality: video 720
[11:54:21] [udemy-downloader] [parse_new:1808] INFO: Processing 5 caption(s)...
[11:54:21] [udemy-downloader] [process_caption:1546] INFO:     >  Downloading caption: '063 Create ViewSet for our profile feed item_en.vtt'
[11:54:22] [udemy-downloader] [process_caption:1559] INFO:     > Converting caption to SRT format...
[11:54:22] [udemy-downloader] [process_caption:1561] INFO:     > Caption conversion complete.
[11:54:22] [udemy-downloader] [parse_new:1822] INFO:     > Processing 1 asset(s) for lecture...
[11:54:25] [udemy-downloader] [parse_new:1782] INFO:   > Processing lecture 64 of 76
[11:54:25] [udemy-downloader] [process_lecture:1598] INFO:       > Lecture doesn't have DRM, attempting to download...
[11:54:25] [udemy-downloader] [process_lecture:1603] INFO:       ====== Selected quality: video 720
[11:54:30] [udemy-downloader] [parse_new:1808] INFO: Processing 5 caption(s)...
[11:54:30] [udemy-downloader] [process_caption:1546] INFO:     >  Downloading caption: '064 Test Feed API_en.vtt'
[11:54:31] [udemy-downloader] [process_caption:1559] INFO:     > Converting caption to SRT format...
[11:54:31] [udemy-downloader] [process_caption:1561] INFO:     > Caption conversion complete.
[11:54:31] [udemy-downloader] [parse_new:1822] INFO:     > Processing 0 asset(s) for lecture...
[11:54:36] [udemy-downloader] [parse_new:1782] INFO:   > Processing lecture 65 of 76
[11:54:36] [udemy-downloader] [process_lecture:1598] INFO:       > Lecture doesn't have DRM, attempting to download...
[11:54:36] [udemy-downloader] [process_lecture:1603] INFO:       ====== Selected quality: video 720
[11:54:41] [udemy-downloader] [parse_new:1808] INFO: Processing 4 caption(s)...
[11:54:41] [udemy-downloader] [process_caption:1546] INFO:     >  Downloading caption: '065 Add permissions for feed API_en.vtt'
[11:54:41] [udemy-downloader] [process_caption:1559] INFO:     > Converting caption to SRT format...
[11:54:41] [udemy-downloader] [process_caption:1561] INFO:     > Caption conversion complete.
[11:54:41] [udemy-downloader] [parse_new:1822] INFO:     > Processing 2 asset(s) for lecture...
[11:54:46] [udemy-downloader] [parse_new:1782] INFO:   > Processing lecture 66 of 76
[11:54:46] [udemy-downloader] [process_lecture:1598] INFO:       > Lecture doesn't have DRM, attempting to download...
[11:54:46] [udemy-downloader] [process_lecture:1603] INFO:       ====== Selected quality: video 720
[11:54:53] [udemy-downloader] [parse_new:1808] INFO: Processing 5 caption(s)...
[11:54:53] [udemy-downloader] [process_caption:1546] INFO:     >  Downloading caption: '066 Test feed API permissions_en.vtt'
[11:54:54] [udemy-downloader] [process_caption:1559] INFO:     > Converting caption to SRT format...
[11:54:54] [udemy-downloader] [process_caption:1561] INFO:     > Caption conversion complete.
[11:54:54] [udemy-downloader] [parse_new:1822] INFO:     > Processing 0 asset(s) for lecture...
[11:54:57] [udemy-downloader] [parse_new:1782] INFO:   > Processing lecture 67 of 76
[11:54:57] [udemy-downloader] [process_lecture:1598] INFO:       > Lecture doesn't have DRM, attempting to download...
[11:54:57] [udemy-downloader] [process_lecture:1603] INFO:       ====== Selected quality: video 720
[11:55:04] [udemy-downloader] [parse_new:1808] INFO: Processing 5 caption(s)...
[11:55:04] [udemy-downloader] [process_caption:1546] INFO:     >  Downloading caption: '067 Restrict viewing status updates to logged in users only_en.vtt'
[11:55:04] [udemy-downloader] [process_caption:1559] INFO:     > Converting caption to SRT format...
[11:55:04] [udemy-downloader] [process_caption:1561] INFO:     > Caption conversion complete.
[11:55:04] [udemy-downloader] [parse_new:1822] INFO:     > Processing 1 asset(s) for lecture...
[11:55:08] [udemy-downloader] [parse_new:1782] INFO:   > Processing lecture 68 of 76
[11:55:08] [udemy-downloader] [process_lecture:1598] INFO:       > Lecture doesn't have DRM, attempting to download...
[11:55:08] [udemy-downloader] [process_lecture:1603] INFO:       ====== Selected quality: video 720
[11:55:13] [udemy-downloader] [parse_new:1808] INFO: Processing 5 caption(s)...
[11:55:13] [udemy-downloader] [process_caption:1546] INFO:     >  Downloading caption: '068 Test new private feed_en.vtt'
[11:55:13] [udemy-downloader] [process_caption:1559] INFO:     > Converting caption to SRT format...
[11:55:13] [udemy-downloader] [process_caption:1561] INFO:     > Caption conversion complete.
[11:55:13] [udemy-downloader] [parse_new:1822] INFO:     > Processing 0 asset(s) for lecture...
[11:55:13] [udemy-downloader] [parse_new:1754] INFO: ======= Processing chapter 13 of 14 =======
[11:55:16] [udemy-downloader] [parse_new:1782] INFO:   > Processing lecture 69 of 76
[11:55:16] [udemy-downloader] [process_lecture:1598] INFO:       > Lecture doesn't have DRM, attempting to download...
[11:55:16] [udemy-downloader] [process_lecture:1603] INFO:       ====== Selected quality: video 720
[11:55:19] [udemy-downloader] [parse_new:1808] INFO: Processing 5 caption(s)...
[11:55:19] [udemy-downloader] [process_caption:1546] INFO:     >  Downloading caption: '069 Introduction to deploying our app to AWS_en.vtt'
[11:55:20] [udemy-downloader] [process_caption:1559] INFO:     > Converting caption to SRT format...
[11:55:20] [udemy-downloader] [process_caption:1561] INFO:     > Caption conversion complete.
[11:55:20] [udemy-downloader] [parse_new:1822] INFO:     > Processing 2 asset(s) for lecture...
[11:55:23] [udemy-downloader] [parse_new:1782] INFO:   > Processing lecture 70 of 76
[11:55:23] [udemy-downloader] [process_lecture:1598] INFO:       > Lecture doesn't have DRM, attempting to download...
[11:55:23] [udemy-downloader] [process_lecture:1603] INFO:       ====== Selected quality: video 720
[11:55:32] [udemy-downloader] [parse_new:1808] INFO: Processing 5 caption(s)...
[11:55:32] [udemy-downloader] [process_caption:1546] INFO:     >  Downloading caption: '070 Add key pair to AWS_en.vtt'
[11:55:32] [udemy-downloader] [process_caption:1559] INFO:     > Converting caption to SRT format...
[11:55:32] [udemy-downloader] [process_caption:1561] INFO:     > Caption conversion complete.
[11:55:32] [udemy-downloader] [parse_new:1822] INFO:     > Processing 0 asset(s) for lecture...
[11:55:36] [udemy-downloader] [parse_new:1782] INFO:   > Processing lecture 71 of 76
[11:55:36] [udemy-downloader] [process_lecture:1598] INFO:       > Lecture doesn't have DRM, attempting to download...
[11:55:36] [udemy-downloader] [process_lecture:1603] INFO:       ====== Selected quality: video 720
[11:55:42] [udemy-downloader] [parse_new:1808] INFO: Processing 5 caption(s)...
[11:55:42] [udemy-downloader] [process_caption:1546] INFO:     >  Downloading caption: '071 Create EC2 server instance_en.vtt'
[11:55:42] [udemy-downloader] [process_caption:1559] INFO:     > Converting caption to SRT format...
[11:55:42] [udemy-downloader] [process_caption:1561] INFO:     > Caption conversion complete.
[11:55:42] [udemy-downloader] [parse_new:1822] INFO:     > Processing 1 asset(s) for lecture...
[11:55:48] [udemy-downloader] [parse_new:1782] INFO:   > Processing lecture 72 of 76
[11:55:48] [udemy-downloader] [process_lecture:1598] INFO:       > Lecture doesn't have DRM, attempting to download...
[11:55:48] [udemy-downloader] [process_lecture:1603] INFO:       ====== Selected quality: video 720
[11:55:56] [udemy-downloader] [parse_new:1808] INFO: Processing 1 caption(s)...
[11:55:56] [udemy-downloader] [process_caption:1546] INFO:     >  Downloading caption: '072 Add deployment script and configs to our project_en.vtt'
[11:55:57] [udemy-downloader] [process_caption:1559] INFO:     > Converting caption to SRT format...
[11:55:57] [udemy-downloader] [process_caption:1561] INFO:     > Caption conversion complete.
[11:55:57] [udemy-downloader] [parse_new:1822] INFO:     > Processing 5 asset(s) for lecture...
[11:56:00] [udemy-downloader] [parse_new:1782] INFO:   > Processing lecture 73 of 76
[11:56:00] [udemy-downloader] [process_lecture:1598] INFO:       > Lecture doesn't have DRM, attempting to download...
[11:56:00] [udemy-downloader] [process_lecture:1603] INFO:       ====== Selected quality: video 720
[11:56:08] [udemy-downloader] [parse_new:1808] INFO: Processing 5 caption(s)...
[11:56:08] [udemy-downloader] [process_caption:1546] INFO:     >  Downloading caption: '073 Deploy to server_en.vtt'
[11:56:09] [udemy-downloader] [process_caption:1559] INFO:     > Converting caption to SRT format...
[11:56:09] [udemy-downloader] [process_caption:1561] INFO:     > Caption conversion complete.
[11:56:09] [udemy-downloader] [parse_new:1822] INFO:     > Processing 0 asset(s) for lecture...
[11:56:12] [udemy-downloader] [parse_new:1782] INFO:   > Processing lecture 74 of 76
[11:56:12] [udemy-downloader] [process_lecture:1598] INFO:       > Lecture doesn't have DRM, attempting to download...
[11:56:12] [udemy-downloader] [process_lecture:1603] INFO:       ====== Selected quality: video 720
[11:56:19] [udemy-downloader] [parse_new:1808] INFO: Processing 5 caption(s)...
[11:56:19] [udemy-downloader] [process_caption:1546] INFO:     >  Downloading caption: '074 Update allowed hosts and deploy changes_en.vtt'
[11:56:20] [udemy-downloader] [process_caption:1559] INFO:     > Converting caption to SRT format...
[11:56:20] [udemy-downloader] [process_caption:1561] INFO:     > Caption conversion complete.
[11:56:20] [udemy-downloader] [parse_new:1822] INFO:     > Processing 0 asset(s) for lecture...
[11:56:20] [udemy-downloader] [parse_new:1754] INFO: ======= Processing chapter 14 of 14 =======
[11:56:23] [udemy-downloader] [parse_new:1782] INFO:   > Processing lecture 75 of 76
[11:56:23] [udemy-downloader] [process_lecture:1598] INFO:       > Lecture doesn't have DRM, attempting to download...
[11:56:23] [udemy-downloader] [process_lecture:1603] INFO:       ====== Selected quality: video 720
[11:56:30] [udemy-downloader] [parse_new:1808] INFO: Processing 5 caption(s)...
[11:56:30] [udemy-downloader] [process_caption:1546] INFO:     >  Downloading caption: '075 Course outro_en.vtt'
[11:56:31] [udemy-downloader] [process_caption:1559] INFO:     > Converting caption to SRT format...
[11:56:31] [udemy-downloader] [process_caption:1561] INFO:     > Caption conversion complete.
[11:56:31] [udemy-downloader] [parse_new:1822] INFO:     > Processing 2 asset(s) for lecture...
[11:56:31] [udemy-downloader] [parse_new:1782] INFO:   > Processing lecture 76 of 76
[11:56:31] [udemy-downloader] [parse_new:1822] INFO:     > Processing 1 asset(s) for lecture...
