
============================================================
[2026-01-19T14:50:23.231700] Starting download for task 88
Command: /usr/bin/python3 main.py -c https://samsungu.udemy.com/course/khoa-hoc-ngu-phap-tieng-nhat-minna-no-nihongo-n5/ -b BXkdOY7L4dK19hrNj1GnplHFHoMbkXpiLlSn9dcU -o Staging_Download/Task_88 -q 720 --download-captions --download-assets --download-quizzes --concurrent-downloads 10 --continue-lecture-numbers
============================================================

============================================================
[LOGGING MODULE] Starting download process
============================================================
[02:50:24] [udemy-downloader] [pre_run:394] INFO: Output directory set to /root/project/server/udemy_dl/Staging_Download/Task_88
[02:50:24] [udemy-downloader] [pre_run:404] WARNING: > Keyfile not found! You won't be able to decrypt any encrypted videos!
[02:50:24] [udemy-downloader] [visit:1203] INFO: Visit request successful
[02:50:24] [udemy-downloader] [main:2044] INFO: > Fetching course information, this may take a minute...
[02:50:25] [udemy-downloader] [_handle_pagination:914] INFO: > Downloading data page 2/2
[02:50:26] [udemy-downloader] [main:2047] INFO: > Course information retrieved!
[02:50:26] [udemy-downloader] [main:2052] INFO: > Fetching course curriculum, this may take a minute...
[02:50:34] [udemy-downloader] [_handle_pagination:914] INFO: > Downloading data page 2/2
[02:50:39] [udemy-downloader] [main:2076] INFO: > Course curriculum retrieved!
[02:50:39] [udemy-downloader] [main:2107] INFO: > Processing course data, this may take a minute. 
[02:50:39] [udemy-downloader] [main:2151] INFO: Processing 2 of 172
[02:50:39] [udemy-downloader] [main:2151] INFO: Processing 4 of 172
[02:50:39] [udemy-downloader] [main:2151] INFO: Processing 5 of 172
[02:50:39] [udemy-downloader] [main:2151] INFO: Processing 6 of 172
[02:50:39] [udemy-downloader] [main:2151] INFO: Processing 7 of 172
[02:50:39] [udemy-downloader] [main:2151] INFO: Processing 9 of 172
[02:50:39] [udemy-downloader] [main:2151] INFO: Processing 10 of 172
[02:50:39] [udemy-downloader] [main:2151] INFO: Processing 11 of 172
[02:50:39] [udemy-downloader] [main:2151] INFO: Processing 12 of 172
[02:50:39] [udemy-downloader] [main:2151] INFO: Processing 13 of 172
[02:50:39] [udemy-downloader] [main:2151] INFO: Processing 15 of 172
[02:50:39] [udemy-downloader] [main:2151] INFO: Processing 16 of 172
[02:50:39] [udemy-downloader] [main:2151] INFO: Processing 17 of 172
[02:50:39] [udemy-downloader] [main:2151] INFO: Processing 19 of 172
[02:50:39] [udemy-downloader] [main:2151] INFO: Processing 20 of 172
[02:50:39] [udemy-downloader] [main:2151] INFO: Processing 21 of 172
[02:50:39] [udemy-downloader] [main:2151] INFO: Processing 22 of 172
[02:50:39] [udemy-downloader] [main:2151] INFO: Processing 23 of 172
[02:50:39] [udemy-downloader] [main:2151] INFO: Processing 24 of 172
[02:50:39] [udemy-downloader] [main:2151] INFO: Processing 26 of 172
[02:50:39] [udemy-downloader] [main:2151] INFO: Processing 27 of 172
[02:50:39] [udemy-downloader] [main:2151] INFO: Processing 28 of 172
[02:50:39] [udemy-downloader] [main:2151] INFO: Processing 29 of 172
[02:50:39] [udemy-downloader] [main:2151] INFO: Processing 30 of 172
[02:50:39] [udemy-downloader] [main:2151] INFO: Processing 32 of 172
[02:50:39] [udemy-downloader] [main:2151] INFO: Processing 33 of 172
[02:50:39] [udemy-downloader] [main:2151] INFO: Processing 34 of 172
[02:50:39] [udemy-downloader] [main:2151] INFO: Processing 35 of 172
[02:50:39] [udemy-downloader] [main:2151] INFO: Processing 36 of 172
[02:50:39] [udemy-downloader] [main:2151] INFO: Processing 38 of 172
[02:50:39] [udemy-downloader] [main:2151] INFO: Processing 39 of 172
[02:50:39] [udemy-downloader] [main:2151] INFO: Processing 40 of 172
[02:50:39] [udemy-downloader] [main:2151] INFO: Processing 41 of 172
[02:50:39] [udemy-downloader] [main:2151] INFO: Processing 42 of 172
[02:50:39] [udemy-downloader] [main:2151] INFO: Processing 43 of 172
[02:50:39] [udemy-downloader] [main:2151] INFO: Processing 45 of 172
[02:50:39] [udemy-downloader] [main:2151] INFO: Processing 46 of 172
[02:50:39] [udemy-downloader] [main:2151] INFO: Processing 47 of 172
[02:50:39] [udemy-downloader] [main:2151] INFO: Processing 48 of 172
[02:50:39] [udemy-downloader] [main:2151] INFO: Processing 49 of 172
[02:50:39] [udemy-downloader] [main:2151] INFO: Processing 50 of 172
[02:50:39] [udemy-downloader] [main:2151] INFO: Processing 51 of 172
[02:50:39] [udemy-downloader] [main:2151] INFO: Processing 53 of 172
[02:50:39] [udemy-downloader] [main:2151] INFO: Processing 54 of 172
[02:50:39] [udemy-downloader] [main:2151] INFO: Processing 55 of 172
[02:50:39] [udemy-downloader] [main:2151] INFO: Processing 56 of 172
[02:50:39] [udemy-downloader] [main:2151] INFO: Processing 57 of 172
[02:50:39] [udemy-downloader] [main:2151] INFO: Processing 58 of 172
[02:50:39] [udemy-downloader] [main:2151] INFO: Processing 60 of 172
[02:50:39] [udemy-downloader] [main:2151] INFO: Processing 61 of 172
[02:50:39] [udemy-downloader] [main:2151] INFO: Processing 62 of 172
[02:50:39] [udemy-downloader] [main:2151] INFO: Processing 63 of 172
[02:50:39] [udemy-downloader] [main:2151] INFO: Processing 64 of 172
[02:50:39] [udemy-downloader] [main:2151] INFO: Processing 66 of 172
[02:50:39] [udemy-downloader] [main:2151] INFO: Processing 67 of 172
[02:50:39] [udemy-downloader] [main:2151] INFO: Processing 68 of 172
[02:50:39] [udemy-downloader] [main:2151] INFO: Processing 69 of 172
[02:50:39] [udemy-downloader] [main:2151] INFO: Processing 70 of 172
[02:50:39] [udemy-downloader] [main:2151] INFO: Processing 71 of 172
[02:50:39] [udemy-downloader] [main:2151] INFO: Processing 72 of 172
[02:50:39] [udemy-downloader] [main:2151] INFO: Processing 74 of 172
[02:50:39] [udemy-downloader] [main:2151] INFO: Processing 75 of 172
[02:50:39] [udemy-downloader] [main:2151] INFO: Processing 76 of 172
[02:50:39] [udemy-downloader] [main:2151] INFO: Processing 77 of 172
[02:50:39] [udemy-downloader] [main:2151] INFO: Processing 78 of 172
[02:50:39] [udemy-downloader] [main:2151] INFO: Processing 79 of 172
[02:50:39] [udemy-downloader] [main:2151] INFO: Processing 80 of 172
[02:50:39] [udemy-downloader] [main:2151] INFO: Processing 81 of 172
[02:50:39] [udemy-downloader] [main:2151] INFO: Processing 83 of 172
[02:50:39] [udemy-downloader] [main:2151] INFO: Processing 84 of 172
[02:50:39] [udemy-downloader] [main:2151] INFO: Processing 85 of 172
[02:50:39] [udemy-downloader] [main:2151] INFO: Processing 86 of 172
[02:50:39] [udemy-downloader] [main:2151] INFO: Processing 87 of 172
[02:50:39] [udemy-downloader] [main:2151] INFO: Processing 88 of 172
[02:50:39] [udemy-downloader] [main:2151] INFO: Processing 89 of 172
[02:50:39] [udemy-downloader] [main:2151] INFO: Processing 91 of 172
[02:50:39] [udemy-downloader] [main:2151] INFO: Processing 92 of 172
[02:50:39] [udemy-downloader] [main:2151] INFO: Processing 93 of 172
[02:50:39] [udemy-downloader] [main:2151] INFO: Processing 94 of 172
[02:50:39] [udemy-downloader] [main:2151] INFO: Processing 95 of 172
[02:50:39] [udemy-downloader] [main:2151] INFO: Processing 96 of 172
[02:50:39] [udemy-downloader] [main:2151] INFO: Processing 98 of 172
[02:50:39] [udemy-downloader] [main:2151] INFO: Processing 99 of 172
[02:50:39] [udemy-downloader] [main:2151] INFO: Processing 100 of 172
[02:50:39] [udemy-downloader] [main:2151] INFO: Processing 101 of 172
[02:50:39] [udemy-downloader] [main:2151] INFO: Processing 102 of 172
[02:50:39] [udemy-downloader] [main:2151] INFO: Processing 103 of 172
[02:50:39] [udemy-downloader] [main:2151] INFO: Processing 104 of 172
[02:50:39] [udemy-downloader] [main:2151] INFO: Processing 105 of 172
[02:50:39] [udemy-downloader] [main:2151] INFO: Processing 106 of 172
[02:50:39] [udemy-downloader] [main:2151] INFO: Processing 108 of 172
[02:50:39] [udemy-downloader] [main:2151] INFO: Processing 109 of 172
[02:50:39] [udemy-downloader] [main:2151] INFO: Processing 110 of 172
[02:50:39] [udemy-downloader] [main:2151] INFO: Processing 111 of 172
[02:50:39] [udemy-downloader] [main:2151] INFO: Processing 112 of 172
[02:50:39] [udemy-downloader] [main:2151] INFO: Processing 113 of 172
[02:50:39] [udemy-downloader] [main:2151] INFO: Processing 114 of 172
[02:50:39] [udemy-downloader] [main:2151] INFO: Processing 115 of 172
[02:50:39] [udemy-downloader] [main:2151] INFO: Processing 116 of 172
[02:50:39] [udemy-downloader] [main:2151] INFO: Processing 118 of 172
[02:50:39] [udemy-downloader] [main:2151] INFO: Processing 119 of 172
[02:50:39] [udemy-downloader] [main:2151] INFO: Processing 120 of 172
[02:50:39] [udemy-downloader] [main:2151] INFO: Processing 121 of 172
[02:50:39] [udemy-downloader] [main:2151] INFO: Processing 122 of 172
[02:50:39] [udemy-downloader] [main:2151] INFO: Processing 123 of 172
[02:50:39] [udemy-downloader] [main:2151] INFO: Processing 124 of 172
[02:50:39] [udemy-downloader] [main:2151] INFO: Processing 126 of 172
[02:50:39] [udemy-downloader] [main:2151] INFO: Processing 127 of 172
[02:50:39] [udemy-downloader] [main:2151] INFO: Processing 128 of 172
[02:50:39] [udemy-downloader] [main:2151] INFO: Processing 129 of 172
[02:50:39] [udemy-downloader] [main:2151] INFO: Processing 130 of 172
[02:50:39] [udemy-downloader] [main:2151] INFO: Processing 131 of 172
[02:50:39] [udemy-downloader] [main:2151] INFO: Processing 132 of 172
[02:50:39] [udemy-downloader] [main:2151] INFO: Processing 133 of 172
[02:50:39] [udemy-downloader] [main:2151] INFO: Processing 135 of 172
[02:50:39] [udemy-downloader] [main:2151] INFO: Processing 136 of 172
[02:50:39] [udemy-downloader] [main:2151] INFO: Processing 137 of 172
[02:50:39] [udemy-downloader] [main:2151] INFO: Processing 138 of 172
[02:50:39] [udemy-downloader] [main:2151] INFO: Processing 139 of 172
[02:50:39] [udemy-downloader] [main:2151] INFO: Processing 140 of 172
[02:50:39] [udemy-downloader] [main:2151] INFO: Processing 141 of 172
[02:50:39] [udemy-downloader] [main:2151] INFO: Processing 142 of 172
[02:50:39] [udemy-downloader] [main:2151] INFO: Processing 143 of 172
[02:50:39] [udemy-downloader] [main:2151] INFO: Processing 145 of 172
[02:50:39] [udemy-downloader] [main:2151] INFO: Processing 146 of 172
[02:50:39] [udemy-downloader] [main:2151] INFO: Processing 147 of 172
[02:50:39] [udemy-downloader] [main:2151] INFO: Processing 148 of 172
[02:50:39] [udemy-downloader] [main:2151] INFO: Processing 149 of 172
[02:50:39] [udemy-downloader] [main:2151] INFO: Processing 150 of 172
[02:50:39] [udemy-downloader] [main:2151] INFO: Processing 151 of 172
[02:50:39] [udemy-downloader] [main:2151] INFO: Processing 152 of 172
[02:50:39] [udemy-downloader] [main:2151] INFO: Processing 153 of 172
[02:50:39] [udemy-downloader] [main:2151] INFO: Processing 154 of 172
[02:50:39] [udemy-downloader] [main:2151] INFO: Processing 155 of 172
[02:50:39] [udemy-downloader] [main:2151] INFO: Processing 156 of 172
[02:50:39] [udemy-downloader] [main:2151] INFO: Processing 157 of 172
[02:50:39] [udemy-downloader] [main:2151] INFO: Processing 159 of 172
[02:50:39] [udemy-downloader] [main:2151] INFO: Processing 160 of 172
[02:50:39] [udemy-downloader] [main:2151] INFO: Processing 161 of 172
[02:50:39] [udemy-downloader] [main:2151] INFO: Processing 162 of 172
[02:50:39] [udemy-downloader] [main:2151] INFO: Processing 163 of 172
[02:50:39] [udemy-downloader] [main:2151] INFO: Processing 164 of 172
[02:50:39] [udemy-downloader] [main:2151] INFO: Processing 165 of 172
[02:50:39] [udemy-downloader] [main:2151] INFO: Processing 166 of 172
[02:50:39] [udemy-downloader] [main:2151] INFO: Processing 167 of 172
[02:50:39] [udemy-downloader] [main:2151] INFO: Processing 169 of 172
[02:50:39] [udemy-downloader] [main:2151] INFO: Processing 170 of 172
[02:50:39] [udemy-downloader] [main:2151] INFO: Processing 171 of 172
[02:50:39] [udemy-downloader] [main:2151] INFO: Processing 172 of 172
[02:50:39] [udemy-downloader] [parse_new:1731] INFO: Chapter(s) (23)
[02:50:39] [udemy-downloader] [parse_new:1732] INFO: Lecture(s) (149)
[02:50:39] [udemy-downloader] [parse_new:1754] INFO: ======= Processing chapter 1 of 23 =======
[02:50:43] [udemy-downloader] [parse_new:1782] INFO:   > Processing lecture 1 of 149
[02:50:43] [udemy-downloader] [process_lecture:1598] INFO:       > Lecture doesn't have DRM, attempting to download...
[02:50:43] [udemy-downloader] [process_lecture:1603] INFO:       ====== Selected quality: video 720
[02:50:44] [udemy-downloader] [parse_new:1808] INFO: Processing 0 caption(s)...
[02:50:44] [udemy-downloader] [parse_new:1822] INFO:     > Processing 0 asset(s) for lecture...
[02:50:44] [udemy-downloader] [parse_new:1754] INFO: ======= Processing chapter 2 of 23 =======
[02:50:49] [udemy-downloader] [parse_new:1782] INFO:   > Processing lecture 2 of 149
[02:50:49] [udemy-downloader] [process_lecture:1598] INFO:       > Lecture doesn't have DRM, attempting to download...
[02:50:49] [udemy-downloader] [process_lecture:1603] INFO:       ====== Selected quality: video 720
[02:50:52] [udemy-downloader] [parse_new:1808] INFO: Processing 0 caption(s)...
[02:50:52] [udemy-downloader] [parse_new:1822] INFO:     > Processing 0 asset(s) for lecture...
[02:50:59] [udemy-downloader] [parse_new:1782] INFO:   > Processing lecture 3 of 149
[02:50:59] [udemy-downloader] [process_lecture:1598] INFO:       > Lecture doesn't have DRM, attempting to download...
[02:50:59] [udemy-downloader] [process_lecture:1603] INFO:       ====== Selected quality: video 720
[02:51:01] [udemy-downloader] [parse_new:1808] INFO: Processing 0 caption(s)...
[02:51:01] [udemy-downloader] [parse_new:1822] INFO:     > Processing 0 asset(s) for lecture...
[02:51:06] [udemy-downloader] [parse_new:1782] INFO:   > Processing lecture 4 of 149
[02:51:06] [udemy-downloader] [process_lecture:1598] INFO:       > Lecture doesn't have DRM, attempting to download...
[02:51:06] [udemy-downloader] [process_lecture:1603] INFO:       ====== Selected quality: video 720
[02:51:08] [udemy-downloader] [parse_new:1808] INFO: Processing 0 caption(s)...
[02:51:08] [udemy-downloader] [parse_new:1822] INFO:     > Processing 0 asset(s) for lecture...
[02:51:12] [udemy-downloader] [parse_new:1782] INFO:   > Processing lecture 5 of 149
[02:51:12] [udemy-downloader] [process_lecture:1598] INFO:       > Lecture doesn't have DRM, attempting to download...
[02:51:12] [udemy-downloader] [process_lecture:1603] INFO:       ====== Selected quality: video 720
[02:51:13] [udemy-downloader] [parse_new:1808] INFO: Processing 0 caption(s)...
[02:51:13] [udemy-downloader] [parse_new:1822] INFO:     > Processing 0 asset(s) for lecture...
[02:51:13] [udemy-downloader] [parse_new:1754] INFO: ======= Processing chapter 3 of 23 =======
[02:51:16] [udemy-downloader] [parse_new:1782] INFO:   > Processing lecture 6 of 149
[02:51:16] [udemy-downloader] [process_lecture:1598] INFO:       > Lecture doesn't have DRM, attempting to download...
[02:51:16] [udemy-downloader] [process_lecture:1603] INFO:       ====== Selected quality: video 720
[02:51:18] [udemy-downloader] [parse_new:1808] INFO: Processing 0 caption(s)...
[02:51:18] [udemy-downloader] [parse_new:1822] INFO:     > Processing 0 asset(s) for lecture...
[02:51:22] [udemy-downloader] [parse_new:1782] INFO:   > Processing lecture 7 of 149
[02:51:22] [udemy-downloader] [process_lecture:1598] INFO:       > Lecture doesn't have DRM, attempting to download...
[02:51:22] [udemy-downloader] [process_lecture:1603] INFO:       ====== Selected quality: video 720
[02:51:24] [udemy-downloader] [parse_new:1808] INFO: Processing 0 caption(s)...
[02:51:24] [udemy-downloader] [parse_new:1822] INFO:     > Processing 0 asset(s) for lecture...
[02:51:27] [udemy-downloader] [parse_new:1782] INFO:   > Processing lecture 8 of 149
[02:51:27] [udemy-downloader] [process_lecture:1598] INFO:       > Lecture doesn't have DRM, attempting to download...
[02:51:27] [udemy-downloader] [process_lecture:1603] INFO:       ====== Selected quality: video 720
[02:51:29] [udemy-downloader] [parse_new:1808] INFO: Processing 0 caption(s)...
[02:51:29] [udemy-downloader] [parse_new:1822] INFO:     > Processing 0 asset(s) for lecture...
[02:51:34] [udemy-downloader] [parse_new:1782] INFO:   > Processing lecture 9 of 149
[02:51:34] [udemy-downloader] [process_lecture:1598] INFO:       > Lecture doesn't have DRM, attempting to download...
[02:51:34] [udemy-downloader] [process_lecture:1603] INFO:       ====== Selected quality: video 720
[02:51:37] [udemy-downloader] [parse_new:1808] INFO: Processing 0 caption(s)...
[02:51:37] [udemy-downloader] [parse_new:1822] INFO:     > Processing 0 asset(s) for lecture...
[02:51:40] [udemy-downloader] [parse_new:1782] INFO:   > Processing lecture 10 of 149
[02:51:40] [udemy-downloader] [process_lecture:1598] INFO:       > Lecture doesn't have DRM, attempting to download...
[02:51:40] [udemy-downloader] [process_lecture:1603] INFO:       ====== Selected quality: video 720
[02:51:41] [udemy-downloader] [parse_new:1808] INFO: Processing 0 caption(s)...
[02:51:41] [udemy-downloader] [parse_new:1822] INFO:     > Processing 0 asset(s) for lecture...
[02:51:41] [udemy-downloader] [parse_new:1754] INFO: ======= Processing chapter 4 of 23 =======
[02:51:45] [udemy-downloader] [parse_new:1782] INFO:   > Processing lecture 11 of 149
[02:51:45] [udemy-downloader] [process_lecture:1598] INFO:       > Lecture doesn't have DRM, attempting to download...
[02:51:45] [udemy-downloader] [process_lecture:1603] INFO:       ====== Selected quality: video 720
[02:51:47] [udemy-downloader] [parse_new:1808] INFO: Processing 0 caption(s)...
[02:51:47] [udemy-downloader] [parse_new:1822] INFO:     > Processing 0 asset(s) for lecture...
[02:51:50] [udemy-downloader] [parse_new:1782] INFO:   > Processing lecture 12 of 149
[02:51:50] [udemy-downloader] [process_lecture:1598] INFO:       > Lecture doesn't have DRM, attempting to download...
[02:51:50] [udemy-downloader] [process_lecture:1603] INFO:       ====== Selected quality: video 720
[02:51:53] [udemy-downloader] [parse_new:1808] INFO: Processing 0 caption(s)...
[02:51:53] [udemy-downloader] [parse_new:1822] INFO:     > Processing 0 asset(s) for lecture...
[02:51:57] [udemy-downloader] [parse_new:1782] INFO:   > Processing lecture 13 of 149
[02:51:57] [udemy-downloader] [process_lecture:1598] INFO:       > Lecture doesn't have DRM, attempting to download...
[02:51:57] [udemy-downloader] [process_lecture:1603] INFO:       ====== Selected quality: video 720
[02:51:58] [udemy-downloader] [parse_new:1808] INFO: Processing 0 caption(s)...
[02:51:58] [udemy-downloader] [parse_new:1822] INFO:     > Processing 0 asset(s) for lecture...
[02:51:58] [udemy-downloader] [parse_new:1754] INFO: ======= Processing chapter 5 of 23 =======
[02:52:03] [udemy-downloader] [parse_new:1782] INFO:   > Processing lecture 14 of 149
[02:52:03] [udemy-downloader] [process_lecture:1598] INFO:       > Lecture doesn't have DRM, attempting to download...
[02:52:03] [udemy-downloader] [process_lecture:1603] INFO:       ====== Selected quality: video 720
[02:52:05] [udemy-downloader] [parse_new:1808] INFO: Processing 0 caption(s)...
[02:52:05] [udemy-downloader] [parse_new:1822] INFO:     > Processing 0 asset(s) for lecture...
[02:52:10] [udemy-downloader] [parse_new:1782] INFO:   > Processing lecture 15 of 149
[02:52:10] [udemy-downloader] [process_lecture:1598] INFO:       > Lecture doesn't have DRM, attempting to download...
[02:52:10] [udemy-downloader] [process_lecture:1603] INFO:       ====== Selected quality: video 720
[02:52:12] [udemy-downloader] [parse_new:1808] INFO: Processing 0 caption(s)...
[02:52:12] [udemy-downloader] [parse_new:1822] INFO:     > Processing 0 asset(s) for lecture...
[02:52:17] [udemy-downloader] [parse_new:1782] INFO:   > Processing lecture 16 of 149
[02:52:17] [udemy-downloader] [process_lecture:1598] INFO:       > Lecture doesn't have DRM, attempting to download...
[02:52:17] [udemy-downloader] [process_lecture:1603] INFO:       ====== Selected quality: video 720
[02:52:20] [udemy-downloader] [parse_new:1808] INFO: Processing 0 caption(s)...
[02:52:20] [udemy-downloader] [parse_new:1822] INFO:     > Processing 0 asset(s) for lecture...
[02:52:26] [udemy-downloader] [parse_new:1782] INFO:   > Processing lecture 17 of 149
[02:52:26] [udemy-downloader] [process_lecture:1598] INFO:       > Lecture doesn't have DRM, attempting to download...
[02:52:26] [udemy-downloader] [process_lecture:1603] INFO:       ====== Selected quality: video 720
[02:52:28] [udemy-downloader] [parse_new:1808] INFO: Processing 0 caption(s)...
[02:52:28] [udemy-downloader] [parse_new:1822] INFO:     > Processing 0 asset(s) for lecture...
[02:52:33] [udemy-downloader] [parse_new:1782] INFO:   > Processing lecture 18 of 149
[02:52:33] [udemy-downloader] [process_lecture:1598] INFO:       > Lecture doesn't have DRM, attempting to download...
[02:52:33] [udemy-downloader] [process_lecture:1603] INFO:       ====== Selected quality: video 720
[02:52:35] [udemy-downloader] [parse_new:1808] INFO: Processing 0 caption(s)...
[02:52:35] [udemy-downloader] [parse_new:1822] INFO:     > Processing 0 asset(s) for lecture...
[02:52:39] [udemy-downloader] [parse_new:1782] INFO:   > Processing lecture 19 of 149
[02:52:39] [udemy-downloader] [process_lecture:1598] INFO:       > Lecture doesn't have DRM, attempting to download...
[02:52:39] [udemy-downloader] [process_lecture:1603] INFO:       ====== Selected quality: video 720
[02:52:40] [udemy-downloader] [parse_new:1808] INFO: Processing 0 caption(s)...
[02:52:40] [udemy-downloader] [parse_new:1822] INFO:     > Processing 0 asset(s) for lecture...
[02:52:40] [udemy-downloader] [parse_new:1754] INFO: ======= Processing chapter 6 of 23 =======
[02:52:44] [udemy-downloader] [parse_new:1782] INFO:   > Processing lecture 20 of 149
[02:52:44] [udemy-downloader] [process_lecture:1598] INFO:       > Lecture doesn't have DRM, attempting to download...
[02:52:44] [udemy-downloader] [process_lecture:1603] INFO:       ====== Selected quality: video 720
[02:52:46] [udemy-downloader] [parse_new:1808] INFO: Processing 0 caption(s)...
[02:52:46] [udemy-downloader] [parse_new:1822] INFO:     > Processing 0 asset(s) for lecture...
[02:52:50] [udemy-downloader] [parse_new:1782] INFO:   > Processing lecture 21 of 149
[02:52:50] [udemy-downloader] [process_lecture:1598] INFO:       > Lecture doesn't have DRM, attempting to download...
[02:52:50] [udemy-downloader] [process_lecture:1603] INFO:       ====== Selected quality: video 720
[02:52:53] [udemy-downloader] [parse_new:1808] INFO: Processing 0 caption(s)...
[02:52:53] [udemy-downloader] [parse_new:1822] INFO:     > Processing 0 asset(s) for lecture...
[02:52:57] [udemy-downloader] [parse_new:1782] INFO:   > Processing lecture 22 of 149
[02:52:57] [udemy-downloader] [process_lecture:1598] INFO:       > Lecture doesn't have DRM, attempting to download...
[02:52:57] [udemy-downloader] [process_lecture:1603] INFO:       ====== Selected quality: video 720
[02:52:59] [udemy-downloader] [parse_new:1808] INFO: Processing 0 caption(s)...
[02:52:59] [udemy-downloader] [parse_new:1822] INFO:     > Processing 0 asset(s) for lecture...
[02:53:04] [udemy-downloader] [parse_new:1782] INFO:   > Processing lecture 23 of 149
[02:53:04] [udemy-downloader] [process_lecture:1598] INFO:       > Lecture doesn't have DRM, attempting to download...
[02:53:04] [udemy-downloader] [process_lecture:1603] INFO:       ====== Selected quality: video 720
[02:53:06] [udemy-downloader] [parse_new:1808] INFO: Processing 0 caption(s)...
[02:53:06] [udemy-downloader] [parse_new:1822] INFO:     > Processing 0 asset(s) for lecture...
[02:53:10] [udemy-downloader] [parse_new:1782] INFO:   > Processing lecture 24 of 149
[02:53:10] [udemy-downloader] [process_lecture:1598] INFO:       > Lecture doesn't have DRM, attempting to download...
[02:53:10] [udemy-downloader] [process_lecture:1603] INFO:       ====== Selected quality: video 720
[02:53:11] [udemy-downloader] [parse_new:1808] INFO: Processing 0 caption(s)...
[02:53:11] [udemy-downloader] [parse_new:1822] INFO:     > Processing 0 asset(s) for lecture...
[02:53:11] [udemy-downloader] [parse_new:1754] INFO: ======= Processing chapter 7 of 23 =======
[02:53:15] [udemy-downloader] [parse_new:1782] INFO:   > Processing lecture 25 of 149
[02:53:15] [udemy-downloader] [process_lecture:1598] INFO:       > Lecture doesn't have DRM, attempting to download...
[02:53:15] [udemy-downloader] [process_lecture:1603] INFO:       ====== Selected quality: video 720
[02:53:17] [udemy-downloader] [parse_new:1808] INFO: Processing 0 caption(s)...
[02:53:17] [udemy-downloader] [parse_new:1822] INFO:     > Processing 0 asset(s) for lecture...
[02:53:22] [udemy-downloader] [parse_new:1782] INFO:   > Processing lecture 26 of 149
[02:53:22] [udemy-downloader] [process_lecture:1598] INFO:       > Lecture doesn't have DRM, attempting to download...
[02:53:22] [udemy-downloader] [process_lecture:1603] INFO:       ====== Selected quality: video 720
[02:53:23] [udemy-downloader] [parse_new:1808] INFO: Processing 0 caption(s)...
[02:53:23] [udemy-downloader] [parse_new:1822] INFO:     > Processing 0 asset(s) for lecture...
[02:53:27] [udemy-downloader] [parse_new:1782] INFO:   > Processing lecture 27 of 149
[02:53:27] [udemy-downloader] [process_lecture:1598] INFO:       > Lecture doesn't have DRM, attempting to download...
[02:53:27] [udemy-downloader] [process_lecture:1603] INFO:       ====== Selected quality: video 720
[02:53:28] [udemy-downloader] [parse_new:1808] INFO: Processing 0 caption(s)...
[02:53:28] [udemy-downloader] [parse_new:1822] INFO:     > Processing 0 asset(s) for lecture...
[02:53:32] [udemy-downloader] [parse_new:1782] INFO:   > Processing lecture 28 of 149
[02:53:32] [udemy-downloader] [process_lecture:1598] INFO:       > Lecture doesn't have DRM, attempting to download...
[02:53:32] [udemy-downloader] [process_lecture:1603] INFO:       ====== Selected quality: video 720
[02:53:34] [udemy-downloader] [parse_new:1808] INFO: Processing 0 caption(s)...
[02:53:34] [udemy-downloader] [parse_new:1822] INFO:     > Processing 0 asset(s) for lecture...
[02:53:37] [udemy-downloader] [parse_new:1782] INFO:   > Processing lecture 29 of 149
[02:53:37] [udemy-downloader] [process_lecture:1598] INFO:       > Lecture doesn't have DRM, attempting to download...
[02:53:37] [udemy-downloader] [process_lecture:1603] INFO:       ====== Selected quality: video 720
[02:53:39] [udemy-downloader] [parse_new:1808] INFO: Processing 0 caption(s)...
[02:53:39] [udemy-downloader] [parse_new:1822] INFO:     > Processing 0 asset(s) for lecture...
[02:53:39] [udemy-downloader] [parse_new:1754] INFO: ======= Processing chapter 8 of 23 =======
[02:53:44] [udemy-downloader] [parse_new:1782] INFO:   > Processing lecture 30 of 149
[02:53:44] [udemy-downloader] [process_lecture:1598] INFO:       > Lecture doesn't have DRM, attempting to download...
[02:53:44] [udemy-downloader] [process_lecture:1603] INFO:       ====== Selected quality: video 720
[02:53:46] [udemy-downloader] [parse_new:1808] INFO: Processing 0 caption(s)...
[02:53:46] [udemy-downloader] [parse_new:1822] INFO:     > Processing 0 asset(s) for lecture...
[02:53:52] [udemy-downloader] [parse_new:1782] INFO:   > Processing lecture 31 of 149
[02:53:52] [udemy-downloader] [process_lecture:1598] INFO:       > Lecture doesn't have DRM, attempting to download...
[02:53:52] [udemy-downloader] [process_lecture:1603] INFO:       ====== Selected quality: video 720
[02:53:53] [udemy-downloader] [parse_new:1808] INFO: Processing 0 caption(s)...
[02:53:53] [udemy-downloader] [parse_new:1822] INFO:     > Processing 0 asset(s) for lecture...
[02:53:58] [udemy-downloader] [parse_new:1782] INFO:   > Processing lecture 32 of 149
[02:53:58] [udemy-downloader] [process_lecture:1598] INFO:       > Lecture doesn't have DRM, attempting to download...
[02:53:58] [udemy-downloader] [process_lecture:1603] INFO:       ====== Selected quality: video 720
[02:54:01] [udemy-downloader] [parse_new:1808] INFO: Processing 0 caption(s)...
[02:54:01] [udemy-downloader] [parse_new:1822] INFO:     > Processing 0 asset(s) for lecture...
[02:54:06] [udemy-downloader] [parse_new:1782] INFO:   > Processing lecture 33 of 149
[02:54:06] [udemy-downloader] [process_lecture:1598] INFO:       > Lecture doesn't have DRM, attempting to download...
[02:54:06] [udemy-downloader] [process_lecture:1603] INFO:       ====== Selected quality: video 720
[02:54:08] [udemy-downloader] [parse_new:1808] INFO: Processing 0 caption(s)...
[02:54:08] [udemy-downloader] [parse_new:1822] INFO:     > Processing 0 asset(s) for lecture...
[02:54:11] [udemy-downloader] [parse_new:1782] INFO:   > Processing lecture 34 of 149
[02:54:11] [udemy-downloader] [process_lecture:1598] INFO:       > Lecture doesn't have DRM, attempting to download...
[02:54:11] [udemy-downloader] [process_lecture:1603] INFO:       ====== Selected quality: video 720
[02:54:14] [udemy-downloader] [parse_new:1808] INFO: Processing 0 caption(s)...
[02:54:14] [udemy-downloader] [parse_new:1822] INFO:     > Processing 0 asset(s) for lecture...
[02:54:18] [udemy-downloader] [parse_new:1782] INFO:   > Processing lecture 35 of 149
[02:54:18] [udemy-downloader] [process_lecture:1598] INFO:       > Lecture doesn't have DRM, attempting to download...
[02:54:18] [udemy-downloader] [process_lecture:1603] INFO:       ====== Selected quality: video 720
[02:54:20] [udemy-downloader] [parse_new:1808] INFO: Processing 0 caption(s)...
[02:54:20] [udemy-downloader] [parse_new:1822] INFO:     > Processing 0 asset(s) for lecture...
[02:54:20] [udemy-downloader] [parse_new:1754] INFO: ======= Processing chapter 9 of 23 =======
[02:54:26] [udemy-downloader] [parse_new:1782] INFO:   > Processing lecture 36 of 149
[02:54:26] [udemy-downloader] [process_lecture:1598] INFO:       > Lecture doesn't have DRM, attempting to download...
[02:54:26] [udemy-downloader] [process_lecture:1603] INFO:       ====== Selected quality: video 720
[02:54:28] [udemy-downloader] [parse_new:1808] INFO: Processing 0 caption(s)...
[02:54:28] [udemy-downloader] [parse_new:1822] INFO:     > Processing 0 asset(s) for lecture...
[02:54:34] [udemy-downloader] [parse_new:1782] INFO:   > Processing lecture 37 of 149
[02:54:34] [udemy-downloader] [process_lecture:1598] INFO:       > Lecture doesn't have DRM, attempting to download...
[02:54:34] [udemy-downloader] [process_lecture:1603] INFO:       ====== Selected quality: video 720
[02:54:35] [udemy-downloader] [parse_new:1808] INFO: Processing 0 caption(s)...
[02:54:35] [udemy-downloader] [parse_new:1822] INFO:     > Processing 0 asset(s) for lecture...
[02:54:39] [udemy-downloader] [parse_new:1782] INFO:   > Processing lecture 38 of 149
[02:54:39] [udemy-downloader] [process_lecture:1598] INFO:       > Lecture doesn't have DRM, attempting to download...
[02:54:39] [udemy-downloader] [process_lecture:1603] INFO:       ====== Selected quality: video 720
[02:54:42] [udemy-downloader] [parse_new:1808] INFO: Processing 0 caption(s)...
[02:54:42] [udemy-downloader] [parse_new:1822] INFO:     > Processing 0 asset(s) for lecture...
[02:54:50] [udemy-downloader] [parse_new:1782] INFO:   > Processing lecture 39 of 149
[02:54:50] [udemy-downloader] [process_lecture:1598] INFO:       > Lecture doesn't have DRM, attempting to download...
[02:54:50] [udemy-downloader] [process_lecture:1603] INFO:       ====== Selected quality: video 720
[02:54:52] [udemy-downloader] [parse_new:1808] INFO: Processing 0 caption(s)...
[02:54:52] [udemy-downloader] [parse_new:1822] INFO:     > Processing 0 asset(s) for lecture...
[02:54:57] [udemy-downloader] [parse_new:1782] INFO:   > Processing lecture 40 of 149
[02:54:57] [udemy-downloader] [process_lecture:1598] INFO:       > Lecture doesn't have DRM, attempting to download...
[02:54:57] [udemy-downloader] [process_lecture:1603] INFO:       ====== Selected quality: video 720
[02:54:58] [udemy-downloader] [parse_new:1808] INFO: Processing 0 caption(s)...
[02:54:58] [udemy-downloader] [parse_new:1822] INFO:     > Processing 0 asset(s) for lecture...
[02:55:03] [udemy-downloader] [parse_new:1782] INFO:   > Processing lecture 41 of 149
[02:55:03] [udemy-downloader] [process_lecture:1598] INFO:       > Lecture doesn't have DRM, attempting to download...
[02:55:03] [udemy-downloader] [process_lecture:1603] INFO:       ====== Selected quality: video 720
[02:55:06] [udemy-downloader] [parse_new:1808] INFO: Processing 0 caption(s)...
[02:55:06] [udemy-downloader] [parse_new:1822] INFO:     > Processing 0 asset(s) for lecture...
[02:55:11] [udemy-downloader] [parse_new:1782] INFO:   > Processing lecture 42 of 149
[02:55:11] [udemy-downloader] [process_lecture:1598] INFO:       > Lecture doesn't have DRM, attempting to download...
[02:55:11] [udemy-downloader] [process_lecture:1603] INFO:       ====== Selected quality: video 720
[02:55:12] [udemy-downloader] [parse_new:1808] INFO: Processing 0 caption(s)...
[02:55:12] [udemy-downloader] [parse_new:1822] INFO:     > Processing 0 asset(s) for lecture...
[02:55:12] [udemy-downloader] [parse_new:1754] INFO: ======= Processing chapter 10 of 23 =======
[02:55:17] [udemy-downloader] [parse_new:1782] INFO:   > Processing lecture 43 of 149
[02:55:17] [udemy-downloader] [process_lecture:1598] INFO:       > Lecture doesn't have DRM, attempting to download...
[02:55:17] [udemy-downloader] [process_lecture:1603] INFO:       ====== Selected quality: video 720
[02:55:18] [udemy-downloader] [parse_new:1808] INFO: Processing 0 caption(s)...
[02:55:18] [udemy-downloader] [parse_new:1822] INFO:     > Processing 0 asset(s) for lecture...
[02:55:23] [udemy-downloader] [parse_new:1782] INFO:   > Processing lecture 44 of 149
[02:55:23] [udemy-downloader] [process_lecture:1598] INFO:       > Lecture doesn't have DRM, attempting to download...
[02:55:23] [udemy-downloader] [process_lecture:1603] INFO:       ====== Selected quality: video 720
[02:55:25] [udemy-downloader] [parse_new:1808] INFO: Processing 0 caption(s)...
[02:55:25] [udemy-downloader] [parse_new:1822] INFO:     > Processing 0 asset(s) for lecture...
[02:55:30] [udemy-downloader] [parse_new:1782] INFO:   > Processing lecture 45 of 149
[02:55:30] [udemy-downloader] [process_lecture:1598] INFO:       > Lecture doesn't have DRM, attempting to download...
[02:55:30] [udemy-downloader] [process_lecture:1603] INFO:       ====== Selected quality: video 720
[02:55:32] [udemy-downloader] [parse_new:1808] INFO: Processing 0 caption(s)...
[02:55:32] [udemy-downloader] [parse_new:1822] INFO:     > Processing 0 asset(s) for lecture...
[02:55:37] [udemy-downloader] [parse_new:1782] INFO:   > Processing lecture 46 of 149
[02:55:37] [udemy-downloader] [process_lecture:1598] INFO:       > Lecture doesn't have DRM, attempting to download...
[02:55:37] [udemy-downloader] [process_lecture:1603] INFO:       ====== Selected quality: video 720
[02:55:38] [udemy-downloader] [parse_new:1808] INFO: Processing 0 caption(s)...
[02:55:38] [udemy-downloader] [parse_new:1822] INFO:     > Processing 0 asset(s) for lecture...
[02:55:42] [udemy-downloader] [parse_new:1782] INFO:   > Processing lecture 47 of 149
[02:55:42] [udemy-downloader] [process_lecture:1598] INFO:       > Lecture doesn't have DRM, attempting to download...
[02:55:42] [udemy-downloader] [process_lecture:1603] INFO:       ====== Selected quality: video 720
[02:55:45] [udemy-downloader] [parse_new:1808] INFO: Processing 0 caption(s)...
[02:55:45] [udemy-downloader] [parse_new:1822] INFO:     > Processing 0 asset(s) for lecture...
[02:55:49] [udemy-downloader] [parse_new:1782] INFO:   > Processing lecture 48 of 149
[02:55:49] [udemy-downloader] [process_lecture:1598] INFO:       > Lecture doesn't have DRM, attempting to download...
[02:55:49] [udemy-downloader] [process_lecture:1603] INFO:       ====== Selected quality: video 720
[02:55:50] [udemy-downloader] [parse_new:1808] INFO: Processing 0 caption(s)...
[02:55:50] [udemy-downloader] [parse_new:1822] INFO:     > Processing 0 asset(s) for lecture...
[02:55:50] [udemy-downloader] [parse_new:1754] INFO: ======= Processing chapter 11 of 23 =======
[02:55:54] [udemy-downloader] [parse_new:1782] INFO:   > Processing lecture 49 of 149
[02:55:54] [udemy-downloader] [process_lecture:1598] INFO:       > Lecture doesn't have DRM, attempting to download...
[02:55:54] [udemy-downloader] [process_lecture:1603] INFO:       ====== Selected quality: video 720
[02:55:56] [udemy-downloader] [parse_new:1808] INFO: Processing 0 caption(s)...
[02:55:56] [udemy-downloader] [parse_new:1822] INFO:     > Processing 0 asset(s) for lecture...
[02:56:00] [udemy-downloader] [parse_new:1782] INFO:   > Processing lecture 50 of 149
[02:56:00] [udemy-downloader] [process_lecture:1598] INFO:       > Lecture doesn't have DRM, attempting to download...
[02:56:00] [udemy-downloader] [process_lecture:1603] INFO:       ====== Selected quality: video 720
[02:56:01] [udemy-downloader] [parse_new:1808] INFO: Processing 0 caption(s)...
[02:56:01] [udemy-downloader] [parse_new:1822] INFO:     > Processing 0 asset(s) for lecture...
[02:56:06] [udemy-downloader] [parse_new:1782] INFO:   > Processing lecture 51 of 149
[02:56:06] [udemy-downloader] [process_lecture:1598] INFO:       > Lecture doesn't have DRM, attempting to download...
[02:56:06] [udemy-downloader] [process_lecture:1603] INFO:       ====== Selected quality: video 720
[02:56:08] [udemy-downloader] [parse_new:1808] INFO: Processing 0 caption(s)...
[02:56:08] [udemy-downloader] [parse_new:1822] INFO:     > Processing 0 asset(s) for lecture...
[02:56:13] [udemy-downloader] [parse_new:1782] INFO:   > Processing lecture 52 of 149
[02:56:13] [udemy-downloader] [process_lecture:1598] INFO:       > Lecture doesn't have DRM, attempting to download...
[02:56:13] [udemy-downloader] [process_lecture:1603] INFO:       ====== Selected quality: video 720
[02:56:15] [udemy-downloader] [parse_new:1808] INFO: Processing 0 caption(s)...
[02:56:15] [udemy-downloader] [parse_new:1822] INFO:     > Processing 0 asset(s) for lecture...
[02:56:20] [udemy-downloader] [parse_new:1782] INFO:   > Processing lecture 53 of 149
[02:56:20] [udemy-downloader] [process_lecture:1598] INFO:       > Lecture doesn't have DRM, attempting to download...
[02:56:20] [udemy-downloader] [process_lecture:1603] INFO:       ====== Selected quality: video 720
[02:56:21] [udemy-downloader] [parse_new:1808] INFO: Processing 0 caption(s)...
[02:56:21] [udemy-downloader] [parse_new:1822] INFO:     > Processing 0 asset(s) for lecture...
[02:56:21] [udemy-downloader] [parse_new:1754] INFO: ======= Processing chapter 12 of 23 =======
[02:56:26] [udemy-downloader] [parse_new:1782] INFO:   > Processing lecture 54 of 149
[02:56:26] [udemy-downloader] [process_lecture:1598] INFO:       > Lecture doesn't have DRM, attempting to download...
[02:56:26] [udemy-downloader] [process_lecture:1603] INFO:       ====== Selected quality: video 720
[02:56:28] [udemy-downloader] [parse_new:1808] INFO: Processing 0 caption(s)...
[02:56:28] [udemy-downloader] [parse_new:1822] INFO:     > Processing 0 asset(s) for lecture...
[02:56:32] [udemy-downloader] [parse_new:1782] INFO:   > Processing lecture 55 of 149
[02:56:32] [udemy-downloader] [process_lecture:1598] INFO:       > Lecture doesn't have DRM, attempting to download...
[02:56:32] [udemy-downloader] [process_lecture:1603] INFO:       ====== Selected quality: video 720
[02:56:33] [udemy-downloader] [parse_new:1808] INFO: Processing 0 caption(s)...
[02:56:33] [udemy-downloader] [parse_new:1822] INFO:     > Processing 0 asset(s) for lecture...
[02:56:38] [udemy-downloader] [parse_new:1782] INFO:   > Processing lecture 56 of 149
[02:56:38] [udemy-downloader] [process_lecture:1598] INFO:       > Lecture doesn't have DRM, attempting to download...
[02:56:38] [udemy-downloader] [process_lecture:1603] INFO:       ====== Selected quality: video 720
[02:56:40] [udemy-downloader] [parse_new:1808] INFO: Processing 0 caption(s)...
[02:56:40] [udemy-downloader] [parse_new:1822] INFO:     > Processing 0 asset(s) for lecture...
[02:56:44] [udemy-downloader] [parse_new:1782] INFO:   > Processing lecture 57 of 149
[02:56:44] [udemy-downloader] [process_lecture:1598] INFO:       > Lecture doesn't have DRM, attempting to download...
[02:56:44] [udemy-downloader] [process_lecture:1603] INFO:       ====== Selected quality: video 720
[02:56:45] [udemy-downloader] [parse_new:1808] INFO: Processing 0 caption(s)...
[02:56:45] [udemy-downloader] [parse_new:1822] INFO:     > Processing 0 asset(s) for lecture...
[02:56:50] [udemy-downloader] [parse_new:1782] INFO:   > Processing lecture 58 of 149
[02:56:50] [udemy-downloader] [process_lecture:1598] INFO:       > Lecture doesn't have DRM, attempting to download...
[02:56:50] [udemy-downloader] [process_lecture:1603] INFO:       ====== Selected quality: video 720
[02:56:52] [udemy-downloader] [parse_new:1808] INFO: Processing 0 caption(s)...
[02:56:52] [udemy-downloader] [parse_new:1822] INFO:     > Processing 0 asset(s) for lecture...
[02:56:55] [udemy-downloader] [parse_new:1782] INFO:   > Processing lecture 59 of 149
[02:56:55] [udemy-downloader] [process_lecture:1598] INFO:       > Lecture doesn't have DRM, attempting to download...
[02:56:55] [udemy-downloader] [process_lecture:1603] INFO:       ====== Selected quality: video 720
[02:56:57] [udemy-downloader] [parse_new:1808] INFO: Processing 0 caption(s)...
[02:56:57] [udemy-downloader] [parse_new:1822] INFO:     > Processing 0 asset(s) for lecture...
[02:57:02] [udemy-downloader] [parse_new:1782] INFO:   > Processing lecture 60 of 149
[02:57:02] [udemy-downloader] [process_lecture:1598] INFO:       > Lecture doesn't have DRM, attempting to download...
[02:57:02] [udemy-downloader] [process_lecture:1603] INFO:       ====== Selected quality: video 720
[02:57:04] [udemy-downloader] [parse_new:1808] INFO: Processing 0 caption(s)...
[02:57:04] [udemy-downloader] [parse_new:1822] INFO:     > Processing 0 asset(s) for lecture...
[02:57:04] [udemy-downloader] [parse_new:1754] INFO: ======= Processing chapter 13 of 23 =======
[02:57:09] [udemy-downloader] [parse_new:1782] INFO:   > Processing lecture 61 of 149
[02:57:09] [udemy-downloader] [process_lecture:1598] INFO:       > Lecture doesn't have DRM, attempting to download...
[02:57:09] [udemy-downloader] [process_lecture:1603] INFO:       ====== Selected quality: video 720
[02:57:11] [udemy-downloader] [parse_new:1808] INFO: Processing 0 caption(s)...
[02:57:11] [udemy-downloader] [parse_new:1822] INFO:     > Processing 0 asset(s) for lecture...
[02:57:16] [udemy-downloader] [parse_new:1782] INFO:   > Processing lecture 62 of 149
[02:57:16] [udemy-downloader] [process_lecture:1598] INFO:       > Lecture doesn't have DRM, attempting to download...
[02:57:16] [udemy-downloader] [process_lecture:1603] INFO:       ====== Selected quality: video 720
[02:57:19] [udemy-downloader] [parse_new:1808] INFO: Processing 0 caption(s)...
[02:57:19] [udemy-downloader] [parse_new:1822] INFO:     > Processing 0 asset(s) for lecture...
[02:57:24] [udemy-downloader] [parse_new:1782] INFO:   > Processing lecture 63 of 149
[02:57:24] [udemy-downloader] [process_lecture:1598] INFO:       > Lecture doesn't have DRM, attempting to download...
[02:57:24] [udemy-downloader] [process_lecture:1603] INFO:       ====== Selected quality: video 720
[02:57:28] [udemy-downloader] [parse_new:1808] INFO: Processing 0 caption(s)...
[02:57:28] [udemy-downloader] [parse_new:1822] INFO:     > Processing 0 asset(s) for lecture...
[02:57:31] [udemy-downloader] [parse_new:1782] INFO:   > Processing lecture 64 of 149
[02:57:31] [udemy-downloader] [process_lecture:1598] INFO:       > Lecture doesn't have DRM, attempting to download...
[02:57:31] [udemy-downloader] [process_lecture:1603] INFO:       ====== Selected quality: video 720
[02:57:34] [udemy-downloader] [parse_new:1808] INFO: Processing 0 caption(s)...
[02:57:34] [udemy-downloader] [parse_new:1822] INFO:     > Processing 0 asset(s) for lecture...
[02:57:40] [udemy-downloader] [parse_new:1782] INFO:   > Processing lecture 65 of 149
[02:57:40] [udemy-downloader] [process_lecture:1598] INFO:       > Lecture doesn't have DRM, attempting to download...
[02:57:40] [udemy-downloader] [process_lecture:1603] INFO:       ====== Selected quality: video 720
[02:57:42] [udemy-downloader] [parse_new:1808] INFO: Processing 0 caption(s)...
[02:57:42] [udemy-downloader] [parse_new:1822] INFO:     > Processing 0 asset(s) for lecture...
[02:57:47] [udemy-downloader] [parse_new:1782] INFO:   > Processing lecture 66 of 149
[02:57:47] [udemy-downloader] [process_lecture:1598] INFO:       > Lecture doesn't have DRM, attempting to download...
[02:57:47] [udemy-downloader] [process_lecture:1603] INFO:       ====== Selected quality: video 720
[02:57:48] [udemy-downloader] [parse_new:1808] INFO: Processing 0 caption(s)...
[02:57:48] [udemy-downloader] [parse_new:1822] INFO:     > Processing 0 asset(s) for lecture...
[02:57:53] [udemy-downloader] [parse_new:1782] INFO:   > Processing lecture 67 of 149
[02:57:53] [udemy-downloader] [process_lecture:1598] INFO:       > Lecture doesn't have DRM, attempting to download...
[02:57:53] [udemy-downloader] [process_lecture:1603] INFO:       ====== Selected quality: video 720
[02:57:55] [udemy-downloader] [parse_new:1808] INFO: Processing 0 caption(s)...
[02:57:55] [udemy-downloader] [parse_new:1822] INFO:     > Processing 0 asset(s) for lecture...
[02:58:00] [udemy-downloader] [parse_new:1782] INFO:   > Processing lecture 68 of 149
[02:58:00] [udemy-downloader] [process_lecture:1598] INFO:       > Lecture doesn't have DRM, attempting to download...
[02:58:00] [udemy-downloader] [process_lecture:1603] INFO:       ====== Selected quality: video 720
[02:58:02] [udemy-downloader] [parse_new:1808] INFO: Processing 0 caption(s)...
[02:58:02] [udemy-downloader] [parse_new:1822] INFO:     > Processing 0 asset(s) for lecture...
[02:58:02] [udemy-downloader] [parse_new:1754] INFO: ======= Processing chapter 14 of 23 =======
[02:58:07] [udemy-downloader] [parse_new:1782] INFO:   > Processing lecture 69 of 149
[02:58:07] [udemy-downloader] [process_lecture:1598] INFO:       > Lecture doesn't have DRM, attempting to download...
[02:58:07] [udemy-downloader] [process_lecture:1603] INFO:       ====== Selected quality: video 720
[02:58:10] [udemy-downloader] [parse_new:1808] INFO: Processing 0 caption(s)...
[02:58:10] [udemy-downloader] [parse_new:1822] INFO:     > Processing 0 asset(s) for lecture...
[02:58:14] [udemy-downloader] [parse_new:1782] INFO:   > Processing lecture 70 of 149
[02:58:14] [udemy-downloader] [process_lecture:1598] INFO:       > Lecture doesn't have DRM, attempting to download...
[02:58:14] [udemy-downloader] [process_lecture:1603] INFO:       ====== Selected quality: video 720
[02:58:15] [udemy-downloader] [parse_new:1808] INFO: Processing 0 caption(s)...
[02:58:15] [udemy-downloader] [parse_new:1822] INFO:     > Processing 0 asset(s) for lecture...
[02:58:19] [udemy-downloader] [parse_new:1782] INFO:   > Processing lecture 71 of 149
[02:58:19] [udemy-downloader] [process_lecture:1598] INFO:       > Lecture doesn't have DRM, attempting to download...
[02:58:19] [udemy-downloader] [process_lecture:1603] INFO:       ====== Selected quality: video 720
[02:58:22] [udemy-downloader] [parse_new:1808] INFO: Processing 0 caption(s)...
[02:58:22] [udemy-downloader] [parse_new:1822] INFO:     > Processing 0 asset(s) for lecture...
[02:58:26] [udemy-downloader] [parse_new:1782] INFO:   > Processing lecture 72 of 149
[02:58:26] [udemy-downloader] [process_lecture:1598] INFO:       > Lecture doesn't have DRM, attempting to download...
[02:58:26] [udemy-downloader] [process_lecture:1603] INFO:       ====== Selected quality: video 720
[02:58:28] [udemy-downloader] [parse_new:1808] INFO: Processing 0 caption(s)...
[02:58:28] [udemy-downloader] [parse_new:1822] INFO:     > Processing 0 asset(s) for lecture...
[02:58:33] [udemy-downloader] [parse_new:1782] INFO:   > Processing lecture 73 of 149
[02:58:33] [udemy-downloader] [process_lecture:1598] INFO:       > Lecture doesn't have DRM, attempting to download...
[02:58:33] [udemy-downloader] [process_lecture:1603] INFO:       ====== Selected quality: video 720
[02:58:35] [udemy-downloader] [parse_new:1808] INFO: Processing 0 caption(s)...
[02:58:35] [udemy-downloader] [parse_new:1822] INFO:     > Processing 0 asset(s) for lecture...
[02:58:38] [udemy-downloader] [parse_new:1782] INFO:   > Processing lecture 74 of 149
[02:58:38] [udemy-downloader] [process_lecture:1598] INFO:       > Lecture doesn't have DRM, attempting to download...
[02:58:38] [udemy-downloader] [process_lecture:1603] INFO:       ====== Selected quality: video 720
[02:58:40] [udemy-downloader] [parse_new:1808] INFO: Processing 0 caption(s)...
[02:58:40] [udemy-downloader] [parse_new:1822] INFO:     > Processing 0 asset(s) for lecture...
[02:58:43] [udemy-downloader] [parse_new:1782] INFO:   > Processing lecture 75 of 149
[02:58:43] [udemy-downloader] [process_lecture:1598] INFO:       > Lecture doesn't have DRM, attempting to download...
[02:58:43] [udemy-downloader] [process_lecture:1603] INFO:       ====== Selected quality: video 720
[02:58:44] [udemy-downloader] [parse_new:1808] INFO: Processing 0 caption(s)...
[02:58:44] [udemy-downloader] [parse_new:1822] INFO:     > Processing 0 asset(s) for lecture...
[02:58:44] [udemy-downloader] [parse_new:1754] INFO: ======= Processing chapter 15 of 23 =======
[02:58:49] [udemy-downloader] [parse_new:1782] INFO:   > Processing lecture 76 of 149
[02:58:49] [udemy-downloader] [process_lecture:1598] INFO:       > Lecture doesn't have DRM, attempting to download...
[02:58:49] [udemy-downloader] [process_lecture:1603] INFO:       ====== Selected quality: video 720
[02:58:51] [udemy-downloader] [parse_new:1808] INFO: Processing 0 caption(s)...
[02:58:51] [udemy-downloader] [parse_new:1822] INFO:     > Processing 0 asset(s) for lecture...
[02:58:55] [udemy-downloader] [parse_new:1782] INFO:   > Processing lecture 77 of 149
[02:58:55] [udemy-downloader] [process_lecture:1598] INFO:       > Lecture doesn't have DRM, attempting to download...
[02:58:55] [udemy-downloader] [process_lecture:1603] INFO:       ====== Selected quality: video 720
[02:58:57] [udemy-downloader] [parse_new:1808] INFO: Processing 0 caption(s)...
[02:58:57] [udemy-downloader] [parse_new:1822] INFO:     > Processing 0 asset(s) for lecture...
[02:59:02] [udemy-downloader] [parse_new:1782] INFO:   > Processing lecture 78 of 149
[02:59:02] [udemy-downloader] [process_lecture:1598] INFO:       > Lecture doesn't have DRM, attempting to download...
[02:59:02] [udemy-downloader] [process_lecture:1603] INFO:       ====== Selected quality: video 720
[02:59:05] [udemy-downloader] [parse_new:1808] INFO: Processing 0 caption(s)...
[02:59:05] [udemy-downloader] [parse_new:1822] INFO:     > Processing 0 asset(s) for lecture...
[02:59:10] [udemy-downloader] [parse_new:1782] INFO:   > Processing lecture 79 of 149
[02:59:10] [udemy-downloader] [process_lecture:1598] INFO:       > Lecture doesn't have DRM, attempting to download...
[02:59:10] [udemy-downloader] [process_lecture:1603] INFO:       ====== Selected quality: video 720
[02:59:11] [udemy-downloader] [parse_new:1808] INFO: Processing 0 caption(s)...
[02:59:11] [udemy-downloader] [parse_new:1822] INFO:     > Processing 0 asset(s) for lecture...
[02:59:16] [udemy-downloader] [parse_new:1782] INFO:   > Processing lecture 80 of 149
[02:59:16] [udemy-downloader] [process_lecture:1598] INFO:       > Lecture doesn't have DRM, attempting to download...
[02:59:16] [udemy-downloader] [process_lecture:1603] INFO:       ====== Selected quality: video 720
[02:59:18] [udemy-downloader] [parse_new:1808] INFO: Processing 0 caption(s)...
[02:59:18] [udemy-downloader] [parse_new:1822] INFO:     > Processing 0 asset(s) for lecture...
[02:59:22] [udemy-downloader] [parse_new:1782] INFO:   > Processing lecture 81 of 149
[02:59:22] [udemy-downloader] [process_lecture:1598] INFO:       > Lecture doesn't have DRM, attempting to download...
[02:59:22] [udemy-downloader] [process_lecture:1603] INFO:       ====== Selected quality: video 720
[02:59:23] [udemy-downloader] [parse_new:1808] INFO: Processing 0 caption(s)...
[02:59:23] [udemy-downloader] [parse_new:1822] INFO:     > Processing 0 asset(s) for lecture...
[02:59:23] [udemy-downloader] [parse_new:1754] INFO: ======= Processing chapter 16 of 23 =======
[02:59:28] [udemy-downloader] [parse_new:1782] INFO:   > Processing lecture 82 of 149
[02:59:28] [udemy-downloader] [process_lecture:1598] INFO:       > Lecture doesn't have DRM, attempting to download...
[02:59:28] [udemy-downloader] [process_lecture:1603] INFO:       ====== Selected quality: video 720
[02:59:30] [udemy-downloader] [parse_new:1808] INFO: Processing 0 caption(s)...
[02:59:30] [udemy-downloader] [parse_new:1822] INFO:     > Processing 0 asset(s) for lecture...
[02:59:34] [udemy-downloader] [parse_new:1782] INFO:   > Processing lecture 83 of 149
[02:59:34] [udemy-downloader] [process_lecture:1598] INFO:       > Lecture doesn't have DRM, attempting to download...
[02:59:34] [udemy-downloader] [process_lecture:1603] INFO:       ====== Selected quality: video 720
[02:59:36] [udemy-downloader] [parse_new:1808] INFO: Processing 0 caption(s)...
[02:59:36] [udemy-downloader] [parse_new:1822] INFO:     > Processing 0 asset(s) for lecture...
[02:59:40] [udemy-downloader] [parse_new:1782] INFO:   > Processing lecture 84 of 149
[02:59:40] [udemy-downloader] [process_lecture:1598] INFO:       > Lecture doesn't have DRM, attempting to download...
[02:59:40] [udemy-downloader] [process_lecture:1603] INFO:       ====== Selected quality: video 720
[02:59:42] [udemy-downloader] [parse_new:1808] INFO: Processing 0 caption(s)...
[02:59:42] [udemy-downloader] [parse_new:1822] INFO:     > Processing 0 asset(s) for lecture...
[02:59:47] [udemy-downloader] [parse_new:1782] INFO:   > Processing lecture 85 of 149
[02:59:47] [udemy-downloader] [process_lecture:1598] INFO:       > Lecture doesn't have DRM, attempting to download...
[02:59:47] [udemy-downloader] [process_lecture:1603] INFO:       ====== Selected quality: video 720
[02:59:49] [udemy-downloader] [parse_new:1808] INFO: Processing 0 caption(s)...
[02:59:49] [udemy-downloader] [parse_new:1822] INFO:     > Processing 0 asset(s) for lecture...
[02:59:54] [udemy-downloader] [parse_new:1782] INFO:   > Processing lecture 86 of 149
[02:59:54] [udemy-downloader] [process_lecture:1598] INFO:       > Lecture doesn't have DRM, attempting to download...
[02:59:54] [udemy-downloader] [process_lecture:1603] INFO:       ====== Selected quality: video 720
[02:59:56] [udemy-downloader] [parse_new:1808] INFO: Processing 0 caption(s)...
[02:59:56] [udemy-downloader] [parse_new:1822] INFO:     > Processing 0 asset(s) for lecture...
[03:00:00] [udemy-downloader] [parse_new:1782] INFO:   > Processing lecture 87 of 149
[03:00:00] [udemy-downloader] [process_lecture:1598] INFO:       > Lecture doesn't have DRM, attempting to download...
[03:00:00] [udemy-downloader] [process_lecture:1603] INFO:       ====== Selected quality: video 720
[03:00:01] [udemy-downloader] [parse_new:1808] INFO: Processing 0 caption(s)...
[03:00:01] [udemy-downloader] [parse_new:1822] INFO:     > Processing 0 asset(s) for lecture...
[03:00:05] [udemy-downloader] [parse_new:1782] INFO:   > Processing lecture 88 of 149
[03:00:05] [udemy-downloader] [process_lecture:1598] INFO:       > Lecture doesn't have DRM, attempting to download...
[03:00:05] [udemy-downloader] [process_lecture:1603] INFO:       ====== Selected quality: video 720
[03:00:08] [udemy-downloader] [parse_new:1808] INFO: Processing 0 caption(s)...
[03:00:08] [udemy-downloader] [parse_new:1822] INFO:     > Processing 0 asset(s) for lecture...
[03:00:11] [udemy-downloader] [parse_new:1782] INFO:   > Processing lecture 89 of 149
[03:00:11] [udemy-downloader] [process_lecture:1598] INFO:       > Lecture doesn't have DRM, attempting to download...
[03:00:11] [udemy-downloader] [process_lecture:1603] INFO:       ====== Selected quality: video 720
[03:00:13] [udemy-downloader] [parse_new:1808] INFO: Processing 0 caption(s)...
[03:00:13] [udemy-downloader] [parse_new:1822] INFO:     > Processing 0 asset(s) for lecture...
[03:00:18] [udemy-downloader] [parse_new:1782] INFO:   > Processing lecture 90 of 149
[03:00:18] [udemy-downloader] [process_lecture:1598] INFO:       > Lecture doesn't have DRM, attempting to download...
[03:00:18] [udemy-downloader] [process_lecture:1603] INFO:       ====== Selected quality: video 720
[03:00:19] [udemy-downloader] [parse_new:1808] INFO: Processing 0 caption(s)...
[03:00:19] [udemy-downloader] [parse_new:1822] INFO:     > Processing 0 asset(s) for lecture...
[03:00:19] [udemy-downloader] [parse_new:1754] INFO: ======= Processing chapter 17 of 23 =======
[03:00:23] [udemy-downloader] [parse_new:1782] INFO:   > Processing lecture 91 of 149
[03:00:23] [udemy-downloader] [process_lecture:1598] INFO:       > Lecture doesn't have DRM, attempting to download...
[03:00:23] [udemy-downloader] [process_lecture:1603] INFO:       ====== Selected quality: video 720
[03:00:25] [udemy-downloader] [parse_new:1808] INFO: Processing 0 caption(s)...
[03:00:25] [udemy-downloader] [parse_new:1822] INFO:     > Processing 0 asset(s) for lecture...
[03:00:29] [udemy-downloader] [parse_new:1782] INFO:   > Processing lecture 92 of 149
[03:00:29] [udemy-downloader] [process_lecture:1598] INFO:       > Lecture doesn't have DRM, attempting to download...
[03:00:29] [udemy-downloader] [process_lecture:1603] INFO:       ====== Selected quality: video 720
[03:00:30] [udemy-downloader] [parse_new:1808] INFO: Processing 0 caption(s)...
[03:00:30] [udemy-downloader] [parse_new:1822] INFO:     > Processing 0 asset(s) for lecture...
[03:00:34] [udemy-downloader] [parse_new:1782] INFO:   > Processing lecture 93 of 149
[03:00:34] [udemy-downloader] [process_lecture:1598] INFO:       > Lecture doesn't have DRM, attempting to download...
[03:00:34] [udemy-downloader] [process_lecture:1603] INFO:       ====== Selected quality: video 720
[03:00:35] [udemy-downloader] [parse_new:1808] INFO: Processing 0 caption(s)...
[03:00:35] [udemy-downloader] [parse_new:1822] INFO:     > Processing 0 asset(s) for lecture...
[03:00:38] [udemy-downloader] [parse_new:1782] INFO:   > Processing lecture 94 of 149
[03:00:38] [udemy-downloader] [process_lecture:1598] INFO:       > Lecture doesn't have DRM, attempting to download...
[03:00:38] [udemy-downloader] [process_lecture:1603] INFO:       ====== Selected quality: video 720
[03:00:41] [udemy-downloader] [parse_new:1808] INFO: Processing 0 caption(s)...
[03:00:41] [udemy-downloader] [parse_new:1822] INFO:     > Processing 0 asset(s) for lecture...
[03:00:46] [udemy-downloader] [parse_new:1782] INFO:   > Processing lecture 95 of 149
[03:00:46] [udemy-downloader] [process_lecture:1598] INFO:       > Lecture doesn't have DRM, attempting to download...
[03:00:46] [udemy-downloader] [process_lecture:1603] INFO:       ====== Selected quality: video 720
[03:00:48] [udemy-downloader] [parse_new:1808] INFO: Processing 0 caption(s)...
[03:00:48] [udemy-downloader] [parse_new:1822] INFO:     > Processing 0 asset(s) for lecture...
[03:00:52] [udemy-downloader] [parse_new:1782] INFO:   > Processing lecture 96 of 149
[03:00:52] [udemy-downloader] [process_lecture:1598] INFO:       > Lecture doesn't have DRM, attempting to download...
[03:00:52] [udemy-downloader] [process_lecture:1603] INFO:       ====== Selected quality: video 720
[03:00:54] [udemy-downloader] [parse_new:1808] INFO: Processing 0 caption(s)...
[03:00:54] [udemy-downloader] [parse_new:1822] INFO:     > Processing 0 asset(s) for lecture...
[03:00:58] [udemy-downloader] [parse_new:1782] INFO:   > Processing lecture 97 of 149
[03:00:58] [udemy-downloader] [process_lecture:1598] INFO:       > Lecture doesn't have DRM, attempting to download...
[03:00:58] [udemy-downloader] [process_lecture:1603] INFO:       ====== Selected quality: video 720
[03:01:00] [udemy-downloader] [parse_new:1808] INFO: Processing 0 caption(s)...
[03:01:00] [udemy-downloader] [parse_new:1822] INFO:     > Processing 0 asset(s) for lecture...
[03:01:03] [udemy-downloader] [parse_new:1782] INFO:   > Processing lecture 98 of 149
[03:01:03] [udemy-downloader] [process_lecture:1598] INFO:       > Lecture doesn't have DRM, attempting to download...
[03:01:03] [udemy-downloader] [process_lecture:1603] INFO:       ====== Selected quality: video 720
[03:01:06] [udemy-downloader] [parse_new:1808] INFO: Processing 0 caption(s)...
[03:01:06] [udemy-downloader] [parse_new:1822] INFO:     > Processing 0 asset(s) for lecture...
[03:01:11] [udemy-downloader] [parse_new:1782] INFO:   > Processing lecture 99 of 149
[03:01:11] [udemy-downloader] [process_lecture:1598] INFO:       > Lecture doesn't have DRM, attempting to download...
[03:01:11] [udemy-downloader] [process_lecture:1603] INFO:       ====== Selected quality: video 720
[03:01:13] [udemy-downloader] [parse_new:1808] INFO: Processing 0 caption(s)...
[03:01:13] [udemy-downloader] [parse_new:1822] INFO:     > Processing 0 asset(s) for lecture...
[03:01:13] [udemy-downloader] [parse_new:1754] INFO: ======= Processing chapter 18 of 23 =======
[03:01:18] [udemy-downloader] [parse_new:1782] INFO:   > Processing lecture 100 of 149
[03:01:18] [udemy-downloader] [process_lecture:1598] INFO:       > Lecture doesn't have DRM, attempting to download...
[03:01:18] [udemy-downloader] [process_lecture:1603] INFO:       ====== Selected quality: video 720
[03:01:20] [udemy-downloader] [parse_new:1808] INFO: Processing 0 caption(s)...
[03:01:20] [udemy-downloader] [parse_new:1822] INFO:     > Processing 0 asset(s) for lecture...
[03:01:24] [udemy-downloader] [parse_new:1782] INFO:   > Processing lecture 101 of 149
[03:01:24] [udemy-downloader] [process_lecture:1598] INFO:       > Lecture doesn't have DRM, attempting to download...
[03:01:24] [udemy-downloader] [process_lecture:1603] INFO:       ====== Selected quality: video 720
[03:01:26] [udemy-downloader] [parse_new:1808] INFO: Processing 0 caption(s)...
[03:01:26] [udemy-downloader] [parse_new:1822] INFO:     > Processing 0 asset(s) for lecture...
[03:01:30] [udemy-downloader] [parse_new:1782] INFO:   > Processing lecture 102 of 149
[03:01:30] [udemy-downloader] [process_lecture:1598] INFO:       > Lecture doesn't have DRM, attempting to download...
[03:01:30] [udemy-downloader] [process_lecture:1603] INFO:       ====== Selected quality: video 720
[03:01:32] [udemy-downloader] [parse_new:1808] INFO: Processing 0 caption(s)...
[03:01:32] [udemy-downloader] [parse_new:1822] INFO:     > Processing 0 asset(s) for lecture...
[03:01:37] [udemy-downloader] [parse_new:1782] INFO:   > Processing lecture 103 of 149
[03:01:37] [udemy-downloader] [process_lecture:1598] INFO:       > Lecture doesn't have DRM, attempting to download...
[03:01:37] [udemy-downloader] [process_lecture:1603] INFO:       ====== Selected quality: video 720
[03:01:39] [udemy-downloader] [parse_new:1808] INFO: Processing 0 caption(s)...
[03:01:39] [udemy-downloader] [parse_new:1822] INFO:     > Processing 0 asset(s) for lecture...
[03:01:44] [udemy-downloader] [parse_new:1782] INFO:   > Processing lecture 104 of 149
[03:01:44] [udemy-downloader] [process_lecture:1598] INFO:       > Lecture doesn't have DRM, attempting to download...
[03:01:44] [udemy-downloader] [process_lecture:1603] INFO:       ====== Selected quality: video 720
[03:01:46] [udemy-downloader] [parse_new:1808] INFO: Processing 0 caption(s)...
[03:01:46] [udemy-downloader] [parse_new:1822] INFO:     > Processing 0 asset(s) for lecture...
[03:01:50] [udemy-downloader] [parse_new:1782] INFO:   > Processing lecture 105 of 149
[03:01:50] [udemy-downloader] [process_lecture:1598] INFO:       > Lecture doesn't have DRM, attempting to download...
[03:01:50] [udemy-downloader] [process_lecture:1603] INFO:       ====== Selected quality: video 720
[03:01:52] [udemy-downloader] [parse_new:1808] INFO: Processing 0 caption(s)...
[03:01:52] [udemy-downloader] [parse_new:1822] INFO:     > Processing 0 asset(s) for lecture...
[03:01:56] [udemy-downloader] [parse_new:1782] INFO:   > Processing lecture 106 of 149
[03:01:56] [udemy-downloader] [process_lecture:1598] INFO:       > Lecture doesn't have DRM, attempting to download...
[03:01:56] [udemy-downloader] [process_lecture:1603] INFO:       ====== Selected quality: video 720
[03:01:57] [udemy-downloader] [parse_new:1808] INFO: Processing 0 caption(s)...
[03:01:57] [udemy-downloader] [parse_new:1822] INFO:     > Processing 0 asset(s) for lecture...
[03:01:57] [udemy-downloader] [parse_new:1754] INFO: ======= Processing chapter 19 of 23 =======
[03:02:00] [udemy-downloader] [parse_new:1782] INFO:   > Processing lecture 107 of 149
[03:02:00] [udemy-downloader] [process_lecture:1598] INFO:       > Lecture doesn't have DRM, attempting to download...
[03:02:00] [udemy-downloader] [process_lecture:1603] INFO:       ====== Selected quality: video 720
[03:02:03] [udemy-downloader] [parse_new:1808] INFO: Processing 0 caption(s)...
[03:02:03] [udemy-downloader] [parse_new:1822] INFO:     > Processing 0 asset(s) for lecture...
[03:02:08] [udemy-downloader] [parse_new:1782] INFO:   > Processing lecture 108 of 149
[03:02:08] [udemy-downloader] [process_lecture:1598] INFO:       > Lecture doesn't have DRM, attempting to download...
[03:02:08] [udemy-downloader] [process_lecture:1603] INFO:       ====== Selected quality: video 720
[03:02:10] [udemy-downloader] [parse_new:1808] INFO: Processing 0 caption(s)...
[03:02:10] [udemy-downloader] [parse_new:1822] INFO:     > Processing 0 asset(s) for lecture...
[03:02:14] [udemy-downloader] [parse_new:1782] INFO:   > Processing lecture 109 of 149
[03:02:14] [udemy-downloader] [process_lecture:1598] INFO:       > Lecture doesn't have DRM, attempting to download...
[03:02:14] [udemy-downloader] [process_lecture:1603] INFO:       ====== Selected quality: video 720
[03:02:17] [udemy-downloader] [parse_new:1808] INFO: Processing 0 caption(s)...
[03:02:17] [udemy-downloader] [parse_new:1822] INFO:     > Processing 0 asset(s) for lecture...
[03:02:21] [udemy-downloader] [parse_new:1782] INFO:   > Processing lecture 110 of 149
[03:02:21] [udemy-downloader] [process_lecture:1598] INFO:       > Lecture doesn't have DRM, attempting to download...
[03:02:21] [udemy-downloader] [process_lecture:1603] INFO:       ====== Selected quality: video 720
[03:02:22] [udemy-downloader] [parse_new:1808] INFO: Processing 0 caption(s)...
[03:02:23] [udemy-downloader] [parse_new:1822] INFO:     > Processing 0 asset(s) for lecture...
[03:02:26] [udemy-downloader] [parse_new:1782] INFO:   > Processing lecture 111 of 149
[03:02:26] [udemy-downloader] [process_lecture:1598] INFO:       > Lecture doesn't have DRM, attempting to download...
[03:02:26] [udemy-downloader] [process_lecture:1603] INFO:       ====== Selected quality: video 720
[03:02:28] [udemy-downloader] [parse_new:1808] INFO: Processing 0 caption(s)...
[03:02:28] [udemy-downloader] [parse_new:1822] INFO:     > Processing 0 asset(s) for lecture...
[03:02:32] [udemy-downloader] [parse_new:1782] INFO:   > Processing lecture 112 of 149
[03:02:32] [udemy-downloader] [process_lecture:1598] INFO:       > Lecture doesn't have DRM, attempting to download...
[03:02:32] [udemy-downloader] [process_lecture:1603] INFO:       ====== Selected quality: video 720
[03:02:35] [udemy-downloader] [parse_new:1808] INFO: Processing 0 caption(s)...
[03:02:35] [udemy-downloader] [parse_new:1822] INFO:     > Processing 0 asset(s) for lecture...
[03:02:38] [udemy-downloader] [parse_new:1782] INFO:   > Processing lecture 113 of 149
[03:02:38] [udemy-downloader] [process_lecture:1598] INFO:       > Lecture doesn't have DRM, attempting to download...
[03:02:38] [udemy-downloader] [process_lecture:1603] INFO:       ====== Selected quality: video 720
[03:02:40] [udemy-downloader] [parse_new:1808] INFO: Processing 0 caption(s)...
[03:02:40] [udemy-downloader] [parse_new:1822] INFO:     > Processing 0 asset(s) for lecture...
[03:02:44] [udemy-downloader] [parse_new:1782] INFO:   > Processing lecture 114 of 149
[03:02:44] [udemy-downloader] [process_lecture:1598] INFO:       > Lecture doesn't have DRM, attempting to download...
[03:02:44] [udemy-downloader] [process_lecture:1603] INFO:       ====== Selected quality: video 720
[03:02:46] [udemy-downloader] [parse_new:1808] INFO: Processing 0 caption(s)...
[03:02:46] [udemy-downloader] [parse_new:1822] INFO:     > Processing 0 asset(s) for lecture...
[03:02:46] [udemy-downloader] [parse_new:1754] INFO: ======= Processing chapter 20 of 23 =======
[03:02:50] [udemy-downloader] [parse_new:1782] INFO:   > Processing lecture 115 of 149
[03:02:50] [udemy-downloader] [process_lecture:1598] INFO:       > Lecture doesn't have DRM, attempting to download...
[03:02:50] [udemy-downloader] [process_lecture:1603] INFO:       ====== Selected quality: video 720
[03:02:53] [udemy-downloader] [parse_new:1808] INFO: Processing 0 caption(s)...
[03:02:53] [udemy-downloader] [parse_new:1822] INFO:     > Processing 0 asset(s) for lecture...
[03:02:57] [udemy-downloader] [parse_new:1782] INFO:   > Processing lecture 116 of 149
[03:02:57] [udemy-downloader] [process_lecture:1598] INFO:       > Lecture doesn't have DRM, attempting to download...
[03:02:57] [udemy-downloader] [process_lecture:1603] INFO:       ====== Selected quality: video 720
[03:02:59] [udemy-downloader] [parse_new:1808] INFO: Processing 0 caption(s)...
[03:02:59] [udemy-downloader] [parse_new:1822] INFO:     > Processing 0 asset(s) for lecture...
[03:03:02] [udemy-downloader] [parse_new:1782] INFO:   > Processing lecture 117 of 149
[03:03:02] [udemy-downloader] [process_lecture:1598] INFO:       > Lecture doesn't have DRM, attempting to download...
[03:03:02] [udemy-downloader] [process_lecture:1603] INFO:       ====== Selected quality: video 720
[03:03:05] [udemy-downloader] [parse_new:1808] INFO: Processing 0 caption(s)...
[03:03:05] [udemy-downloader] [parse_new:1822] INFO:     > Processing 0 asset(s) for lecture...
[03:03:08] [udemy-downloader] [parse_new:1782] INFO:   > Processing lecture 118 of 149
[03:03:08] [udemy-downloader] [process_lecture:1598] INFO:       > Lecture doesn't have DRM, attempting to download...
[03:03:08] [udemy-downloader] [process_lecture:1603] INFO:       ====== Selected quality: video 720
[03:03:10] [udemy-downloader] [parse_new:1808] INFO: Processing 0 caption(s)...
[03:03:10] [udemy-downloader] [parse_new:1822] INFO:     > Processing 0 asset(s) for lecture...
[03:03:13] [udemy-downloader] [parse_new:1782] INFO:   > Processing lecture 119 of 149
[03:03:13] [udemy-downloader] [process_lecture:1598] INFO:       > Lecture doesn't have DRM, attempting to download...
[03:03:13] [udemy-downloader] [process_lecture:1603] INFO:       ====== Selected quality: video 720
[03:03:16] [udemy-downloader] [parse_new:1808] INFO: Processing 0 caption(s)...
[03:03:16] [udemy-downloader] [parse_new:1822] INFO:     > Processing 0 asset(s) for lecture...
[03:03:19] [udemy-downloader] [parse_new:1782] INFO:   > Processing lecture 120 of 149
[03:03:19] [udemy-downloader] [process_lecture:1598] INFO:       > Lecture doesn't have DRM, attempting to download...
[03:03:19] [udemy-downloader] [process_lecture:1603] INFO:       ====== Selected quality: video 720
[03:03:21] [udemy-downloader] [parse_new:1808] INFO: Processing 0 caption(s)...
[03:03:21] [udemy-downloader] [parse_new:1822] INFO:     > Processing 0 asset(s) for lecture...
[03:03:25] [udemy-downloader] [parse_new:1782] INFO:   > Processing lecture 121 of 149
[03:03:25] [udemy-downloader] [process_lecture:1598] INFO:       > Lecture doesn't have DRM, attempting to download...
[03:03:25] [udemy-downloader] [process_lecture:1603] INFO:       ====== Selected quality: video 720
[03:03:27] [udemy-downloader] [parse_new:1808] INFO: Processing 0 caption(s)...
[03:03:27] [udemy-downloader] [parse_new:1822] INFO:     > Processing 0 asset(s) for lecture...
[03:03:31] [udemy-downloader] [parse_new:1782] INFO:   > Processing lecture 122 of 149
[03:03:31] [udemy-downloader] [process_lecture:1598] INFO:       > Lecture doesn't have DRM, attempting to download...
[03:03:31] [udemy-downloader] [process_lecture:1603] INFO:       ====== Selected quality: video 720
[03:03:33] [udemy-downloader] [parse_new:1808] INFO: Processing 0 caption(s)...
[03:03:33] [udemy-downloader] [parse_new:1822] INFO:     > Processing 0 asset(s) for lecture...
[03:03:36] [udemy-downloader] [parse_new:1782] INFO:   > Processing lecture 123 of 149
[03:03:36] [udemy-downloader] [process_lecture:1598] INFO:       > Lecture doesn't have DRM, attempting to download...
[03:03:36] [udemy-downloader] [process_lecture:1603] INFO:       ====== Selected quality: video 720
[03:03:37] [udemy-downloader] [parse_new:1808] INFO: Processing 0 caption(s)...
[03:03:37] [udemy-downloader] [parse_new:1822] INFO:     > Processing 0 asset(s) for lecture...
[03:03:37] [udemy-downloader] [parse_new:1754] INFO: ======= Processing chapter 21 of 23 =======
[03:03:41] [udemy-downloader] [parse_new:1782] INFO:   > Processing lecture 124 of 149
[03:03:41] [udemy-downloader] [process_lecture:1598] INFO:       > Lecture doesn't have DRM, attempting to download...
[03:03:41] [udemy-downloader] [process_lecture:1603] INFO:       ====== Selected quality: video 720
[03:03:43] [udemy-downloader] [parse_new:1808] INFO: Processing 0 caption(s)...
[03:03:43] [udemy-downloader] [parse_new:1822] INFO:     > Processing 0 asset(s) for lecture...
[03:03:47] [udemy-downloader] [parse_new:1782] INFO:   > Processing lecture 125 of 149
[03:03:47] [udemy-downloader] [process_lecture:1598] INFO:       > Lecture doesn't have DRM, attempting to download...
[03:03:47] [udemy-downloader] [process_lecture:1603] INFO:       ====== Selected quality: video 720
[03:03:49] [udemy-downloader] [parse_new:1808] INFO: Processing 0 caption(s)...
[03:03:49] [udemy-downloader] [parse_new:1822] INFO:     > Processing 0 asset(s) for lecture...
[03:03:53] [udemy-downloader] [parse_new:1782] INFO:   > Processing lecture 126 of 149
[03:03:53] [udemy-downloader] [process_lecture:1598] INFO:       > Lecture doesn't have DRM, attempting to download...
[03:03:53] [udemy-downloader] [process_lecture:1603] INFO:       ====== Selected quality: video 720
[03:03:55] [udemy-downloader] [parse_new:1808] INFO: Processing 0 caption(s)...
[03:03:55] [udemy-downloader] [parse_new:1822] INFO:     > Processing 0 asset(s) for lecture...
[03:04:00] [udemy-downloader] [parse_new:1782] INFO:   > Processing lecture 127 of 149
[03:04:00] [udemy-downloader] [process_lecture:1598] INFO:       > Lecture doesn't have DRM, attempting to download...
[03:04:00] [udemy-downloader] [process_lecture:1603] INFO:       ====== Selected quality: video 720
[03:04:02] [udemy-downloader] [parse_new:1808] INFO: Processing 0 caption(s)...
[03:04:02] [udemy-downloader] [parse_new:1822] INFO:     > Processing 0 asset(s) for lecture...
[03:04:07] [udemy-downloader] [parse_new:1782] INFO:   > Processing lecture 128 of 149
[03:04:07] [udemy-downloader] [process_lecture:1598] INFO:       > Lecture doesn't have DRM, attempting to download...
[03:04:07] [udemy-downloader] [process_lecture:1603] INFO:       ====== Selected quality: video 720
[03:04:09] [udemy-downloader] [parse_new:1808] INFO: Processing 0 caption(s)...
[03:04:09] [udemy-downloader] [parse_new:1822] INFO:     > Processing 0 asset(s) for lecture...
[03:04:12] [udemy-downloader] [parse_new:1782] INFO:   > Processing lecture 129 of 149
[03:04:12] [udemy-downloader] [process_lecture:1598] INFO:       > Lecture doesn't have DRM, attempting to download...
[03:04:12] [udemy-downloader] [process_lecture:1603] INFO:       ====== Selected quality: video 720
[03:04:15] [udemy-downloader] [parse_new:1808] INFO: Processing 0 caption(s)...
[03:04:15] [udemy-downloader] [parse_new:1822] INFO:     > Processing 0 asset(s) for lecture...
[03:04:20] [udemy-downloader] [parse_new:1782] INFO:   > Processing lecture 130 of 149
[03:04:20] [udemy-downloader] [process_lecture:1598] INFO:       > Lecture doesn't have DRM, attempting to download...
[03:04:20] [udemy-downloader] [process_lecture:1603] INFO:       ====== Selected quality: video 720
[03:04:22] [udemy-downloader] [parse_new:1808] INFO: Processing 0 caption(s)...
[03:04:22] [udemy-downloader] [parse_new:1822] INFO:     > Processing 0 asset(s) for lecture...
[03:04:25] [udemy-downloader] [parse_new:1782] INFO:   > Processing lecture 131 of 149
[03:04:25] [udemy-downloader] [process_lecture:1598] INFO:       > Lecture doesn't have DRM, attempting to download...
[03:04:25] [udemy-downloader] [process_lecture:1603] INFO:       ====== Selected quality: video 720
[03:04:27] [udemy-downloader] [parse_new:1808] INFO: Processing 0 caption(s)...
[03:04:27] [udemy-downloader] [parse_new:1822] INFO:     > Processing 0 asset(s) for lecture...
[03:04:30] [udemy-downloader] [parse_new:1782] INFO:   > Processing lecture 132 of 149
[03:04:30] [udemy-downloader] [process_lecture:1598] INFO:       > Lecture doesn't have DRM, attempting to download...
[03:04:30] [udemy-downloader] [process_lecture:1603] INFO:       ====== Selected quality: video 720
[03:04:32] [udemy-downloader] [parse_new:1808] INFO: Processing 0 caption(s)...
[03:04:32] [udemy-downloader] [parse_new:1822] INFO:     > Processing 0 asset(s) for lecture...
[03:04:36] [udemy-downloader] [parse_new:1782] INFO:   > Processing lecture 133 of 149
[03:04:36] [udemy-downloader] [process_lecture:1598] INFO:       > Lecture doesn't have DRM, attempting to download...
[03:04:36] [udemy-downloader] [process_lecture:1603] INFO:       ====== Selected quality: video 720
[03:04:38] [udemy-downloader] [parse_new:1808] INFO: Processing 0 caption(s)...
[03:04:38] [udemy-downloader] [parse_new:1822] INFO:     > Processing 0 asset(s) for lecture...
[03:04:42] [udemy-downloader] [parse_new:1782] INFO:   > Processing lecture 134 of 149
[03:04:42] [udemy-downloader] [process_lecture:1598] INFO:       > Lecture doesn't have DRM, attempting to download...
[03:04:42] [udemy-downloader] [process_lecture:1603] INFO:       ====== Selected quality: video 720
[03:04:45] [udemy-downloader] [parse_new:1808] INFO: Processing 0 caption(s)...
[03:04:45] [udemy-downloader] [parse_new:1822] INFO:     > Processing 0 asset(s) for lecture...
[03:04:49] [udemy-downloader] [parse_new:1782] INFO:   > Processing lecture 135 of 149
[03:04:49] [udemy-downloader] [process_lecture:1598] INFO:       > Lecture doesn't have DRM, attempting to download...
[03:04:49] [udemy-downloader] [process_lecture:1603] INFO:       ====== Selected quality: video 720
[03:04:52] [udemy-downloader] [parse_new:1808] INFO: Processing 0 caption(s)...
[03:04:52] [udemy-downloader] [parse_new:1822] INFO:     > Processing 0 asset(s) for lecture...
[03:04:57] [udemy-downloader] [parse_new:1782] INFO:   > Processing lecture 136 of 149
[03:04:57] [udemy-downloader] [process_lecture:1598] INFO:       > Lecture doesn't have DRM, attempting to download...
[03:04:57] [udemy-downloader] [process_lecture:1603] INFO:       ====== Selected quality: video 720
[03:04:59] [udemy-downloader] [parse_new:1808] INFO: Processing 0 caption(s)...
[03:04:59] [udemy-downloader] [parse_new:1822] INFO:     > Processing 0 asset(s) for lecture...
[03:04:59] [udemy-downloader] [parse_new:1754] INFO: ======= Processing chapter 22 of 23 =======
[03:05:02] [udemy-downloader] [parse_new:1782] INFO:   > Processing lecture 137 of 149
[03:05:02] [udemy-downloader] [process_lecture:1598] INFO:       > Lecture doesn't have DRM, attempting to download...
[03:05:02] [udemy-downloader] [process_lecture:1603] INFO:       ====== Selected quality: video 720
[03:05:04] [udemy-downloader] [parse_new:1808] INFO: Processing 0 caption(s)...
[03:05:04] [udemy-downloader] [parse_new:1822] INFO:     > Processing 0 asset(s) for lecture...
[03:05:07] [udemy-downloader] [parse_new:1782] INFO:   > Processing lecture 138 of 149
[03:05:07] [udemy-downloader] [process_lecture:1598] INFO:       > Lecture doesn't have DRM, attempting to download...
[03:05:07] [udemy-downloader] [process_lecture:1603] INFO:       ====== Selected quality: video 720
[03:05:09] [udemy-downloader] [parse_new:1808] INFO: Processing 0 caption(s)...
[03:05:09] [udemy-downloader] [parse_new:1822] INFO:     > Processing 0 asset(s) for lecture...
[03:05:12] [udemy-downloader] [parse_new:1782] INFO:   > Processing lecture 139 of 149
[03:05:12] [udemy-downloader] [process_lecture:1598] INFO:       > Lecture doesn't have DRM, attempting to download...
[03:05:12] [udemy-downloader] [process_lecture:1603] INFO:       ====== Selected quality: video 720
[03:05:15] [udemy-downloader] [parse_new:1808] INFO: Processing 0 caption(s)...
[03:05:15] [udemy-downloader] [parse_new:1822] INFO:     > Processing 0 asset(s) for lecture...
[03:05:19] [udemy-downloader] [parse_new:1782] INFO:   > Processing lecture 140 of 149
[03:05:19] [udemy-downloader] [process_lecture:1598] INFO:       > Lecture doesn't have DRM, attempting to download...
[03:05:19] [udemy-downloader] [process_lecture:1603] INFO:       ====== Selected quality: video 720
[03:05:21] [udemy-downloader] [parse_new:1808] INFO: Processing 0 caption(s)...
[03:05:21] [udemy-downloader] [parse_new:1822] INFO:     > Processing 0 asset(s) for lecture...
[03:05:26] [udemy-downloader] [parse_new:1782] INFO:   > Processing lecture 141 of 149
[03:05:26] [udemy-downloader] [process_lecture:1598] INFO:       > Lecture doesn't have DRM, attempting to download...
[03:05:26] [udemy-downloader] [process_lecture:1603] INFO:       ====== Selected quality: video 720
[03:05:28] [udemy-downloader] [parse_new:1808] INFO: Processing 0 caption(s)...
[03:05:28] [udemy-downloader] [parse_new:1822] INFO:     > Processing 0 asset(s) for lecture...
[03:05:33] [udemy-downloader] [parse_new:1782] INFO:   > Processing lecture 142 of 149
[03:05:33] [udemy-downloader] [process_lecture:1598] INFO:       > Lecture doesn't have DRM, attempting to download...
[03:05:33] [udemy-downloader] [process_lecture:1603] INFO:       ====== Selected quality: video 720
[03:05:36] [udemy-downloader] [parse_new:1808] INFO: Processing 0 caption(s)...
[03:05:36] [udemy-downloader] [parse_new:1822] INFO:     > Processing 0 asset(s) for lecture...
[03:05:40] [udemy-downloader] [parse_new:1782] INFO:   > Processing lecture 143 of 149
[03:05:40] [udemy-downloader] [process_lecture:1598] INFO:       > Lecture doesn't have DRM, attempting to download...
[03:05:40] [udemy-downloader] [process_lecture:1603] INFO:       ====== Selected quality: video 720
[03:05:42] [udemy-downloader] [parse_new:1808] INFO: Processing 0 caption(s)...
[03:05:42] [udemy-downloader] [parse_new:1822] INFO:     > Processing 0 asset(s) for lecture...
[03:05:45] [udemy-downloader] [parse_new:1782] INFO:   > Processing lecture 144 of 149
[03:05:45] [udemy-downloader] [process_lecture:1598] INFO:       > Lecture doesn't have DRM, attempting to download...
[03:05:45] [udemy-downloader] [process_lecture:1603] INFO:       ====== Selected quality: video 720
[03:05:47] [udemy-downloader] [parse_new:1808] INFO: Processing 0 caption(s)...
[03:05:47] [udemy-downloader] [parse_new:1822] INFO:     > Processing 0 asset(s) for lecture...
[03:05:50] [udemy-downloader] [parse_new:1782] INFO:   > Processing lecture 145 of 149
[03:05:50] [udemy-downloader] [process_lecture:1598] INFO:       > Lecture doesn't have DRM, attempting to download...
[03:05:50] [udemy-downloader] [process_lecture:1603] INFO:       ====== Selected quality: video 720
[03:05:52] [udemy-downloader] [parse_new:1808] INFO: Processing 0 caption(s)...
[03:05:52] [udemy-downloader] [parse_new:1822] INFO:     > Processing 0 asset(s) for lecture...
[03:05:52] [udemy-downloader] [parse_new:1754] INFO: ======= Processing chapter 23 of 23 =======
[03:05:55] [udemy-downloader] [parse_new:1782] INFO:   > Processing lecture 146 of 149
[03:05:55] [udemy-downloader] [process_lecture:1598] INFO:       > Lecture doesn't have DRM, attempting to download...
[03:05:55] [udemy-downloader] [process_lecture:1603] INFO:       ====== Selected quality: video 720
[03:05:57] [udemy-downloader] [parse_new:1808] INFO: Processing 0 caption(s)...
[03:05:57] [udemy-downloader] [parse_new:1822] INFO:     > Processing 0 asset(s) for lecture...
[03:06:02] [udemy-downloader] [parse_new:1782] INFO:   > Processing lecture 147 of 149
[03:06:02] [udemy-downloader] [process_lecture:1598] INFO:       > Lecture doesn't have DRM, attempting to download...
[03:06:02] [udemy-downloader] [process_lecture:1603] INFO:       ====== Selected quality: video 720
[03:06:06] [udemy-downloader] [parse_new:1808] INFO: Processing 0 caption(s)...
[03:06:06] [udemy-downloader] [parse_new:1822] INFO:     > Processing 0 asset(s) for lecture...
[03:06:10] [udemy-downloader] [parse_new:1782] INFO:   > Processing lecture 148 of 149
[03:06:10] [udemy-downloader] [process_lecture:1598] INFO:       > Lecture doesn't have DRM, attempting to download...
[03:06:10] [udemy-downloader] [process_lecture:1603] INFO:       ====== Selected quality: video 720
[03:06:13] [udemy-downloader] [parse_new:1808] INFO: Processing 0 caption(s)...
[03:06:13] [udemy-downloader] [parse_new:1822] INFO:     > Processing 0 asset(s) for lecture...
[03:06:17] [udemy-downloader] [parse_new:1782] INFO:   > Processing lecture 149 of 149
[03:06:17] [udemy-downloader] [process_lecture:1598] INFO:       > Lecture doesn't have DRM, attempting to download...
[03:06:17] [udemy-downloader] [process_lecture:1603] INFO:       ====== Selected quality: video 720
[03:06:20] [udemy-downloader] [parse_new:1808] INFO: Processing 0 caption(s)...
[03:06:20] [udemy-downloader] [parse_new:1822] INFO:     > Processing 0 asset(s) for lecture...
