{"timestamp":"2026-01-16T10:59:01.455Z","level":"info","category":"download","source":"python_worker","orderId":33,"taskId":43,"message":"Download started","details":{"courseUrl":"https://samsungu.udemy.com/course/prompt-engineering-for-work/"},"progress":null,"currentFile":null,"stack":null,"metadata":null}
{"timestamp":"2026-01-16T10:59:01.473Z","level":"info","category":"download","source":"python_worker","orderId":33,"taskId":43,"message":"Download progress: 30% (Downloading course content...)","details":{"attempt":1},"progress":30,"currentFile":"Downloading course content...","stack":null,"metadata":null}

============================================================
[2026-01-16T17:59:01.479728] Starting download for task 43
Command: /usr/bin/python3 main.py -c https://samsungu.udemy.com/course/prompt-engineering-for-work/ -b BXkdOY7L4dK19hrNj1GnplHFHoMbkXpiLlSn9dcU -o Staging_Download/Task_43 -q 720 --download-captions --download-assets --download-quizzes --concurrent-downloads 10 --continue-lecture-numbers
============================================================

============================================================
[LOGGING MODULE] Starting download process
============================================================
[05:59:02] [udemy-downloader] [pre_run:394] INFO: Output directory set to /root/project/server/udemy_dl/Staging_Download/Task_43
[05:59:02] [udemy-downloader] [pre_run:404] WARNING: > Keyfile not found! You won't be able to decrypt any encrypted videos!
[05:59:03] [udemy-downloader] [visit:1203] INFO: Visit request successful
[05:59:03] [udemy-downloader] [main:2044] INFO: > Fetching course information, this may take a minute...
[05:59:04] [udemy-downloader] [_handle_pagination:914] INFO: > Downloading data page 2/2
[05:59:06] [udemy-downloader] [main:2047] INFO: > Course information retrieved!
[05:59:06] [udemy-downloader] [main:2052] INFO: > Fetching course curriculum, this may take a minute...
[05:59:07] [udemy-downloader] [main:2076] INFO: > Course curriculum retrieved!
[05:59:07] [udemy-downloader] [main:2107] INFO: > Processing course data, this may take a minute. 
[05:59:07] [udemy-downloader] [main:2151] INFO: Processing 2 of 15
[05:59:07] [udemy-downloader] [main:2151] INFO: Processing 3 of 15
[05:59:07] [udemy-downloader] [main:2151] INFO: Processing 4 of 15
[05:59:07] [udemy-downloader] [main:2151] INFO: Processing 5 of 15
[05:59:07] [udemy-downloader] [main:2151] INFO: Processing 6 of 15
[05:59:07] [udemy-downloader] [main:2151] INFO: Processing 7 of 15
[05:59:07] [udemy-downloader] [main:2151] INFO: Processing 8 of 15
[05:59:07] [udemy-downloader] [main:2151] INFO: Processing 9 of 15
[05:59:07] [udemy-downloader] [main:2151] INFO: Processing 10 of 15
[05:59:07] [udemy-downloader] [main:2151] INFO: Processing 11 of 15
[05:59:07] [udemy-downloader] [main:2151] INFO: Processing 12 of 15
[05:59:07] [udemy-downloader] [main:2151] INFO: Processing 13 of 15
[05:59:07] [udemy-downloader] [main:2151] INFO: Processing 14 of 15
[05:59:07] [udemy-downloader] [main:2151] INFO: Processing 15 of 15
[05:59:07] [udemy-downloader] [parse_new:1731] INFO: Chapter(s) (1)
[05:59:07] [udemy-downloader] [parse_new:1732] INFO: Lecture(s) (14)
[05:59:07] [udemy-downloader] [parse_new:1754] INFO: ======= Processing chapter 1 of 1 =======
[05:59:10] [udemy-downloader] [parse_new:1782] INFO:   > Processing lecture 1 of 14
[05:59:10] [udemy-downloader] [process_lecture:1598] INFO:       > Lecture doesn't have DRM, attempting to download...
[05:59:10] [udemy-downloader] [process_lecture:1603] INFO:       ====== Selected quality: video 720
[05:59:12] [udemy-downloader] [parse_new:1808] INFO: Processing 3 caption(s)...
[05:59:12] [udemy-downloader] [process_caption:1546] INFO:     >  Downloading caption: '001 Key Prompt Engineering Concepts_en.vtt'
[05:59:12] [udemy-downloader] [process_caption:1559] INFO:     > Converting caption to SRT format...
[05:59:12] [udemy-downloader] [process_caption:1561] INFO:     > Caption conversion complete.
[05:59:12] [udemy-downloader] [parse_new:1822] INFO:     > Processing 0 asset(s) for lecture...
[05:59:15] [udemy-downloader] [parse_new:1782] INFO:   > Processing lecture 2 of 14
[05:59:15] [udemy-downloader] [process_lecture:1598] INFO:       > Lecture doesn't have DRM, attempting to download...
[05:59:15] [udemy-downloader] [process_lecture:1603] INFO:       ====== Selected quality: video 720
[05:59:18] [udemy-downloader] [parse_new:1808] INFO: Processing 3 caption(s)...
[05:59:18] [udemy-downloader] [process_caption:1546] INFO:     >  Downloading caption: '002 Core Prompting Techniques_en.vtt'
[05:59:18] [udemy-downloader] [process_caption:1559] INFO:     > Converting caption to SRT format...
[05:59:18] [udemy-downloader] [process_caption:1561] INFO:     > Caption conversion complete.
[05:59:18] [udemy-downloader] [parse_new:1822] INFO:     > Processing 0 asset(s) for lecture...
[05:59:22] [udemy-downloader] [parse_new:1782] INFO:   > Processing lecture 3 of 14
[05:59:22] [udemy-downloader] [process_lecture:1598] INFO:       > Lecture doesn't have DRM, attempting to download...
[05:59:22] [udemy-downloader] [process_lecture:1603] INFO:       ====== Selected quality: video 720
[05:59:24] [udemy-downloader] [parse_new:1808] INFO: Processing 3 caption(s)...
[05:59:24] [udemy-downloader] [process_caption:1546] INFO:     >  Downloading caption: '003 Writing Better Work Emails with AI_en.vtt'
[05:59:25] [udemy-downloader] [process_caption:1559] INFO:     > Converting caption to SRT format...
[05:59:25] [udemy-downloader] [process_caption:1561] INFO:     > Caption conversion complete.
[05:59:25] [udemy-downloader] [parse_new:1822] INFO:     > Processing 0 asset(s) for lecture...
[05:59:27] [udemy-downloader] [parse_new:1782] INFO:   > Processing lecture 4 of 14
[05:59:27] [udemy-downloader] [process_lecture:1598] INFO:       > Lecture doesn't have DRM, attempting to download...
[05:59:27] [udemy-downloader] [process_lecture:1603] INFO:       ====== Selected quality: video 720
[05:59:29] [udemy-downloader] [parse_new:1808] INFO: Processing 3 caption(s)...
[05:59:29] [udemy-downloader] [process_caption:1546] INFO:     >  Downloading caption: '004 Planning and Prioritizing Tasks with AI_en.vtt'
[05:59:29] [udemy-downloader] [process_caption:1559] INFO:     > Converting caption to SRT format...
[05:59:29] [udemy-downloader] [process_caption:1561] INFO:     > Caption conversion complete.
[05:59:29] [udemy-downloader] [parse_new:1822] INFO:     > Processing 0 asset(s) for lecture...
[05:59:32] [udemy-downloader] [parse_new:1782] INFO:   > Processing lecture 5 of 14
[05:59:32] [udemy-downloader] [process_lecture:1598] INFO:       > Lecture doesn't have DRM, attempting to download...
[05:59:32] [udemy-downloader] [process_lecture:1603] INFO:       ====== Selected quality: video 720
[05:59:34] [udemy-downloader] [parse_new:1808] INFO: Processing 3 caption(s)...
[05:59:34] [udemy-downloader] [process_caption:1546] INFO:     >  Downloading caption: '005 Summarizing and Extracting Key Points with AI_en.vtt'
[05:59:35] [udemy-downloader] [process_caption:1559] INFO:     > Converting caption to SRT format...
[05:59:35] [udemy-downloader] [process_caption:1561] INFO:     > Caption conversion complete.
[05:59:35] [udemy-downloader] [parse_new:1822] INFO:     > Processing 0 asset(s) for lecture...
[05:59:38] [udemy-downloader] [parse_new:1782] INFO:   > Processing lecture 6 of 14
[05:59:38] [udemy-downloader] [process_lecture:1598] INFO:       > Lecture doesn't have DRM, attempting to download...
[05:59:38] [udemy-downloader] [process_lecture:1603] INFO:       ====== Selected quality: video 720
[05:59:39] [udemy-downloader] [parse_new:1808] INFO: Processing 3 caption(s)...
[05:59:39] [udemy-downloader] [process_caption:1546] INFO:     >  Downloading caption: '006 Brainstorming and Generating Ideas with AI_en.vtt'
[05:59:39] [udemy-downloader] [process_caption:1559] INFO:     > Converting caption to SRT format...
[05:59:39] [udemy-downloader] [process_caption:1561] INFO:     > Caption conversion complete.
[05:59:39] [udemy-downloader] [parse_new:1822] INFO:     > Processing 0 asset(s) for lecture...
[05:59:42] [udemy-downloader] [parse_new:1782] INFO:   > Processing lecture 7 of 14
[05:59:42] [udemy-downloader] [process_lecture:1598] INFO:       > Lecture doesn't have DRM, attempting to download...
[05:59:42] [udemy-downloader] [process_lecture:1603] INFO:       ====== Selected quality: video 720
[05:59:45] [udemy-downloader] [parse_new:1808] INFO: Processing 3 caption(s)...
[05:59:45] [udemy-downloader] [process_caption:1546] INFO:     >  Downloading caption: '007 Improving Writing and Rewriting with AI_en.vtt'
[05:59:45] [udemy-downloader] [process_caption:1559] INFO:     > Converting caption to SRT format...
[05:59:45] [udemy-downloader] [process_caption:1561] INFO:     > Caption conversion complete.
[05:59:45] [udemy-downloader] [parse_new:1822] INFO:     > Processing 0 asset(s) for lecture...
[05:59:48] [udemy-downloader] [parse_new:1782] INFO:   > Processing lecture 8 of 14
[05:59:48] [udemy-downloader] [process_lecture:1598] INFO:       > Lecture doesn't have DRM, attempting to download...
[05:59:48] [udemy-downloader] [process_lecture:1603] INFO:       ====== Selected quality: video 720
[05:59:51] [udemy-downloader] [parse_new:1808] INFO: Processing 3 caption(s)...
[05:59:51] [udemy-downloader] [process_caption:1546] INFO:     >  Downloading caption: '008 Creating Visuals and Presentations with AI_en.vtt'
[05:59:51] [udemy-downloader] [process_caption:1559] INFO:     > Converting caption to SRT format...
[05:59:51] [udemy-downloader] [process_caption:1561] INFO:     > Caption conversion complete.
[05:59:51] [udemy-downloader] [parse_new:1822] INFO:     > Processing 0 asset(s) for lecture...
[05:59:54] [udemy-downloader] [parse_new:1782] INFO:   > Processing lecture 9 of 14
[05:59:54] [udemy-downloader] [process_lecture:1598] INFO:       > Lecture doesn't have DRM, attempting to download...
[05:59:54] [udemy-downloader] [process_lecture:1603] INFO:       ====== Selected quality: video 720
[05:59:56] [udemy-downloader] [parse_new:1808] INFO: Processing 3 caption(s)...
[05:59:56] [udemy-downloader] [process_caption:1546] INFO:     >  Downloading caption: '009 Automating Repetitive Tasks with AI_en.vtt'
[05:59:56] [udemy-downloader] [process_caption:1559] INFO:     > Converting caption to SRT format...
[05:59:56] [udemy-downloader] [process_caption:1561] INFO:     > Caption conversion complete.
[05:59:56] [udemy-downloader] [parse_new:1822] INFO:     > Processing 0 asset(s) for lecture...
[05:59:58] [udemy-downloader] [parse_new:1782] INFO:   > Processing lecture 10 of 14
[05:59:58] [udemy-downloader] [process_lecture:1598] INFO:       > Lecture doesn't have DRM, attempting to download...
[05:59:58] [udemy-downloader] [process_lecture:1603] INFO:       ====== Selected quality: video 720
[06:00:01] [udemy-downloader] [parse_new:1808] INFO: Processing 3 caption(s)...
[06:00:01] [udemy-downloader] [process_caption:1546] INFO:     >  Downloading caption: '010 Collaborating with AI as a Thought Partner_en.vtt'
[06:00:01] [udemy-downloader] [process_caption:1559] INFO:     > Converting caption to SRT format...
[06:00:01] [udemy-downloader] [process_caption:1561] INFO:     > Caption conversion complete.
[06:00:01] [udemy-downloader] [parse_new:1822] INFO:     > Processing 0 asset(s) for lecture...
[06:00:04] [udemy-downloader] [parse_new:1782] INFO:   > Processing lecture 11 of 14
[06:00:04] [udemy-downloader] [process_lecture:1598] INFO:       > Lecture doesn't have DRM, attempting to download...
[06:00:04] [udemy-downloader] [process_lecture:1603] INFO:       ====== Selected quality: video 720
[06:00:06] [udemy-downloader] [parse_new:1808] INFO: Processing 3 caption(s)...
[06:00:06] [udemy-downloader] [process_caption:1546] INFO:     >  Downloading caption: '011 Building Your Own Prompt Playbook_en.vtt'
[06:00:06] [udemy-downloader] [process_caption:1559] INFO:     > Converting caption to SRT format...
[06:00:06] [udemy-downloader] [process_caption:1561] INFO:     > Caption conversion complete.
[06:00:06] [udemy-downloader] [parse_new:1822] INFO:     > Processing 0 asset(s) for lecture...
[06:00:10] [udemy-downloader] [parse_new:1782] INFO:   > Processing lecture 12 of 14
[06:00:10] [udemy-downloader] [process_lecture:1598] INFO:       > Lecture doesn't have DRM, attempting to download...
[06:00:10] [udemy-downloader] [process_lecture:1603] INFO:       ====== Selected quality: video 720
[06:00:13] [udemy-downloader] [parse_new:1808] INFO: Processing 3 caption(s)...
[06:00:13] [udemy-downloader] [process_caption:1546] INFO:     >  Downloading caption: '012 Prompting Best Practices and Final Tips_en.vtt'
[06:00:13] [udemy-downloader] [process_caption:1559] INFO:     > Converting caption to SRT format...
[06:00:13] [udemy-downloader] [process_caption:1561] INFO:     > Caption conversion complete.
[06:00:13] [udemy-downloader] [parse_new:1822] INFO:     > Processing 0 asset(s) for lecture...
[06:00:15] [udemy-downloader] [parse_new:1782] INFO:   > Processing lecture 13 of 14
[06:00:15] [udemy-downloader] [process_lecture:1598] INFO:       > Lecture doesn't have DRM, attempting to download...
[06:00:15] [udemy-downloader] [process_lecture:1603] INFO:       ====== Selected quality: video 720
[06:00:18] [udemy-downloader] [parse_new:1808] INFO: Processing 3 caption(s)...
[06:00:18] [udemy-downloader] [process_caption:1546] INFO:     >  Downloading caption: '013 Next Steps_en.vtt'
[06:00:18] [udemy-downloader] [process_caption:1559] INFO:     > Converting caption to SRT format...
[06:00:18] [udemy-downloader] [process_caption:1561] INFO:     > Caption conversion complete.
[06:00:18] [udemy-downloader] [parse_new:1822] INFO:     > Processing 0 asset(s) for lecture...
[06:00:18] [udemy-downloader] [parse_new:1782] INFO:   > Processing lecture 14 of 14
[06:00:18] [udemy-downloader] [parse_new:1822] INFO:     > Processing 1 asset(s) for lecture...
{"timestamp":"2026-01-16T11:00:18.652Z","level":"info","category":"download","source":"python_worker","orderId":33,"taskId":43,"message":"Download progress: 70% (Download completed, preparing upload...)","details":{"duration":77,"attempt":1},"progress":70,"currentFile":"Download completed, preparing upload...","stack":null,"metadata":null}
{"timestamp":"2026-01-16T11:00:26.436Z","level":"info","category":"download","source":"python_worker","orderId":33,"taskId":43,"message":"Download progress: 100% (Task completed successfully!)","details":{"duration":84,"folderName":"prompt-engineering-for-work"},"progress":100,"currentFile":"Task completed successfully!","stack":null,"metadata":null}
