
============================================================
[2026-01-18T02:03:16.294390] Starting download for task 61
Command: /usr/bin/python3 main.py -c https://samsungu.udemy.com/course/r-analytics/ -b BXkdOY7L4dK19hrNj1GnplHFHoMbkXpiLlSn9dcU -o Staging_Download/Task_61 -q 720 --download-captions --download-assets --download-quizzes --concurrent-downloads 10 --continue-lecture-numbers
============================================================

============================================================
[LOGGING MODULE] Starting download process
============================================================
[02:03:17] [udemy-downloader] [pre_run:394] INFO: Output directory set to /root/project/server/udemy_dl/Staging_Download/Task_61
[02:03:17] [udemy-downloader] [pre_run:404] WARNING: > Keyfile not found! You won't be able to decrypt any encrypted videos!
[02:03:18] [udemy-downloader] [visit:1203] INFO: Visit request successful
[02:03:18] [udemy-downloader] [main:2044] INFO: > Fetching course information, this may take a minute...
[02:03:18] [udemy-downloader] [_handle_pagination:914] INFO: > Downloading data page 2/2
[02:03:19] [udemy-downloader] [main:2047] INFO: > Course information retrieved!
[02:03:19] [udemy-downloader] [main:2052] INFO: > Fetching course curriculum, this may take a minute...
[02:03:32] [udemy-downloader] [main:2076] INFO: > Course curriculum retrieved!
[02:03:32] [udemy-downloader] [main:2107] INFO: > Processing course data, this may take a minute. 
[02:03:32] [udemy-downloader] [main:2151] INFO: Processing 2 of 61
[02:03:32] [udemy-downloader] [main:2151] INFO: Processing 3 of 61
[02:03:32] [udemy-downloader] [main:2151] INFO: Processing 4 of 61
[02:03:32] [udemy-downloader] [main:2151] INFO: Processing 5 of 61
[02:03:32] [udemy-downloader] [main:2151] INFO: Processing 6 of 61
[02:03:32] [udemy-downloader] [main:2151] INFO: Processing 8 of 61
[02:03:32] [udemy-downloader] [main:2151] INFO: Processing 9 of 61
[02:03:32] [udemy-downloader] [main:2151] INFO: Processing 10 of 61
[02:03:32] [udemy-downloader] [main:2151] INFO: Processing 11 of 61
[02:03:32] [udemy-downloader] [main:2151] INFO: Processing 12 of 61
[02:03:32] [udemy-downloader] [main:2151] INFO: Processing 13 of 61
[02:03:32] [udemy-downloader] [main:2151] INFO: Processing 14 of 61
[02:03:32] [udemy-downloader] [main:2151] INFO: Processing 15 of 61
[02:03:32] [udemy-downloader] [main:2151] INFO: Processing 16 of 61
[02:03:32] [udemy-downloader] [main:2151] INFO: Processing 17 of 61
[02:03:32] [udemy-downloader] [main:2151] INFO: Processing 18 of 61
[02:03:32] [udemy-downloader] [main:2151] INFO: Processing 19 of 61
[02:03:32] [udemy-downloader] [main:2151] INFO: Processing 20 of 61
[02:03:32] [udemy-downloader] [main:2151] INFO: Processing 21 of 61
[02:03:32] [udemy-downloader] [main:2151] INFO: Processing 22 of 61
[02:03:32] [udemy-downloader] [main:2151] INFO: Processing 23 of 61
[02:03:32] [udemy-downloader] [main:2151] INFO: Processing 24 of 61
[02:03:32] [udemy-downloader] [main:2151] INFO: Processing 25 of 61
[02:03:32] [udemy-downloader] [main:2151] INFO: Processing 26 of 61
[02:03:32] [udemy-downloader] [main:2151] INFO: Processing 27 of 61
[02:03:32] [udemy-downloader] [main:2151] INFO: Processing 28 of 61
[02:03:32] [udemy-downloader] [main:2187] INFO: Processing 29 of 61
[02:03:32] [udemy-downloader] [main:2151] INFO: Processing 31 of 61
[02:03:32] [udemy-downloader] [main:2151] INFO: Processing 32 of 61
[02:03:32] [udemy-downloader] [main:2151] INFO: Processing 33 of 61
[02:03:32] [udemy-downloader] [main:2151] INFO: Processing 34 of 61
[02:03:32] [udemy-downloader] [main:2151] INFO: Processing 35 of 61
[02:03:32] [udemy-downloader] [main:2151] INFO: Processing 36 of 61
[02:03:32] [udemy-downloader] [main:2151] INFO: Processing 37 of 61
[02:03:32] [udemy-downloader] [main:2151] INFO: Processing 38 of 61
[02:03:32] [udemy-downloader] [main:2151] INFO: Processing 39 of 61
[02:03:32] [udemy-downloader] [main:2151] INFO: Processing 40 of 61
[02:03:32] [udemy-downloader] [main:2151] INFO: Processing 41 of 61
[02:03:32] [udemy-downloader] [main:2187] INFO: Processing 42 of 61
[02:03:32] [udemy-downloader] [main:2151] INFO: Processing 44 of 61
[02:03:32] [udemy-downloader] [main:2151] INFO: Processing 45 of 61
[02:03:32] [udemy-downloader] [main:2151] INFO: Processing 46 of 61
[02:03:32] [udemy-downloader] [main:2151] INFO: Processing 47 of 61
[02:03:32] [udemy-downloader] [main:2151] INFO: Processing 48 of 61
[02:03:32] [udemy-downloader] [main:2151] INFO: Processing 49 of 61
[02:03:32] [udemy-downloader] [main:2151] INFO: Processing 50 of 61
[02:03:32] [udemy-downloader] [main:2151] INFO: Processing 51 of 61
[02:03:32] [udemy-downloader] [main:2151] INFO: Processing 52 of 61
[02:03:32] [udemy-downloader] [main:2151] INFO: Processing 53 of 61
[02:03:32] [udemy-downloader] [main:2151] INFO: Processing 54 of 61
[02:03:32] [udemy-downloader] [main:2151] INFO: Processing 55 of 61
[02:03:32] [udemy-downloader] [main:2151] INFO: Processing 56 of 61
[02:03:32] [udemy-downloader] [main:2187] INFO: Processing 57 of 61
[02:03:32] [udemy-downloader] [main:2151] INFO: Processing 58 of 61
[02:03:32] [udemy-downloader] [main:2151] INFO: Processing 60 of 61
[02:03:32] [udemy-downloader] [main:2151] INFO: Processing 61 of 61
[02:03:32] [udemy-downloader] [parse_new:1731] INFO: Chapter(s) (5)
[02:03:32] [udemy-downloader] [parse_new:1732] INFO: Lecture(s) (56)
[02:03:32] [udemy-downloader] [parse_new:1754] INFO: ======= Processing chapter 1 of 5 =======
[02:03:36] [udemy-downloader] [parse_new:1782] INFO:   > Processing lecture 1 of 56
[02:03:36] [udemy-downloader] [process_lecture:1598] INFO:       > Lecture doesn't have DRM, attempting to download...
[02:03:36] [udemy-downloader] [process_lecture:1603] INFO:       ====== Selected quality: video 720
[02:03:41] [udemy-downloader] [parse_new:1808] INFO: Processing 8 caption(s)...
[02:03:41] [udemy-downloader] [process_caption:1546] INFO:     >  Downloading caption: '001 Welcome to the Advanced R Programming Course!_en.vtt'
[02:03:42] [udemy-downloader] [process_caption:1559] INFO:     > Converting caption to SRT format...
[02:03:42] [udemy-downloader] [process_caption:1561] INFO:     > Caption conversion complete.
[02:03:42] [udemy-downloader] [parse_new:1822] INFO:     > Processing 0 asset(s) for lecture...
[02:03:42] [udemy-downloader] [parse_new:1782] INFO:   > Processing lecture 2 of 56
[02:03:42] [udemy-downloader] [parse_new:1822] INFO:     > Processing 1 asset(s) for lecture...
[02:03:42] [udemy-downloader] [parse_new:1782] INFO:   > Processing lecture 3 of 56
[02:03:42] [udemy-downloader] [parse_new:1822] INFO:     > Processing 1 asset(s) for lecture...
[02:03:42] [udemy-downloader] [parse_new:1782] INFO:   > Processing lecture 4 of 56
[02:03:42] [udemy-downloader] [parse_new:1822] INFO:     > Processing 1 asset(s) for lecture...
[02:03:42] [udemy-downloader] [parse_new:1782] INFO:   > Processing lecture 5 of 56
[02:03:42] [udemy-downloader] [parse_new:1822] INFO:     > Processing 1 asset(s) for lecture...
[02:03:42] [udemy-downloader] [parse_new:1754] INFO: ======= Processing chapter 2 of 5 =======
[02:03:46] [udemy-downloader] [parse_new:1782] INFO:   > Processing lecture 6 of 56
[02:03:46] [udemy-downloader] [process_lecture:1598] INFO:       > Lecture doesn't have DRM, attempting to download...
[02:03:46] [udemy-downloader] [process_lecture:1603] INFO:       ====== Selected quality: video 720
[02:03:50] [udemy-downloader] [parse_new:1808] INFO: Processing 8 caption(s)...
[02:03:50] [udemy-downloader] [process_caption:1546] INFO:     >  Downloading caption: '006 Welcome to this section. This is what you will learn!_en.vtt'
[02:03:51] [udemy-downloader] [process_caption:1559] INFO:     > Converting caption to SRT format...
[02:03:51] [udemy-downloader] [process_caption:1561] INFO:     > Caption conversion complete.
[02:03:51] [udemy-downloader] [parse_new:1822] INFO:     > Processing 0 asset(s) for lecture...
[02:03:54] [udemy-downloader] [parse_new:1782] INFO:   > Processing lecture 7 of 56
[02:03:54] [udemy-downloader] [process_lecture:1598] INFO:       > Lecture doesn't have DRM, attempting to download...
[02:03:54] [udemy-downloader] [process_lecture:1603] INFO:       ====== Selected quality: video 720
[02:03:58] [udemy-downloader] [parse_new:1808] INFO: Processing 8 caption(s)...
[02:03:58] [udemy-downloader] [process_caption:1546] INFO:     >  Downloading caption: '007 Project Brief Financial Review_en.vtt'
[02:03:59] [udemy-downloader] [process_caption:1559] INFO:     > Converting caption to SRT format...
[02:03:59] [udemy-downloader] [process_caption:1561] INFO:     > Caption conversion complete.
[02:03:59] [udemy-downloader] [parse_new:1822] INFO:     > Processing 0 asset(s) for lecture...
[02:04:02] [udemy-downloader] [parse_new:1782] INFO:   > Processing lecture 8 of 56
[02:04:02] [udemy-downloader] [process_lecture:1598] INFO:       > Lecture doesn't have DRM, attempting to download...
[02:04:02] [udemy-downloader] [process_lecture:1603] INFO:       ====== Selected quality: video 720
[02:04:11] [udemy-downloader] [parse_new:1808] INFO: Processing 8 caption(s)...
[02:04:11] [udemy-downloader] [process_caption:1546] INFO:     >  Downloading caption: '008 Import Data into R_en.vtt'
[02:04:12] [udemy-downloader] [process_caption:1559] INFO:     > Converting caption to SRT format...
[02:04:12] [udemy-downloader] [process_caption:1561] INFO:     > Caption conversion complete.
[02:04:12] [udemy-downloader] [parse_new:1822] INFO:     > Processing 0 asset(s) for lecture...
[02:04:16] [udemy-downloader] [parse_new:1782] INFO:   > Processing lecture 9 of 56
[02:04:16] [udemy-downloader] [process_lecture:1598] INFO:       > Lecture doesn't have DRM, attempting to download...
[02:04:16] [udemy-downloader] [process_lecture:1603] INFO:       ====== Selected quality: video 720
[02:04:23] [udemy-downloader] [parse_new:1808] INFO: Processing 8 caption(s)...
[02:04:23] [udemy-downloader] [process_caption:1546] INFO:     >  Downloading caption: '009 What are Factors (Refresher)_en.vtt'
[02:04:23] [udemy-downloader] [process_caption:1559] INFO:     > Converting caption to SRT format...
[02:04:23] [udemy-downloader] [process_caption:1561] INFO:     > Caption conversion complete.
[02:04:23] [udemy-downloader] [parse_new:1822] INFO:     > Processing 0 asset(s) for lecture...
[02:04:27] [udemy-downloader] [parse_new:1782] INFO:   > Processing lecture 10 of 56
[02:04:27] [udemy-downloader] [process_lecture:1598] INFO:       > Lecture doesn't have DRM, attempting to download...
[02:04:27] [udemy-downloader] [process_lecture:1603] INFO:       ====== Selected quality: video 720
[02:04:31] [udemy-downloader] [parse_new:1808] INFO: Processing 8 caption(s)...
[02:04:31] [udemy-downloader] [process_caption:1546] INFO:     >  Downloading caption: '010 The Factor Variable Trap_en.vtt'
[02:04:32] [udemy-downloader] [process_caption:1559] INFO:     > Converting caption to SRT format...
[02:04:32] [udemy-downloader] [process_caption:1561] INFO:     > Caption conversion complete.
[02:04:32] [udemy-downloader] [parse_new:1822] INFO:     > Processing 0 asset(s) for lecture...
[02:04:35] [udemy-downloader] [parse_new:1782] INFO:   > Processing lecture 11 of 56
[02:04:35] [udemy-downloader] [process_lecture:1598] INFO:       > Lecture doesn't have DRM, attempting to download...
[02:04:35] [udemy-downloader] [process_lecture:1603] INFO:       ====== Selected quality: video 720
[02:04:39] [udemy-downloader] [parse_new:1808] INFO: Processing 8 caption(s)...
[02:04:39] [udemy-downloader] [process_caption:1546] INFO:     >  Downloading caption: '011 FVT Example_en.vtt'
[02:04:39] [udemy-downloader] [process_caption:1559] INFO:     > Converting caption to SRT format...
[02:04:39] [udemy-downloader] [process_caption:1561] INFO:     > Caption conversion complete.
[02:04:39] [udemy-downloader] [parse_new:1822] INFO:     > Processing 0 asset(s) for lecture...
[02:04:42] [udemy-downloader] [parse_new:1782] INFO:   > Processing lecture 12 of 56
[02:04:42] [udemy-downloader] [process_lecture:1598] INFO:       > Lecture doesn't have DRM, attempting to download...
[02:04:42] [udemy-downloader] [process_lecture:1603] INFO:       ====== Selected quality: video 720
[02:04:47] [udemy-downloader] [parse_new:1808] INFO: Processing 8 caption(s)...
[02:04:47] [udemy-downloader] [process_caption:1546] INFO:     >  Downloading caption: '012 gsub() and sub()_en.vtt'
[02:04:48] [udemy-downloader] [process_caption:1559] INFO:     > Converting caption to SRT format...
[02:04:48] [udemy-downloader] [process_caption:1561] INFO:     > Caption conversion complete.
[02:04:48] [udemy-downloader] [parse_new:1822] INFO:     > Processing 0 asset(s) for lecture...
[02:04:51] [udemy-downloader] [parse_new:1782] INFO:   > Processing lecture 13 of 56
[02:04:51] [udemy-downloader] [process_lecture:1598] INFO:       > Lecture doesn't have DRM, attempting to download...
[02:04:51] [udemy-downloader] [process_lecture:1603] INFO:       ====== Selected quality: video 720
[02:04:55] [udemy-downloader] [parse_new:1808] INFO: Processing 8 caption(s)...
[02:04:55] [udemy-downloader] [process_caption:1546] INFO:     >  Downloading caption: '013 Dealing with Missing Data_en.vtt'
[02:04:55] [udemy-downloader] [process_caption:1559] INFO:     > Converting caption to SRT format...
[02:04:55] [udemy-downloader] [process_caption:1561] INFO:     > Caption conversion complete.
[02:04:55] [udemy-downloader] [parse_new:1822] INFO:     > Processing 0 asset(s) for lecture...

============================================================
[2026-01-18T02:04:56.627593] Starting download for task 61
Command: /usr/bin/python3 main.py -c https://samsungu.udemy.com/course/r-analytics/ -b BXkdOY7L4dK19hrNj1GnplHFHoMbkXpiLlSn9dcU -o Staging_Download/Task_61 -q 720 --download-captions --download-assets --download-quizzes --concurrent-downloads 10 --continue-lecture-numbers
============================================================

============================================================
[LOGGING MODULE] Starting download process
============================================================
[02:04:57] [udemy-downloader] [pre_run:394] INFO: Output directory set to /root/project/server/udemy_dl/Staging_Download/Task_61
[02:04:57] [udemy-downloader] [pre_run:404] WARNING: > Keyfile not found! You won't be able to decrypt any encrypted videos!
[02:04:58] [udemy-downloader] [visit:1203] INFO: Visit request successful
[02:04:58] [udemy-downloader] [main:2044] INFO: > Fetching course information, this may take a minute...
[02:04:59] [udemy-downloader] [_handle_pagination:914] INFO: > Downloading data page 2/2
[02:04:59] [udemy-downloader] [parse_new:1782] INFO:   > Processing lecture 14 of 56
[02:04:59] [udemy-downloader] [process_lecture:1598] INFO:       > Lecture doesn't have DRM, attempting to download...
[02:04:59] [udemy-downloader] [process_lecture:1603] INFO:       ====== Selected quality: video 720
[02:05:00] [udemy-downloader] [main:2047] INFO: > Course information retrieved!
[02:05:00] [udemy-downloader] [main:2052] INFO: > Fetching course curriculum, this may take a minute...
[02:05:00] [udemy-downloader] [main:2076] INFO: > Course curriculum retrieved!
[02:05:00] [udemy-downloader] [main:2107] INFO: > Processing course data, this may take a minute. 
[02:05:00] [udemy-downloader] [main:2151] INFO: Processing 2 of 61
[02:05:00] [udemy-downloader] [main:2151] INFO: Processing 3 of 61
[02:05:00] [udemy-downloader] [main:2151] INFO: Processing 4 of 61
[02:05:00] [udemy-downloader] [main:2151] INFO: Processing 5 of 61
[02:05:00] [udemy-downloader] [main:2151] INFO: Processing 6 of 61
[02:05:00] [udemy-downloader] [main:2151] INFO: Processing 8 of 61
[02:05:00] [udemy-downloader] [main:2151] INFO: Processing 9 of 61
[02:05:00] [udemy-downloader] [main:2151] INFO: Processing 10 of 61
[02:05:00] [udemy-downloader] [main:2151] INFO: Processing 11 of 61
[02:05:00] [udemy-downloader] [main:2151] INFO: Processing 12 of 61
[02:05:00] [udemy-downloader] [main:2151] INFO: Processing 13 of 61
[02:05:00] [udemy-downloader] [main:2151] INFO: Processing 14 of 61
[02:05:00] [udemy-downloader] [main:2151] INFO: Processing 15 of 61
[02:05:00] [udemy-downloader] [main:2151] INFO: Processing 16 of 61
[02:05:00] [udemy-downloader] [main:2151] INFO: Processing 17 of 61
[02:05:00] [udemy-downloader] [main:2151] INFO: Processing 18 of 61
[02:05:00] [udemy-downloader] [main:2151] INFO: Processing 19 of 61
[02:05:00] [udemy-downloader] [main:2151] INFO: Processing 20 of 61
[02:05:00] [udemy-downloader] [main:2151] INFO: Processing 21 of 61
[02:05:00] [udemy-downloader] [main:2151] INFO: Processing 22 of 61
[02:05:00] [udemy-downloader] [main:2151] INFO: Processing 23 of 61
[02:05:00] [udemy-downloader] [main:2151] INFO: Processing 24 of 61
[02:05:00] [udemy-downloader] [main:2151] INFO: Processing 25 of 61
[02:05:00] [udemy-downloader] [main:2151] INFO: Processing 26 of 61
[02:05:00] [udemy-downloader] [main:2151] INFO: Processing 27 of 61
[02:05:00] [udemy-downloader] [main:2151] INFO: Processing 28 of 61
[02:05:00] [udemy-downloader] [main:2187] INFO: Processing 29 of 61
[02:05:00] [udemy-downloader] [main:2151] INFO: Processing 31 of 61
[02:05:00] [udemy-downloader] [main:2151] INFO: Processing 32 of 61
[02:05:00] [udemy-downloader] [main:2151] INFO: Processing 33 of 61
[02:05:00] [udemy-downloader] [main:2151] INFO: Processing 34 of 61
[02:05:00] [udemy-downloader] [main:2151] INFO: Processing 35 of 61
[02:05:00] [udemy-downloader] [main:2151] INFO: Processing 36 of 61
[02:05:00] [udemy-downloader] [main:2151] INFO: Processing 37 of 61
[02:05:00] [udemy-downloader] [main:2151] INFO: Processing 38 of 61
[02:05:00] [udemy-downloader] [main:2151] INFO: Processing 39 of 61
[02:05:00] [udemy-downloader] [main:2151] INFO: Processing 40 of 61
[02:05:00] [udemy-downloader] [main:2151] INFO: Processing 41 of 61
[02:05:00] [udemy-downloader] [main:2187] INFO: Processing 42 of 61
[02:05:00] [udemy-downloader] [main:2151] INFO: Processing 44 of 61
[02:05:00] [udemy-downloader] [main:2151] INFO: Processing 45 of 61
[02:05:00] [udemy-downloader] [main:2151] INFO: Processing 46 of 61
[02:05:00] [udemy-downloader] [main:2151] INFO: Processing 47 of 61
[02:05:00] [udemy-downloader] [main:2151] INFO: Processing 48 of 61
[02:05:00] [udemy-downloader] [main:2151] INFO: Processing 49 of 61
[02:05:00] [udemy-downloader] [main:2151] INFO: Processing 50 of 61
[02:05:00] [udemy-downloader] [main:2151] INFO: Processing 51 of 61
[02:05:00] [udemy-downloader] [main:2151] INFO: Processing 52 of 61
[02:05:00] [udemy-downloader] [main:2151] INFO: Processing 53 of 61
[02:05:00] [udemy-downloader] [main:2151] INFO: Processing 54 of 61
[02:05:00] [udemy-downloader] [main:2151] INFO: Processing 55 of 61
[02:05:00] [udemy-downloader] [main:2151] INFO: Processing 56 of 61
[02:05:00] [udemy-downloader] [main:2187] INFO: Processing 57 of 61
[02:05:00] [udemy-downloader] [main:2151] INFO: Processing 58 of 61
[02:05:00] [udemy-downloader] [main:2151] INFO: Processing 60 of 61
[02:05:00] [udemy-downloader] [main:2151] INFO: Processing 61 of 61
[02:05:00] [udemy-downloader] [parse_new:1731] INFO: Chapter(s) (5)
[02:05:00] [udemy-downloader] [parse_new:1732] INFO: Lecture(s) (56)
[02:05:00] [udemy-downloader] [parse_new:1754] INFO: ======= Processing chapter 1 of 5 =======
[02:05:02] [udemy-downloader] [parse_new:1808] INFO: Processing 8 caption(s)...
[02:05:02] [udemy-downloader] [process_caption:1546] INFO:     >  Downloading caption: '014 What is an NA_en.vtt'
[02:05:02] [udemy-downloader] [process_caption:1559] INFO:     > Converting caption to SRT format...
[02:05:02] [udemy-downloader] [process_caption:1561] INFO:     > Caption conversion complete.
[02:05:02] [udemy-downloader] [parse_new:1822] INFO:     > Processing 0 asset(s) for lecture...
[02:05:03] [udemy-downloader] [parse_new:1782] INFO:   > Processing lecture 1 of 56
[02:05:03] [udemy-downloader] [parse_new:1786] INFO:       > Lecture '001 Welcome to the Advanced R Programming Course!' is already downloaded, skipping...
[02:05:03] [udemy-downloader] [parse_new:1808] INFO: Processing 8 caption(s)...
[02:05:03] [udemy-downloader] [process_caption:1546] INFO:     >  Downloading caption: '001 Welcome to the Advanced R Programming Course!_en.vtt'
[02:05:03] [udemy-downloader] [process_caption:1559] INFO:     > Converting caption to SRT format...
[02:05:03] [udemy-downloader] [process_caption:1561] INFO:     > Caption conversion complete.
[02:05:03] [udemy-downloader] [parse_new:1822] INFO:     > Processing 0 asset(s) for lecture...
[02:05:03] [udemy-downloader] [parse_new:1782] INFO:   > Processing lecture 2 of 56
[02:05:03] [udemy-downloader] [parse_new:1786] INFO:       > Lecture '002 Learning Paths' is already downloaded, skipping...
[02:05:03] [udemy-downloader] [parse_new:1822] INFO:     > Processing 1 asset(s) for lecture...
[02:05:03] [udemy-downloader] [parse_new:1782] INFO:   > Processing lecture 3 of 56
[02:05:03] [udemy-downloader] [parse_new:1786] INFO:       > Lecture '003 Extra Interview with Hadley Wickham' is already downloaded, skipping...
[02:05:03] [udemy-downloader] [parse_new:1822] INFO:     > Processing 1 asset(s) for lecture...
[02:05:03] [udemy-downloader] [parse_new:1782] INFO:   > Processing lecture 4 of 56
[02:05:03] [udemy-downloader] [parse_new:1786] INFO:       > Lecture '004 Get the materials' is already downloaded, skipping...
[02:05:03] [udemy-downloader] [parse_new:1822] INFO:     > Processing 1 asset(s) for lecture...
[02:05:03] [udemy-downloader] [parse_new:1782] INFO:   > Processing lecture 5 of 56
[02:05:03] [udemy-downloader] [parse_new:1786] INFO:       > Lecture '005 Prizes $$ for Learning' is already downloaded, skipping...
[02:05:03] [udemy-downloader] [parse_new:1822] INFO:     > Processing 1 asset(s) for lecture...
[02:05:03] [udemy-downloader] [parse_new:1754] INFO: ======= Processing chapter 2 of 5 =======
[02:05:06] [udemy-downloader] [parse_new:1782] INFO:   > Processing lecture 15 of 56
[02:05:06] [udemy-downloader] [process_lecture:1598] INFO:       > Lecture doesn't have DRM, attempting to download...
[02:05:06] [udemy-downloader] [process_lecture:1603] INFO:       ====== Selected quality: video 720
[02:05:06] [udemy-downloader] [parse_new:1782] INFO:   > Processing lecture 6 of 56
[02:05:06] [udemy-downloader] [parse_new:1786] INFO:       > Lecture '006 Welcome to this section. This is what you will learn!' is already downloaded, skipping...
[02:05:06] [udemy-downloader] [parse_new:1808] INFO: Processing 8 caption(s)...
[02:05:06] [udemy-downloader] [process_caption:1546] INFO:     >  Downloading caption: '006 Welcome to this section. This is what you will learn!_en.vtt'
[02:05:06] [udemy-downloader] [process_caption:1559] INFO:     > Converting caption to SRT format...
[02:05:06] [udemy-downloader] [process_caption:1561] INFO:     > Caption conversion complete.
[02:05:06] [udemy-downloader] [parse_new:1822] INFO:     > Processing 0 asset(s) for lecture...
[02:05:09] [udemy-downloader] [parse_new:1782] INFO:   > Processing lecture 7 of 56
[02:05:09] [udemy-downloader] [parse_new:1786] INFO:       > Lecture '007 Project Brief Financial Review' is already downloaded, skipping...
[02:05:09] [udemy-downloader] [parse_new:1808] INFO: Processing 8 caption(s)...
[02:05:09] [udemy-downloader] [process_caption:1546] INFO:     >  Downloading caption: '007 Project Brief Financial Review_en.vtt'
[02:05:10] [udemy-downloader] [process_caption:1559] INFO:     > Converting caption to SRT format...
[02:05:10] [udemy-downloader] [process_caption:1561] INFO:     > Caption conversion complete.
[02:05:10] [udemy-downloader] [parse_new:1822] INFO:     > Processing 0 asset(s) for lecture...
[02:05:11] [udemy-downloader] [parse_new:1808] INFO: Processing 8 caption(s)...
[02:05:11] [udemy-downloader] [process_caption:1546] INFO:     >  Downloading caption: '015 An Elegant Way To Locate Missing Data_en.vtt'
[02:05:12] [udemy-downloader] [process_caption:1559] INFO:     > Converting caption to SRT format...
[02:05:12] [udemy-downloader] [process_caption:1561] INFO:     > Caption conversion complete.
[02:05:12] [udemy-downloader] [parse_new:1822] INFO:     > Processing 0 asset(s) for lecture...
[02:05:12] [udemy-downloader] [parse_new:1782] INFO:   > Processing lecture 8 of 56
[02:05:12] [udemy-downloader] [parse_new:1786] INFO:       > Lecture '008 Import Data into R' is already downloaded, skipping...
[02:05:12] [udemy-downloader] [parse_new:1808] INFO: Processing 8 caption(s)...
[02:05:12] [udemy-downloader] [process_caption:1546] INFO:     >  Downloading caption: '008 Import Data into R_en.vtt'
[02:05:13] [udemy-downloader] [process_caption:1559] INFO:     > Converting caption to SRT format...
[02:05:13] [udemy-downloader] [process_caption:1561] INFO:     > Caption conversion complete.
[02:05:13] [udemy-downloader] [parse_new:1822] INFO:     > Processing 0 asset(s) for lecture...
[02:05:15] [udemy-downloader] [parse_new:1782] INFO:   > Processing lecture 16 of 56
[02:05:15] [udemy-downloader] [process_lecture:1598] INFO:       > Lecture doesn't have DRM, attempting to download...
[02:05:15] [udemy-downloader] [process_lecture:1603] INFO:       ====== Selected quality: video 720
[02:05:15] [udemy-downloader] [parse_new:1782] INFO:   > Processing lecture 9 of 56
[02:05:15] [udemy-downloader] [parse_new:1786] INFO:       > Lecture '009 What are Factors (Refresher)' is already downloaded, skipping...
[02:05:15] [udemy-downloader] [parse_new:1808] INFO: Processing 8 caption(s)...
[02:05:15] [udemy-downloader] [process_caption:1546] INFO:     >  Downloading caption: '009 What are Factors (Refresher)_en.vtt'
[02:05:16] [udemy-downloader] [process_caption:1559] INFO:     > Converting caption to SRT format...
[02:05:16] [udemy-downloader] [process_caption:1561] INFO:     > Caption conversion complete.
[02:05:16] [udemy-downloader] [parse_new:1822] INFO:     > Processing 0 asset(s) for lecture...
[02:05:19] [udemy-downloader] [parse_new:1782] INFO:   > Processing lecture 10 of 56
[02:05:19] [udemy-downloader] [parse_new:1786] INFO:       > Lecture '010 The Factor Variable Trap' is already downloaded, skipping...
[02:05:19] [udemy-downloader] [parse_new:1808] INFO: Processing 8 caption(s)...
[02:05:19] [udemy-downloader] [process_caption:1546] INFO:     >  Downloading caption: '010 The Factor Variable Trap_en.vtt'
[02:05:19] [udemy-downloader] [process_caption:1559] INFO:     > Converting caption to SRT format...
[02:05:19] [udemy-downloader] [process_caption:1561] INFO:     > Caption conversion complete.
[02:05:19] [udemy-downloader] [parse_new:1822] INFO:     > Processing 0 asset(s) for lecture...
[02:05:20] [udemy-downloader] [parse_new:1808] INFO: Processing 8 caption(s)...
[02:05:20] [udemy-downloader] [process_caption:1546] INFO:     >  Downloading caption: '016 Data Filters which() for Non-Missing Data_en.vtt'
[02:05:21] [udemy-downloader] [process_caption:1559] INFO:     > Converting caption to SRT format...
[02:05:21] [udemy-downloader] [process_caption:1561] INFO:     > Caption conversion complete.
[02:05:21] [udemy-downloader] [parse_new:1822] INFO:     > Processing 0 asset(s) for lecture...
[02:05:22] [udemy-downloader] [parse_new:1782] INFO:   > Processing lecture 11 of 56
[02:05:22] [udemy-downloader] [parse_new:1786] INFO:       > Lecture '011 FVT Example' is already downloaded, skipping...
[02:05:22] [udemy-downloader] [parse_new:1808] INFO: Processing 8 caption(s)...
[02:05:22] [udemy-downloader] [process_caption:1546] INFO:     >  Downloading caption: '011 FVT Example_en.vtt'
[02:05:23] [udemy-downloader] [process_caption:1559] INFO:     > Converting caption to SRT format...
[02:05:23] [udemy-downloader] [process_caption:1561] INFO:     > Caption conversion complete.
[02:05:23] [udemy-downloader] [parse_new:1822] INFO:     > Processing 0 asset(s) for lecture...
[02:05:25] [udemy-downloader] [parse_new:1782] INFO:   > Processing lecture 17 of 56
[02:05:25] [udemy-downloader] [process_lecture:1598] INFO:       > Lecture doesn't have DRM, attempting to download...
[02:05:25] [udemy-downloader] [process_lecture:1603] INFO:       ====== Selected quality: video 720
[02:05:25] [udemy-downloader] [parse_new:1782] INFO:   > Processing lecture 12 of 56
[02:05:25] [udemy-downloader] [parse_new:1786] INFO:       > Lecture '012 gsub() and sub()' is already downloaded, skipping...
[02:05:25] [udemy-downloader] [parse_new:1808] INFO: Processing 8 caption(s)...
[02:05:25] [udemy-downloader] [process_caption:1546] INFO:     >  Downloading caption: '012 gsub() and sub()_en.vtt'
[02:05:26] [udemy-downloader] [process_caption:1559] INFO:     > Converting caption to SRT format...
[02:05:26] [udemy-downloader] [process_caption:1561] INFO:     > Caption conversion complete.
[02:05:26] [udemy-downloader] [parse_new:1822] INFO:     > Processing 0 asset(s) for lecture...
[02:05:28] [udemy-downloader] [parse_new:1808] INFO: Processing 8 caption(s)...
[02:05:28] [udemy-downloader] [process_caption:1546] INFO:     >  Downloading caption: '017 Data Filters is.na() for Missing Data_en.vtt'
[02:05:29] [udemy-downloader] [process_caption:1559] INFO:     > Converting caption to SRT format...
[02:05:29] [udemy-downloader] [process_caption:1561] INFO:     > Caption conversion complete.
[02:05:29] [udemy-downloader] [parse_new:1822] INFO:     > Processing 0 asset(s) for lecture...
[02:05:29] [udemy-downloader] [parse_new:1782] INFO:   > Processing lecture 13 of 56
[02:05:29] [udemy-downloader] [parse_new:1786] INFO:       > Lecture '013 Dealing with Missing Data' is already downloaded, skipping...
[02:05:29] [udemy-downloader] [parse_new:1808] INFO: Processing 8 caption(s)...
[02:05:29] [udemy-downloader] [process_caption:1546] INFO:     >  Downloading caption: '013 Dealing with Missing Data_en.vtt'
[02:05:29] [udemy-downloader] [process_caption:1559] INFO:     > Converting caption to SRT format...
[02:05:29] [udemy-downloader] [process_caption:1561] INFO:     > Caption conversion complete.
[02:05:29] [udemy-downloader] [parse_new:1822] INFO:     > Processing 0 asset(s) for lecture...
[02:05:32] [udemy-downloader] [parse_new:1782] INFO:   > Processing lecture 18 of 56
[02:05:32] [udemy-downloader] [process_lecture:1598] INFO:       > Lecture doesn't have DRM, attempting to download...
[02:05:32] [udemy-downloader] [process_lecture:1603] INFO:       ====== Selected quality: video 720
[02:05:33] [udemy-downloader] [parse_new:1782] INFO:   > Processing lecture 14 of 56
[02:05:33] [udemy-downloader] [parse_new:1786] INFO:       > Lecture '014 What is an NA' is already downloaded, skipping...
[02:05:33] [udemy-downloader] [parse_new:1808] INFO: Processing 8 caption(s)...
[02:05:33] [udemy-downloader] [process_caption:1546] INFO:     >  Downloading caption: '014 What is an NA_en.vtt'
[02:05:33] [udemy-downloader] [process_caption:1559] INFO:     > Converting caption to SRT format...
[02:05:33] [udemy-downloader] [process_caption:1561] INFO:     > Caption conversion complete.
[02:05:33] [udemy-downloader] [parse_new:1822] INFO:     > Processing 0 asset(s) for lecture...
[02:05:36] [udemy-downloader] [parse_new:1782] INFO:   > Processing lecture 15 of 56
[02:05:36] [udemy-downloader] [parse_new:1786] INFO:       > Lecture '015 An Elegant Way To Locate Missing Data' is already downloaded, skipping...
[02:05:36] [udemy-downloader] [parse_new:1808] INFO: Processing 8 caption(s)...
[02:05:36] [udemy-downloader] [process_caption:1546] INFO:     >  Downloading caption: '015 An Elegant Way To Locate Missing Data_en.vtt'
[02:05:36] [udemy-downloader] [parse_new:1808] INFO: Processing 8 caption(s)...
[02:05:36] [udemy-downloader] [process_caption:1546] INFO:     >  Downloading caption: '018 Removing records with missing data_en.vtt'
[02:05:36] [udemy-downloader] [process_caption:1559] INFO:     > Converting caption to SRT format...
[02:05:36] [udemy-downloader] [process_caption:1561] INFO:     > Caption conversion complete.
[02:05:36] [udemy-downloader] [parse_new:1822] INFO:     > Processing 0 asset(s) for lecture...
[02:05:37] [udemy-downloader] [process_caption:1559] INFO:     > Converting caption to SRT format...
[02:05:37] [udemy-downloader] [process_caption:1561] INFO:     > Caption conversion complete.
[02:05:37] [udemy-downloader] [parse_new:1822] INFO:     > Processing 0 asset(s) for lecture...
[02:05:39] [udemy-downloader] [parse_new:1782] INFO:   > Processing lecture 16 of 56
[02:05:39] [udemy-downloader] [parse_new:1786] INFO:       > Lecture '016 Data Filters which() for Non-Missing Data' is already downloaded, skipping...
[02:05:39] [udemy-downloader] [parse_new:1808] INFO: Processing 8 caption(s)...
[02:05:39] [udemy-downloader] [process_caption:1546] INFO:     >  Downloading caption: '016 Data Filters which() for Non-Missing Data_en.vtt'
[02:05:39] [udemy-downloader] [process_caption:1559] INFO:     > Converting caption to SRT format...
[02:05:39] [udemy-downloader] [process_caption:1561] INFO:     > Caption conversion complete.
[02:05:39] [udemy-downloader] [parse_new:1822] INFO:     > Processing 0 asset(s) for lecture...
[02:05:41] [udemy-downloader] [parse_new:1782] INFO:   > Processing lecture 19 of 56
[02:05:41] [udemy-downloader] [process_lecture:1598] INFO:       > Lecture doesn't have DRM, attempting to download...
[02:05:41] [udemy-downloader] [process_lecture:1603] INFO:       ====== Selected quality: video 720
[02:05:42] [udemy-downloader] [parse_new:1782] INFO:   > Processing lecture 17 of 56
[02:05:42] [udemy-downloader] [parse_new:1786] INFO:       > Lecture '017 Data Filters is.na() for Missing Data' is already downloaded, skipping...
[02:05:42] [udemy-downloader] [parse_new:1808] INFO: Processing 8 caption(s)...
[02:05:42] [udemy-downloader] [process_caption:1546] INFO:     >  Downloading caption: '017 Data Filters is.na() for Missing Data_en.vtt'
[02:05:42] [udemy-downloader] [process_caption:1559] INFO:     > Converting caption to SRT format...
[02:05:42] [udemy-downloader] [process_caption:1561] INFO:     > Caption conversion complete.
[02:05:42] [udemy-downloader] [parse_new:1822] INFO:     > Processing 0 asset(s) for lecture...
[02:05:45] [udemy-downloader] [parse_new:1808] INFO: Processing 8 caption(s)...
[02:05:45] [udemy-downloader] [process_caption:1546] INFO:     >  Downloading caption: '019 Reseting the dataframe index_en.vtt'
[02:05:45] [udemy-downloader] [parse_new:1782] INFO:   > Processing lecture 18 of 56
[02:05:45] [udemy-downloader] [parse_new:1786] INFO:       > Lecture '018 Removing records with missing data' is already downloaded, skipping...
[02:05:45] [udemy-downloader] [parse_new:1808] INFO: Processing 8 caption(s)...
[02:05:45] [udemy-downloader] [process_caption:1546] INFO:     >  Downloading caption: '018 Removing records with missing data_en.vtt'
[02:05:45] [udemy-downloader] [process_caption:1559] INFO:     > Converting caption to SRT format...
[02:05:45] [udemy-downloader] [process_caption:1561] INFO:     > Caption conversion complete.
[02:05:45] [udemy-downloader] [parse_new:1822] INFO:     > Processing 0 asset(s) for lecture...
[02:05:45] [udemy-downloader] [process_caption:1559] INFO:     > Converting caption to SRT format...
[02:05:45] [udemy-downloader] [process_caption:1561] INFO:     > Caption conversion complete.
[02:05:45] [udemy-downloader] [parse_new:1822] INFO:     > Processing 0 asset(s) for lecture...
[02:05:48] [udemy-downloader] [parse_new:1782] INFO:   > Processing lecture 19 of 56
[02:05:48] [udemy-downloader] [parse_new:1786] INFO:       > Lecture '019 Reseting the dataframe index' is already downloaded, skipping...
[02:05:48] [udemy-downloader] [parse_new:1808] INFO: Processing 8 caption(s)...
[02:05:48] [udemy-downloader] [process_caption:1546] INFO:     >  Downloading caption: '019 Reseting the dataframe index_en.vtt'
[02:05:48] [udemy-downloader] [process_caption:1559] INFO:     > Converting caption to SRT format...
[02:05:48] [udemy-downloader] [process_caption:1561] INFO:     > Caption conversion complete.
[02:05:48] [udemy-downloader] [parse_new:1822] INFO:     > Processing 0 asset(s) for lecture...
[02:05:49] [udemy-downloader] [parse_new:1782] INFO:   > Processing lecture 20 of 56
[02:05:49] [udemy-downloader] [process_lecture:1598] INFO:       > Lecture doesn't have DRM, attempting to download...
[02:05:49] [udemy-downloader] [process_lecture:1603] INFO:       ====== Selected quality: video 720
[02:05:51] [udemy-downloader] [parse_new:1782] INFO:   > Processing lecture 20 of 56
[02:05:51] [udemy-downloader] [parse_new:1786] INFO:       > Lecture '020 Replacing Missing Data Factual Analysis Method' is already downloaded, skipping...
[02:05:51] [udemy-downloader] [parse_new:1808] INFO: Processing 8 caption(s)...
[02:05:51] [udemy-downloader] [process_caption:1546] INFO:     >  Downloading caption: '020 Replacing Missing Data Factual Analysis Method_en.vtt'
[02:05:51] [udemy-downloader] [process_caption:1559] INFO:     > Converting caption to SRT format...
[02:05:52] [udemy-downloader] [process_caption:1561] INFO:     > Caption conversion complete.
[02:05:52] [udemy-downloader] [parse_new:1822] INFO:     > Processing 0 asset(s) for lecture...
[02:05:53] [udemy-downloader] [parse_new:1808] INFO: Processing 8 caption(s)...
[02:05:53] [udemy-downloader] [process_caption:1546] INFO:     >  Downloading caption: '020 Replacing Missing Data Factual Analysis Method_en.vtt'
[02:05:54] [udemy-downloader] [process_caption:1559] INFO:     > Converting caption to SRT format...
[02:05:54] [udemy-downloader] [process_caption:1561] INFO:     > Caption conversion complete.
[02:05:54] [udemy-downloader] [parse_new:1822] INFO:     > Processing 0 asset(s) for lecture...
[02:05:55] [udemy-downloader] [parse_new:1782] INFO:   > Processing lecture 21 of 56
[02:05:55] [udemy-downloader] [process_lecture:1598] INFO:       > Lecture doesn't have DRM, attempting to download...
[02:05:55] [udemy-downloader] [process_lecture:1603] INFO:       ====== Selected quality: video 720
[02:05:56] [udemy-downloader] [parse_new:1782] INFO:   > Processing lecture 21 of 56
[02:05:56] [udemy-downloader] [parse_new:1786] INFO:       > Lecture '021 Replacing Missing Data Median Imputation Method (Part 1)' is already downloaded, skipping...
[02:05:56] [udemy-downloader] [parse_new:1808] INFO: Processing 8 caption(s)...
[02:05:56] [udemy-downloader] [process_caption:1546] INFO:     >  Downloading caption: '021 Replacing Missing Data Median Imputation Method (Part 1)_en.vtt'
[02:05:57] [udemy-downloader] [process_caption:1559] INFO:     > Converting caption to SRT format...
[02:05:57] [udemy-downloader] [process_caption:1561] INFO:     > Caption conversion complete.
[02:05:57] [udemy-downloader] [parse_new:1822] INFO:     > Processing 0 asset(s) for lecture...
[02:06:00] [udemy-downloader] [parse_new:1782] INFO:   > Processing lecture 22 of 56
[02:06:00] [udemy-downloader] [process_lecture:1598] INFO:       > Lecture doesn't have DRM, attempting to download...
[02:06:00] [udemy-downloader] [process_lecture:1603] INFO:       ====== Selected quality: video 720
[02:06:01] [udemy-downloader] [parse_new:1808] INFO: Processing 8 caption(s)...
[02:06:01] [udemy-downloader] [process_caption:1546] INFO:     >  Downloading caption: '021 Replacing Missing Data Median Imputation Method (Part 1)_en.vtt'
[02:06:02] [udemy-downloader] [process_caption:1559] INFO:     > Converting caption to SRT format...
[02:06:02] [udemy-downloader] [process_caption:1561] INFO:     > Caption conversion complete.
[02:06:02] [udemy-downloader] [parse_new:1822] INFO:     > Processing 0 asset(s) for lecture...
[02:06:03] [udemy-downloader] [parse_new:1808] INFO: Processing 8 caption(s)...
[02:06:03] [udemy-downloader] [process_caption:1546] INFO:     >  Downloading caption: '022 Replacing Missing Data Median Imputation Method (Part 2)_en.vtt'
[02:06:04] [udemy-downloader] [process_caption:1559] INFO:     > Converting caption to SRT format...
[02:06:04] [udemy-downloader] [process_caption:1561] INFO:     > Caption conversion complete.
[02:06:04] [udemy-downloader] [parse_new:1822] INFO:     > Processing 0 asset(s) for lecture...
[02:06:04] [udemy-downloader] [parse_new:1782] INFO:   > Processing lecture 22 of 56
[02:06:04] [udemy-downloader] [parse_new:1786] INFO:       > Lecture '022 Replacing Missing Data Median Imputation Method (Part 2)' is already downloaded, skipping...
[02:06:04] [udemy-downloader] [parse_new:1808] INFO: Processing 8 caption(s)...
[02:06:04] [udemy-downloader] [process_caption:1546] INFO:     >  Downloading caption: '022 Replacing Missing Data Median Imputation Method (Part 2)_en.vtt'
[02:06:05] [udemy-downloader] [process_caption:1559] INFO:     > Converting caption to SRT format...
[02:06:05] [udemy-downloader] [process_caption:1561] INFO:     > Caption conversion complete.
[02:06:05] [udemy-downloader] [parse_new:1822] INFO:     > Processing 0 asset(s) for lecture...
[02:06:07] [udemy-downloader] [parse_new:1782] INFO:   > Processing lecture 23 of 56
[02:06:07] [udemy-downloader] [process_lecture:1598] INFO:       > Lecture doesn't have DRM, attempting to download...
[02:06:07] [udemy-downloader] [process_lecture:1603] INFO:       ====== Selected quality: video 720
[02:06:07] [udemy-downloader] [parse_new:1782] INFO:   > Processing lecture 23 of 56
[02:06:07] [udemy-downloader] [process_lecture:1598] INFO:       > Lecture doesn't have DRM, attempting to download...
[02:06:07] [udemy-downloader] [process_lecture:1603] INFO:       ====== Selected quality: video 720
[02:06:10] [udemy-downloader] [parse_new:1808] INFO: Processing 8 caption(s)...
[02:06:10] [udemy-downloader] [process_caption:1546] INFO:     >  Downloading caption: '023 Replacing Missing Data Median Imputation Method (Part 3)_en.vtt'
[02:06:10] [udemy-downloader] [parse_new:1808] INFO: Processing 8 caption(s)...
[02:06:10] [udemy-downloader] [process_caption:1546] INFO:     >  Downloading caption: '023 Replacing Missing Data Median Imputation Method (Part 3)_en.vtt'
[02:06:10] [udemy-downloader] [process_caption:1559] INFO:     > Converting caption to SRT format...
[02:06:10] [udemy-downloader] [process_caption:1561] INFO:     > Caption conversion complete.
[02:06:10] [udemy-downloader] [parse_new:1822] INFO:     > Processing 0 asset(s) for lecture...
[02:06:10] [udemy-downloader] [process_caption:1559] INFO:     > Converting caption to SRT format...
[02:06:10] [udemy-downloader] [process_caption:1561] INFO:     > Caption conversion complete.
[02:06:10] [udemy-downloader] [parse_new:1822] INFO:     > Processing 0 asset(s) for lecture...
[02:06:14] [udemy-downloader] [parse_new:1782] INFO:   > Processing lecture 24 of 56
[02:06:14] [udemy-downloader] [process_lecture:1598] INFO:       > Lecture doesn't have DRM, attempting to download...
[02:06:14] [udemy-downloader] [process_lecture:1603] INFO:       ====== Selected quality: video 720
[02:06:14] [udemy-downloader] [parse_new:1782] INFO:   > Processing lecture 24 of 56
[02:06:14] [udemy-downloader] [process_lecture:1598] INFO:       > Lecture doesn't have DRM, attempting to download...
[02:06:14] [udemy-downloader] [process_lecture:1603] INFO:       ====== Selected quality: video 720
[02:06:17] [udemy-downloader] [parse_new:1808] INFO: Processing 8 caption(s)...
[02:06:17] [udemy-downloader] [process_caption:1546] INFO:     >  Downloading caption: '024 Replacing Missing Data Deriving Values Method_en.vtt'
[02:06:17] [udemy-downloader] [parse_new:1808] INFO: Processing 8 caption(s)...
[02:06:17] [udemy-downloader] [process_caption:1546] INFO:     >  Downloading caption: '024 Replacing Missing Data Deriving Values Method_en.vtt'
[02:06:17] [udemy-downloader] [process_caption:1559] INFO:     > Converting caption to SRT format...
[02:06:17] [udemy-downloader] [process_caption:1561] INFO:     > Caption conversion complete.
[02:06:17] [udemy-downloader] [parse_new:1822] INFO:     > Processing 0 asset(s) for lecture...
[02:06:17] [udemy-downloader] [process_caption:1559] INFO:     > Converting caption to SRT format...
[02:06:17] [udemy-downloader] [process_caption:1561] INFO:     > Caption conversion complete.
[02:06:17] [udemy-downloader] [parse_new:1822] INFO:     > Processing 0 asset(s) for lecture...
[02:06:21] [udemy-downloader] [parse_new:1782] INFO:   > Processing lecture 25 of 56
[02:06:21] [udemy-downloader] [process_lecture:1598] INFO:       > Lecture doesn't have DRM, attempting to download...
[02:06:21] [udemy-downloader] [process_lecture:1603] INFO:       ====== Selected quality: video 720
[02:06:22] [udemy-downloader] [parse_new:1782] INFO:   > Processing lecture 25 of 56
[02:06:22] [udemy-downloader] [parse_new:1786] INFO:       > Lecture '025 Visualizing results' is already downloaded, skipping...
[02:06:22] [udemy-downloader] [parse_new:1808] INFO: Processing 8 caption(s)...
[02:06:22] [udemy-downloader] [process_caption:1546] INFO:     >  Downloading caption: '025 Visualizing results_en.vtt'
[02:06:22] [udemy-downloader] [process_caption:1559] INFO:     > Converting caption to SRT format...
[02:06:22] [udemy-downloader] [process_caption:1561] INFO:     > Caption conversion complete.
[02:06:22] [udemy-downloader] [parse_new:1822] INFO:     > Processing 0 asset(s) for lecture...
[02:06:26] [udemy-downloader] [parse_new:1782] INFO:   > Processing lecture 26 of 56
[02:06:26] [udemy-downloader] [process_lecture:1598] INFO:       > Lecture doesn't have DRM, attempting to download...
[02:06:26] [udemy-downloader] [process_lecture:1603] INFO:       ====== Selected quality: video 720
[02:06:26] [udemy-downloader] [parse_new:1808] INFO: Processing 8 caption(s)...
[02:06:26] [udemy-downloader] [process_caption:1546] INFO:     >  Downloading caption: '025 Visualizing results_en.vtt'
[02:06:27] [udemy-downloader] [process_caption:1559] INFO:     > Converting caption to SRT format...
[02:06:27] [udemy-downloader] [process_caption:1561] INFO:     > Caption conversion complete.
[02:06:27] [udemy-downloader] [parse_new:1822] INFO:     > Processing 0 asset(s) for lecture...
[02:06:28] [udemy-downloader] [parse_new:1808] INFO: Processing 8 caption(s)...
[02:06:28] [udemy-downloader] [process_caption:1546] INFO:     >  Downloading caption: '026 Section Recap_en.vtt'
[02:06:29] [udemy-downloader] [process_caption:1559] INFO:     > Converting caption to SRT format...
[02:06:29] [udemy-downloader] [process_caption:1561] INFO:     > Caption conversion complete.
[02:06:29] [udemy-downloader] [parse_new:1822] INFO:     > Processing 0 asset(s) for lecture...
[02:06:30] [udemy-downloader] [parse_new:1782] INFO:   > Processing lecture 26 of 56
[02:06:30] [udemy-downloader] [parse_new:1786] INFO:       > Lecture '026 Section Recap' is already downloaded, skipping...
[02:06:30] [udemy-downloader] [parse_new:1808] INFO: Processing 8 caption(s)...
[02:06:30] [udemy-downloader] [process_caption:1546] INFO:     >  Downloading caption: '026 Section Recap_en.vtt'
[02:06:30] [udemy-downloader] [process_normal_quiz:1687] INFO:   > Processing quiz 1
[02:06:30] [udemy-downloader] [parse_new:1754] INFO: ======= Processing chapter 3 of 5 =======
[02:06:30] [udemy-downloader] [process_caption:1559] INFO:     > Converting caption to SRT format...
[02:06:30] [udemy-downloader] [process_caption:1561] INFO:     > Caption conversion complete.
[02:06:30] [udemy-downloader] [parse_new:1822] INFO:     > Processing 0 asset(s) for lecture...
[02:06:31] [udemy-downloader] [process_normal_quiz:1687] INFO:   > Processing quiz 1
[02:06:31] [udemy-downloader] [parse_new:1754] INFO: ======= Processing chapter 3 of 5 =======
[02:06:33] [udemy-downloader] [parse_new:1782] INFO:   > Processing lecture 28 of 56
[02:06:33] [udemy-downloader] [process_lecture:1598] INFO:       > Lecture doesn't have DRM, attempting to download...
[02:06:33] [udemy-downloader] [process_lecture:1603] INFO:       ====== Selected quality: video 720
[02:06:33] [udemy-downloader] [parse_new:1782] INFO:   > Processing lecture 28 of 56
[02:06:33] [udemy-downloader] [process_lecture:1598] INFO:       > Lecture doesn't have DRM, attempting to download...
[02:06:33] [udemy-downloader] [process_lecture:1603] INFO:       ====== Selected quality: video 720
[02:06:34] [udemy-downloader] [parse_new:1808] INFO: Processing 8 caption(s)...
[02:06:34] [udemy-downloader] [process_caption:1546] INFO:     >  Downloading caption: '028 Welcome to this section. This is what you will learn!_en.vtt'
[02:06:34] [udemy-downloader] [process_caption:1559] INFO:     > Converting caption to SRT format...
[02:06:34] [udemy-downloader] [process_caption:1561] INFO:     > Caption conversion complete.
[02:06:34] [udemy-downloader] [parse_new:1822] INFO:     > Processing 0 asset(s) for lecture...
[02:06:36] [udemy-downloader] [parse_new:1808] INFO: Processing 8 caption(s)...
[02:06:36] [udemy-downloader] [process_caption:1546] INFO:     >  Downloading caption: '028 Welcome to this section. This is what you will learn!_en.vtt'
[02:06:37] [udemy-downloader] [process_caption:1559] INFO:     > Converting caption to SRT format...
[02:06:37] [udemy-downloader] [process_caption:1561] INFO:     > Caption conversion complete.
[02:06:37] [udemy-downloader] [parse_new:1822] INFO:     > Processing 0 asset(s) for lecture...
[02:06:38] [udemy-downloader] [parse_new:1782] INFO:   > Processing lecture 29 of 56
[02:06:38] [udemy-downloader] [process_lecture:1598] INFO:       > Lecture doesn't have DRM, attempting to download...
[02:06:38] [udemy-downloader] [process_lecture:1603] INFO:       ====== Selected quality: video 720
[02:06:39] [udemy-downloader] [parse_new:1782] INFO:   > Processing lecture 29 of 56
[02:06:39] [udemy-downloader] [parse_new:1786] INFO:       > Lecture '029 Project Brief Machine Utilization' is already downloaded, skipping...
[02:06:39] [udemy-downloader] [parse_new:1808] INFO: Processing 8 caption(s)...
[02:06:40] [udemy-downloader] [process_caption:1546] INFO:     >  Downloading caption: '029 Project Brief Machine Utilization_en.vtt'
[02:06:40] [udemy-downloader] [process_caption:1559] INFO:     > Converting caption to SRT format...
[02:06:40] [udemy-downloader] [process_caption:1561] INFO:     > Caption conversion complete.
[02:06:40] [udemy-downloader] [parse_new:1822] INFO:     > Processing 0 asset(s) for lecture...
[02:06:44] [udemy-downloader] [parse_new:1782] INFO:   > Processing lecture 30 of 56
[02:06:44] [udemy-downloader] [process_lecture:1598] INFO:       > Lecture doesn't have DRM, attempting to download...
[02:06:44] [udemy-downloader] [process_lecture:1603] INFO:       ====== Selected quality: video 720
[02:06:44] [udemy-downloader] [parse_new:1808] INFO: Processing 8 caption(s)...
[02:06:44] [udemy-downloader] [process_caption:1546] INFO:     >  Downloading caption: '029 Project Brief Machine Utilization_en.vtt'
[02:06:44] [udemy-downloader] [process_caption:1559] INFO:     > Converting caption to SRT format...
[02:06:44] [udemy-downloader] [process_caption:1561] INFO:     > Caption conversion complete.
[02:06:44] [udemy-downloader] [parse_new:1822] INFO:     > Processing 0 asset(s) for lecture...
[02:06:47] [udemy-downloader] [parse_new:1782] INFO:   > Processing lecture 30 of 56
[02:06:47] [udemy-downloader] [parse_new:1786] INFO:       > Lecture '030 Import Data Into R' is already downloaded, skipping...
[02:06:47] [udemy-downloader] [parse_new:1808] INFO: Processing 8 caption(s)...
[02:06:47] [udemy-downloader] [process_caption:1546] INFO:     >  Downloading caption: '030 Import Data Into R_en.vtt'
[02:06:47] [udemy-downloader] [process_caption:1559] INFO:     > Converting caption to SRT format...
[02:06:47] [udemy-downloader] [process_caption:1561] INFO:     > Caption conversion complete.
[02:06:47] [udemy-downloader] [parse_new:1822] INFO:     > Processing 0 asset(s) for lecture...
[02:06:47] [udemy-downloader] [parse_new:1808] INFO: Processing 8 caption(s)...
[02:06:47] [udemy-downloader] [process_caption:1546] INFO:     >  Downloading caption: '030 Import Data Into R_en.vtt'
[02:06:48] [udemy-downloader] [process_caption:1559] INFO:     > Converting caption to SRT format...
[02:06:48] [udemy-downloader] [process_caption:1561] INFO:     > Caption conversion complete.
[02:06:48] [udemy-downloader] [parse_new:1822] INFO:     > Processing 0 asset(s) for lecture...
[02:06:51] [udemy-downloader] [parse_new:1782] INFO:   > Processing lecture 31 of 56
[02:06:51] [udemy-downloader] [process_lecture:1598] INFO:       > Lecture doesn't have DRM, attempting to download...
[02:06:51] [udemy-downloader] [process_lecture:1603] INFO:       ====== Selected quality: video 720
[02:06:51] [udemy-downloader] [parse_new:1782] INFO:   > Processing lecture 31 of 56
[02:06:51] [udemy-downloader] [process_lecture:1598] INFO:       > Lecture doesn't have DRM, attempting to download...
[02:06:51] [udemy-downloader] [process_lecture:1603] INFO:       ====== Selected quality: video 720
[02:06:58] [udemy-downloader] [parse_new:1808] INFO: Processing 8 caption(s)...
[02:06:58] [udemy-downloader] [process_caption:1546] INFO:     >  Downloading caption: '031 Handling Date-Times in R_en.vtt'
[02:06:58] [udemy-downloader] [process_caption:1559] INFO:     > Converting caption to SRT format...
[02:06:58] [udemy-downloader] [process_caption:1561] INFO:     > Caption conversion complete.
[02:06:58] [udemy-downloader] [parse_new:1822] INFO:     > Processing 0 asset(s) for lecture...
[02:06:59] [udemy-downloader] [parse_new:1808] INFO: Processing 8 caption(s)...
[02:06:59] [udemy-downloader] [process_caption:1546] INFO:     >  Downloading caption: '031 Handling Date-Times in R_en.vtt'
[02:07:00] [udemy-downloader] [process_caption:1559] INFO:     > Converting caption to SRT format...
[02:07:00] [udemy-downloader] [process_caption:1561] INFO:     > Caption conversion complete.
[02:07:00] [udemy-downloader] [parse_new:1822] INFO:     > Processing 0 asset(s) for lecture...
[02:07:02] [udemy-downloader] [parse_new:1782] INFO:   > Processing lecture 32 of 56
[02:07:02] [udemy-downloader] [process_lecture:1598] INFO:       > Lecture doesn't have DRM, attempting to download...
[02:07:02] [udemy-downloader] [process_lecture:1603] INFO:       ====== Selected quality: video 720
[02:07:03] [udemy-downloader] [parse_new:1782] INFO:   > Processing lecture 32 of 56
[02:07:03] [udemy-downloader] [parse_new:1786] INFO:       > Lecture '032 R programming What is a List' is already downloaded, skipping...
[02:07:03] [udemy-downloader] [parse_new:1808] INFO: Processing 7 caption(s)...
[02:07:03] [udemy-downloader] [process_caption:1546] INFO:     >  Downloading caption: '032 R programming What is a List_en.vtt'
[02:07:04] [udemy-downloader] [process_caption:1559] INFO:     > Converting caption to SRT format...
[02:07:04] [udemy-downloader] [process_caption:1561] INFO:     > Caption conversion complete.
[02:07:04] [udemy-downloader] [parse_new:1822] INFO:     > Processing 0 asset(s) for lecture...
[02:07:06] [udemy-downloader] [parse_new:1808] INFO: Processing 7 caption(s)...
[02:07:06] [udemy-downloader] [process_caption:1546] INFO:     >  Downloading caption: '032 R programming What is a List_en.vtt'
[02:07:07] [udemy-downloader] [process_caption:1559] INFO:     > Converting caption to SRT format...
[02:07:07] [udemy-downloader] [process_caption:1561] INFO:     > Caption conversion complete.
[02:07:07] [udemy-downloader] [parse_new:1822] INFO:     > Processing 0 asset(s) for lecture...
[02:07:07] [udemy-downloader] [parse_new:1782] INFO:   > Processing lecture 33 of 56
[02:07:07] [udemy-downloader] [process_lecture:1598] INFO:       > Lecture doesn't have DRM, attempting to download...
[02:07:07] [udemy-downloader] [process_lecture:1603] INFO:       ====== Selected quality: video 720
[02:07:09] [udemy-downloader] [parse_new:1808] INFO: Processing 8 caption(s)...
[02:07:09] [udemy-downloader] [process_caption:1546] INFO:     >  Downloading caption: '033 Naming components of a list_en.vtt'
[02:07:10] [udemy-downloader] [process_caption:1559] INFO:     > Converting caption to SRT format...
[02:07:10] [udemy-downloader] [process_caption:1561] INFO:     > Caption conversion complete.
[02:07:10] [udemy-downloader] [parse_new:1822] INFO:     > Processing 0 asset(s) for lecture...
[02:07:10] [udemy-downloader] [parse_new:1782] INFO:   > Processing lecture 33 of 56
[02:07:10] [udemy-downloader] [parse_new:1786] INFO:       > Lecture '033 Naming components of a list' is already downloaded, skipping...
[02:07:10] [udemy-downloader] [parse_new:1808] INFO: Processing 8 caption(s)...
[02:07:10] [udemy-downloader] [process_caption:1546] INFO:     >  Downloading caption: '033 Naming components of a list_en.vtt'
[02:07:10] [udemy-downloader] [process_caption:1559] INFO:     > Converting caption to SRT format...
[02:07:10] [udemy-downloader] [process_caption:1561] INFO:     > Caption conversion complete.
[02:07:10] [udemy-downloader] [parse_new:1822] INFO:     > Processing 0 asset(s) for lecture...
[02:07:13] [udemy-downloader] [parse_new:1782] INFO:   > Processing lecture 34 of 56
[02:07:13] [udemy-downloader] [process_lecture:1598] INFO:       > Lecture doesn't have DRM, attempting to download...
[02:07:13] [udemy-downloader] [process_lecture:1603] INFO:       ====== Selected quality: video 720
[02:07:13] [udemy-downloader] [parse_new:1782] INFO:   > Processing lecture 34 of 56
[02:07:13] [udemy-downloader] [process_lecture:1598] INFO:       > Lecture doesn't have DRM, attempting to download...
[02:07:13] [udemy-downloader] [process_lecture:1603] INFO:       ====== Selected quality: video 720
[02:07:16] [udemy-downloader] [parse_new:1808] INFO: Processing 8 caption(s)...
[02:07:16] [udemy-downloader] [process_caption:1546] INFO:     >  Downloading caption: '034 Extracting components of lists [] vs [[]] vs $_en.vtt'
[02:07:16] [udemy-downloader] [parse_new:1808] INFO: Processing 8 caption(s)...
[02:07:16] [udemy-downloader] [process_caption:1546] INFO:     >  Downloading caption: '034 Extracting components of lists [] vs [[]] vs $_en.vtt'
[02:07:17] [udemy-downloader] [process_caption:1559] INFO:     > Converting caption to SRT format...
[02:07:17] [udemy-downloader] [process_caption:1561] INFO:     > Caption conversion complete.
[02:07:17] [udemy-downloader] [parse_new:1822] INFO:     > Processing 0 asset(s) for lecture...
[02:07:17] [udemy-downloader] [process_caption:1559] INFO:     > Converting caption to SRT format...
[02:07:17] [udemy-downloader] [process_caption:1561] INFO:     > Caption conversion complete.
[02:07:17] [udemy-downloader] [parse_new:1822] INFO:     > Processing 0 asset(s) for lecture...
[02:07:20] [udemy-downloader] [parse_new:1782] INFO:   > Processing lecture 35 of 56
[02:07:20] [udemy-downloader] [process_lecture:1598] INFO:       > Lecture doesn't have DRM, attempting to download...
[02:07:20] [udemy-downloader] [process_lecture:1603] INFO:       ====== Selected quality: video 720
[02:07:21] [udemy-downloader] [parse_new:1782] INFO:   > Processing lecture 35 of 56
[02:07:21] [udemy-downloader] [parse_new:1786] INFO:       > Lecture '035 Adding and deleting components' is already downloaded, skipping...
[02:07:21] [udemy-downloader] [parse_new:1808] INFO: Processing 8 caption(s)...
[02:07:21] [udemy-downloader] [process_caption:1546] INFO:     >  Downloading caption: '035 Adding and deleting components_en.vtt'
[02:07:22] [udemy-downloader] [process_caption:1559] INFO:     > Converting caption to SRT format...
[02:07:22] [udemy-downloader] [process_caption:1561] INFO:     > Caption conversion complete.
[02:07:22] [udemy-downloader] [parse_new:1822] INFO:     > Processing 0 asset(s) for lecture...
[02:07:26] [udemy-downloader] [parse_new:1808] INFO: Processing 8 caption(s)...
[02:07:26] [udemy-downloader] [process_caption:1546] INFO:     >  Downloading caption: '035 Adding and deleting components_en.vtt'
[02:07:26] [udemy-downloader] [process_caption:1559] INFO:     > Converting caption to SRT format...
[02:07:26] [udemy-downloader] [process_caption:1561] INFO:     > Caption conversion complete.
[02:07:26] [udemy-downloader] [parse_new:1822] INFO:     > Processing 0 asset(s) for lecture...
[02:07:26] [udemy-downloader] [parse_new:1782] INFO:   > Processing lecture 36 of 56
[02:07:26] [udemy-downloader] [process_lecture:1598] INFO:       > Lecture doesn't have DRM, attempting to download...
[02:07:26] [udemy-downloader] [process_lecture:1603] INFO:       ====== Selected quality: video 720
[02:07:30] [udemy-downloader] [parse_new:1782] INFO:   > Processing lecture 36 of 56
[02:07:30] [udemy-downloader] [parse_new:1786] INFO:       > Lecture '036 Subsetting a list' is already downloaded, skipping...
[02:07:30] [udemy-downloader] [parse_new:1808] INFO: Processing 8 caption(s)...
[02:07:30] [udemy-downloader] [process_caption:1546] INFO:     >  Downloading caption: '036 Subsetting a list_en.vtt'
[02:07:30] [udemy-downloader] [process_caption:1559] INFO:     > Converting caption to SRT format...
[02:07:30] [udemy-downloader] [process_caption:1561] INFO:     > Caption conversion complete.
[02:07:30] [udemy-downloader] [parse_new:1822] INFO:     > Processing 0 asset(s) for lecture...
[02:07:31] [udemy-downloader] [parse_new:1808] INFO: Processing 8 caption(s)...
[02:07:31] [udemy-downloader] [process_caption:1546] INFO:     >  Downloading caption: '036 Subsetting a list_en.vtt'
[02:07:31] [udemy-downloader] [process_caption:1559] INFO:     > Converting caption to SRT format...
[02:07:31] [udemy-downloader] [process_caption:1561] INFO:     > Caption conversion complete.
[02:07:31] [udemy-downloader] [parse_new:1822] INFO:     > Processing 0 asset(s) for lecture...
[02:07:33] [udemy-downloader] [parse_new:1782] INFO:   > Processing lecture 37 of 56
[02:07:33] [udemy-downloader] [process_lecture:1598] INFO:       > Lecture doesn't have DRM, attempting to download...
[02:07:33] [udemy-downloader] [process_lecture:1603] INFO:       ====== Selected quality: video 720
[02:07:34] [udemy-downloader] [parse_new:1782] INFO:   > Processing lecture 37 of 56
[02:07:34] [udemy-downloader] [process_lecture:1598] INFO:       > Lecture doesn't have DRM, attempting to download...
[02:07:34] [udemy-downloader] [process_lecture:1603] INFO:       ====== Selected quality: video 720
[02:07:39] [udemy-downloader] [parse_new:1808] INFO: Processing 8 caption(s)...
[02:07:39] [udemy-downloader] [process_caption:1546] INFO:     >  Downloading caption: '037 Creating a Timeseries Plot_en.vtt'
[02:07:39] [udemy-downloader] [parse_new:1808] INFO: Processing 8 caption(s)...
[02:07:39] [udemy-downloader] [process_caption:1546] INFO:     >  Downloading caption: '037 Creating a Timeseries Plot_en.vtt'
[02:07:40] [udemy-downloader] [process_caption:1559] INFO:     > Converting caption to SRT format...
[02:07:40] [udemy-downloader] [process_caption:1561] INFO:     > Caption conversion complete.
[02:07:40] [udemy-downloader] [parse_new:1822] INFO:     > Processing 0 asset(s) for lecture...
[02:07:40] [udemy-downloader] [process_caption:1559] INFO:     > Converting caption to SRT format...
[02:07:40] [udemy-downloader] [process_caption:1561] INFO:     > Caption conversion complete.
[02:07:40] [udemy-downloader] [parse_new:1822] INFO:     > Processing 0 asset(s) for lecture...
[02:07:43] [udemy-downloader] [parse_new:1782] INFO:   > Processing lecture 38 of 56
[02:07:43] [udemy-downloader] [process_lecture:1598] INFO:       > Lecture doesn't have DRM, attempting to download...
[02:07:43] [udemy-downloader] [process_lecture:1603] INFO:       ====== Selected quality: video 720
[02:07:44] [udemy-downloader] [parse_new:1782] INFO:   > Processing lecture 38 of 56
[02:07:44] [udemy-downloader] [parse_new:1786] INFO:       > Lecture '038 Section Recap' is already downloaded, skipping...
[02:07:44] [udemy-downloader] [parse_new:1808] INFO: Processing 8 caption(s)...
[02:07:44] [udemy-downloader] [process_caption:1546] INFO:     >  Downloading caption: '038 Section Recap_en.vtt'
[02:07:44] [udemy-downloader] [process_caption:1559] INFO:     > Converting caption to SRT format...
[02:07:44] [udemy-downloader] [process_caption:1561] INFO:     > Caption conversion complete.
[02:07:44] [udemy-downloader] [parse_new:1822] INFO:     > Processing 0 asset(s) for lecture...
[02:07:45] [udemy-downloader] [process_normal_quiz:1687] INFO:   > Processing quiz 2
[02:07:45] [udemy-downloader] [parse_new:1754] INFO: ======= Processing chapter 4 of 5 =======
[02:07:45] [udemy-downloader] [parse_new:1808] INFO: Processing 8 caption(s)...
[02:07:45] [udemy-downloader] [process_caption:1546] INFO:     >  Downloading caption: '038 Section Recap_en.vtt'
[02:07:45] [udemy-downloader] [process_caption:1559] INFO:     > Converting caption to SRT format...
[02:07:45] [udemy-downloader] [process_caption:1561] INFO:     > Caption conversion complete.
[02:07:45] [udemy-downloader] [parse_new:1822] INFO:     > Processing 0 asset(s) for lecture...
[02:07:46] [udemy-downloader] [process_normal_quiz:1687] INFO:   > Processing quiz 2
[02:07:46] [udemy-downloader] [parse_new:1754] INFO: ======= Processing chapter 4 of 5 =======
[02:07:48] [udemy-downloader] [parse_new:1782] INFO:   > Processing lecture 40 of 56
[02:07:48] [udemy-downloader] [process_lecture:1598] INFO:       > Lecture doesn't have DRM, attempting to download...
[02:07:48] [udemy-downloader] [process_lecture:1603] INFO:       ====== Selected quality: video 720
[02:07:48] [udemy-downloader] [parse_new:1782] INFO:   > Processing lecture 40 of 56
[02:07:48] [udemy-downloader] [process_lecture:1598] INFO:       > Lecture doesn't have DRM, attempting to download...
[02:07:48] [udemy-downloader] [process_lecture:1603] INFO:       ====== Selected quality: video 720
[02:07:52] [udemy-downloader] [parse_new:1808] INFO: Processing 8 caption(s)...
[02:07:52] [udemy-downloader] [process_caption:1546] INFO:     >  Downloading caption: '040 Welcome to this section. This is what you will learn!_en.vtt'
[02:07:52] [udemy-downloader] [parse_new:1808] INFO: Processing 8 caption(s)...
[02:07:52] [udemy-downloader] [process_caption:1546] INFO:     >  Downloading caption: '040 Welcome to this section. This is what you will learn!_en.vtt'
[02:07:53] [udemy-downloader] [process_caption:1559] INFO:     > Converting caption to SRT format...
[02:07:53] [udemy-downloader] [process_caption:1561] INFO:     > Caption conversion complete.
[02:07:53] [udemy-downloader] [parse_new:1822] INFO:     > Processing 0 asset(s) for lecture...
[02:07:53] [udemy-downloader] [process_caption:1559] INFO:     > Converting caption to SRT format...
[02:07:53] [udemy-downloader] [process_caption:1565] ERROR:     > Error converting caption
Traceback (most recent call last):
  File "/root/project/server/udemy_dl/main.py", line 1560, in process_caption
    convert(lecture_dir, filename_no_ext)
  File "/root/project/server/udemy_dl/vtt_to_srt.py", line 14, in convert
    for caption in WebVTT().read(vtt_filepath):
  File "/usr/local/lib/python3.10/dist-packages/webvtt/webvtt.py", line 88, in read
    with utils.FileWrapper.open(file, encoding=encoding) as fw:
  File "/usr/local/lib/python3.10/dist-packages/webvtt/utils.py", line 53, in open
    return cls(file_path, mode, encoding)
  File "/usr/local/lib/python3.10/dist-packages/webvtt/utils.py", line 33, in __init__
    self.bom_encoding = self.detect_bom_encoding(file_path)
  File "/usr/local/lib/python3.10/dist-packages/webvtt/utils.py", line 78, in detect_bom_encoding
    with open(file_path, mode='rb') as f:
FileNotFoundError: [Errno 2] No such file or directory: '/root/project/server/udemy_dl/Staging_Download/Task_61/r-analytics/04 - Apply Family of Functions/040 Welcome to this section. This is what you will learn!_en.vtt'
[02:07:53] [udemy-downloader] [parse_new:1822] INFO:     > Processing 0 asset(s) for lecture...
[02:07:56] [udemy-downloader] [parse_new:1782] INFO:   > Processing lecture 41 of 56
[02:07:56] [udemy-downloader] [process_lecture:1598] INFO:       > Lecture doesn't have DRM, attempting to download...
[02:07:56] [udemy-downloader] [process_lecture:1603] INFO:       ====== Selected quality: video 720
[02:07:56] [udemy-downloader] [parse_new:1782] INFO:   > Processing lecture 41 of 56
[02:07:56] [udemy-downloader] [process_lecture:1598] INFO:       > Lecture doesn't have DRM, attempting to download...
[02:07:56] [udemy-downloader] [process_lecture:1603] INFO:       ====== Selected quality: video 720
[02:08:00] [udemy-downloader] [parse_new:1808] INFO: Processing 8 caption(s)...
[02:08:00] [udemy-downloader] [process_caption:1546] INFO:     >  Downloading caption: '041 Project Brief Weather Patterns_en.vtt'
[02:08:00] [udemy-downloader] [process_caption:1559] INFO:     > Converting caption to SRT format...
[02:08:00] [udemy-downloader] [process_caption:1561] INFO:     > Caption conversion complete.
[02:08:00] [udemy-downloader] [parse_new:1822] INFO:     > Processing 0 asset(s) for lecture...
[02:08:00] [udemy-downloader] [parse_new:1808] INFO: Processing 8 caption(s)...
[02:08:00] [udemy-downloader] [process_caption:1546] INFO:     >  Downloading caption: '041 Project Brief Weather Patterns_en.vtt'
[02:08:01] [udemy-downloader] [process_caption:1559] INFO:     > Converting caption to SRT format...
[02:08:01] [udemy-downloader] [process_caption:1561] INFO:     > Caption conversion complete.
[02:08:01] [udemy-downloader] [parse_new:1822] INFO:     > Processing 0 asset(s) for lecture...
[02:08:04] [udemy-downloader] [parse_new:1782] INFO:   > Processing lecture 42 of 56
[02:08:04] [udemy-downloader] [process_lecture:1598] INFO:       > Lecture doesn't have DRM, attempting to download...
[02:08:04] [udemy-downloader] [process_lecture:1603] INFO:       ====== Selected quality: video 720
[02:08:04] [udemy-downloader] [parse_new:1782] INFO:   > Processing lecture 42 of 56
[02:08:04] [udemy-downloader] [parse_new:1786] INFO:       > Lecture '042 Import Data into R' is already downloaded, skipping...
[02:08:04] [udemy-downloader] [parse_new:1808] INFO: Processing 8 caption(s)...
[02:08:04] [udemy-downloader] [process_caption:1546] INFO:     >  Downloading caption: '042 Import Data into R_en.vtt'
[02:08:05] [udemy-downloader] [process_caption:1559] INFO:     > Converting caption to SRT format...
[02:08:05] [udemy-downloader] [process_caption:1561] INFO:     > Caption conversion complete.
[02:08:05] [udemy-downloader] [parse_new:1822] INFO:     > Processing 0 asset(s) for lecture...
[02:08:08] [udemy-downloader] [parse_new:1782] INFO:   > Processing lecture 43 of 56
[02:08:08] [udemy-downloader] [process_lecture:1598] INFO:       > Lecture doesn't have DRM, attempting to download...
[02:08:08] [udemy-downloader] [process_lecture:1603] INFO:       ====== Selected quality: video 720
[02:08:10] [udemy-downloader] [parse_new:1808] INFO: Processing 8 caption(s)...
[02:08:10] [udemy-downloader] [process_caption:1546] INFO:     >  Downloading caption: '042 Import Data into R_en.vtt'
[02:08:10] [udemy-downloader] [process_caption:1559] INFO:     > Converting caption to SRT format...
[02:08:10] [udemy-downloader] [process_caption:1561] INFO:     > Caption conversion complete.
[02:08:10] [udemy-downloader] [parse_new:1822] INFO:     > Processing 0 asset(s) for lecture...
[02:08:13] [udemy-downloader] [parse_new:1808] INFO: Processing 7 caption(s)...
[02:08:13] [udemy-downloader] [process_caption:1546] INFO:     >  Downloading caption: '043 R programming What is the Apply family_en.vtt'
[02:08:13] [udemy-downloader] [parse_new:1782] INFO:   > Processing lecture 43 of 56
[02:08:13] [udemy-downloader] [parse_new:1786] INFO:       > Lecture '043 R programming What is the Apply family' is already downloaded, skipping...
[02:08:13] [udemy-downloader] [parse_new:1808] INFO: Processing 7 caption(s)...
[02:08:13] [udemy-downloader] [process_caption:1546] INFO:     >  Downloading caption: '043 R programming What is the Apply family_en.vtt'
[02:08:14] [udemy-downloader] [process_caption:1559] INFO:     > Converting caption to SRT format...
[02:08:14] [udemy-downloader] [process_caption:1561] INFO:     > Caption conversion complete.
[02:08:14] [udemy-downloader] [parse_new:1822] INFO:     > Processing 0 asset(s) for lecture...
[02:08:14] [udemy-downloader] [process_caption:1559] INFO:     > Converting caption to SRT format...
[02:08:14] [udemy-downloader] [process_caption:1561] INFO:     > Caption conversion complete.
[02:08:14] [udemy-downloader] [parse_new:1822] INFO:     > Processing 0 asset(s) for lecture...
[02:08:17] [udemy-downloader] [parse_new:1782] INFO:   > Processing lecture 44 of 56
[02:08:17] [udemy-downloader] [process_lecture:1598] INFO:       > Lecture doesn't have DRM, attempting to download...
[02:08:17] [udemy-downloader] [process_lecture:1603] INFO:       ====== Selected quality: video 720
[02:08:17] [udemy-downloader] [parse_new:1782] INFO:   > Processing lecture 44 of 56
[02:08:17] [udemy-downloader] [process_lecture:1598] INFO:       > Lecture doesn't have DRM, attempting to download...
[02:08:17] [udemy-downloader] [process_lecture:1603] INFO:       ====== Selected quality: video 720
[02:08:21] [udemy-downloader] [parse_new:1808] INFO: Processing 8 caption(s)...
[02:08:21] [udemy-downloader] [process_caption:1546] INFO:     >  Downloading caption: '044 Using apply()_en.vtt'
[02:08:21] [udemy-downloader] [parse_new:1808] INFO: Processing 8 caption(s)...
[02:08:21] [udemy-downloader] [process_caption:1546] INFO:     >  Downloading caption: '044 Using apply()_en.vtt'
[02:08:21] [udemy-downloader] [process_caption:1559] INFO:     > Converting caption to SRT format...
[02:08:21] [udemy-downloader] [process_caption:1561] INFO:     > Caption conversion complete.
[02:08:21] [udemy-downloader] [parse_new:1822] INFO:     > Processing 0 asset(s) for lecture...
[02:08:22] [udemy-downloader] [process_caption:1559] INFO:     > Converting caption to SRT format...
[02:08:22] [udemy-downloader] [process_caption:1561] INFO:     > Caption conversion complete.
[02:08:22] [udemy-downloader] [parse_new:1822] INFO:     > Processing 0 asset(s) for lecture...
[02:08:25] [udemy-downloader] [parse_new:1782] INFO:   > Processing lecture 45 of 56
[02:08:25] [udemy-downloader] [process_lecture:1598] INFO:       > Lecture doesn't have DRM, attempting to download...
[02:08:25] [udemy-downloader] [process_lecture:1603] INFO:       ====== Selected quality: video 720
[02:08:25] [udemy-downloader] [parse_new:1782] INFO:   > Processing lecture 45 of 56
[02:08:25] [udemy-downloader] [process_lecture:1598] INFO:       > Lecture doesn't have DRM, attempting to download...
[02:08:25] [udemy-downloader] [process_lecture:1603] INFO:       ====== Selected quality: video 720
[02:08:28] [udemy-downloader] [parse_new:1808] INFO: Processing 8 caption(s)...
[02:08:28] [udemy-downloader] [process_caption:1546] INFO:     >  Downloading caption: '045 Recreating the apply function with loops (advanced topic)_en.vtt'
[02:08:28] [udemy-downloader] [parse_new:1808] INFO: Processing 8 caption(s)...
[02:08:28] [udemy-downloader] [process_caption:1546] INFO:     >  Downloading caption: '045 Recreating the apply function with loops (advanced topic)_en.vtt'
[02:08:28] [udemy-downloader] [process_caption:1559] INFO:     > Converting caption to SRT format...
[02:08:28] [udemy-downloader] [process_caption:1561] INFO:     > Caption conversion complete.
[02:08:28] [udemy-downloader] [parse_new:1822] INFO:     > Processing 0 asset(s) for lecture...
[02:08:28] [udemy-downloader] [process_caption:1559] INFO:     > Converting caption to SRT format...
[02:08:28] [udemy-downloader] [process_caption:1561] INFO:     > Caption conversion complete.
[02:08:28] [udemy-downloader] [parse_new:1822] INFO:     > Processing 0 asset(s) for lecture...
[02:08:31] [udemy-downloader] [parse_new:1782] INFO:   > Processing lecture 46 of 56
[02:08:31] [udemy-downloader] [process_lecture:1598] INFO:       > Lecture doesn't have DRM, attempting to download...
[02:08:31] [udemy-downloader] [process_lecture:1603] INFO:       ====== Selected quality: video 720
[02:08:31] [udemy-downloader] [parse_new:1782] INFO:   > Processing lecture 46 of 56
[02:08:31] [udemy-downloader] [process_lecture:1598] INFO:       > Lecture doesn't have DRM, attempting to download...
[02:08:31] [udemy-downloader] [process_lecture:1603] INFO:       ====== Selected quality: video 720
[02:08:37] [udemy-downloader] [parse_new:1808] INFO: Processing 8 caption(s)...
[02:08:37] [udemy-downloader] [process_caption:1546] INFO:     >  Downloading caption: '046 Using lapply()_en.vtt'
[02:08:37] [udemy-downloader] [parse_new:1808] INFO: Processing 8 caption(s)...
[02:08:37] [udemy-downloader] [process_caption:1546] INFO:     >  Downloading caption: '046 Using lapply()_en.vtt'
[02:08:38] [udemy-downloader] [process_caption:1559] INFO:     > Converting caption to SRT format...
[02:08:38] [udemy-downloader] [process_caption:1561] INFO:     > Caption conversion complete.
[02:08:38] [udemy-downloader] [parse_new:1822] INFO:     > Processing 0 asset(s) for lecture...
[02:08:38] [udemy-downloader] [process_caption:1559] INFO:     > Converting caption to SRT format...
[02:08:38] [udemy-downloader] [process_caption:1561] INFO:     > Caption conversion complete.
[02:08:38] [udemy-downloader] [parse_new:1822] INFO:     > Processing 0 asset(s) for lecture...
[02:08:41] [udemy-downloader] [parse_new:1782] INFO:   > Processing lecture 47 of 56
[02:08:41] [udemy-downloader] [process_lecture:1598] INFO:       > Lecture doesn't have DRM, attempting to download...
[02:08:41] [udemy-downloader] [process_lecture:1603] INFO:       ====== Selected quality: video 720
[02:08:41] [udemy-downloader] [parse_new:1782] INFO:   > Processing lecture 47 of 56
[02:08:41] [udemy-downloader] [parse_new:1786] INFO:       > Lecture '047 Combining lapply() with []' is already downloaded, skipping...
[02:08:41] [udemy-downloader] [parse_new:1808] INFO: Processing 8 caption(s)...
[02:08:41] [udemy-downloader] [process_caption:1546] INFO:     >  Downloading caption: '047 Combining lapply() with []_en.vtt'
[02:08:42] [udemy-downloader] [process_caption:1559] INFO:     > Converting caption to SRT format...
[02:08:42] [udemy-downloader] [process_caption:1561] INFO:     > Caption conversion complete.
[02:08:42] [udemy-downloader] [parse_new:1822] INFO:     > Processing 0 asset(s) for lecture...
[02:08:45] [udemy-downloader] [parse_new:1782] INFO:   > Processing lecture 48 of 56
[02:08:45] [udemy-downloader] [process_lecture:1598] INFO:       > Lecture doesn't have DRM, attempting to download...
[02:08:45] [udemy-downloader] [process_lecture:1603] INFO:       ====== Selected quality: video 720
[02:08:45] [udemy-downloader] [parse_new:1808] INFO: Processing 8 caption(s)...
[02:08:45] [udemy-downloader] [process_caption:1546] INFO:     >  Downloading caption: '047 Combining lapply() with []_en.vtt'
[02:08:46] [udemy-downloader] [process_caption:1559] INFO:     > Converting caption to SRT format...
[02:08:46] [udemy-downloader] [process_caption:1561] INFO:     > Caption conversion complete.
[02:08:46] [udemy-downloader] [parse_new:1822] INFO:     > Processing 0 asset(s) for lecture...
[02:08:49] [udemy-downloader] [parse_new:1782] INFO:   > Processing lecture 48 of 56
[02:08:49] [udemy-downloader] [parse_new:1786] INFO:       > Lecture '048 Adding your own functions' is already downloaded, skipping...
[02:08:49] [udemy-downloader] [parse_new:1808] INFO: Processing 8 caption(s)...
[02:08:49] [udemy-downloader] [process_caption:1546] INFO:     >  Downloading caption: '048 Adding your own functions_en.vtt'
[02:08:50] [udemy-downloader] [process_caption:1559] INFO:     > Converting caption to SRT format...
[02:08:50] [udemy-downloader] [process_caption:1561] INFO:     > Caption conversion complete.
[02:08:50] [udemy-downloader] [parse_new:1822] INFO:     > Processing 0 asset(s) for lecture...
[02:08:51] [udemy-downloader] [parse_new:1808] INFO: Processing 8 caption(s)...
[02:08:51] [udemy-downloader] [process_caption:1546] INFO:     >  Downloading caption: '048 Adding your own functions_en.vtt'
[02:08:51] [udemy-downloader] [process_caption:1559] INFO:     > Converting caption to SRT format...
[02:08:51] [udemy-downloader] [process_caption:1561] INFO:     > Caption conversion complete.
[02:08:51] [udemy-downloader] [parse_new:1822] INFO:     > Processing 0 asset(s) for lecture...
[02:08:53] [udemy-downloader] [parse_new:1782] INFO:   > Processing lecture 49 of 56
[02:08:53] [udemy-downloader] [process_lecture:1598] INFO:       > Lecture doesn't have DRM, attempting to download...
[02:08:53] [udemy-downloader] [process_lecture:1603] INFO:       ====== Selected quality: video 720
[02:08:55] [udemy-downloader] [parse_new:1782] INFO:   > Processing lecture 49 of 56
[02:08:55] [udemy-downloader] [parse_new:1786] INFO:       > Lecture '049 Using sapply()' is already downloaded, skipping...
[02:08:55] [udemy-downloader] [parse_new:1808] INFO: Processing 8 caption(s)...
[02:08:55] [udemy-downloader] [process_caption:1546] INFO:     >  Downloading caption: '049 Using sapply()_en.vtt'
[02:08:55] [udemy-downloader] [process_caption:1559] INFO:     > Converting caption to SRT format...
[02:08:55] [udemy-downloader] [process_caption:1561] INFO:     > Caption conversion complete.
[02:08:55] [udemy-downloader] [parse_new:1822] INFO:     > Processing 0 asset(s) for lecture...
[02:08:59] [udemy-downloader] [parse_new:1808] INFO: Processing 8 caption(s)...
[02:08:59] [udemy-downloader] [process_caption:1546] INFO:     >  Downloading caption: '049 Using sapply()_en.vtt'
[02:08:59] [udemy-downloader] [process_caption:1559] INFO:     > Converting caption to SRT format...
[02:08:59] [udemy-downloader] [process_caption:1561] INFO:     > Caption conversion complete.
[02:08:59] [udemy-downloader] [parse_new:1822] INFO:     > Processing 0 asset(s) for lecture...
[02:08:59] [udemy-downloader] [parse_new:1782] INFO:   > Processing lecture 50 of 56
[02:08:59] [udemy-downloader] [process_lecture:1598] INFO:       > Lecture doesn't have DRM, attempting to download...
[02:08:59] [udemy-downloader] [process_lecture:1603] INFO:       ====== Selected quality: video 720
[02:09:02] [udemy-downloader] [parse_new:1782] INFO:   > Processing lecture 50 of 56
[02:09:02] [udemy-downloader] [parse_new:1786] INFO:       > Lecture '050 Nesting apply() functions' is already downloaded, skipping...
[02:09:02] [udemy-downloader] [parse_new:1808] INFO: Processing 8 caption(s)...
[02:09:02] [udemy-downloader] [process_caption:1546] INFO:     >  Downloading caption: '050 Nesting apply() functions_en.vtt'
[02:09:03] [udemy-downloader] [process_caption:1559] INFO:     > Converting caption to SRT format...
[02:09:03] [udemy-downloader] [process_caption:1561] INFO:     > Caption conversion complete.
[02:09:03] [udemy-downloader] [parse_new:1822] INFO:     > Processing 0 asset(s) for lecture...
[02:09:03] [udemy-downloader] [parse_new:1808] INFO: Processing 8 caption(s)...
[02:09:03] [udemy-downloader] [process_caption:1546] INFO:     >  Downloading caption: '050 Nesting apply() functions_en.vtt'
[02:09:03] [udemy-downloader] [process_caption:1559] INFO:     > Converting caption to SRT format...
[02:09:03] [udemy-downloader] [process_caption:1561] INFO:     > Caption conversion complete.
[02:09:03] [udemy-downloader] [parse_new:1822] INFO:     > Processing 0 asset(s) for lecture...
[02:09:07] [udemy-downloader] [parse_new:1782] INFO:   > Processing lecture 51 of 56
[02:09:07] [udemy-downloader] [process_lecture:1598] INFO:       > Lecture doesn't have DRM, attempting to download...
[02:09:07] [udemy-downloader] [process_lecture:1603] INFO:       ====== Selected quality: video 720
[02:09:07] [udemy-downloader] [parse_new:1782] INFO:   > Processing lecture 51 of 56
[02:09:07] [udemy-downloader] [process_lecture:1598] INFO:       > Lecture doesn't have DRM, attempting to download...
[02:09:07] [udemy-downloader] [process_lecture:1603] INFO:       ====== Selected quality: video 720
[02:09:12] [udemy-downloader] [parse_new:1808] INFO: Processing 8 caption(s)...
[02:09:12] [udemy-downloader] [process_caption:1546] INFO:     >  Downloading caption: '051 which.max() and which.min() (advanced topic)_en.vtt'
[02:09:12] [udemy-downloader] [parse_new:1808] INFO: Processing 8 caption(s)...
[02:09:12] [udemy-downloader] [process_caption:1546] INFO:     >  Downloading caption: '051 which.max() and which.min() (advanced topic)_en.vtt'
[02:09:12] [udemy-downloader] [process_caption:1559] INFO:     > Converting caption to SRT format...
[02:09:12] [udemy-downloader] [process_caption:1561] INFO:     > Caption conversion complete.
[02:09:12] [udemy-downloader] [parse_new:1822] INFO:     > Processing 0 asset(s) for lecture...
[02:09:13] [udemy-downloader] [process_caption:1559] INFO:     > Converting caption to SRT format...
[02:09:13] [udemy-downloader] [process_caption:1561] INFO:     > Caption conversion complete.
[02:09:13] [udemy-downloader] [parse_new:1822] INFO:     > Processing 0 asset(s) for lecture...
[02:09:16] [udemy-downloader] [parse_new:1782] INFO:   > Processing lecture 52 of 56
[02:09:16] [udemy-downloader] [process_lecture:1598] INFO:       > Lecture doesn't have DRM, attempting to download...
[02:09:16] [udemy-downloader] [process_lecture:1603] INFO:       ====== Selected quality: video 720
[02:09:16] [udemy-downloader] [parse_new:1782] INFO:   > Processing lecture 52 of 56
[02:09:16] [udemy-downloader] [process_lecture:1598] INFO:       > Lecture doesn't have DRM, attempting to download...
[02:09:16] [udemy-downloader] [process_lecture:1603] INFO:       ====== Selected quality: video 720
[02:09:18] [udemy-downloader] [parse_new:1808] INFO: Processing 8 caption(s)...
[02:09:18] [udemy-downloader] [process_caption:1546] INFO:     >  Downloading caption: '052 Section Recap_en.vtt'
[02:09:18] [udemy-downloader] [parse_new:1808] INFO: Processing 8 caption(s)...
[02:09:18] [udemy-downloader] [process_caption:1546] INFO:     >  Downloading caption: '052 Section Recap_en.vtt'
[02:09:18] [udemy-downloader] [process_caption:1559] INFO:     > Converting caption to SRT format...
[02:09:18] [udemy-downloader] [process_caption:1561] INFO:     > Caption conversion complete.
[02:09:18] [udemy-downloader] [parse_new:1822] INFO:     > Processing 0 asset(s) for lecture...
[02:09:18] [udemy-downloader] [process_caption:1559] INFO:     > Converting caption to SRT format...
[02:09:18] [udemy-downloader] [process_caption:1561] INFO:     > Caption conversion complete.
[02:09:18] [udemy-downloader] [parse_new:1822] INFO:     > Processing 0 asset(s) for lecture...
[02:09:19] [udemy-downloader] [process_normal_quiz:1687] INFO:   > Processing quiz 3
[02:09:19] [udemy-downloader] [process_normal_quiz:1687] INFO:   > Processing quiz 3
[02:09:22] [udemy-downloader] [parse_new:1782] INFO:   > Processing lecture 54 of 56
[02:09:22] [udemy-downloader] [process_lecture:1598] INFO:       > Lecture doesn't have DRM, attempting to download...
[02:09:22] [udemy-downloader] [process_lecture:1603] INFO:       ====== Selected quality: video 720
[02:09:22] [udemy-downloader] [parse_new:1782] INFO:   > Processing lecture 54 of 56
[02:09:22] [udemy-downloader] [process_lecture:1598] INFO:       > Lecture doesn't have DRM, attempting to download...
[02:09:22] [udemy-downloader] [process_lecture:1603] INFO:       ====== Selected quality: video 720
[02:09:28] [udemy-downloader] [parse_new:1808] INFO: Processing 7 caption(s)...
[02:09:28] [udemy-downloader] [process_caption:1546] INFO:     >  Downloading caption: '054 THANK YOU Video_en.vtt'
[02:09:28] [udemy-downloader] [parse_new:1808] INFO: Processing 7 caption(s)...
[02:09:28] [udemy-downloader] [process_caption:1546] INFO:     >  Downloading caption: '054 THANK YOU Video_en.vtt'
[02:09:28] [udemy-downloader] [process_caption:1559] INFO:     > Converting caption to SRT format...
[02:09:28] [udemy-downloader] [process_caption:1561] INFO:     > Caption conversion complete.
[02:09:28] [udemy-downloader] [parse_new:1822] INFO:     > Processing 0 asset(s) for lecture...
[02:09:28] [udemy-downloader] [parse_new:1754] INFO: ======= Processing chapter 5 of 5 =======
[02:09:28] [udemy-downloader] [parse_new:1782] INFO:   > Processing lecture 55 of 56
[02:09:28] [udemy-downloader] [parse_new:1822] INFO:     > Processing 1 asset(s) for lecture...
[02:09:28] [udemy-downloader] [parse_new:1782] INFO:   > Processing lecture 56 of 56
[02:09:28] [udemy-downloader] [parse_new:1822] INFO:     > Processing 1 asset(s) for lecture...
[02:09:29] [udemy-downloader] [process_caption:1559] INFO:     > Converting caption to SRT format...
[02:09:29] [udemy-downloader] [process_caption:1561] INFO:     > Caption conversion complete.
[02:09:29] [udemy-downloader] [parse_new:1822] INFO:     > Processing 0 asset(s) for lecture...
[02:09:29] [udemy-downloader] [parse_new:1754] INFO: ======= Processing chapter 5 of 5 =======
[02:09:29] [udemy-downloader] [parse_new:1782] INFO:   > Processing lecture 55 of 56
[02:09:29] [udemy-downloader] [parse_new:1786] INFO:       > Lecture '055 Huge Congrats for completing the challenge!' is already downloaded, skipping...
[02:09:29] [udemy-downloader] [parse_new:1822] INFO:     > Processing 1 asset(s) for lecture...
[02:09:29] [udemy-downloader] [parse_new:1782] INFO:   > Processing lecture 56 of 56
[02:09:29] [udemy-downloader] [parse_new:1786] INFO:       > Lecture '056 Bonus Lecture' is already downloaded, skipping...
[02:09:29] [udemy-downloader] [parse_new:1822] INFO:     > Processing 1 asset(s) for lecture...
