
============================================================
[2026-01-19T15:08:30.561535] Starting download for task 92
Command: /usr/bin/python3 main.py -c https://samsungu.udemy.com/course/huong-dan-chua-e-thi-tieng-nhat-cap-do-n5-jlpt/ -b BXkdOY7L4dK19hrNj1GnplHFHoMbkXpiLlSn9dcU -o Staging_Download/Task_92 -q 720 --download-captions --download-assets --download-quizzes --concurrent-downloads 10 --continue-lecture-numbers
============================================================

============================================================
[LOGGING MODULE] Starting download process
============================================================
[03:08:30] [udemy-downloader] [pre_run:394] INFO: Output directory set to /root/project/server/udemy_dl/Staging_Download/Task_92
[03:08:30] [udemy-downloader] [pre_run:404] WARNING: > Keyfile not found! You won't be able to decrypt any encrypted videos!
[03:08:31] [udemy-downloader] [visit:1203] INFO: Visit request successful
[03:08:31] [udemy-downloader] [main:2044] INFO: > Fetching course information, this may take a minute...
[03:08:32] [udemy-downloader] [_handle_pagination:914] INFO: > Downloading data page 2/2
[03:08:33] [udemy-downloader] [main:2047] INFO: > Course information retrieved!
[03:08:33] [udemy-downloader] [main:2052] INFO: > Fetching course curriculum, this may take a minute...
[03:08:35] [udemy-downloader] [main:2076] INFO: > Course curriculum retrieved!
[03:08:35] [udemy-downloader] [main:2107] INFO: > Processing course data, this may take a minute. 
[03:08:35] [udemy-downloader] [main:2151] INFO: Processing 2 of 33
[03:08:35] [udemy-downloader] [main:2151] INFO: Processing 4 of 33
[03:08:35] [udemy-downloader] [main:2151] INFO: Processing 5 of 33
[03:08:35] [udemy-downloader] [main:2151] INFO: Processing 6 of 33
[03:08:35] [udemy-downloader] [main:2151] INFO: Processing 7 of 33
[03:08:35] [udemy-downloader] [main:2151] INFO: Processing 8 of 33
[03:08:35] [udemy-downloader] [main:2151] INFO: Processing 9 of 33
[03:08:35] [udemy-downloader] [main:2151] INFO: Processing 11 of 33
[03:08:35] [udemy-downloader] [main:2151] INFO: Processing 12 of 33
[03:08:35] [udemy-downloader] [main:2151] INFO: Processing 13 of 33
[03:08:35] [udemy-downloader] [main:2151] INFO: Processing 14 of 33
[03:08:35] [udemy-downloader] [main:2151] INFO: Processing 15 of 33
[03:08:35] [udemy-downloader] [main:2151] INFO: Processing 16 of 33
[03:08:35] [udemy-downloader] [main:2151] INFO: Processing 17 of 33
[03:08:35] [udemy-downloader] [main:2151] INFO: Processing 18 of 33
[03:08:35] [udemy-downloader] [main:2151] INFO: Processing 19 of 33
[03:08:35] [udemy-downloader] [main:2151] INFO: Processing 20 of 33
[03:08:35] [udemy-downloader] [main:2151] INFO: Processing 22 of 33
[03:08:35] [udemy-downloader] [main:2151] INFO: Processing 23 of 33
[03:08:35] [udemy-downloader] [main:2151] INFO: Processing 24 of 33
[03:08:35] [udemy-downloader] [main:2151] INFO: Processing 25 of 33
[03:08:35] [udemy-downloader] [main:2151] INFO: Processing 26 of 33
[03:08:35] [udemy-downloader] [main:2151] INFO: Processing 27 of 33
[03:08:35] [udemy-downloader] [main:2151] INFO: Processing 28 of 33
[03:08:35] [udemy-downloader] [main:2151] INFO: Processing 29 of 33
[03:08:35] [udemy-downloader] [main:2151] INFO: Processing 30 of 33
[03:08:35] [udemy-downloader] [main:2151] INFO: Processing 31 of 33
[03:08:35] [udemy-downloader] [main:2151] INFO: Processing 32 of 33
[03:08:35] [udemy-downloader] [main:2151] INFO: Processing 33 of 33
[03:08:35] [udemy-downloader] [parse_new:1731] INFO: Chapter(s) (4)
[03:08:35] [udemy-downloader] [parse_new:1732] INFO: Lecture(s) (29)
[03:08:35] [udemy-downloader] [parse_new:1754] INFO: ======= Processing chapter 1 of 4 =======
[03:08:39] [udemy-downloader] [parse_new:1782] INFO:   > Processing lecture 1 of 29
[03:08:39] [udemy-downloader] [process_lecture:1598] INFO:       > Lecture doesn't have DRM, attempting to download...
[03:08:39] [udemy-downloader] [process_lecture:1603] INFO:       ====== Selected quality: video 720
[03:08:39] [udemy-downloader] [parse_new:1808] INFO: Processing 0 caption(s)...
[03:08:39] [udemy-downloader] [parse_new:1822] INFO:     > Processing 0 asset(s) for lecture...
[03:08:39] [udemy-downloader] [parse_new:1754] INFO: ======= Processing chapter 2 of 4 =======
[03:08:42] [udemy-downloader] [parse_new:1782] INFO:   > Processing lecture 2 of 29
[03:08:42] [udemy-downloader] [process_lecture:1598] INFO:       > Lecture doesn't have DRM, attempting to download...
[03:08:42] [udemy-downloader] [process_lecture:1603] INFO:       ====== Selected quality: video 720
[03:08:44] [udemy-downloader] [parse_new:1808] INFO: Processing 0 caption(s)...
[03:08:44] [udemy-downloader] [parse_new:1822] INFO:     > Processing 0 asset(s) for lecture...
[03:08:48] [udemy-downloader] [parse_new:1782] INFO:   > Processing lecture 3 of 29
[03:08:48] [udemy-downloader] [process_lecture:1598] INFO:       > Lecture doesn't have DRM, attempting to download...
[03:08:48] [udemy-downloader] [process_lecture:1603] INFO:       ====== Selected quality: video 720
[03:08:50] [udemy-downloader] [parse_new:1808] INFO: Processing 0 caption(s)...
[03:08:50] [udemy-downloader] [parse_new:1822] INFO:     > Processing 0 asset(s) for lecture...
[03:08:54] [udemy-downloader] [parse_new:1782] INFO:   > Processing lecture 4 of 29
[03:08:54] [udemy-downloader] [process_lecture:1598] INFO:       > Lecture doesn't have DRM, attempting to download...
[03:08:54] [udemy-downloader] [process_lecture:1603] INFO:       ====== Selected quality: video 720
[03:08:54] [udemy-downloader] [parse_new:1808] INFO: Processing 0 caption(s)...
[03:08:54] [udemy-downloader] [parse_new:1822] INFO:     > Processing 0 asset(s) for lecture...
[03:08:58] [udemy-downloader] [parse_new:1782] INFO:   > Processing lecture 5 of 29
[03:08:58] [udemy-downloader] [process_lecture:1598] INFO:       > Lecture doesn't have DRM, attempting to download...
[03:08:58] [udemy-downloader] [process_lecture:1603] INFO:       ====== Selected quality: video 720
[03:08:58] [udemy-downloader] [parse_new:1808] INFO: Processing 0 caption(s)...
[03:08:58] [udemy-downloader] [parse_new:1822] INFO:     > Processing 0 asset(s) for lecture...
[03:09:01] [udemy-downloader] [parse_new:1782] INFO:   > Processing lecture 6 of 29
[03:09:01] [udemy-downloader] [process_lecture:1598] INFO:       > Lecture doesn't have DRM, attempting to download...
[03:09:01] [udemy-downloader] [process_lecture:1603] INFO:       ====== Selected quality: video 720
[03:09:01] [udemy-downloader] [parse_new:1808] INFO: Processing 0 caption(s)...
[03:09:01] [udemy-downloader] [parse_new:1822] INFO:     > Processing 0 asset(s) for lecture...
[03:09:04] [udemy-downloader] [parse_new:1782] INFO:   > Processing lecture 7 of 29
[03:09:04] [udemy-downloader] [process_lecture:1598] INFO:       > Lecture doesn't have DRM, attempting to download...
[03:09:04] [udemy-downloader] [process_lecture:1603] INFO:       ====== Selected quality: video 720
[03:09:06] [udemy-downloader] [parse_new:1808] INFO: Processing 0 caption(s)...
[03:09:06] [udemy-downloader] [parse_new:1822] INFO:     > Processing 0 asset(s) for lecture...
[03:09:06] [udemy-downloader] [parse_new:1754] INFO: ======= Processing chapter 3 of 4 =======
[03:09:10] [udemy-downloader] [parse_new:1782] INFO:   > Processing lecture 8 of 29
[03:09:10] [udemy-downloader] [process_lecture:1598] INFO:       > Lecture doesn't have DRM, attempting to download...
[03:09:10] [udemy-downloader] [process_lecture:1603] INFO:       ====== Selected quality: video 720
[03:09:10] [udemy-downloader] [parse_new:1808] INFO: Processing 0 caption(s)...
[03:09:10] [udemy-downloader] [parse_new:1822] INFO:     > Processing 0 asset(s) for lecture...
[03:09:14] [udemy-downloader] [parse_new:1782] INFO:   > Processing lecture 9 of 29
[03:09:14] [udemy-downloader] [process_lecture:1598] INFO:       > Lecture doesn't have DRM, attempting to download...
[03:09:14] [udemy-downloader] [process_lecture:1603] INFO:       ====== Selected quality: video 720
[03:09:14] [udemy-downloader] [parse_new:1808] INFO: Processing 0 caption(s)...
[03:09:14] [udemy-downloader] [parse_new:1822] INFO:     > Processing 0 asset(s) for lecture...
[03:09:17] [udemy-downloader] [parse_new:1782] INFO:   > Processing lecture 10 of 29
[03:09:17] [udemy-downloader] [process_lecture:1598] INFO:       > Lecture doesn't have DRM, attempting to download...
[03:09:17] [udemy-downloader] [process_lecture:1603] INFO:       ====== Selected quality: video 720
[03:09:18] [udemy-downloader] [parse_new:1808] INFO: Processing 0 caption(s)...
[03:09:18] [udemy-downloader] [parse_new:1822] INFO:     > Processing 0 asset(s) for lecture...
[03:09:21] [udemy-downloader] [parse_new:1782] INFO:   > Processing lecture 11 of 29
[03:09:21] [udemy-downloader] [process_lecture:1598] INFO:       > Lecture doesn't have DRM, attempting to download...
[03:09:21] [udemy-downloader] [process_lecture:1603] INFO:       ====== Selected quality: video 720
[03:09:23] [udemy-downloader] [parse_new:1808] INFO: Processing 0 caption(s)...
[03:09:23] [udemy-downloader] [parse_new:1822] INFO:     > Processing 0 asset(s) for lecture...
[03:09:26] [udemy-downloader] [parse_new:1782] INFO:   > Processing lecture 12 of 29
[03:09:26] [udemy-downloader] [process_lecture:1598] INFO:       > Lecture doesn't have DRM, attempting to download...
[03:09:26] [udemy-downloader] [process_lecture:1603] INFO:       ====== Selected quality: video 720
[03:09:26] [udemy-downloader] [parse_new:1808] INFO: Processing 0 caption(s)...
[03:09:26] [udemy-downloader] [parse_new:1822] INFO:     > Processing 0 asset(s) for lecture...
[03:09:29] [udemy-downloader] [parse_new:1782] INFO:   > Processing lecture 13 of 29
[03:09:29] [udemy-downloader] [process_lecture:1598] INFO:       > Lecture doesn't have DRM, attempting to download...
[03:09:29] [udemy-downloader] [process_lecture:1603] INFO:       ====== Selected quality: video 720
[03:09:29] [udemy-downloader] [parse_new:1808] INFO: Processing 0 caption(s)...
[03:09:29] [udemy-downloader] [parse_new:1822] INFO:     > Processing 0 asset(s) for lecture...
[03:09:33] [udemy-downloader] [parse_new:1782] INFO:   > Processing lecture 14 of 29
[03:09:33] [udemy-downloader] [process_lecture:1598] INFO:       > Lecture doesn't have DRM, attempting to download...
[03:09:33] [udemy-downloader] [process_lecture:1603] INFO:       ====== Selected quality: video 720
[03:09:34] [udemy-downloader] [parse_new:1808] INFO: Processing 0 caption(s)...
[03:09:34] [udemy-downloader] [parse_new:1822] INFO:     > Processing 0 asset(s) for lecture...
[03:09:36] [udemy-downloader] [parse_new:1782] INFO:   > Processing lecture 15 of 29
[03:09:36] [udemy-downloader] [process_lecture:1598] INFO:       > Lecture doesn't have DRM, attempting to download...
[03:09:36] [udemy-downloader] [process_lecture:1603] INFO:       ====== Selected quality: video 720
[03:09:36] [udemy-downloader] [parse_new:1808] INFO: Processing 0 caption(s)...
[03:09:36] [udemy-downloader] [parse_new:1822] INFO:     > Processing 0 asset(s) for lecture...
[03:09:40] [udemy-downloader] [parse_new:1782] INFO:   > Processing lecture 16 of 29
[03:09:40] [udemy-downloader] [process_lecture:1598] INFO:       > Lecture doesn't have DRM, attempting to download...
[03:09:40] [udemy-downloader] [process_lecture:1603] INFO:       ====== Selected quality: video 720
[03:09:42] [udemy-downloader] [parse_new:1808] INFO: Processing 0 caption(s)...
[03:09:42] [udemy-downloader] [parse_new:1822] INFO:     > Processing 0 asset(s) for lecture...
[03:09:45] [udemy-downloader] [parse_new:1782] INFO:   > Processing lecture 17 of 29
[03:09:45] [udemy-downloader] [process_lecture:1598] INFO:       > Lecture doesn't have DRM, attempting to download...
[03:09:45] [udemy-downloader] [process_lecture:1603] INFO:       ====== Selected quality: video 720
[03:09:46] [udemy-downloader] [parse_new:1808] INFO: Processing 0 caption(s)...
[03:09:46] [udemy-downloader] [parse_new:1822] INFO:     > Processing 0 asset(s) for lecture...
[03:09:46] [udemy-downloader] [parse_new:1754] INFO: ======= Processing chapter 4 of 4 =======
[03:09:48] [udemy-downloader] [parse_new:1782] INFO:   > Processing lecture 18 of 29
[03:09:48] [udemy-downloader] [process_lecture:1598] INFO:       > Lecture doesn't have DRM, attempting to download...
[03:09:48] [udemy-downloader] [process_lecture:1603] INFO:       ====== Selected quality: video 720
[03:09:48] [udemy-downloader] [parse_new:1808] INFO: Processing 0 caption(s)...
[03:09:48] [udemy-downloader] [parse_new:1822] INFO:     > Processing 0 asset(s) for lecture...
[03:09:52] [udemy-downloader] [parse_new:1782] INFO:   > Processing lecture 19 of 29
[03:09:52] [udemy-downloader] [process_lecture:1598] INFO:       > Lecture doesn't have DRM, attempting to download...
[03:09:52] [udemy-downloader] [process_lecture:1603] INFO:       ====== Selected quality: video 720
[03:09:52] [udemy-downloader] [parse_new:1808] INFO: Processing 0 caption(s)...
[03:09:52] [udemy-downloader] [parse_new:1822] INFO:     > Processing 0 asset(s) for lecture...
[03:09:57] [udemy-downloader] [parse_new:1782] INFO:   > Processing lecture 20 of 29
[03:09:57] [udemy-downloader] [process_lecture:1598] INFO:       > Lecture doesn't have DRM, attempting to download...
[03:09:57] [udemy-downloader] [process_lecture:1603] INFO:       ====== Selected quality: video 720
[03:09:57] [udemy-downloader] [parse_new:1808] INFO: Processing 0 caption(s)...
[03:09:57] [udemy-downloader] [parse_new:1822] INFO:     > Processing 0 asset(s) for lecture...
[03:10:01] [udemy-downloader] [parse_new:1782] INFO:   > Processing lecture 21 of 29
[03:10:01] [udemy-downloader] [process_lecture:1598] INFO:       > Lecture doesn't have DRM, attempting to download...
[03:10:01] [udemy-downloader] [process_lecture:1603] INFO:       ====== Selected quality: video 720
[03:10:01] [udemy-downloader] [parse_new:1808] INFO: Processing 0 caption(s)...
[03:10:01] [udemy-downloader] [parse_new:1822] INFO:     > Processing 0 asset(s) for lecture...
[03:10:05] [udemy-downloader] [parse_new:1782] INFO:   > Processing lecture 22 of 29
[03:10:05] [udemy-downloader] [process_lecture:1598] INFO:       > Lecture doesn't have DRM, attempting to download...
[03:10:05] [udemy-downloader] [process_lecture:1603] INFO:       ====== Selected quality: video 720
[03:10:05] [udemy-downloader] [parse_new:1808] INFO: Processing 0 caption(s)...
[03:10:05] [udemy-downloader] [parse_new:1822] INFO:     > Processing 0 asset(s) for lecture...
[03:10:09] [udemy-downloader] [parse_new:1782] INFO:   > Processing lecture 23 of 29
[03:10:09] [udemy-downloader] [process_lecture:1598] INFO:       > Lecture doesn't have DRM, attempting to download...
[03:10:09] [udemy-downloader] [process_lecture:1603] INFO:       ====== Selected quality: video 720
[03:10:09] [udemy-downloader] [parse_new:1808] INFO: Processing 0 caption(s)...
[03:10:09] [udemy-downloader] [parse_new:1822] INFO:     > Processing 0 asset(s) for lecture...
[03:10:13] [udemy-downloader] [parse_new:1782] INFO:   > Processing lecture 24 of 29
[03:10:13] [udemy-downloader] [process_lecture:1598] INFO:       > Lecture doesn't have DRM, attempting to download...
[03:10:13] [udemy-downloader] [process_lecture:1603] INFO:       ====== Selected quality: video 720
[03:10:14] [udemy-downloader] [parse_new:1808] INFO: Processing 0 caption(s)...
[03:10:14] [udemy-downloader] [parse_new:1822] INFO:     > Processing 0 asset(s) for lecture...
[03:10:17] [udemy-downloader] [parse_new:1782] INFO:   > Processing lecture 25 of 29
[03:10:17] [udemy-downloader] [process_lecture:1598] INFO:       > Lecture doesn't have DRM, attempting to download...
[03:10:17] [udemy-downloader] [process_lecture:1603] INFO:       ====== Selected quality: video 720
[03:10:17] [udemy-downloader] [parse_new:1808] INFO: Processing 0 caption(s)...
[03:10:17] [udemy-downloader] [parse_new:1822] INFO:     > Processing 0 asset(s) for lecture...
[03:10:21] [udemy-downloader] [parse_new:1782] INFO:   > Processing lecture 26 of 29
[03:10:21] [udemy-downloader] [process_lecture:1598] INFO:       > Lecture doesn't have DRM, attempting to download...
[03:10:21] [udemy-downloader] [process_lecture:1603] INFO:       ====== Selected quality: video 720
[03:10:21] [udemy-downloader] [parse_new:1808] INFO: Processing 0 caption(s)...
[03:10:21] [udemy-downloader] [parse_new:1822] INFO:     > Processing 0 asset(s) for lecture...
[03:10:24] [udemy-downloader] [parse_new:1782] INFO:   > Processing lecture 27 of 29
[03:10:24] [udemy-downloader] [process_lecture:1598] INFO:       > Lecture doesn't have DRM, attempting to download...
[03:10:24] [udemy-downloader] [process_lecture:1603] INFO:       ====== Selected quality: video 720
[03:10:24] [udemy-downloader] [parse_new:1808] INFO: Processing 0 caption(s)...
[03:10:24] [udemy-downloader] [parse_new:1822] INFO:     > Processing 0 asset(s) for lecture...
[03:10:27] [udemy-downloader] [parse_new:1782] INFO:   > Processing lecture 28 of 29
[03:10:27] [udemy-downloader] [process_lecture:1598] INFO:       > Lecture doesn't have DRM, attempting to download...
[03:10:27] [udemy-downloader] [process_lecture:1603] INFO:       ====== Selected quality: video 720
[03:10:27] [udemy-downloader] [parse_new:1808] INFO: Processing 0 caption(s)...
[03:10:27] [udemy-downloader] [parse_new:1822] INFO:     > Processing 0 asset(s) for lecture...
[03:10:30] [udemy-downloader] [parse_new:1782] INFO:   > Processing lecture 29 of 29
[03:10:30] [udemy-downloader] [process_lecture:1598] INFO:       > Lecture doesn't have DRM, attempting to download...
[03:10:30] [udemy-downloader] [process_lecture:1603] INFO:       ====== Selected quality: video 720
[03:10:30] [udemy-downloader] [parse_new:1808] INFO: Processing 0 caption(s)...
[03:10:30] [udemy-downloader] [parse_new:1822] INFO:     > Processing 0 asset(s) for lecture...
