
============================================================
[2026-01-19T14:50:23.726267] Starting download for task 89
Command: /usr/bin/python3 main.py -c https://samsungu.udemy.com/course/ren-luyen-ky-nang-doc-hieu-tieng-nhat-jlpt-n4/ -b BXkdOY7L4dK19hrNj1GnplHFHoMbkXpiLlSn9dcU -o Staging_Download/Task_89 -q 720 --download-captions --download-assets --download-quizzes --concurrent-downloads 10 --continue-lecture-numbers
============================================================

============================================================
[LOGGING MODULE] Starting download process
============================================================
[02:50:24] [udemy-downloader] [pre_run:394] INFO: Output directory set to /root/project/server/udemy_dl/Staging_Download/Task_89
[02:50:24] [udemy-downloader] [pre_run:404] WARNING: > Keyfile not found! You won't be able to decrypt any encrypted videos!
[02:50:24] [udemy-downloader] [visit:1203] INFO: Visit request successful
[02:50:24] [udemy-downloader] [main:2044] INFO: > Fetching course information, this may take a minute...
[02:50:25] [udemy-downloader] [_handle_pagination:914] INFO: > Downloading data page 2/2
[02:50:27] [udemy-downloader] [main:2047] INFO: > Course information retrieved!
[02:50:27] [udemy-downloader] [main:2052] INFO: > Fetching course curriculum, this may take a minute...
[02:50:28] [udemy-downloader] [main:2076] INFO: > Course curriculum retrieved!
[02:50:28] [udemy-downloader] [main:2107] INFO: > Processing course data, this may take a minute. 
[02:50:28] [udemy-downloader] [main:2151] INFO: Processing 2 of 13
[02:50:28] [udemy-downloader] [main:2151] INFO: Processing 4 of 13
[02:50:28] [udemy-downloader] [main:2151] INFO: Processing 5 of 13
[02:50:28] [udemy-downloader] [main:2151] INFO: Processing 6 of 13
[02:50:28] [udemy-downloader] [main:2151] INFO: Processing 7 of 13
[02:50:28] [udemy-downloader] [main:2151] INFO: Processing 8 of 13
[02:50:28] [udemy-downloader] [main:2151] INFO: Processing 10 of 13
[02:50:28] [udemy-downloader] [main:2151] INFO: Processing 11 of 13
[02:50:28] [udemy-downloader] [main:2151] INFO: Processing 13 of 13
[02:50:28] [udemy-downloader] [parse_new:1731] INFO: Chapter(s) (4)
[02:50:28] [udemy-downloader] [parse_new:1732] INFO: Lecture(s) (9)
[02:50:28] [udemy-downloader] [parse_new:1754] INFO: ======= Processing chapter 1 of 4 =======
[02:50:32] [udemy-downloader] [parse_new:1782] INFO:   > Processing lecture 1 of 9
[02:50:32] [udemy-downloader] [process_lecture:1598] INFO:       > Lecture doesn't have DRM, attempting to download...
[02:50:32] [udemy-downloader] [process_lecture:1603] INFO:       ====== Selected quality: video 720
[02:50:37] [udemy-downloader] [parse_new:1808] INFO: Processing 0 caption(s)...
[02:50:37] [udemy-downloader] [parse_new:1822] INFO:     > Processing 0 asset(s) for lecture...
[02:50:37] [udemy-downloader] [parse_new:1754] INFO: ======= Processing chapter 2 of 4 =======
[02:50:43] [udemy-downloader] [parse_new:1782] INFO:   > Processing lecture 2 of 9
[02:50:43] [udemy-downloader] [process_lecture:1598] INFO:       > Lecture doesn't have DRM, attempting to download...
[02:50:43] [udemy-downloader] [process_lecture:1603] INFO:       ====== Selected quality: video 720
[02:50:51] [udemy-downloader] [parse_new:1808] INFO: Processing 0 caption(s)...
[02:50:51] [udemy-downloader] [parse_new:1822] INFO:     > Processing 0 asset(s) for lecture...
[02:50:55] [udemy-downloader] [parse_new:1782] INFO:   > Processing lecture 3 of 9
[02:50:55] [udemy-downloader] [process_lecture:1598] INFO:       > Lecture doesn't have DRM, attempting to download...
[02:50:55] [udemy-downloader] [process_lecture:1603] INFO:       ====== Selected quality: video 720
[02:51:01] [udemy-downloader] [parse_new:1808] INFO: Processing 0 caption(s)...
[02:51:01] [udemy-downloader] [parse_new:1822] INFO:     > Processing 0 asset(s) for lecture...
[02:51:06] [udemy-downloader] [parse_new:1782] INFO:   > Processing lecture 4 of 9
[02:51:06] [udemy-downloader] [process_lecture:1598] INFO:       > Lecture doesn't have DRM, attempting to download...
[02:51:06] [udemy-downloader] [process_lecture:1603] INFO:       ====== Selected quality: video 720
[02:51:12] [udemy-downloader] [parse_new:1808] INFO: Processing 0 caption(s)...
[02:51:12] [udemy-downloader] [parse_new:1822] INFO:     > Processing 0 asset(s) for lecture...
[02:51:16] [udemy-downloader] [parse_new:1782] INFO:   > Processing lecture 5 of 9
[02:51:16] [udemy-downloader] [process_lecture:1598] INFO:       > Lecture doesn't have DRM, attempting to download...
[02:51:16] [udemy-downloader] [process_lecture:1603] INFO:       ====== Selected quality: video 720
[02:51:23] [udemy-downloader] [parse_new:1808] INFO: Processing 0 caption(s)...
[02:51:23] [udemy-downloader] [parse_new:1822] INFO:     > Processing 0 asset(s) for lecture...
[02:51:26] [udemy-downloader] [parse_new:1782] INFO:   > Processing lecture 6 of 9
[02:51:26] [udemy-downloader] [process_lecture:1598] INFO:       > Lecture doesn't have DRM, attempting to download...
[02:51:26] [udemy-downloader] [process_lecture:1603] INFO:       ====== Selected quality: video 720
[02:51:33] [udemy-downloader] [parse_new:1808] INFO: Processing 0 caption(s)...
[02:51:33] [udemy-downloader] [parse_new:1822] INFO:     > Processing 0 asset(s) for lecture...
[02:51:33] [udemy-downloader] [parse_new:1754] INFO: ======= Processing chapter 3 of 4 =======
[02:51:38] [udemy-downloader] [parse_new:1782] INFO:   > Processing lecture 7 of 9
[02:51:38] [udemy-downloader] [process_lecture:1598] INFO:       > Lecture doesn't have DRM, attempting to download...
[02:51:38] [udemy-downloader] [process_lecture:1603] INFO:       ====== Selected quality: video 720
[02:51:45] [udemy-downloader] [parse_new:1808] INFO: Processing 0 caption(s)...
[02:51:45] [udemy-downloader] [parse_new:1822] INFO:     > Processing 0 asset(s) for lecture...
[02:51:49] [udemy-downloader] [parse_new:1782] INFO:   > Processing lecture 8 of 9
[02:51:49] [udemy-downloader] [process_lecture:1598] INFO:       > Lecture doesn't have DRM, attempting to download...
[02:51:49] [udemy-downloader] [process_lecture:1603] INFO:       ====== Selected quality: video 720
[02:51:56] [udemy-downloader] [parse_new:1808] INFO: Processing 0 caption(s)...
[02:51:56] [udemy-downloader] [parse_new:1822] INFO:     > Processing 0 asset(s) for lecture...
[02:51:56] [udemy-downloader] [parse_new:1754] INFO: ======= Processing chapter 4 of 4 =======
[02:52:02] [udemy-downloader] [parse_new:1782] INFO:   > Processing lecture 9 of 9
[02:52:02] [udemy-downloader] [process_lecture:1598] INFO:       > Lecture doesn't have DRM, attempting to download...
[02:52:02] [udemy-downloader] [process_lecture:1603] INFO:       ====== Selected quality: video 720
[02:52:08] [udemy-downloader] [parse_new:1808] INFO: Processing 0 caption(s)...
[02:52:08] [udemy-downloader] [parse_new:1822] INFO:     > Processing 0 asset(s) for lecture...
