{"timestamp":"2026-01-16T17:14:17.290Z","level":"info","category":"download","source":"python_worker","orderId":35,"taskId":53,"message":"Download started","details":{"courseUrl":"https://samsungu.udemy.com/course/machine-learning-for-absolute-beginners-level-2/"},"progress":null,"currentFile":null,"stack":null,"metadata":null}
{"timestamp":"2026-01-16T17:14:17.308Z","level":"info","category":"download","source":"python_worker","orderId":35,"taskId":53,"message":"Download progress: 30% (Downloading course content...)","details":{"attempt":1},"progress":30,"currentFile":"Downloading course content...","stack":null,"metadata":null}

============================================================
[2026-01-17T00:14:17.314580] Starting download for task 53
Command: /usr/bin/python3 main.py -c https://samsungu.udemy.com/course/machine-learning-for-absolute-beginners-level-2/ -b BXkdOY7L4dK19hrNj1GnplHFHoMbkXpiLlSn9dcU -o Staging_Download/Task_53 -q 720 --download-captions --download-assets --download-quizzes --concurrent-downloads 10 --continue-lecture-numbers
============================================================

============================================================
[LOGGING MODULE] Starting download process
============================================================
[12:14:18] [udemy-downloader] [pre_run:394] INFO: Output directory set to /root/project/server/udemy_dl/Staging_Download/Task_53
[12:14:18] [udemy-downloader] [pre_run:404] WARNING: > Keyfile not found! You won't be able to decrypt any encrypted videos!
[12:14:18] [udemy-downloader] [visit:1203] INFO: Visit request successful
[12:14:18] [udemy-downloader] [main:2044] INFO: > Fetching course information, this may take a minute...
[12:14:19] [udemy-downloader] [_handle_pagination:914] INFO: > Downloading data page 2/2
[12:14:20] [udemy-downloader] [main:2047] INFO: > Course information retrieved!
[12:14:20] [udemy-downloader] [main:2052] INFO: > Fetching course curriculum, this may take a minute...
[12:14:29] [udemy-downloader] [main:2076] INFO: > Course curriculum retrieved!
[12:14:29] [udemy-downloader] [main:2107] INFO: > Processing course data, this may take a minute. 
[12:14:29] [udemy-downloader] [main:2151] INFO: Processing 2 of 48
[12:14:29] [udemy-downloader] [main:2151] INFO: Processing 3 of 48
[12:14:29] [udemy-downloader] [main:2151] INFO: Processing 4 of 48
[12:14:29] [udemy-downloader] [main:2151] INFO: Processing 5 of 48
[12:14:29] [udemy-downloader] [main:2151] INFO: Processing 7 of 48
[12:14:29] [udemy-downloader] [main:2151] INFO: Processing 8 of 48
[12:14:29] [udemy-downloader] [main:2151] INFO: Processing 9 of 48
[12:14:29] [udemy-downloader] [main:2151] INFO: Processing 10 of 48
[12:14:29] [udemy-downloader] [main:2151] INFO: Processing 11 of 48
[12:14:29] [udemy-downloader] [main:2151] INFO: Processing 12 of 48
[12:14:29] [udemy-downloader] [main:2151] INFO: Processing 13 of 48
[12:14:29] [udemy-downloader] [main:2151] INFO: Processing 14 of 48
[12:14:29] [udemy-downloader] [main:2151] INFO: Processing 15 of 48
[12:14:29] [udemy-downloader] [main:2151] INFO: Processing 16 of 48
[12:14:29] [udemy-downloader] [main:2151] INFO: Processing 17 of 48
[12:14:29] [udemy-downloader] [main:2151] INFO: Processing 19 of 48
[12:14:29] [udemy-downloader] [main:2151] INFO: Processing 20 of 48
[12:14:29] [udemy-downloader] [main:2151] INFO: Processing 21 of 48
[12:14:29] [udemy-downloader] [main:2151] INFO: Processing 22 of 48
[12:14:29] [udemy-downloader] [main:2151] INFO: Processing 23 of 48
[12:14:29] [udemy-downloader] [main:2151] INFO: Processing 25 of 48
[12:14:29] [udemy-downloader] [main:2151] INFO: Processing 26 of 48
[12:14:29] [udemy-downloader] [main:2151] INFO: Processing 27 of 48
[12:14:29] [udemy-downloader] [main:2151] INFO: Processing 28 of 48
[12:14:29] [udemy-downloader] [main:2151] INFO: Processing 29 of 48
[12:14:29] [udemy-downloader] [main:2151] INFO: Processing 30 of 48
[12:14:29] [udemy-downloader] [main:2151] INFO: Processing 31 of 48
[12:14:29] [udemy-downloader] [main:2151] INFO: Processing 32 of 48
[12:14:29] [udemy-downloader] [main:2151] INFO: Processing 33 of 48
[12:14:29] [udemy-downloader] [main:2151] INFO: Processing 34 of 48
[12:14:29] [udemy-downloader] [main:2151] INFO: Processing 35 of 48
[12:14:29] [udemy-downloader] [main:2151] INFO: Processing 37 of 48
[12:14:29] [udemy-downloader] [main:2151] INFO: Processing 38 of 48
[12:14:29] [udemy-downloader] [main:2151] INFO: Processing 39 of 48
[12:14:29] [udemy-downloader] [main:2151] INFO: Processing 40 of 48
[12:14:29] [udemy-downloader] [main:2151] INFO: Processing 41 of 48
[12:14:29] [udemy-downloader] [main:2151] INFO: Processing 42 of 48
[12:14:29] [udemy-downloader] [main:2151] INFO: Processing 43 of 48
[12:14:29] [udemy-downloader] [main:2151] INFO: Processing 44 of 48
[12:14:29] [udemy-downloader] [main:2151] INFO: Processing 45 of 48
[12:14:29] [udemy-downloader] [main:2151] INFO: Processing 47 of 48
[12:14:29] [udemy-downloader] [main:2151] INFO: Processing 48 of 48
[12:14:29] [udemy-downloader] [parse_new:1731] INFO: Chapter(s) (6)
[12:14:29] [udemy-downloader] [parse_new:1732] INFO: Lecture(s) (42)
[12:14:29] [udemy-downloader] [parse_new:1754] INFO: ======= Processing chapter 1 of 6 =======
[12:14:32] [udemy-downloader] [parse_new:1782] INFO:   > Processing lecture 1 of 42
[12:14:32] [udemy-downloader] [process_lecture:1598] INFO:       > Lecture doesn't have DRM, attempting to download...
[12:14:32] [udemy-downloader] [process_lecture:1603] INFO:       ====== Selected quality: video 720
[12:14:34] [udemy-downloader] [parse_new:1808] INFO: Processing 6 caption(s)...
[12:14:34] [udemy-downloader] [process_caption:1546] INFO:     >  Downloading caption: '001 Welcome!_en.vtt'
[12:14:34] [udemy-downloader] [process_caption:1559] INFO:     > Converting caption to SRT format...
[12:14:34] [udemy-downloader] [process_caption:1561] INFO:     > Caption conversion complete.
[12:14:34] [udemy-downloader] [parse_new:1822] INFO:     > Processing 0 asset(s) for lecture...
[12:14:37] [udemy-downloader] [parse_new:1782] INFO:   > Processing lecture 2 of 42
[12:14:37] [udemy-downloader] [process_lecture:1598] INFO:       > Lecture doesn't have DRM, attempting to download...
[12:14:37] [udemy-downloader] [process_lecture:1603] INFO:       ====== Selected quality: video 720
[12:14:39] [udemy-downloader] [parse_new:1808] INFO: Processing 6 caption(s)...
[12:14:39] [udemy-downloader] [process_caption:1546] INFO:     >  Downloading caption: '002 Anaconda Installation_en.vtt'
[12:14:40] [udemy-downloader] [process_caption:1559] INFO:     > Converting caption to SRT format...
[12:14:40] [udemy-downloader] [process_caption:1561] INFO:     > Caption conversion complete.
[12:14:40] [udemy-downloader] [parse_new:1822] INFO:     > Processing 0 asset(s) for lecture...
[12:14:43] [udemy-downloader] [parse_new:1782] INFO:   > Processing lecture 3 of 42
[12:14:43] [udemy-downloader] [process_lecture:1598] INFO:       > Lecture doesn't have DRM, attempting to download...
[12:14:43] [udemy-downloader] [process_lecture:1603] INFO:       ====== Selected quality: video 720
[12:14:45] [udemy-downloader] [parse_new:1808] INFO: Processing 6 caption(s)...
[12:14:45] [udemy-downloader] [process_caption:1546] INFO:     >  Downloading caption: '003 JupyterLab Overview_en.vtt'
[12:14:46] [udemy-downloader] [process_caption:1559] INFO:     > Converting caption to SRT format...
[12:14:46] [udemy-downloader] [process_caption:1561] INFO:     > Caption conversion complete.
[12:14:46] [udemy-downloader] [parse_new:1822] INFO:     > Processing 0 asset(s) for lecture...
[12:14:49] [udemy-downloader] [parse_new:1782] INFO:   > Processing lecture 4 of 42
[12:14:49] [udemy-downloader] [process_lecture:1598] INFO:       > Lecture doesn't have DRM, attempting to download...
[12:14:49] [udemy-downloader] [process_lecture:1603] INFO:       ====== Selected quality: video 720
[12:14:51] [udemy-downloader] [parse_new:1808] INFO: Processing 6 caption(s)...
[12:14:51] [udemy-downloader] [process_caption:1546] INFO:     >  Downloading caption: '004 Working with a Jupyter Notebook_en.vtt'
[12:14:52] [udemy-downloader] [process_caption:1559] INFO:     > Converting caption to SRT format...
[12:14:52] [udemy-downloader] [process_caption:1561] INFO:     > Caption conversion complete.
[12:14:52] [udemy-downloader] [parse_new:1822] INFO:     > Processing 0 asset(s) for lecture...
[12:14:52] [udemy-downloader] [parse_new:1754] INFO: ======= Processing chapter 2 of 6 =======
[12:14:55] [udemy-downloader] [parse_new:1782] INFO:   > Processing lecture 5 of 42
[12:14:55] [udemy-downloader] [process_lecture:1598] INFO:       > Lecture doesn't have DRM, attempting to download...
[12:14:55] [udemy-downloader] [process_lecture:1603] INFO:       ====== Selected quality: video 720
[12:14:56] [udemy-downloader] [parse_new:1808] INFO: Processing 6 caption(s)...
[12:14:56] [udemy-downloader] [process_caption:1546] INFO:     >  Downloading caption: '005 Overview_en.vtt'
[12:14:56] [udemy-downloader] [process_caption:1559] INFO:     > Converting caption to SRT format...
[12:14:56] [udemy-downloader] [process_caption:1561] INFO:     > Caption conversion complete.
[12:14:56] [udemy-downloader] [parse_new:1822] INFO:     > Processing 0 asset(s) for lecture...
[12:15:00] [udemy-downloader] [parse_new:1782] INFO:   > Processing lecture 6 of 42
[12:15:00] [udemy-downloader] [process_lecture:1598] INFO:       > Lecture doesn't have DRM, attempting to download...
[12:15:00] [udemy-downloader] [process_lecture:1603] INFO:       ====== Selected quality: video 720
[12:15:02] [udemy-downloader] [parse_new:1808] INFO: Processing 6 caption(s)...
[12:15:02] [udemy-downloader] [process_caption:1546] INFO:     >  Downloading caption: '006 Variables and Data Types_en.vtt'
[12:15:02] [udemy-downloader] [process_caption:1559] INFO:     > Converting caption to SRT format...
[12:15:02] [udemy-downloader] [process_caption:1561] INFO:     > Caption conversion complete.
[12:15:02] [udemy-downloader] [parse_new:1822] INFO:     > Processing 0 asset(s) for lecture...
[12:15:05] [udemy-downloader] [parse_new:1782] INFO:   > Processing lecture 7 of 42
[12:15:05] [udemy-downloader] [process_lecture:1598] INFO:       > Lecture doesn't have DRM, attempting to download...
[12:15:05] [udemy-downloader] [process_lecture:1603] INFO:       ====== Selected quality: video 720
[12:15:07] [udemy-downloader] [parse_new:1808] INFO: Processing 6 caption(s)...
[12:15:07] [udemy-downloader] [process_caption:1546] INFO:     >  Downloading caption: '007 Strings_en.vtt'
[12:15:07] [udemy-downloader] [process_caption:1559] INFO:     > Converting caption to SRT format...
[12:15:07] [udemy-downloader] [process_caption:1561] INFO:     > Caption conversion complete.
[12:15:07] [udemy-downloader] [parse_new:1822] INFO:     > Processing 0 asset(s) for lecture...
[12:15:11] [udemy-downloader] [parse_new:1782] INFO:   > Processing lecture 8 of 42
[12:15:11] [udemy-downloader] [process_lecture:1598] INFO:       > Lecture doesn't have DRM, attempting to download...
[12:15:11] [udemy-downloader] [process_lecture:1603] INFO:       ====== Selected quality: video 720
[12:15:13] [udemy-downloader] [parse_new:1808] INFO: Processing 6 caption(s)...
[12:15:13] [udemy-downloader] [process_caption:1546] INFO:     >  Downloading caption: '008 Lists_en.vtt'
[12:15:13] [udemy-downloader] [process_caption:1559] INFO:     > Converting caption to SRT format...
[12:15:13] [udemy-downloader] [process_caption:1561] INFO:     > Caption conversion complete.
[12:15:13] [udemy-downloader] [parse_new:1822] INFO:     > Processing 0 asset(s) for lecture...
[12:15:16] [udemy-downloader] [parse_new:1782] INFO:   > Processing lecture 9 of 42
[12:15:16] [udemy-downloader] [process_lecture:1598] INFO:       > Lecture doesn't have DRM, attempting to download...
[12:15:16] [udemy-downloader] [process_lecture:1603] INFO:       ====== Selected quality: video 720
[12:15:18] [udemy-downloader] [parse_new:1808] INFO: Processing 6 caption(s)...
[12:15:18] [udemy-downloader] [process_caption:1546] INFO:     >  Downloading caption: '009 IF and For-Loop Statements_en.vtt'
[12:15:19] [udemy-downloader] [process_caption:1559] INFO:     > Converting caption to SRT format...
[12:15:19] [udemy-downloader] [process_caption:1561] INFO:     > Caption conversion complete.
[12:15:19] [udemy-downloader] [parse_new:1822] INFO:     > Processing 0 asset(s) for lecture...
[12:15:23] [udemy-downloader] [parse_new:1782] INFO:   > Processing lecture 10 of 42
[12:15:23] [udemy-downloader] [process_lecture:1598] INFO:       > Lecture doesn't have DRM, attempting to download...
[12:15:23] [udemy-downloader] [process_lecture:1603] INFO:       ====== Selected quality: video 720
[12:15:25] [udemy-downloader] [parse_new:1808] INFO: Processing 6 caption(s)...
[12:15:25] [udemy-downloader] [process_caption:1546] INFO:     >  Downloading caption: '010 Functions_en.vtt'
[12:15:25] [udemy-downloader] [process_caption:1559] INFO:     > Converting caption to SRT format...
[12:15:25] [udemy-downloader] [process_caption:1561] INFO:     > Caption conversion complete.
[12:15:25] [udemy-downloader] [parse_new:1822] INFO:     > Processing 0 asset(s) for lecture...
[12:15:29] [udemy-downloader] [parse_new:1782] INFO:   > Processing lecture 11 of 42
[12:15:29] [udemy-downloader] [process_lecture:1598] INFO:       > Lecture doesn't have DRM, attempting to download...
[12:15:29] [udemy-downloader] [process_lecture:1603] INFO:       ====== Selected quality: video 720
[12:15:31] [udemy-downloader] [parse_new:1808] INFO: Processing 6 caption(s)...
[12:15:31] [udemy-downloader] [process_caption:1546] INFO:     >  Downloading caption: '011 Dictionaries_en.vtt'
[12:15:31] [udemy-downloader] [process_caption:1559] INFO:     > Converting caption to SRT format...
[12:15:31] [udemy-downloader] [process_caption:1561] INFO:     > Caption conversion complete.
[12:15:31] [udemy-downloader] [parse_new:1822] INFO:     > Processing 0 asset(s) for lecture...
[12:15:34] [udemy-downloader] [parse_new:1782] INFO:   > Processing lecture 12 of 42
[12:15:34] [udemy-downloader] [process_lecture:1598] INFO:       > Lecture doesn't have DRM, attempting to download...
[12:15:34] [udemy-downloader] [process_lecture:1603] INFO:       ====== Selected quality: video 720
[12:15:36] [udemy-downloader] [parse_new:1808] INFO: Processing 6 caption(s)...
[12:15:36] [udemy-downloader] [process_caption:1546] INFO:     >  Downloading caption: '012 Classes, Objects, Attributes, and Methods_en.vtt'
[12:15:36] [udemy-downloader] [process_caption:1559] INFO:     > Converting caption to SRT format...
[12:15:36] [udemy-downloader] [process_caption:1561] INFO:     > Caption conversion complete.
[12:15:36] [udemy-downloader] [parse_new:1822] INFO:     > Processing 0 asset(s) for lecture...
[12:15:39] [udemy-downloader] [parse_new:1782] INFO:   > Processing lecture 13 of 42
[12:15:39] [udemy-downloader] [process_lecture:1598] INFO:       > Lecture doesn't have DRM, attempting to download...
[12:15:39] [udemy-downloader] [process_lecture:1603] INFO:       ====== Selected quality: video 720
[12:15:41] [udemy-downloader] [parse_new:1808] INFO: Processing 6 caption(s)...
[12:15:41] [udemy-downloader] [process_caption:1546] INFO:     >  Downloading caption: '013 Importing Modules_en.vtt'
[12:15:41] [udemy-downloader] [process_caption:1559] INFO:     > Converting caption to SRT format...
[12:15:41] [udemy-downloader] [process_caption:1561] INFO:     > Caption conversion complete.
[12:15:41] [udemy-downloader] [parse_new:1822] INFO:     > Processing 0 asset(s) for lecture...
[12:15:44] [udemy-downloader] [parse_new:1782] INFO:   > Processing lecture 14 of 42
[12:15:44] [udemy-downloader] [process_lecture:1598] INFO:       > Lecture doesn't have DRM, attempting to download...
[12:15:44] [udemy-downloader] [process_lecture:1603] INFO:       ====== Selected quality: video 720
[12:15:46] [udemy-downloader] [parse_new:1808] INFO: Processing 6 caption(s)...
[12:15:46] [udemy-downloader] [process_caption:1546] INFO:     >  Downloading caption: '014 Libraries for Data Science Projects_en.vtt'
[12:15:46] [udemy-downloader] [process_caption:1559] INFO:     > Converting caption to SRT format...
[12:15:46] [udemy-downloader] [process_caption:1561] INFO:     > Caption conversion complete.
[12:15:46] [udemy-downloader] [parse_new:1822] INFO:     > Processing 0 asset(s) for lecture...
[12:15:49] [udemy-downloader] [parse_new:1782] INFO:   > Processing lecture 15 of 42
[12:15:49] [udemy-downloader] [process_lecture:1598] INFO:       > Lecture doesn't have DRM, attempting to download...
[12:15:49] [udemy-downloader] [process_lecture:1603] INFO:       ====== Selected quality: video 720
[12:15:50] [udemy-downloader] [parse_new:1808] INFO: Processing 6 caption(s)...
[12:15:50] [udemy-downloader] [process_caption:1546] INFO:     >  Downloading caption: '015 Exercise #1 - Python Fundamentals_en.vtt'
[12:15:51] [udemy-downloader] [process_caption:1559] INFO:     > Converting caption to SRT format...
[12:15:51] [udemy-downloader] [process_caption:1561] INFO:     > Caption conversion complete.
[12:15:51] [udemy-downloader] [parse_new:1822] INFO:     > Processing 1 asset(s) for lecture...
[12:15:51] [udemy-downloader] [parse_new:1754] INFO: ======= Processing chapter 3 of 6 =======
[12:15:54] [udemy-downloader] [parse_new:1782] INFO:   > Processing lecture 16 of 42
[12:15:54] [udemy-downloader] [process_lecture:1598] INFO:       > Lecture doesn't have DRM, attempting to download...
[12:15:54] [udemy-downloader] [process_lecture:1603] INFO:       ====== Selected quality: video 720
[12:15:55] [udemy-downloader] [parse_new:1808] INFO: Processing 6 caption(s)...
[12:15:55] [udemy-downloader] [process_caption:1546] INFO:     >  Downloading caption: '016 Overview_en.vtt'
[12:15:56] [udemy-downloader] [process_caption:1559] INFO:     > Converting caption to SRT format...
[12:15:56] [udemy-downloader] [process_caption:1561] INFO:     > Caption conversion complete.
[12:15:56] [udemy-downloader] [parse_new:1822] INFO:     > Processing 0 asset(s) for lecture...
[12:16:00] [udemy-downloader] [parse_new:1782] INFO:   > Processing lecture 17 of 42
[12:16:00] [udemy-downloader] [process_lecture:1598] INFO:       > Lecture doesn't have DRM, attempting to download...
[12:16:00] [udemy-downloader] [process_lecture:1603] INFO:       ====== Selected quality: video 720
[12:16:02] [udemy-downloader] [parse_new:1808] INFO: Processing 6 caption(s)...
[12:16:02] [udemy-downloader] [process_caption:1546] INFO:     >  Downloading caption: '017 Series Data Structure (1D)_en.vtt'
[12:16:03] [udemy-downloader] [process_caption:1559] INFO:     > Converting caption to SRT format...
[12:16:03] [udemy-downloader] [process_caption:1561] INFO:     > Caption conversion complete.
[12:16:03] [udemy-downloader] [parse_new:1822] INFO:     > Processing 0 asset(s) for lecture...
[12:16:05] [udemy-downloader] [parse_new:1782] INFO:   > Processing lecture 18 of 42
[12:16:05] [udemy-downloader] [process_lecture:1598] INFO:       > Lecture doesn't have DRM, attempting to download...
[12:16:05] [udemy-downloader] [process_lecture:1603] INFO:       ====== Selected quality: video 720
[12:16:07] [udemy-downloader] [parse_new:1808] INFO: Processing 6 caption(s)...
[12:16:07] [udemy-downloader] [process_caption:1546] INFO:     >  Downloading caption: '018 DataFrame Data Structure (2D)_en.vtt'
[12:16:07] [udemy-downloader] [process_caption:1559] INFO:     > Converting caption to SRT format...
[12:16:07] [udemy-downloader] [process_caption:1561] INFO:     > Caption conversion complete.
[12:16:07] [udemy-downloader] [parse_new:1822] INFO:     > Processing 0 asset(s) for lecture...
[12:16:11] [udemy-downloader] [parse_new:1782] INFO:   > Processing lecture 19 of 42
[12:16:11] [udemy-downloader] [process_lecture:1598] INFO:       > Lecture doesn't have DRM, attempting to download...
[12:16:11] [udemy-downloader] [process_lecture:1603] INFO:       ====== Selected quality: video 720
[12:16:14] [udemy-downloader] [parse_new:1808] INFO: Processing 6 caption(s)...
[12:16:14] [udemy-downloader] [process_caption:1546] INFO:     >  Downloading caption: '019 Data Selection in a DataFrame_en.vtt'
[12:16:14] [udemy-downloader] [process_caption:1559] INFO:     > Converting caption to SRT format...
[12:16:14] [udemy-downloader] [process_caption:1561] INFO:     > Caption conversion complete.
[12:16:14] [udemy-downloader] [parse_new:1822] INFO:     > Processing 0 asset(s) for lecture...
[12:16:17] [udemy-downloader] [parse_new:1782] INFO:   > Processing lecture 20 of 42
[12:16:17] [udemy-downloader] [process_lecture:1598] INFO:       > Lecture doesn't have DRM, attempting to download...
[12:16:17] [udemy-downloader] [process_lecture:1603] INFO:       ====== Selected quality: video 720
[12:16:18] [udemy-downloader] [parse_new:1808] INFO: Processing 6 caption(s)...
[12:16:18] [udemy-downloader] [process_caption:1546] INFO:     >  Downloading caption: '020 Exercise #2 – Pandas Series and DataFrame_en.vtt'
[12:16:19] [udemy-downloader] [process_caption:1559] INFO:     > Converting caption to SRT format...
[12:16:19] [udemy-downloader] [process_caption:1561] INFO:     > Caption conversion complete.
[12:16:19] [udemy-downloader] [parse_new:1822] INFO:     > Processing 1 asset(s) for lecture...
[12:16:19] [udemy-downloader] [parse_new:1754] INFO: ======= Processing chapter 4 of 6 =======
[12:16:22] [udemy-downloader] [parse_new:1782] INFO:   > Processing lecture 21 of 42
[12:16:22] [udemy-downloader] [process_lecture:1598] INFO:       > Lecture doesn't have DRM, attempting to download...
[12:16:22] [udemy-downloader] [process_lecture:1603] INFO:       ====== Selected quality: video 720
[12:16:23] [udemy-downloader] [parse_new:1808] INFO: Processing 6 caption(s)...
[12:16:23] [udemy-downloader] [process_caption:1546] INFO:     >  Downloading caption: '021 Overview_en.vtt'
[12:16:23] [udemy-downloader] [process_caption:1559] INFO:     > Converting caption to SRT format...
[12:16:23] [udemy-downloader] [process_caption:1561] INFO:     > Caption conversion complete.
[12:16:23] [udemy-downloader] [parse_new:1822] INFO:     > Processing 0 asset(s) for lecture...
[12:16:26] [udemy-downloader] [parse_new:1782] INFO:   > Processing lecture 22 of 42
[12:16:26] [udemy-downloader] [process_lecture:1598] INFO:       > Lecture doesn't have DRM, attempting to download...
[12:16:26] [udemy-downloader] [process_lecture:1603] INFO:       ====== Selected quality: video 720
[12:16:28] [udemy-downloader] [parse_new:1808] INFO: Processing 6 caption(s)...
[12:16:28] [udemy-downloader] [process_caption:1546] INFO:     >  Downloading caption: '022 Kaggle and the Titanic Dataset_en.vtt'
[12:16:28] [udemy-downloader] [process_caption:1559] INFO:     > Converting caption to SRT format...
[12:16:28] [udemy-downloader] [process_caption:1561] INFO:     > Caption conversion complete.
[12:16:28] [udemy-downloader] [parse_new:1822] INFO:     > Processing 0 asset(s) for lecture...
[12:16:32] [udemy-downloader] [parse_new:1782] INFO:   > Processing lecture 23 of 42
[12:16:32] [udemy-downloader] [process_lecture:1598] INFO:       > Lecture doesn't have DRM, attempting to download...
[12:16:32] [udemy-downloader] [process_lecture:1603] INFO:       ====== Selected quality: video 720
[12:16:34] [udemy-downloader] [parse_new:1808] INFO: Processing 6 caption(s)...
[12:16:34] [udemy-downloader] [process_caption:1546] INFO:     >  Downloading caption: '023 Loading a Tabular Data File_en.vtt'
[12:16:34] [udemy-downloader] [process_caption:1559] INFO:     > Converting caption to SRT format...
[12:16:34] [udemy-downloader] [process_caption:1561] INFO:     > Caption conversion complete.
[12:16:34] [udemy-downloader] [parse_new:1822] INFO:     > Processing 0 asset(s) for lecture...
[12:16:39] [udemy-downloader] [parse_new:1782] INFO:   > Processing lecture 24 of 42
[12:16:39] [udemy-downloader] [process_lecture:1598] INFO:       > Lecture doesn't have DRM, attempting to download...
[12:16:39] [udemy-downloader] [process_lecture:1603] INFO:       ====== Selected quality: video 720
[12:16:41] [udemy-downloader] [parse_new:1808] INFO: Processing 6 caption(s)...
[12:16:41] [udemy-downloader] [process_caption:1546] INFO:     >  Downloading caption: '024 Adjusting the Loading Parameters_en.vtt'
[12:16:41] [udemy-downloader] [process_caption:1559] INFO:     > Converting caption to SRT format...
[12:16:41] [udemy-downloader] [process_caption:1561] INFO:     > Caption conversion complete.
[12:16:41] [udemy-downloader] [parse_new:1822] INFO:     > Processing 0 asset(s) for lecture...
[12:16:45] [udemy-downloader] [parse_new:1782] INFO:   > Processing lecture 25 of 42
[12:16:45] [udemy-downloader] [process_lecture:1598] INFO:       > Lecture doesn't have DRM, attempting to download...
[12:16:45] [udemy-downloader] [process_lecture:1603] INFO:       ====== Selected quality: video 720
[12:16:47] [udemy-downloader] [parse_new:1808] INFO: Processing 6 caption(s)...
[12:16:47] [udemy-downloader] [process_caption:1546] INFO:     >  Downloading caption: '025 Preview the DataFrame_en.vtt'
[12:16:47] [udemy-downloader] [process_caption:1559] INFO:     > Converting caption to SRT format...
[12:16:47] [udemy-downloader] [process_caption:1561] INFO:     > Caption conversion complete.
[12:16:47] [udemy-downloader] [parse_new:1822] INFO:     > Processing 0 asset(s) for lecture...
[12:16:50] [udemy-downloader] [parse_new:1782] INFO:   > Processing lecture 26 of 42
[12:16:50] [udemy-downloader] [process_lecture:1598] INFO:       > Lecture doesn't have DRM, attempting to download...
[12:16:50] [udemy-downloader] [process_lecture:1603] INFO:       ====== Selected quality: video 720
[12:16:52] [udemy-downloader] [parse_new:1808] INFO: Processing 6 caption(s)...
[12:16:52] [udemy-downloader] [process_caption:1546] INFO:     >  Downloading caption: '026 Using Summary Statistics_en.vtt'
[12:16:52] [udemy-downloader] [process_caption:1559] INFO:     > Converting caption to SRT format...
[12:16:52] [udemy-downloader] [process_caption:1561] INFO:     > Caption conversion complete.
[12:16:52] [udemy-downloader] [parse_new:1822] INFO:     > Processing 0 asset(s) for lecture...
[12:16:55] [udemy-downloader] [parse_new:1782] INFO:   > Processing lecture 27 of 42
[12:16:55] [udemy-downloader] [process_lecture:1598] INFO:       > Lecture doesn't have DRM, attempting to download...
[12:16:55] [udemy-downloader] [process_lecture:1603] INFO:       ====== Selected quality: video 720
[12:16:57] [udemy-downloader] [parse_new:1808] INFO: Processing 6 caption(s)...
[12:16:57] [udemy-downloader] [process_caption:1546] INFO:     >  Downloading caption: '027 The Concept of Methods Chaining_en.vtt'
[12:16:57] [udemy-downloader] [process_caption:1559] INFO:     > Converting caption to SRT format...
[12:16:57] [udemy-downloader] [process_caption:1561] INFO:     > Caption conversion complete.
[12:16:57] [udemy-downloader] [parse_new:1822] INFO:     > Processing 0 asset(s) for lecture...
[12:17:01] [udemy-downloader] [parse_new:1782] INFO:   > Processing lecture 28 of 42
[12:17:01] [udemy-downloader] [process_lecture:1598] INFO:       > Lecture doesn't have DRM, attempting to download...
[12:17:01] [udemy-downloader] [process_lecture:1603] INFO:       ====== Selected quality: video 720
[12:17:03] [udemy-downloader] [parse_new:1808] INFO: Processing 6 caption(s)...
[12:17:03] [udemy-downloader] [process_caption:1546] INFO:     >  Downloading caption: '028 Sorting and Ranking_en.vtt'
[12:17:03] [udemy-downloader] [process_caption:1559] INFO:     > Converting caption to SRT format...
[12:17:03] [udemy-downloader] [process_caption:1561] INFO:     > Caption conversion complete.
[12:17:03] [udemy-downloader] [parse_new:1822] INFO:     > Processing 0 asset(s) for lecture...
[12:17:06] [udemy-downloader] [parse_new:1782] INFO:   > Processing lecture 29 of 42
[12:17:06] [udemy-downloader] [process_lecture:1598] INFO:       > Lecture doesn't have DRM, attempting to download...
[12:17:06] [udemy-downloader] [process_lecture:1603] INFO:       ====== Selected quality: video 720
[12:17:08] [udemy-downloader] [parse_new:1808] INFO: Processing 6 caption(s)...
[12:17:08] [udemy-downloader] [process_caption:1546] INFO:     >  Downloading caption: '029 Filtering_en.vtt'
[12:17:08] [udemy-downloader] [process_caption:1559] INFO:     > Converting caption to SRT format...
[12:17:08] [udemy-downloader] [process_caption:1561] INFO:     > Caption conversion complete.
[12:17:08] [udemy-downloader] [parse_new:1822] INFO:     > Processing 0 asset(s) for lecture...
[12:17:12] [udemy-downloader] [parse_new:1782] INFO:   > Processing lecture 30 of 42
[12:17:12] [udemy-downloader] [process_lecture:1598] INFO:       > Lecture doesn't have DRM, attempting to download...
[12:17:12] [udemy-downloader] [process_lecture:1603] INFO:       ====== Selected quality: video 720
[12:17:14] [udemy-downloader] [parse_new:1808] INFO: Processing 6 caption(s)...
[12:17:14] [udemy-downloader] [process_caption:1546] INFO:     >  Downloading caption: '030 Grouping_en.vtt'
[12:17:14] [udemy-downloader] [process_caption:1559] INFO:     > Converting caption to SRT format...
[12:17:14] [udemy-downloader] [process_caption:1561] INFO:     > Caption conversion complete.
[12:17:14] [udemy-downloader] [parse_new:1822] INFO:     > Processing 0 asset(s) for lecture...
[12:17:17] [udemy-downloader] [parse_new:1782] INFO:   > Processing lecture 31 of 42
[12:17:17] [udemy-downloader] [process_lecture:1598] INFO:       > Lecture doesn't have DRM, attempting to download...
[12:17:17] [udemy-downloader] [process_lecture:1603] INFO:       ====== Selected quality: video 720
[12:17:18] [udemy-downloader] [parse_new:1808] INFO: Processing 6 caption(s)...
[12:17:18] [udemy-downloader] [process_caption:1546] INFO:     >  Downloading caption: '031 Exercise #3 – Data Loading and Analysis_en.vtt'
[12:17:19] [udemy-downloader] [process_caption:1559] INFO:     > Converting caption to SRT format...
[12:17:19] [udemy-downloader] [process_caption:1561] INFO:     > Caption conversion complete.
[12:17:19] [udemy-downloader] [parse_new:1822] INFO:     > Processing 1 asset(s) for lecture...
[12:17:19] [udemy-downloader] [parse_new:1754] INFO: ======= Processing chapter 5 of 6 =======
[12:17:21] [udemy-downloader] [parse_new:1782] INFO:   > Processing lecture 32 of 42
[12:17:21] [udemy-downloader] [process_lecture:1598] INFO:       > Lecture doesn't have DRM, attempting to download...
[12:17:21] [udemy-downloader] [process_lecture:1603] INFO:       ====== Selected quality: video 720
[12:17:22] [udemy-downloader] [parse_new:1808] INFO: Processing 6 caption(s)...
[12:17:22] [udemy-downloader] [process_caption:1546] INFO:     >  Downloading caption: '032 Overview_en.vtt'
[12:17:23] [udemy-downloader] [process_caption:1559] INFO:     > Converting caption to SRT format...
[12:17:23] [udemy-downloader] [process_caption:1561] INFO:     > Caption conversion complete.
[12:17:23] [udemy-downloader] [parse_new:1822] INFO:     > Processing 0 asset(s) for lecture...
[12:17:25] [udemy-downloader] [parse_new:1782] INFO:   > Processing lecture 33 of 42
[12:17:25] [udemy-downloader] [process_lecture:1598] INFO:       > Lecture doesn't have DRM, attempting to download...
[12:17:25] [udemy-downloader] [process_lecture:1603] INFO:       ====== Selected quality: video 720
[12:17:27] [udemy-downloader] [parse_new:1808] INFO: Processing 6 caption(s)...
[12:17:27] [udemy-downloader] [process_caption:1546] INFO:     >  Downloading caption: '033 Removing Columns or Rows_en.vtt'
[12:17:27] [udemy-downloader] [process_caption:1559] INFO:     > Converting caption to SRT format...
[12:17:27] [udemy-downloader] [process_caption:1561] INFO:     > Caption conversion complete.
[12:17:27] [udemy-downloader] [parse_new:1822] INFO:     > Processing 0 asset(s) for lecture...
[12:17:31] [udemy-downloader] [parse_new:1782] INFO:   > Processing lecture 34 of 42
[12:17:31] [udemy-downloader] [process_lecture:1598] INFO:       > Lecture doesn't have DRM, attempting to download...
[12:17:31] [udemy-downloader] [process_lecture:1603] INFO:       ====== Selected quality: video 720
[12:17:34] [udemy-downloader] [parse_new:1808] INFO: Processing 6 caption(s)...
[12:17:34] [udemy-downloader] [process_caption:1546] INFO:     >  Downloading caption: '034 Removing Duplicate Rows_en.vtt'
[12:17:34] [udemy-downloader] [process_caption:1559] INFO:     > Converting caption to SRT format...
[12:17:34] [udemy-downloader] [process_caption:1561] INFO:     > Caption conversion complete.
[12:17:34] [udemy-downloader] [parse_new:1822] INFO:     > Processing 0 asset(s) for lecture...
[12:17:37] [udemy-downloader] [parse_new:1782] INFO:   > Processing lecture 35 of 42
[12:17:37] [udemy-downloader] [process_lecture:1598] INFO:       > Lecture doesn't have DRM, attempting to download...
[12:17:37] [udemy-downloader] [process_lecture:1603] INFO:       ====== Selected quality: video 720
[12:17:39] [udemy-downloader] [parse_new:1808] INFO: Processing 6 caption(s)...
[12:17:39] [udemy-downloader] [process_caption:1546] INFO:     >  Downloading caption: '035 Renaming Column Labels_en.vtt'
[12:17:39] [udemy-downloader] [process_caption:1559] INFO:     > Converting caption to SRT format...
[12:17:39] [udemy-downloader] [process_caption:1561] INFO:     > Caption conversion complete.
[12:17:39] [udemy-downloader] [parse_new:1822] INFO:     > Processing 0 asset(s) for lecture...
[12:17:42] [udemy-downloader] [parse_new:1782] INFO:   > Processing lecture 36 of 42
[12:17:42] [udemy-downloader] [process_lecture:1598] INFO:       > Lecture doesn't have DRM, attempting to download...
[12:17:42] [udemy-downloader] [process_lecture:1603] INFO:       ====== Selected quality: video 720
[12:17:48] [udemy-downloader] [parse_new:1808] INFO: Processing 6 caption(s)...
[12:17:48] [udemy-downloader] [process_caption:1546] INFO:     >  Downloading caption: '036 Dropping Missing Values_en.vtt'
[12:17:49] [udemy-downloader] [process_caption:1559] INFO:     > Converting caption to SRT format...
[12:17:49] [udemy-downloader] [process_caption:1561] INFO:     > Caption conversion complete.
[12:17:49] [udemy-downloader] [parse_new:1822] INFO:     > Processing 0 asset(s) for lecture...
[12:18:01] [udemy-downloader] [parse_new:1782] INFO:   > Processing lecture 37 of 42
[12:18:01] [udemy-downloader] [process_lecture:1598] INFO:       > Lecture doesn't have DRM, attempting to download...
[12:18:01] [udemy-downloader] [process_lecture:1603] INFO:       ====== Selected quality: video 720
[12:18:02] [udemy-downloader] [parse_new:1808] INFO: Processing 6 caption(s)...
[12:18:02] [udemy-downloader] [process_caption:1546] INFO:     >  Downloading caption: '037 Filling-in Missing Values_en.vtt'
[12:18:02] [udemy-downloader] [process_caption:1559] INFO:     > Converting caption to SRT format...
[12:18:02] [udemy-downloader] [process_caption:1561] INFO:     > Caption conversion complete.
[12:18:02] [udemy-downloader] [parse_new:1822] INFO:     > Processing 0 asset(s) for lecture...
[12:18:07] [udemy-downloader] [parse_new:1782] INFO:   > Processing lecture 38 of 42
[12:18:07] [udemy-downloader] [process_lecture:1598] INFO:       > Lecture doesn't have DRM, attempting to download...
[12:18:07] [udemy-downloader] [process_lecture:1603] INFO:       ====== Selected quality: video 720
[12:18:08] [udemy-downloader] [parse_new:1808] INFO: Processing 6 caption(s)...
[12:18:08] [udemy-downloader] [process_caption:1546] INFO:     >  Downloading caption: '038 Creating Dummy Variables_en.vtt'
[12:18:09] [udemy-downloader] [process_caption:1559] INFO:     > Converting caption to SRT format...
[12:18:09] [udemy-downloader] [process_caption:1561] INFO:     > Caption conversion complete.
[12:18:09] [udemy-downloader] [parse_new:1822] INFO:     > Processing 0 asset(s) for lecture...
[12:18:13] [udemy-downloader] [parse_new:1782] INFO:   > Processing lecture 39 of 42
[12:18:13] [udemy-downloader] [process_lecture:1598] INFO:       > Lecture doesn't have DRM, attempting to download...
[12:18:13] [udemy-downloader] [process_lecture:1603] INFO:       ====== Selected quality: video 720
[12:18:14] [udemy-downloader] [parse_new:1808] INFO: Processing 6 caption(s)...
[12:18:14] [udemy-downloader] [process_caption:1546] INFO:     >  Downloading caption: '039 Exporting Data into Files_en.vtt'
[12:18:14] [udemy-downloader] [process_caption:1559] INFO:     > Converting caption to SRT format...
[12:18:14] [udemy-downloader] [process_caption:1561] INFO:     > Caption conversion complete.
[12:18:14] [udemy-downloader] [parse_new:1822] INFO:     > Processing 0 asset(s) for lecture...
[12:18:18] [udemy-downloader] [parse_new:1782] INFO:   > Processing lecture 40 of 42
[12:18:18] [udemy-downloader] [process_lecture:1598] INFO:       > Lecture doesn't have DRM, attempting to download...
[12:18:18] [udemy-downloader] [process_lecture:1603] INFO:       ====== Selected quality: video 720
[12:18:19] [udemy-downloader] [parse_new:1808] INFO: Processing 6 caption(s)...
[12:18:19] [udemy-downloader] [process_caption:1546] INFO:     >  Downloading caption: '040 Exercise #4 – Data Cleaning and Transformation_en.vtt'
[12:18:20] [udemy-downloader] [process_caption:1559] INFO:     > Converting caption to SRT format...
[12:18:20] [udemy-downloader] [process_caption:1561] INFO:     > Caption conversion complete.
[12:18:20] [udemy-downloader] [parse_new:1822] INFO:     > Processing 1 asset(s) for lecture...
[12:18:20] [udemy-downloader] [parse_new:1754] INFO: ======= Processing chapter 6 of 6 =======
[12:18:23] [udemy-downloader] [parse_new:1782] INFO:   > Processing lecture 41 of 42
[12:18:23] [udemy-downloader] [process_lecture:1598] INFO:       > Lecture doesn't have DRM, attempting to download...
[12:18:23] [udemy-downloader] [process_lecture:1603] INFO:       ====== Selected quality: video 720
[12:18:25] [udemy-downloader] [parse_new:1808] INFO: Processing 6 caption(s)...
[12:18:25] [udemy-downloader] [process_caption:1546] INFO:     >  Downloading caption: '041 Let's Recap and Thank You!_en.vtt'
[12:18:26] [udemy-downloader] [process_caption:1559] INFO:     > Converting caption to SRT format...
[12:18:26] [udemy-downloader] [process_caption:1561] INFO:     > Caption conversion complete.
[12:18:26] [udemy-downloader] [parse_new:1822] INFO:     > Processing 0 asset(s) for lecture...
[12:18:26] [udemy-downloader] [parse_new:1782] INFO:   > Processing lecture 42 of 42
[12:18:26] [udemy-downloader] [parse_new:1822] INFO:     > Processing 1 asset(s) for lecture...
{"timestamp":"2026-01-16T17:18:26.310Z","level":"info","category":"download","source":"python_worker","orderId":35,"taskId":53,"message":"Download progress: 70% (Download completed, preparing upload...)","details":{"duration":249,"attempt":1},"progress":70,"currentFile":"Download completed, preparing upload...","stack":null,"metadata":null}
{"timestamp":"2026-01-16T17:19:17.375Z","level":"info","category":"download","source":"python_worker","orderId":35,"taskId":53,"message":"Download progress: 100% (Task completed successfully!)","details":{"duration":300,"folderName":"machine-learning-for-absolute-beginners-level-2"},"progress":100,"currentFile":"Task completed successfully!","stack":null,"metadata":null}
