{"timestamp":"2026-01-16T12:49:02.136Z","level":"info","category":"download","source":"python_worker","orderId":34,"taskId":49,"message":"Download started","details":{"courseUrl":"https://samsungu.udemy.com/course/intro-to-data-science/"},"progress":null,"currentFile":null,"stack":null,"metadata":null}
{"timestamp":"2026-01-16T12:49:02.154Z","level":"info","category":"download","source":"python_worker","orderId":34,"taskId":49,"message":"Download progress: 30% (Downloading course content...)","details":{"attempt":1},"progress":30,"currentFile":"Downloading course content...","stack":null,"metadata":null}

============================================================
[2026-01-16T19:49:02.162023] Starting download for task 49
Command: /usr/bin/python3 main.py -c https://samsungu.udemy.com/course/intro-to-data-science/ -b BXkdOY7L4dK19hrNj1GnplHFHoMbkXpiLlSn9dcU -o Staging_Download/Task_49 -q 720 --download-captions --download-assets --download-quizzes --concurrent-downloads 10 --continue-lecture-numbers
============================================================

============================================================
[LOGGING MODULE] Starting download process
============================================================
[07:49:02] [udemy-downloader] [pre_run:394] INFO: Output directory set to /root/project/server/udemy_dl/Staging_Download/Task_49
[07:49:02] [udemy-downloader] [pre_run:404] WARNING: > Keyfile not found! You won't be able to decrypt any encrypted videos!
[07:49:03] [udemy-downloader] [visit:1203] INFO: Visit request successful
[07:49:03] [udemy-downloader] [main:2044] INFO: > Fetching course information, this may take a minute...
[07:49:04] [udemy-downloader] [_handle_pagination:914] INFO: > Downloading data page 2/2
[07:49:05] [udemy-downloader] [main:2047] INFO: > Course information retrieved!
[07:49:05] [udemy-downloader] [main:2052] INFO: > Fetching course curriculum, this may take a minute...
[07:49:09] [udemy-downloader] [main:2076] INFO: > Course curriculum retrieved!
[07:49:09] [udemy-downloader] [main:2107] INFO: > Processing course data, this may take a minute. 
[07:49:09] [udemy-downloader] [main:2151] INFO: Processing 2 of 49
[07:49:09] [udemy-downloader] [main:2151] INFO: Processing 3 of 49
[07:49:09] [udemy-downloader] [main:2151] INFO: Processing 4 of 49
[07:49:09] [udemy-downloader] [main:2151] INFO: Processing 5 of 49
[07:49:09] [udemy-downloader] [main:2151] INFO: Processing 7 of 49
[07:49:09] [udemy-downloader] [main:2151] INFO: Processing 8 of 49
[07:49:09] [udemy-downloader] [main:2151] INFO: Processing 9 of 49
[07:49:09] [udemy-downloader] [main:2151] INFO: Processing 10 of 49
[07:49:09] [udemy-downloader] [main:2151] INFO: Processing 11 of 49
[07:49:09] [udemy-downloader] [main:2151] INFO: Processing 12 of 49
[07:49:09] [udemy-downloader] [main:2151] INFO: Processing 13 of 49
[07:49:09] [udemy-downloader] [main:2151] INFO: Processing 14 of 49
[07:49:09] [udemy-downloader] [main:2151] INFO: Processing 15 of 49
[07:49:09] [udemy-downloader] [main:2151] INFO: Processing 16 of 49
[07:49:09] [udemy-downloader] [main:2151] INFO: Processing 17 of 49
[07:49:09] [udemy-downloader] [main:2151] INFO: Processing 18 of 49
[07:49:09] [udemy-downloader] [main:2151] INFO: Processing 20 of 49
[07:49:09] [udemy-downloader] [main:2151] INFO: Processing 21 of 49
[07:49:09] [udemy-downloader] [main:2151] INFO: Processing 22 of 49
[07:49:09] [udemy-downloader] [main:2151] INFO: Processing 23 of 49
[07:49:09] [udemy-downloader] [main:2151] INFO: Processing 24 of 49
[07:49:09] [udemy-downloader] [main:2151] INFO: Processing 25 of 49
[07:49:09] [udemy-downloader] [main:2151] INFO: Processing 26 of 49
[07:49:09] [udemy-downloader] [main:2151] INFO: Processing 27 of 49
[07:49:09] [udemy-downloader] [main:2151] INFO: Processing 28 of 49
[07:49:09] [udemy-downloader] [main:2151] INFO: Processing 30 of 49
[07:49:09] [udemy-downloader] [main:2151] INFO: Processing 31 of 49
[07:49:09] [udemy-downloader] [main:2151] INFO: Processing 32 of 49
[07:49:09] [udemy-downloader] [main:2151] INFO: Processing 33 of 49
[07:49:09] [udemy-downloader] [main:2151] INFO: Processing 34 of 49
[07:49:09] [udemy-downloader] [main:2151] INFO: Processing 35 of 49
[07:49:09] [udemy-downloader] [main:2151] INFO: Processing 36 of 49
[07:49:09] [udemy-downloader] [main:2151] INFO: Processing 37 of 49
[07:49:09] [udemy-downloader] [main:2151] INFO: Processing 38 of 49
[07:49:09] [udemy-downloader] [main:2151] INFO: Processing 39 of 49
[07:49:09] [udemy-downloader] [main:2151] INFO: Processing 41 of 49
[07:49:09] [udemy-downloader] [main:2151] INFO: Processing 42 of 49
[07:49:09] [udemy-downloader] [main:2151] INFO: Processing 43 of 49
[07:49:09] [udemy-downloader] [main:2151] INFO: Processing 44 of 49
[07:49:09] [udemy-downloader] [main:2151] INFO: Processing 46 of 49
[07:49:09] [udemy-downloader] [main:2151] INFO: Processing 47 of 49
[07:49:09] [udemy-downloader] [main:2151] INFO: Processing 48 of 49
[07:49:09] [udemy-downloader] [main:2151] INFO: Processing 49 of 49
[07:49:09] [udemy-downloader] [parse_new:1731] INFO: Chapter(s) (6)
[07:49:09] [udemy-downloader] [parse_new:1732] INFO: Lecture(s) (43)
[07:49:09] [udemy-downloader] [parse_new:1754] INFO: ======= Processing chapter 1 of 6 =======
[07:49:14] [udemy-downloader] [parse_new:1782] INFO:   > Processing lecture 1 of 43
[07:49:14] [udemy-downloader] [process_lecture:1598] INFO:       > Lecture doesn't have DRM, attempting to download...
[07:49:14] [udemy-downloader] [process_lecture:1603] INFO:       ====== Selected quality: video 720
[07:49:22] [udemy-downloader] [parse_new:1808] INFO: Processing 6 caption(s)...
[07:49:22] [udemy-downloader] [process_caption:1546] INFO:     >  Downloading caption: '001 Welcome to the Course_en.vtt'
[07:49:22] [udemy-downloader] [process_caption:1559] INFO:     > Converting caption to SRT format...
[07:49:22] [udemy-downloader] [process_caption:1561] INFO:     > Caption conversion complete.
[07:49:22] [udemy-downloader] [parse_new:1822] INFO:     > Processing 0 asset(s) for lecture...
[07:49:22] [udemy-downloader] [parse_new:1782] INFO:   > Processing lecture 2 of 43
[07:49:22] [udemy-downloader] [parse_new:1822] INFO:     > Processing 1 asset(s) for lecture...
[07:49:22] [udemy-downloader] [parse_new:1782] INFO:   > Processing lecture 3 of 43
[07:49:22] [udemy-downloader] [parse_new:1822] INFO:     > Processing 1 asset(s) for lecture...
[07:49:22] [udemy-downloader] [parse_new:1782] INFO:   > Processing lecture 4 of 43
[07:49:22] [udemy-downloader] [parse_new:1822] INFO:     > Processing 1 asset(s) for lecture...
[07:49:22] [udemy-downloader] [parse_new:1754] INFO: ======= Processing chapter 2 of 6 =======
[07:49:27] [udemy-downloader] [parse_new:1782] INFO:   > Processing lecture 5 of 43
[07:49:27] [udemy-downloader] [process_lecture:1598] INFO:       > Lecture doesn't have DRM, attempting to download...
[07:49:27] [udemy-downloader] [process_lecture:1603] INFO:       ====== Selected quality: video 720
[07:49:34] [udemy-downloader] [parse_new:1808] INFO: Processing 6 caption(s)...
[07:49:34] [udemy-downloader] [process_caption:1546] INFO:     >  Downloading caption: '005 The 6-Week Data Scientist_en.vtt'
[07:49:34] [udemy-downloader] [process_caption:1559] INFO:     > Converting caption to SRT format...
[07:49:34] [udemy-downloader] [process_caption:1561] INFO:     > Caption conversion complete.
[07:49:34] [udemy-downloader] [parse_new:1822] INFO:     > Processing 0 asset(s) for lecture...
[07:49:39] [udemy-downloader] [parse_new:1782] INFO:   > Processing lecture 6 of 43
[07:49:39] [udemy-downloader] [process_lecture:1598] INFO:       > Lecture doesn't have DRM, attempting to download...
[07:49:39] [udemy-downloader] [process_lecture:1603] INFO:       ====== Selected quality: video 720
[07:49:45] [udemy-downloader] [parse_new:1808] INFO: Processing 6 caption(s)...
[07:49:45] [udemy-downloader] [process_caption:1546] INFO:     >  Downloading caption: '006 Statistics_en.vtt'
[07:49:45] [udemy-downloader] [process_caption:1559] INFO:     > Converting caption to SRT format...
[07:49:45] [udemy-downloader] [process_caption:1561] INFO:     > Caption conversion complete.
[07:49:45] [udemy-downloader] [parse_new:1822] INFO:     > Processing 0 asset(s) for lecture...
[07:49:50] [udemy-downloader] [parse_new:1782] INFO:   > Processing lecture 7 of 43
[07:49:50] [udemy-downloader] [process_lecture:1598] INFO:       > Lecture doesn't have DRM, attempting to download...
[07:49:50] [udemy-downloader] [process_lecture:1603] INFO:       ====== Selected quality: video 720
[07:50:02] [udemy-downloader] [parse_new:1808] INFO: Processing 6 caption(s)...
[07:50:02] [udemy-downloader] [process_caption:1546] INFO:     >  Downloading caption: '007 The Data Science Process_en.vtt'
[07:50:02] [udemy-downloader] [process_caption:1559] INFO:     > Converting caption to SRT format...
[07:50:02] [udemy-downloader] [process_caption:1561] INFO:     > Caption conversion complete.
[07:50:02] [udemy-downloader] [parse_new:1822] INFO:     > Processing 0 asset(s) for lecture...
[07:50:07] [udemy-downloader] [parse_new:1782] INFO:   > Processing lecture 8 of 43
[07:50:07] [udemy-downloader] [process_lecture:1598] INFO:       > Lecture doesn't have DRM, attempting to download...
[07:50:07] [udemy-downloader] [process_lecture:1603] INFO:       ====== Selected quality: video 720
[07:50:16] [udemy-downloader] [parse_new:1808] INFO: Processing 6 caption(s)...
[07:50:16] [udemy-downloader] [process_caption:1546] INFO:     >  Downloading caption: '008 Visualization_en.vtt'
[07:50:16] [udemy-downloader] [process_caption:1559] INFO:     > Converting caption to SRT format...
[07:50:16] [udemy-downloader] [process_caption:1561] INFO:     > Caption conversion complete.
[07:50:16] [udemy-downloader] [parse_new:1822] INFO:     > Processing 0 asset(s) for lecture...
[07:50:16] [udemy-downloader] [parse_new:1782] INFO:   > Processing lecture 9 of 43
[07:50:16] [udemy-downloader] [parse_new:1822] INFO:     > Processing 1 asset(s) for lecture...
[07:50:21] [udemy-downloader] [parse_new:1782] INFO:   > Processing lecture 10 of 43
[07:50:21] [udemy-downloader] [process_lecture:1598] INFO:       > Lecture doesn't have DRM, attempting to download...
[07:50:21] [udemy-downloader] [process_lecture:1603] INFO:       ====== Selected quality: video 720
[07:50:28] [udemy-downloader] [parse_new:1808] INFO: Processing 6 caption(s)...
[07:50:28] [udemy-downloader] [process_caption:1546] INFO:     >  Downloading caption: '010 Databases_en.vtt'
[07:50:29] [udemy-downloader] [process_caption:1559] INFO:     > Converting caption to SRT format...
[07:50:29] [udemy-downloader] [process_caption:1561] INFO:     > Caption conversion complete.
[07:50:29] [udemy-downloader] [parse_new:1822] INFO:     > Processing 0 asset(s) for lecture...
[07:50:33] [udemy-downloader] [parse_new:1782] INFO:   > Processing lecture 11 of 43
[07:50:33] [udemy-downloader] [process_lecture:1598] INFO:       > Lecture doesn't have DRM, attempting to download...
[07:50:33] [udemy-downloader] [process_lecture:1603] INFO:       ====== Selected quality: video 720
[07:50:38] [udemy-downloader] [parse_new:1808] INFO: Processing 6 caption(s)...
[07:50:38] [udemy-downloader] [process_caption:1546] INFO:     >  Downloading caption: '011 Statistical Learning & Meet Hadelin de Ponteves_en.vtt'
[07:50:39] [udemy-downloader] [process_caption:1559] INFO:     > Converting caption to SRT format...
[07:50:39] [udemy-downloader] [process_caption:1561] INFO:     > Caption conversion complete.
[07:50:39] [udemy-downloader] [parse_new:1822] INFO:     > Processing 0 asset(s) for lecture...
[07:50:43] [udemy-downloader] [parse_new:1782] INFO:   > Processing lecture 12 of 43
[07:50:43] [udemy-downloader] [process_lecture:1598] INFO:       > Lecture doesn't have DRM, attempting to download...
[07:50:43] [udemy-downloader] [process_lecture:1603] INFO:       ====== Selected quality: video 720
[07:50:50] [udemy-downloader] [parse_new:1808] INFO: Processing 6 caption(s)...
[07:50:50] [udemy-downloader] [process_caption:1546] INFO:     >  Downloading caption: '012 Machine Learning_en.vtt'
[07:50:50] [udemy-downloader] [process_caption:1559] INFO:     > Converting caption to SRT format...
[07:50:50] [udemy-downloader] [process_caption:1561] INFO:     > Caption conversion complete.
[07:50:50] [udemy-downloader] [parse_new:1822] INFO:     > Processing 0 asset(s) for lecture...
[07:50:54] [udemy-downloader] [parse_new:1782] INFO:   > Processing lecture 13 of 43
[07:50:54] [udemy-downloader] [process_lecture:1598] INFO:       > Lecture doesn't have DRM, attempting to download...
[07:50:54] [udemy-downloader] [process_lecture:1603] INFO:       ====== Selected quality: video 720
[07:51:07] [udemy-downloader] [parse_new:1808] INFO: Processing 6 caption(s)...
[07:51:07] [udemy-downloader] [process_caption:1546] INFO:     >  Downloading caption: '013 Deep Learning_en.vtt'
[07:51:07] [udemy-downloader] [process_caption:1559] INFO:     > Converting caption to SRT format...
[07:51:07] [udemy-downloader] [process_caption:1561] INFO:     > Caption conversion complete.
[07:51:07] [udemy-downloader] [parse_new:1822] INFO:     > Processing 0 asset(s) for lecture...
[07:51:11] [udemy-downloader] [parse_new:1782] INFO:   > Processing lecture 14 of 43
[07:51:11] [udemy-downloader] [process_lecture:1598] INFO:       > Lecture doesn't have DRM, attempting to download...
[07:51:11] [udemy-downloader] [process_lecture:1603] INFO:       ====== Selected quality: video 720
[07:51:19] [udemy-downloader] [parse_new:1808] INFO: Processing 6 caption(s)...
[07:51:19] [udemy-downloader] [process_caption:1546] INFO:     >  Downloading caption: '014 Deep Learning and Computer Vision_en.vtt'
[07:51:20] [udemy-downloader] [process_caption:1559] INFO:     > Converting caption to SRT format...
[07:51:20] [udemy-downloader] [process_caption:1561] INFO:     > Caption conversion complete.
[07:51:20] [udemy-downloader] [parse_new:1822] INFO:     > Processing 0 asset(s) for lecture...
[07:51:24] [udemy-downloader] [parse_new:1782] INFO:   > Processing lecture 15 of 43
[07:51:24] [udemy-downloader] [process_lecture:1598] INFO:       > Lecture doesn't have DRM, attempting to download...
[07:51:24] [udemy-downloader] [process_lecture:1603] INFO:       ====== Selected quality: video 720
[07:51:32] [udemy-downloader] [parse_new:1808] INFO: Processing 6 caption(s)...
[07:51:32] [udemy-downloader] [process_caption:1546] INFO:     >  Downloading caption: '015 Deep Learning and NLP_en.vtt'
[07:51:32] [udemy-downloader] [process_caption:1559] INFO:     > Converting caption to SRT format...
[07:51:32] [udemy-downloader] [process_caption:1561] INFO:     > Caption conversion complete.
[07:51:32] [udemy-downloader] [parse_new:1822] INFO:     > Processing 0 asset(s) for lecture...
[07:51:37] [udemy-downloader] [parse_new:1782] INFO:   > Processing lecture 16 of 43
[07:51:37] [udemy-downloader] [process_lecture:1598] INFO:       > Lecture doesn't have DRM, attempting to download...
[07:51:37] [udemy-downloader] [process_lecture:1603] INFO:       ====== Selected quality: video 720
[07:51:46] [udemy-downloader] [parse_new:1808] INFO: Processing 6 caption(s)...
[07:51:46] [udemy-downloader] [process_caption:1546] INFO:     >  Downloading caption: '016 Artificial Intelligence_en.vtt'
[07:51:46] [udemy-downloader] [process_caption:1559] INFO:     > Converting caption to SRT format...
[07:51:46] [udemy-downloader] [process_caption:1561] INFO:     > Caption conversion complete.
[07:51:46] [udemy-downloader] [parse_new:1822] INFO:     > Processing 0 asset(s) for lecture...
[07:51:46] [udemy-downloader] [parse_new:1754] INFO: ======= Processing chapter 3 of 6 =======
[07:51:50] [udemy-downloader] [parse_new:1782] INFO:   > Processing lecture 17 of 43
[07:51:50] [udemy-downloader] [process_lecture:1598] INFO:       > Lecture doesn't have DRM, attempting to download...
[07:51:50] [udemy-downloader] [process_lecture:1603] INFO:       ====== Selected quality: video 720
[07:51:58] [udemy-downloader] [parse_new:1808] INFO: Processing 6 caption(s)...
[07:51:58] [udemy-downloader] [process_caption:1546] INFO:     >  Downloading caption: '017 Intro to Tableau - Step 1_en.vtt'
[07:51:58] [udemy-downloader] [process_caption:1559] INFO:     > Converting caption to SRT format...
[07:51:58] [udemy-downloader] [process_caption:1561] INFO:     > Caption conversion complete.
[07:51:58] [udemy-downloader] [parse_new:1822] INFO:     > Processing 0 asset(s) for lecture...
[07:52:02] [udemy-downloader] [parse_new:1782] INFO:   > Processing lecture 18 of 43
[07:52:02] [udemy-downloader] [process_lecture:1598] INFO:       > Lecture doesn't have DRM, attempting to download...
[07:52:02] [udemy-downloader] [process_lecture:1603] INFO:       ====== Selected quality: video 720
[07:52:09] [udemy-downloader] [parse_new:1808] INFO: Processing 6 caption(s)...
[07:52:09] [udemy-downloader] [process_caption:1546] INFO:     >  Downloading caption: '018 Intro to Tableau - Step 2_en.vtt'
[07:52:09] [udemy-downloader] [process_caption:1559] INFO:     > Converting caption to SRT format...
[07:52:09] [udemy-downloader] [process_caption:1561] INFO:     > Caption conversion complete.
[07:52:09] [udemy-downloader] [parse_new:1822] INFO:     > Processing 0 asset(s) for lecture...
[07:52:13] [udemy-downloader] [parse_new:1782] INFO:   > Processing lecture 19 of 43
[07:52:13] [udemy-downloader] [process_lecture:1598] INFO:       > Lecture doesn't have DRM, attempting to download...
[07:52:13] [udemy-downloader] [process_lecture:1603] INFO:       ====== Selected quality: video 720
[07:52:20] [udemy-downloader] [parse_new:1808] INFO: Processing 6 caption(s)...
[07:52:20] [udemy-downloader] [process_caption:1546] INFO:     >  Downloading caption: '019 Intro to Tableau - Step 3_en.vtt'
[07:52:20] [udemy-downloader] [process_caption:1559] INFO:     > Converting caption to SRT format...
[07:52:20] [udemy-downloader] [process_caption:1561] INFO:     > Caption conversion complete.
[07:52:20] [udemy-downloader] [parse_new:1822] INFO:     > Processing 0 asset(s) for lecture...
[07:52:25] [udemy-downloader] [parse_new:1782] INFO:   > Processing lecture 20 of 43
[07:52:25] [udemy-downloader] [process_lecture:1598] INFO:       > Lecture doesn't have DRM, attempting to download...
[07:52:25] [udemy-downloader] [process_lecture:1603] INFO:       ====== Selected quality: video 720
[07:52:33] [udemy-downloader] [parse_new:1808] INFO: Processing 6 caption(s)...
[07:52:33] [udemy-downloader] [process_caption:1546] INFO:     >  Downloading caption: '020 Intro to Tableau - Step 4_en.vtt'
[07:52:33] [udemy-downloader] [process_caption:1559] INFO:     > Converting caption to SRT format...
[07:52:33] [udemy-downloader] [process_caption:1561] INFO:     > Caption conversion complete.
[07:52:33] [udemy-downloader] [parse_new:1822] INFO:     > Processing 0 asset(s) for lecture...
[07:52:37] [udemy-downloader] [parse_new:1782] INFO:   > Processing lecture 21 of 43
[07:52:37] [udemy-downloader] [process_lecture:1598] INFO:       > Lecture doesn't have DRM, attempting to download...
[07:52:37] [udemy-downloader] [process_lecture:1603] INFO:       ====== Selected quality: video 720
[07:52:44] [udemy-downloader] [parse_new:1808] INFO: Processing 6 caption(s)...
[07:52:44] [udemy-downloader] [process_caption:1546] INFO:     >  Downloading caption: '021 Intro to Tableau - Step 5_en.vtt'
[07:52:44] [udemy-downloader] [process_caption:1559] INFO:     > Converting caption to SRT format...
[07:52:44] [udemy-downloader] [process_caption:1561] INFO:     > Caption conversion complete.
[07:52:44] [udemy-downloader] [parse_new:1822] INFO:     > Processing 0 asset(s) for lecture...
[07:52:48] [udemy-downloader] [parse_new:1782] INFO:   > Processing lecture 22 of 43
[07:52:48] [udemy-downloader] [process_lecture:1598] INFO:       > Lecture doesn't have DRM, attempting to download...
[07:52:48] [udemy-downloader] [process_lecture:1603] INFO:       ====== Selected quality: video 720
[07:52:57] [udemy-downloader] [parse_new:1808] INFO: Processing 6 caption(s)...
[07:52:57] [udemy-downloader] [process_caption:1546] INFO:     >  Downloading caption: '022 Intro to Tableau - Step 6_en.vtt'
[07:52:58] [udemy-downloader] [process_caption:1559] INFO:     > Converting caption to SRT format...
[07:52:58] [udemy-downloader] [process_caption:1561] INFO:     > Caption conversion complete.
[07:52:58] [udemy-downloader] [parse_new:1822] INFO:     > Processing 0 asset(s) for lecture...
[07:53:02] [udemy-downloader] [parse_new:1782] INFO:   > Processing lecture 23 of 43
[07:53:02] [udemy-downloader] [process_lecture:1598] INFO:       > Lecture doesn't have DRM, attempting to download...
[07:53:02] [udemy-downloader] [process_lecture:1603] INFO:       ====== Selected quality: video 720
[07:53:10] [udemy-downloader] [parse_new:1808] INFO: Processing 6 caption(s)...
[07:53:10] [udemy-downloader] [process_caption:1546] INFO:     >  Downloading caption: '023 Intro to Tableau - Step 7_en.vtt'
[07:53:10] [udemy-downloader] [process_caption:1559] INFO:     > Converting caption to SRT format...
[07:53:10] [udemy-downloader] [process_caption:1561] INFO:     > Caption conversion complete.
[07:53:10] [udemy-downloader] [parse_new:1822] INFO:     > Processing 0 asset(s) for lecture...
[07:53:14] [udemy-downloader] [parse_new:1782] INFO:   > Processing lecture 24 of 43
[07:53:14] [udemy-downloader] [process_lecture:1598] INFO:       > Lecture doesn't have DRM, attempting to download...
[07:53:14] [udemy-downloader] [process_lecture:1603] INFO:       ====== Selected quality: video 720
[07:53:20] [udemy-downloader] [parse_new:1808] INFO: Processing 6 caption(s)...
[07:53:20] [udemy-downloader] [process_caption:1546] INFO:     >  Downloading caption: '024 Intro to Tableau - Step 8_en.vtt'
[07:53:21] [udemy-downloader] [process_caption:1559] INFO:     > Converting caption to SRT format...
[07:53:21] [udemy-downloader] [process_caption:1561] INFO:     > Caption conversion complete.
[07:53:21] [udemy-downloader] [parse_new:1822] INFO:     > Processing 0 asset(s) for lecture...
[07:53:24] [udemy-downloader] [parse_new:1782] INFO:   > Processing lecture 25 of 43
[07:53:24] [udemy-downloader] [process_lecture:1598] INFO:       > Lecture doesn't have DRM, attempting to download...
[07:53:24] [udemy-downloader] [process_lecture:1603] INFO:       ====== Selected quality: video 720
[07:53:29] [udemy-downloader] [parse_new:1808] INFO: Processing 6 caption(s)...
[07:53:29] [udemy-downloader] [process_caption:1546] INFO:     >  Downloading caption: '025 Intro to Tableau - Step 9_en.vtt'
[07:53:30] [udemy-downloader] [process_caption:1559] INFO:     > Converting caption to SRT format...
[07:53:30] [udemy-downloader] [process_caption:1561] INFO:     > Caption conversion complete.
[07:53:30] [udemy-downloader] [parse_new:1822] INFO:     > Processing 0 asset(s) for lecture...
[07:53:30] [udemy-downloader] [parse_new:1754] INFO: ======= Processing chapter 4 of 6 =======
[07:53:30] [udemy-downloader] [parse_new:1782] INFO:   > Processing lecture 26 of 43
[07:53:30] [udemy-downloader] [parse_new:1822] INFO:     > Processing 1 asset(s) for lecture...
[07:53:34] [udemy-downloader] [parse_new:1782] INFO:   > Processing lecture 27 of 43
[07:53:34] [udemy-downloader] [process_lecture:1598] INFO:       > Lecture doesn't have DRM, attempting to download...
[07:53:34] [udemy-downloader] [process_lecture:1603] INFO:       ====== Selected quality: video 720
[07:53:39] [udemy-downloader] [parse_new:1808] INFO: Processing 6 caption(s)...
[07:53:39] [udemy-downloader] [process_caption:1546] INFO:     >  Downloading caption: '027 Python - Step 2_en.vtt'
[07:53:40] [udemy-downloader] [process_caption:1559] INFO:     > Converting caption to SRT format...
[07:53:40] [udemy-downloader] [process_caption:1561] INFO:     > Caption conversion complete.
[07:53:40] [udemy-downloader] [parse_new:1822] INFO:     > Processing 0 asset(s) for lecture...
[07:53:44] [udemy-downloader] [parse_new:1782] INFO:   > Processing lecture 28 of 43
[07:53:44] [udemy-downloader] [process_lecture:1598] INFO:       > Lecture doesn't have DRM, attempting to download...
[07:53:44] [udemy-downloader] [process_lecture:1603] INFO:       ====== Selected quality: video 720
[07:53:50] [udemy-downloader] [parse_new:1808] INFO: Processing 6 caption(s)...
[07:53:50] [udemy-downloader] [process_caption:1546] INFO:     >  Downloading caption: '028 Python - Step 3_en.vtt'
[07:53:51] [udemy-downloader] [process_caption:1559] INFO:     > Converting caption to SRT format...
[07:53:51] [udemy-downloader] [process_caption:1561] INFO:     > Caption conversion complete.
[07:53:51] [udemy-downloader] [parse_new:1822] INFO:     > Processing 0 asset(s) for lecture...
[07:53:55] [udemy-downloader] [parse_new:1782] INFO:   > Processing lecture 29 of 43
[07:53:55] [udemy-downloader] [process_lecture:1598] INFO:       > Lecture doesn't have DRM, attempting to download...
[07:53:55] [udemy-downloader] [process_lecture:1603] INFO:       ====== Selected quality: video 720
[07:54:05] [udemy-downloader] [parse_new:1808] INFO: Processing 6 caption(s)...
[07:54:05] [udemy-downloader] [process_caption:1546] INFO:     >  Downloading caption: '029 Python - Step 4_en.vtt'
[07:54:06] [udemy-downloader] [process_caption:1559] INFO:     > Converting caption to SRT format...
[07:54:06] [udemy-downloader] [process_caption:1561] INFO:     > Caption conversion complete.
[07:54:06] [udemy-downloader] [parse_new:1822] INFO:     > Processing 0 asset(s) for lecture...
[07:54:10] [udemy-downloader] [parse_new:1782] INFO:   > Processing lecture 30 of 43
[07:54:10] [udemy-downloader] [process_lecture:1598] INFO:       > Lecture doesn't have DRM, attempting to download...
[07:54:10] [udemy-downloader] [process_lecture:1603] INFO:       ====== Selected quality: video 720
[07:54:23] [udemy-downloader] [parse_new:1808] INFO: Processing 6 caption(s)...
[07:54:23] [udemy-downloader] [process_caption:1546] INFO:     >  Downloading caption: '030 Python - Step 5_en.vtt'
[07:54:23] [udemy-downloader] [process_caption:1559] INFO:     > Converting caption to SRT format...
[07:54:23] [udemy-downloader] [process_caption:1561] INFO:     > Caption conversion complete.
[07:54:23] [udemy-downloader] [parse_new:1822] INFO:     > Processing 0 asset(s) for lecture...
[07:54:28] [udemy-downloader] [parse_new:1782] INFO:   > Processing lecture 31 of 43
[07:54:28] [udemy-downloader] [process_lecture:1598] INFO:       > Lecture doesn't have DRM, attempting to download...
[07:54:28] [udemy-downloader] [process_lecture:1603] INFO:       ====== Selected quality: video 720
[07:54:36] [udemy-downloader] [parse_new:1808] INFO: Processing 6 caption(s)...
[07:54:36] [udemy-downloader] [process_caption:1546] INFO:     >  Downloading caption: '031 Python - Step 6_en.vtt'
[07:54:36] [udemy-downloader] [process_caption:1559] INFO:     > Converting caption to SRT format...
[07:54:36] [udemy-downloader] [process_caption:1561] INFO:     > Caption conversion complete.
[07:54:36] [udemy-downloader] [parse_new:1822] INFO:     > Processing 0 asset(s) for lecture...
[07:54:40] [udemy-downloader] [parse_new:1782] INFO:   > Processing lecture 32 of 43
[07:54:40] [udemy-downloader] [process_lecture:1598] INFO:       > Lecture doesn't have DRM, attempting to download...
[07:54:40] [udemy-downloader] [process_lecture:1603] INFO:       ====== Selected quality: video 720
[07:54:50] [udemy-downloader] [parse_new:1808] INFO: Processing 6 caption(s)...
[07:54:50] [udemy-downloader] [process_caption:1546] INFO:     >  Downloading caption: '032 Python - Step 7_en.vtt'
[07:54:50] [udemy-downloader] [process_caption:1559] INFO:     > Converting caption to SRT format...
[07:54:50] [udemy-downloader] [process_caption:1561] INFO:     > Caption conversion complete.
[07:54:50] [udemy-downloader] [parse_new:1822] INFO:     > Processing 0 asset(s) for lecture...
[07:54:56] [udemy-downloader] [parse_new:1782] INFO:   > Processing lecture 33 of 43
[07:54:56] [udemy-downloader] [process_lecture:1598] INFO:       > Lecture doesn't have DRM, attempting to download...
[07:54:56] [udemy-downloader] [process_lecture:1603] INFO:       ====== Selected quality: video 720
[07:54:57] [udemy-downloader] [process_lecture:1666] ERROR: >        Error downloading lecture
Traceback (most recent call last):
  File "/root/project/server/udemy_dl/main.py", line 1663, in process_lecture
    ret_code = download_aria(url, chapter_dir, lecture_title + ".mp4")
  File "/root/project/server/udemy_dl/main.py", line 1527, in download_aria
    raise Exception("Return code f