{"timestamp":"2026-01-16T10:59:01.367Z","level":"info","category":"enrollment","source":"python_worker","orderId":33,"taskId":44,"message":"Enrollment verified, starting download","details":{},"progress":null,"currentFile":null,"stack":null,"metadata":null}
{"timestamp":"2026-01-16T10:59:01.374Z","level":"info","category":"enrollment","source":"python_worker","orderId":33,"taskId":43,"message":"Enrollment verified, starting download","details":{},"progress":null,"currentFile":null,"stack":null,"metadata":null}
{"timestamp":"2026-01-16T10:59:11.913Z","level":"info","category":"upload","source":"python_worker","orderId":33,"taskId":44,"message":"Upload started","details":{"folderName":"sinavlar-ve-mulakatlar-icin-html5-ve-css3-deneme-sinavlari"},"progress":80,"currentFile":null,"stack":null,"metadata":null}
{"timestamp":"2026-01-16T10:59:17.749Z","level":"info","category":"upload","source":"python_worker","orderId":33,"taskId":44,"message":"Upload completed successfully","details":{"folderName":"sinavlar-ve-mulakatlar-icin-html5-ve-css3-deneme-sinavlari"},"progress":95,"currentFile":null,"stack":null,"metadata":null}
{"timestamp":"2026-01-16T10:59:22.034Z","level":"info","category":"enrollment","source":"python_worker","orderId":33,"taskId":45,"message":"Enrollment verified, starting download","details":{},"progress":null,"currentFile":null,"stack":null,"metadata":null}
{"timestamp":"2026-01-16T11:00:18.702Z","level":"info","category":"upload","source":"python_worker","orderId":33,"taskId":43,"message":"Upload started","details":{"folderName":"prompt-engineering-for-work"},"progress":80,"currentFile":null,"stack":null,"metadata":null}
{"timestamp":"2026-01-16T11:00:26.422Z","level":"info","category":"upload","source":"python_worker","orderId":33,"taskId":43,"message":"Upload completed successfully","details":{"folderName":"prompt-engineering-for-work"},"progress":95,"currentFile":null,"stack":null,"metadata":null}
{"timestamp":"2026-01-16T11:00:29.604Z","level":"info","category":"enrollment","source":"python_worker","orderId":33,"taskId":46,"message":"Enrollment verified, starting download","details":{},"progress":null,"currentFile":null,"stack":null,"metadata":null}
{"timestamp":"2026-01-16T11:01:12.634Z","level":"info","category":"upload","source":"python_worker","orderId":33,"taskId":46,"message":"Upload started","details":{"folderName":"creative-css-hover-and-animation-effects-in-hindi"},"progress":80,"currentFile":null,"stack":null,"metadata":null}
{"timestamp":"2026-01-16T11:01:20.042Z","level":"info","category":"upload","source":"python_worker","orderId":33,"taskId":46,"message":"Upload completed successfully","details":{"folderName":"creative-css-hover-and-animation-effects-in-hindi"},"progress":95,"currentFile":null,"stack":null,"metadata":null}
{"timestamp":"2026-01-16T11:01:23.278Z","level":"info","category":"enrollment","source":"python_worker","orderId":33,"taskId":47,"message":"Enrollment verified, starting download","details":{},"progress":null,"currentFile":null,"stack":null,"metadata":null}
{"timestamp":"2026-01-16T11:14:40.503Z","level":"info","category":"upload","source":"python_worker","orderId":33,"taskId":45,"message":"Upload started","details":{"folderName":"30-days-of-code-the-complete-python-bootcamp-vietnamese"},"progress":80,"currentFile":null,"stack":null,"metadata":null}
{"timestamp":"2026-01-16T11:15:37.883Z","level":"info","category":"upload","source":"python_worker","orderId":33,"taskId":45,"message":"Upload completed successfully","details":{"folderName":"30-days-of-code-the-complete-python-bootcamp-vietnamese"},"progress":95,"currentFile":null,"stack":null,"metadata":null}
{"timestamp":"2026-01-16T12:49:02.109Z","level":"info","category":"enrollment","source":"python_worker","orderId":34,"taskId":49,"message":"Enrollment verified, starting download","details":{},"progress":null,"currentFile":null,"stack":null,"metadata":null}
{"timestamp":"2026-01-16T12:49:02.108Z","level":"info","category":"enrollment","source":"python_worker","orderId":34,"taskId":48,"message":"Enrollment verified, starting download","details":{},"progress":null,"currentFile":null,"stack":null,"metadata":null}
{"timestamp":"2026-01-16T12:55:41.099Z","level":"info","category":"enrollment","source":"python_worker","orderId":34,"taskId":50,"message":"Enrollment verified, starting download","details":{},"progress":null,"currentFile":null,"stack":null,"metadata":null}
{"timestamp":"2026-01-16T12:55:41.123Z","level":"info","category":"enrollment","source":"python_worker","orderId":34,"taskId":51,"message":"Enrollment verified, starting download","details":{},"progress":null,"currentFile":null,"stack":null,"metadata":null}
{"timestamp":"2026-01-16T12:55:41.141Z","level":"info","category":"enrollment","source":"python_worker","orderId":34,"taskId":52,"message":"Enrollment verified, starting download","details":{},"progress":null,"currentFile":null,"stack":null,"metadata":null}
{"timestamp":"2026-01-16T17:14:17.229Z","level":"info","category":"enrollment","source":"python_worker","orderId":35,"taskId":53,"message":"Enrollment verified, starting download","details":{},"progress":null,"currentFile":null,"stack":null,"metadata":null}
{"timestamp":"2026-01-16T17:14:17.233Z","level":"info","category":"enrollment","source":"python_worker","orderId":35,"taskId":54,"message":"Enrollment verified, starting download","details":{},"progress":null,"currentFile":null,"stack":null,"metadata":null}
{"timestamp":"2026-01-16T17:18:26.335Z","level":"info","category":"upload","source":"python_worker","orderId":35,"taskId":53,"message":"Upload started","details":{"folderName":"machine-learning-for-absolute-beginners-level-2"},"progress":80,"currentFile":null,"stack":null,"metadata":null}
{"timestamp":"2026-01-16T17:19:17.365Z","level":"info","category":"upload","source":"python_worker","orderId":35,"taskId":53,"message":"Upload completed successfully","details":{"folderName":"machine-learning-for-absolute-beginners-level-2"},"progress":95,"currentFile":null,"stack":null,"metadata":null}
{"timestamp":"2026-01-16T17:19:22.913Z","level":"info","category":"enrollment","source":"python_worker","orderId":35,"taskId":55,"message":"Enrollment verified, starting download","details":{},"progress":null,"currentFile":null,"stack":null,"metadata":null}
{"timestamp":"2026-01-16T17:19:46.430Z","level":"info","category":"upload","source":"python_worker","orderId":35,"taskId":54,"message":"Upload started","details":{"folderName":"intro-to-data-science"},"progress":80,"currentFile":null,"stack":null,"metadata":null}
{"timestamp":"2026-01-16T17:21:00.984Z","level":"info","category":"upload","source":"python_worker","orderId":35,"taskId":54,"message":"Upload completed successfully","details":{"folderName":"intro-to-data-science"},"progress":95,"currentFile":null,"stack":null,"metadata":null}
{"timestamp":"2026-01-16T17:21:05.342Z","level":"info","category":"enrollment","source":"python_worker","orderId":35,"taskId":56,"message":"Enrollment verified, starting download","details":{},"progress":null,"currentFile":null,"stack":null,"metadata":null}
{"timestamp":"2026-01-16T17:24:34.860Z","level":"info","category":"upload","source":"python_worker","orderId":35,"taskId":55,"message":"Upload started","details":{"folderName":"r-analytics"},"progress":80,"currentFile":null,"stack":null,"metadata":null}
{"timestamp":"2026-01-16T17:25:29.241Z","level":"info","category":"upload","source":"python_worker","orderId":35,"taskId":55,"message":"Upload completed successfully","details":{"folderName":"r-analytics"},"progress":95,"currentFile":null,"stack":null,"metadata":null}
{"timestamp":"2026-01-16T17:25:32.863Z","level":"info","category":"enrollment","source":"python_worker","orderId":35,"taskId":57,"message":"Enrollment verified, starting download","details":{},"progress":null,"currentFile":null,"stack":null,"metadata":null}
{"timestamp":"2026-01-16T17:28:24.013Z","level":"info","category":"upload","source":"python_worker","orderId":35,"taskId":56,"message":"Upload started","details":{"folderName":"machine-learning-for-data-science"},"progress":80,"currentFile":null,"stack":null,"metadata":null}
{"timestamp":"2026-01-16T17:30:12.536Z","level":"info","category":"upload","source":"python_worker","orderId":35,"taskId":56,"message":"Upload completed successfully","details":{"folderName":"machine-learning-for-data-science"},"progress":95,"currentFile":null,"stack":null,"metadata":null}
{"timestamp":"2026-01-16T17:33:42.002Z","level":"info","category":"upload","source":"python_worker","orderId":35,"taskId":57,"message":"Upload started","details":{"folderName":"statistics-for-data-science-and-business-analysis"},"progress":80,"currentFile":null,"stack":null,"metadata":null}
{"timestamp":"2026-01-16T17:35:54.657Z","level":"info","category":"upload","source":"python_worker","orderId":35,"taskId":57,"message":"Upload completed successfully","details":{"folderName":"statistics-for-data-science-and-business-analysis"},"progress":95,"currentFile":null,"stack":null,"metadata":null}
