{"error":{"message":"listener is not a function"},"errorType":"TypeError","level":"error","message":"Redis Subscriber Error","redisError":"listener is not a function","service":"udemy-api","timestamp":"2026-01-18 02:03:15"}
{"error":{"message":"Cannot read properties of undefined (reading 'value')"},"errorType":"TypeError","level":"error","message":"Redis Subscriber Error","redisError":"Cannot read properties of undefined (reading 'value')","service":"udemy-api","timestamp":"2026-01-18 02:03:15"}
{"error":{"message":"listener is not a function"},"errorType":"TypeError","level":"error","message":"Redis Subscriber Error","redisError":"listener is not a function","service":"udemy-api","timestamp":"2026-01-18 02:03:15"}
{"error":{"message":"Cannot read properties of undefined (reading 'value')"},"errorType":"TypeError","level":"error","message":"Redis Subscriber Error","redisError":"Cannot read properties of undefined (reading 'value')","service":"udemy-api","timestamp":"2026-01-18 02:03:15"}
{"error":{"message":"Cannot read properties of undefined (reading 'value')"},"errorType":"TypeError","level":"error","message":"Redis Subscriber Error","redisError":"Cannot read properties of undefined (reading 'value')","service":"udemy-api","timestamp":"2026-01-18 02:03:16"}
{"error":{"message":"Cannot read properties of undefined (reading 'value')"},"errorType":"TypeError","level":"error","message":"Redis Subscriber Error","redisError":"Cannot read properties of undefined (reading 'value')","service":"udemy-api","timestamp":"2026-01-18 02:03:16"}
{"error":{"message":"Cannot read properties of undefined (reading 'value')"},"errorType":"TypeError","level":"error","message":"Redis Subscriber Error","redisError":"Cannot read properties of undefined (reading 'value')","service":"udemy-api","timestamp":"2026-01-18 02:03:16"}
{"error":{"message":"Cannot read properties of undefined (reading 'value')"},"errorType":"TypeError","level":"error","message":"Redis Subscriber Error","redisError":"Cannot read properties of undefined (reading 'value')","service":"udemy-api","timestamp":"2026-01-18 02:03:16"}
{"error":{"message":"Cannot read properties of undefined (reading 'value')"},"errorType":"TypeError","level":"error","message":"Redis Subscriber Error","redisError":"Cannot read properties of undefined (reading 'value')","service":"udemy-api","timestamp":"2026-01-18 02:03:16"}
{"error":{"message":"listener is not a function"},"errorType":"TypeError","level":"error","message":"Redis Subscriber Error","redisError":"listener is not a function","service":"udemy-api","timestamp":"2026-01-18 02:04:56"}
{"error":{"message":"listener is not a function"},"errorType":"TypeError","level":"error","message":"Redis Subscriber Error","redisError":"listener is not a function","service":"udemy-api","timestamp":"2026-01-18 02:04:56"}
{"error":{"message":"Cannot read properties of undefined (reading 'value')"},"errorType":"TypeError","level":"error","message":"Redis Subscriber Error","redisError":"Cannot read properties of undefined (reading 'value')","service":"udemy-api","timestamp":"2026-01-18 02:04:56"}
{"error":{"message":"Cannot read properties of undefined (reading 'value')"},"errorType":"TypeError","level":"error","message":"Redis Subscriber Error","redisError":"Cannot read properties of undefined (reading 'value')","service":"udemy-api","timestamp":"2026-01-18 02:04:56"}
{"error":{"message":"Cannot read properties of undefined (reading 'value')"},"errorType":"TypeError","level":"error","message":"Redis Subscriber Error","redisError":"Cannot read properties of undefined (reading 'value')","service":"udemy-api","timestamp":"2026-01-18 02:04:56"}
{"error":{"message":"Cannot read properties of undefined (reading 'value')"},"errorType":"TypeError","level":"error","message":"Redis Subscriber Error","redisError":"Cannot read properties of undefined (reading 'value')","service":"udemy-api","timestamp":"2026-01-18 02:04:56"}
{"error":{"message":"Cannot read properties of undefined (reading 'value')"},"errorType":"TypeError","level":"error","message":"Redis Subscriber Error","redisError":"Cannot read properties of undefined (reading 'value')","service":"udemy-api","timestamp":"2026-01-18 02:04:56"}
{"error":{"message":"Cannot read properties of undefined (reading 'value')"},"errorType":"TypeError","level":"error","message":"Redis Subscriber Error","redisError":"Cannot read properties of undefined (reading 'value')","service":"udemy-api","timestamp":"2026-01-18 02:04:56"}
{"error":{"message":"Cannot read properties of undefined (reading 'value')"},"errorType":"TypeError","level":"error","message":"Redis Subscriber Error","redisError":"Cannot read properties of undefined (reading 'value')","service":"udemy-api","timestamp":"2026-01-18 02:09:29"}
{"error":{"message":"Cannot read properties of undefined (reading 'value')"},"errorType":"TypeError","level":"error","message":"Redis Subscriber Error","redisError":"Cannot read properties of undefined (reading 'value')","service":"udemy-api","timestamp":"2026-01-18 02:09:29"}
{"error":{"message":"Cannot read properties of undefined (reading 'value')"},"errorType":"TypeError","level":"error","message":"Redis Subscriber Error","redisError":"Cannot read properties of undefined (reading 'value')","service":"udemy-api","timestamp":"2026-01-18 02:09:29"}
{"error":{"message":"Cannot read properties of undefined (reading 'value')"},"errorType":"TypeError","level":"error","message":"Redis Subscriber Error","redisError":"Cannot read properties of undefined (reading 'value')","service":"udemy-api","timestamp":"2026-01-18 02:09:29"}
{"error":{"message":"Cannot read properties of undefined (reading 'value')"},"errorType":"TypeError","level":"error","message":"Redis Subscriber Error","redisError":"Cannot read properties of undefined (reading 'value')","service":"udemy-api","timestamp":"2026-01-18 02:09:29"}
{"error":{"message":"Cannot read properties of undefined (reading 'value')"},"errorType":"TypeError","level":"error","message":"Redis Subscriber Error","redisError":"Cannot read properties of undefined (reading 'value')","service":"udemy-api","timestamp":"2026-01-18 02:09:29"}
{"error":{"message":"Cannot read properties of undefined (reading 'value')"},"errorType":"TypeError","level":"error","message":"Redis Subscriber Error","redisError":"Cannot read properties of undefined (reading 'value')","service":"udemy-api","timestamp":"2026-01-18 02:09:29"}
{"error":{"message":"Cannot read properties of undefined (reading 'value')"},"errorType":"TypeError","level":"error","message":"Redis Subscriber Error","redisError":"Cannot read properties of undefined (reading 'value')","service":"udemy-api","timestamp":"2026-01-18 02:09:29"}
{"error":{"message":"Cannot read properties of undefined (reading 'value')"},"errorType":"TypeError","level":"error","message":"Redis Subscriber Error","redisError":"Cannot read properties of undefined (reading 'value')","service":"udemy-api","timestamp":"2026-01-18 02:09:29"}
{"error":{"message":"Cannot read properties of undefined (reading 'value')"},"errorType":"TypeError","level":"error","message":"Redis Subscriber Error","redisError":"Cannot read properties of undefined (reading 'value')","service":"udemy-api","timestamp":"2026-01-18 02:09:29"}
{"error":{"message":"Cannot read properties of undefined (reading 'value')"},"errorType":"TypeError","level":"error","message":"Redis Subscriber Error","redisError":"Cannot read properties of undefined (reading 'value')","service":"udemy-api","timestamp":"2026-01-18 02:09:30"}
{"error":{"message":"Cannot read properties of undefined (reading 'value')"},"errorType":"TypeError","level":"error","message":"Redis Subscriber Error","redisError":"Cannot read properties of undefined (reading 'value')","service":"udemy-api","timestamp":"2026-01-18 02:09:30"}
{"error":{"message":"Cannot read properties of undefined (reading 'value')"},"errorType":"TypeError","level":"error","message":"Redis Subscriber Error","redisError":"Cannot read properties of undefined (reading 'value')","service":"udemy-api","timestamp":"2026-01-18 02:09:30"}
{"error":{"message":"Cannot read properties of undefined (reading 'value')"},"errorType":"TypeError","level":"error","message":"Redis Subscriber Error","redisError":"Cannot read properties of undefined (reading 'value')","service":"udemy-api","timestamp":"2026-01-18 02:09:30"}
{"error":{"message":"Cannot read properties of undefined (reading 'value')"},"errorType":"TypeError","level":"error","message":"Redis Subscriber Error","redisError":"Cannot read properties of undefined (reading 'value')","service":"udemy-api","timestamp":"2026-01-18 02:09:30"}
{"error":{"message":"Cannot read properties of undefined (reading 'value')"},"errorType":"TypeError","level":"error","message":"Redis Subscriber Error","redisError":"Cannot read properties of undefined (reading 'value')","service":"udemy-api","timestamp":"2026-01-18 02:09:30"}
{"error":{"message":"Cannot read properties of undefined (reading 'value')"},"errorType":"TypeError","level":"error","message":"Redis Subscriber Error","redisError":"Cannot read properties of undefined (reading 'value')","service":"udemy-api","timestamp":"2026-01-18 02:09:30"}
{"error":{"message":"Cannot read properties of undefined (reading 'value')"},"errorType":"TypeError","level":"error","message":"Redis Subscriber Error","redisError":"Cannot read properties of undefined (reading 'value')","service":"udemy-api","timestamp":"2026-01-18 02:09:30"}
{"error":{"message":"Cannot read properties of undefined (reading 'value')"},"errorType":"TypeError","level":"error","message":"Redis Subscriber Error","redisError":"Cannot read properties of undefined (reading 'value')","service":"udemy-api","timestamp":"2026-01-18 02:09:46"}
{"error":{"message":"Cannot read properties of undefined (reading 'value')"},"errorType":"TypeError","level":"error","message":"Redis Subscriber Error","redisError":"Cannot read properties of undefined (reading 'value')","service":"udemy-api","timestamp":"2026-01-18 02:09:46"}
{"error":{"message":"Cannot read properties of undefined (reading 'value')"},"errorType":"TypeError","level":"error","message":"Redis Subscriber Error","redisError":"Cannot read properties of undefined (reading 'value')","service":"udemy-api","timestamp":"2026-01-18 02:09:46"}
{"error":{"message":"Cannot read properties of undefined (reading 'value')"},"errorType":"TypeError","level":"error","message":"Redis Subscriber Error","redisError":"Cannot read properties of undefined (reading 'value')","service":"udemy-api","timestamp":"2026-01-18 02:09:46"}
{"error":{"message":"Cannot read properties of undefined (reading 'value')"},"errorType":"TypeError","level":"error","message":"Redis Subscriber Error","redisError":"Cannot read properties of undefined (reading 'value')","service":"udemy-api","timestamp":"2026-01-18 02:09:47"}
{"error":{"message":"Cannot read properties of undefined (reading 'value')"},"errorType":"TypeError","level":"error","message":"Redis Subscriber Error","redisError":"Cannot read properties of undefined (reading 'value')","service":"udemy-api","timestamp":"2026-01-18 02:09:47"}
{"error":{"message":"Cannot read properties of undefined (reading 'value')"},"errorType":"TypeError","level":"error","message":"Redis Subscriber Error","redisError":"Cannot read properties of undefined (reading 'value')","service":"udemy-api","timestamp":"2026-01-18 02:09:47"}
{"error":{"message":"Cannot read properties of undefined (reading 'value')"},"errorType":"TypeError","level":"error","message":"Redis Subscriber Error","redisError":"Cannot read properties of undefined (reading 'value')","service":"udemy-api","timestamp":"2026-01-18 02:09:47"}
{"error":{"message":"Cannot read properties of undefined (reading 'value')"},"errorType":"TypeError","level":"error","message":"Redis Subscriber Error","redisError":"Cannot read properties of undefined (reading 'value')","service":"udemy-api","timestamp":"2026-01-18 02:09:47"}
{"error":{"message":"Cannot read properties of undefined (reading 'value')"},"errorType":"TypeError","level":"error","message":"Redis Subscriber Error","redisError":"Cannot read properties of undefined (reading 'value')","service":"udemy-api","timestamp":"2026-01-18 02:09:47"}
{"error":{"message":"Cannot read properties of undefined (reading 'value')"},"errorType":"TypeError","level":"error","message":"Redis Subscriber Error","redisError":"Cannot read properties of undefined (reading 'value')","service":"udemy-api","timestamp":"2026-01-18 02:09:47"}
{"error":{"message":"Cannot read properties of undefined (reading 'value')"},"errorType":"TypeError","level":"error","message":"Redis Subscriber Error","redisError":"Cannot read properties of undefined (reading 'value')","service":"udemy-api","timestamp":"2026-01-18 02:09:47"}
{"error":{"message":"Cannot read properties of undefined (reading 'value')"},"errorType":"TypeError","level":"error","message":"Redis Subscriber Error","redisError":"Cannot read properties of undefined (reading 'value')","service":"udemy-api","timestamp":"2026-01-18 02:09:53"}
{"error":{"message":"Cannot read properties of undefined (reading 'value')"},"errorType":"TypeError","level":"error","message":"Redis Subscriber Error","redisError":"Cannot read properties of undefined (reading 'value')","service":"udemy-api","timestamp":"2026-01-18 02:09:53"}
{"error":{"message":"Cannot read properties of undefined (reading 'value')"},"errorType":"TypeError","level":"error","message":"Redis Subscriber Error","redisError":"Cannot read properties of undefined (reading 'value')","service":"udemy-api","timestamp":"2026-01-18 02:09:53"}
{"error":{"message":"Cannot read properties of undefined (reading 'value')"},"errorType":"TypeError","level":"error","message":"Redis Subscriber Error","redisError":"Cannot read properties of undefined (reading 'value')","service":"udemy-api","timestamp":"2026-01-18 02:09:53"}
{"error":{"message":"Cannot read properties of undefined (reading 'value')"},"errorType":"TypeError","level":"error","message":"Redis Subscriber Error","redisError":"Cannot read properties of undefined (reading 'value')","service":"udemy-api","timestamp":"2026-01-18 02:09:53"}
{"error":{"message":"Cannot read properties of undefined (reading 'value')"},"errorType":"TypeError","level":"error","message":"Redis Subscriber Error","redisError":"Cannot read properties of undefined (reading 'value')","service":"udemy-api","timestamp":"2026-01-18 02:09:53"}
{"error":{"message":"Cannot read properties of undefined (reading 'value')"},"errorType":"TypeError","level":"error","message":"Redis Subscriber Error","redisError":"Cannot read properties of undefined (reading 'value')","service":"udemy-api","timestamp":"2026-01-18 02:09:53"}
{"error":{"message":"Cannot read properties of undefined (reading 'value')"},"errorType":"TypeError","level":"error","message":"Redis Subscriber Error","redisError":"Cannot read properties of undefined (reading 'value')","service":"udemy-api","timestamp":"2026-01-18 02:09:53"}
{"error":{"message":"Cannot read properties of undefined (reading 'value')"},"errorType":"TypeError","level":"error","message":"Redis Subscriber Error","redisError":"Cannot read properties of undefined (reading 'value')","service":"udemy-api","timestamp":"2026-01-18 02:09:54"}
{"error":{"message":"Cannot read properties of undefined (reading 'value')"},"errorType":"TypeError","level":"error","message":"Redis Subscriber Error","redisError":"Cannot read properties of undefined (reading 'value')","service":"udemy-api","timestamp":"2026-01-18 02:09:54"}
{"error":{"message":"Cannot read properties of undefined (reading 'value')"},"errorType":"TypeError","level":"error","message":"Redis Subscriber Error","redisError":"Cannot read properties of undefined (reading 'value')","service":"udemy-api","timestamp":"2026-01-18 02:09:54"}
{"error":{"message":"Cannot read properties of undefined (reading 'value')"},"errorType":"TypeError","level":"error","message":"Redis Subscriber Error","redisError":"Cannot read properties of undefined (reading 'value')","service":"udemy-api","timestamp":"2026-01-18 02:09:54"}
{"courseUrl":"https://samsungu.udemy.com/course/test-course/","email":"test@example.com","error":{"message":"task is not defined"},"level":"error","message":"Exception during course enrollment","recovery":"Task can be manually re-enrolled using enrollment API","service":"udemy-api","taskId":66,"timestamp":"2026-01-18 08:43:17"}
{"error":{"message":"Download failed: Drive folder not found after 10 retries"},"level":"error","message":"[AUDIT] Log created successfully","service":"udemy-api","timestamp":"2026-01-18 08:47:38"}
{"error":{"message":"listener is not a function"},"errorType":"TypeError","level":"error","message":"Redis Subscriber Error","redisError":"listener is not a function","service":"udemy-api","timestamp":"2026-01-18 09:03:28"}
{"error":{"message":"listener is not a function"},"errorType":"TypeError","level":"error","message":"Redis Subscriber Error","redisError":"listener is not a function","service":"udemy-api","timestamp":"2026-01-18 09:03:28"}
{"error":{"message":"Cannot read properties of undefined (reading 'value')"},"errorType":"TypeError","level":"error","message":"Redis Subscriber Error","redisError":"Cannot read properties of undefined (reading 'value')","service":"udemy-api","timestamp":"2026-01-18 09:03:28"}
{"error":{"message":"Cannot read properties of undefined (reading 'value')"},"errorType":"TypeError","level":"error","message":"Redis Subscriber Error","redisError":"Cannot read properties of undefined (reading 'value')","service":"udemy-api","timestamp":"2026-01-18 09:03:28"}
{"error":{"message":"Cannot read properties of undefined (reading 'value')"},"errorType":"TypeError","level":"error","message":"Redis Subscriber Error","redisError":"Cannot read properties of undefined (reading 'value')","service":"udemy-api","timestamp":"2026-01-18 09:03:28"}
{"error":{"message":"Cannot read properties of undefined (reading 'value')"},"errorType":"TypeError","level":"error","message":"Redis Subscriber Error","redisError":"Cannot read properties of undefined (reading 'value')","service":"udemy-api","timestamp":"2026-01-18 09:03:28"}
{"error":{"message":"Cannot read properties of undefined (reading 'value')"},"errorType":"TypeError","level":"error","message":"Redis Subscriber Error","redisError":"Cannot read properties of undefined (reading 'value')","service":"udemy-api","timestamp":"2026-01-18 09:03:28"}
{"error":{"message":"Cannot read properties of undefined (reading 'value')"},"errorType":"TypeError","level":"error","message":"Redis Subscriber Error","redisError":"Cannot read properties of undefined (reading 'value')","service":"udemy-api","timestamp":"2026-01-18 09:03:28"}
{"error":{"message":"Cannot read properties of undefined (reading 'value')"},"errorType":"TypeError","level":"error","message":"Redis Subscriber Error","redisError":"Cannot read properties of undefined (reading 'value')","service":"udemy-api","timestamp":"2026-01-18 09:03:28"}
{"error":{"message":"Cannot read properties of undefined (reading 'value')"},"errorType":"TypeError","level":"error","message":"Redis Subscriber Error","redisError":"Cannot read properties of undefined (reading 'value')","service":"udemy-api","timestamp":"2026-01-18 09:03:28"}
{"error":{"message":"Cannot read properties of undefined (reading 'value')"},"errorType":"TypeError","level":"error","message":"Redis Subscriber Error","redisError":"Cannot read properties of undefined (reading 'value')","service":"udemy-api","timestamp":"2026-01-18 09:03:28"}
{"error":{"message":"Cannot read properties of undefined (reading 'value')"},"errorType":"TypeError","level":"error","message":"Redis Subscriber Error","redisError":"Cannot read properties of undefined (reading 'value')","service":"udemy-api","timestamp":"2026-01-18 09:03:28"}
{"error":{"message":"Cannot read properties of undefined (reading 'value')"},"errorType":"TypeError","level":"error","message":"Redis Subscriber Error","redisError":"Cannot read properties of undefined (reading 'value')","service":"udemy-api","timestamp":"2026-01-18 09:03:28"}
{"error":{"message":"Cannot read properties of undefined (reading 'value')"},"errorType":"TypeError","level":"error","message":"Redis Subscriber Error","redisError":"Cannot read properties of undefined (reading 'value')","service":"udemy-api","timestamp":"2026-01-18 09:03:28"}
{"error":{"message":"Cannot read properties of undefined (reading 'value')"},"errorType":"TypeError","level":"error","message":"Redis Subscriber Error","redisError":"Cannot read properties of undefined (reading 'value')","service":"udemy-api","timestamp":"2026-01-18 09:15:31"}
{"error":{"message":"Cannot read properties of undefined (reading 'value')"},"errorType":"TypeError","level":"error","message":"Redis Subscriber Error","redisError":"Cannot read properties of undefined (reading 'value')","service":"udemy-api","timestamp":"2026-01-18 09:15:31"}
{"error":{"message":"Cannot read properties of undefined (reading 'value')"},"errorType":"TypeError","level":"error","message":"Redis Subscriber Error","redisError":"Cannot read properties of undefined (reading 'value')","service":"udemy-api","timestamp":"2026-01-18 09:15:31"}
{"error":{"message":"Cannot read properties of undefined (reading 'value')"},"errorType":"TypeError","level":"error","message":"Redis Subscriber Error","redisError":"Cannot read properties of undefined (reading 'value')","service":"udemy-api","timestamp":"2026-01-18 09:15:31"}
{"error":{"message":"Cannot read properties of undefined (reading 'value')"},"errorType":"TypeError","level":"error","message":"Redis Subscriber Error","redisError":"Cannot read properties of undefined (reading 'value')","service":"udemy-api","timestamp":"2026-01-18 09:15:31"}
{"error":{"message":"Cannot read properties of undefined (reading 'value')"},"errorType":"TypeError","level":"error","message":"Redis Subscriber Error","redisError":"Cannot read properties of undefined (reading 'value')","service":"udemy-api","timestamp":"2026-01-18 09:15:31"}
{"error":{"message":"Cannot read properties of undefined (reading 'value')"},"errorType":"TypeError","level":"error","message":"Redis Subscriber Error","redisError":"Cannot read properties of undefined (reading 'value')","service":"udemy-api","timestamp":"2026-01-18 09:15:31"}
{"error":{"message":"Cannot read properties of undefined (reading 'value')"},"errorType":"TypeError","level":"error","message":"Redis Subscriber Error","redisError":"Cannot read properties of undefined (reading 'value')","service":"udemy-api","timestamp":"2026-01-18 09:15:31"}
{"error":{"message":"Cannot read properties of undefined (reading 'value')"},"errorType":"TypeError","level":"error","message":"Redis Subscriber Error","redisError":"Cannot read properties of undefined (reading 'value')","service":"udemy-api","timestamp":"2026-01-18 09:15:31"}
{"error":{"message":"Cannot read properties of undefined (reading 'value')"},"errorType":"TypeError","level":"error","message":"Redis Subscriber Error","redisError":"Cannot read properties of undefined (reading 'value')","service":"udemy-api","timestamp":"2026-01-18 09:15:31"}
{"error":{"message":"Cannot read properties of undefined (reading 'value')"},"errorType":"TypeError","level":"error","message":"Redis Subscriber Error","redisError":"Cannot read properties of undefined (reading 'value')","service":"udemy-api","timestamp":"2026-01-18 09:15:31"}
{"error":{"message":"Cannot read properties of undefined (reading 'value')"},"errorType":"TypeError","level":"error","message":"Redis Subscriber Error","redisError":"Cannot read properties of undefined (reading 'value')","service":"udemy-api","timestamp":"2026-01-18 09:15:31"}
{"error":{"message":"Cannot read properties of undefined (reading 'value')"},"errorType":"TypeError","level":"error","message":"Redis Subscriber Error","redisError":"Cannot read properties of undefined (reading 'value')","service":"udemy-api","timestamp":"2026-01-18 09:15:31"}
{"error":{"message":"Cannot read properties of undefined (reading 'value')"},"errorType":"TypeError","level":"error","message":"Redis Subscriber Error","redisError":"Cannot read properties of undefined (reading 'value')","service":"udemy-api","timestamp":"2026-01-18 09:15:31"}
{"error":{"message":"Cannot read properties of undefined (reading 'value')"},"errorType":"TypeError","level":"error","message":"Redis Subscriber Error","redisError":"Cannot read properties of undefined (reading 'value')","service":"udemy-api","timestamp":"2026-01-18 09:15:31"}
{"error":{"message":"Cannot read properties of undefined (reading 'value')"},"errorType":"TypeError","level":"error","message":"Redis Subscriber Error","redisError":"Cannot read properties of undefined (reading 'value')","service":"udemy-api","timestamp":"2026-01-18 09:15:31"}
{"error":{"message":"Cannot read properties of undefined (reading 'value')"},"errorType":"TypeError","level":"error","message":"Redis Subscriber Error","redisError":"Cannot read properties of undefined (reading 'value')","service":"udemy-api","timestamp":"2026-01-18 09:16:59"}
{"error":{"message":"Cannot read properties of undefined (reading 'value')"},"errorType":"TypeError","level":"error","message":"Redis Subscriber Error","redisError":"Cannot read properties of undefined (reading 'value')","service":"udemy-api","timestamp":"2026-01-18 09:16:59"}
{"error":{"message":"Cannot read properties of undefined (reading 'value')"},"errorType":"TypeError","level":"error","message":"Redis Subscriber Error","redisError":"Cannot read properties of undefined (reading 'value')","service":"udemy-api","timestamp":"2026-01-18 09:16:59"}
{"error":{"message":"Cannot read properties of undefined (reading 'value')"},"errorType":"TypeError","level":"error","message":"Redis Subscriber Error","redisError":"Cannot read properties of undefined (reading 'value')","service":"udemy-api","timestamp":"2026-01-18 09:16:59"}
{"error":{"message":"Cannot read properties of undefined (reading 'value')"},"errorType":"TypeError","level":"error","message":"Redis Subscriber Error","redisError":"Cannot read properties of undefined (reading 'value')","service":"udemy-api","timestamp":"2026-01-18 09:16:59"}
{"error":{"message":"Cannot read properties of undefined (reading 'value')"},"errorType":"TypeError","level":"error","message":"Redis Subscriber Error","redisError":"Cannot read properties of undefined (reading 'value')","service":"udemy-api","timestamp":"2026-01-18 09:16:59"}
{"error":{"message":"Cannot read properties of undefined (reading 'value')"},"errorType":"TypeError","level":"error","message":"Redis Subscriber Error","redisError":"Cannot read properties of undefined (reading 'value')","service":"udemy-api","timestamp":"2026-01-18 09:16:59"}
{"error":{"message":"Cannot read properties of undefined (reading 'value')"},"errorType":"TypeError","level":"error","message":"Redis Subscriber Error","redisError":"Cannot read properties of undefined (reading 'value')","service":"udemy-api","timestamp":"2026-01-18 09:16:59"}
{"error":{"message":"Cannot read properties of undefined (reading 'value')"},"errorType":"TypeError","level":"error","message":"Redis Subscriber Error","redisError":"Cannot read properties of undefined (reading 'value')","service":"udemy-api","timestamp":"2026-01-18 09:16:59"}
{"error":{"message":"Cannot read properties of undefined (reading 'value')"},"errorType":"TypeError","level":"error","message":"Redis Subscriber Error","redisError":"Cannot read properties of undefined (reading 'value')","service":"udemy-api","timestamp":"2026-01-18 09:16:59"}
{"error":{"message":"Cannot read properties of undefined (reading 'value')"},"errorType":"TypeError","level":"error","message":"Redis Subscriber Error","redisError":"Cannot read properties of undefined (reading 'value')","service":"udemy-api","timestamp":"2026-01-18 09:16:59"}
{"error":{"message":"Cannot read properties of undefined (reading 'value')"},"errorType":"TypeError","level":"error","message":"Redis Subscriber Error","redisError":"Cannot read properties of undefined (reading 'value')","service":"udemy-api","timestamp":"2026-01-18 09:16:59"}
{"error":{"message":"Cannot read properties of undefined (reading 'value')"},"errorType":"TypeError","level":"error","message":"Redis Subscriber Error","redisError":"Cannot read properties of undefined (reading 'value')","service":"udemy-api","timestamp":"2026-01-18 09:17:24"}
{"error":{"message":"Cannot read properties of undefined (reading 'value')"},"errorType":"TypeError","level":"error","message":"Redis Subscriber Error","redisError":"Cannot read properties of undefined (reading 'value')","service":"udemy-api","timestamp":"2026-01-18 09:17:24"}
{"error":{"message":"Cannot read properties of undefined (reading 'value')"},"errorType":"TypeError","level":"error","message":"Redis Subscriber Error","redisError":"Cannot read properties of undefined (reading 'value')","service":"udemy-api","timestamp":"2026-01-18 09:17:24"}
{"error":{"message":"Cannot read properties of undefined (reading 'value')"},"errorType":"TypeError","level":"error","message":"Redis Subscriber Error","redisError":"Cannot read properties of undefined (reading 'value')","service":"udemy-api","timestamp":"2026-01-18 09:17:24"}
{"error":{"message":"Cannot read properties of undefined (reading 'value')"},"errorType":"TypeError","level":"error","message":"Redis Subscriber Error","redisError":"Cannot read properties of undefined (reading 'value')","service":"udemy-api","timestamp":"2026-01-18 09:17:24"}
{"error":{"message":"Cannot read properties of undefined (reading 'value')"},"errorType":"TypeError","level":"error","message":"Redis Subscriber Error","redisError":"Cannot read properties of undefined (reading 'value')","service":"udemy-api","timestamp":"2026-01-18 09:17:24"}
{"error":{"message":"Cannot read properties of undefined (reading 'value')"},"errorType":"TypeError","level":"error","message":"Redis Subscriber Error","redisError":"Cannot read properties of undefined (reading 'value')","service":"udemy-api","timestamp":"2026-01-18 09:17:25"}
{"error":{"message":"Cannot read properties of undefined (reading 'value')"},"errorType":"TypeError","level":"error","message":"Redis Subscriber Error","redisError":"Cannot read properties of undefined (reading 'value')","service":"udemy-api","timestamp":"2026-01-18 09:17:25"}
{"error":{"message":"Cannot read properties of undefined (reading 'value')"},"errorType":"TypeError","level":"error","message":"Redis Subscriber Error","redisError":"Cannot read properties of undefined (reading 'value')","service":"udemy-api","timestamp":"2026-01-18 09:17:25"}
{"error":{"message":"listener is not a function"},"errorType":"TypeError","level":"error","message":"Redis Subscriber Error","redisError":"listener is not a function","service":"udemy-api","timestamp":"2026-01-18 09:19:51"}
{"error":{"message":"Cannot read properties of undefined (reading 'value')"},"errorType":"TypeError","level":"error","message":"Redis Subscriber Error","redisError":"Cannot read properties of undefined (reading 'value')","service":"udemy-api","timestamp":"2026-01-18 09:19:51"}
{"error":{"message":"listener is not a function"},"errorType":"TypeError","level":"error","message":"Redis Subscriber Error","redisError":"listener is not a function","service":"udemy-api","timestamp":"2026-01-18 09:19:51"}
{"error":{"message":"Cannot read properties of undefined (reading 'value')"},"errorType":"TypeError","level":"error","message":"Redis Subscriber Error","redisError":"Cannot read properties of undefined (reading 'value')","service":"udemy-api","timestamp":"2026-01-18 09:19:51"}
{"error":{"message":"Cannot read properties of undefined (reading 'value')"},"errorType":"TypeError","level":"error","message":"Redis Subscriber Error","redisError":"Cannot read properties of undefined (reading 'value')","service":"udemy-api","timestamp":"2026-01-18 09:19:51"}
{"error":{"message":"Cannot read properties of undefined (reading 'value')"},"errorType":"TypeError","level":"error","message":"Redis Subscriber Error","redisError":"Cannot read properties of undefined (reading 'value')","service":"udemy-api","timestamp":"2026-01-18 09:19:51"}
{"error":{"message":"Cannot read properties of undefined (reading 'value')"},"errorType":"TypeError","level":"error","message":"Redis Subscriber Error","redisError":"Cannot read properties of undefined (reading 'value')","service":"udemy-api","timestamp":"2026-01-18 09:19:51"}
{"error":{"message":"Cannot read properties of undefined (reading 'value')"},"errorType":"TypeError","level":"error","message":"Redis Subscriber Error","redisError":"Cannot read properties of undefined (reading 'value')","service":"udemy-api","timestamp":"2026-01-18 09:19:51"}
{"error":{"message":"Cannot read properties of undefined (reading 'value')"},"errorType":"TypeError","level":"error","message":"Redis Subscriber Error","redisError":"Cannot read properties of undefined (reading 'value')","service":"udemy-api","timestamp":"2026-01-18 09:19:51"}
{"error":{"message":"Cannot read properties of undefined (reading 'value')"},"errorType":"TypeError","level":"error","message":"Redis Subscriber Error","redisError":"Cannot read properties of undefined (reading 'value')","service":"udemy-api","timestamp":"2026-01-18 09:19:51"}
{"error":{"message":"Cannot read properties of undefined (reading 'value')"},"errorType":"TypeError","level":"error","message":"Redis Subscriber Error","redisError":"Cannot read properties of undefined (reading 'value')","service":"udemy-api","timestamp":"2026-01-18 09:19:51"}
{"error":{"message":"Cannot read properties of undefined (reading 'value')"},"errorType":"TypeError","level":"error","message":"Redis Subscriber Error","redisError":"Cannot read properties of undefined (reading 'value')","service":"udemy-api","timestamp":"2026-01-18 09:19:51"}
{"error":{"message":"Cannot read properties of undefined (reading 'value')"},"errorType":"TypeError","level":"error","message":"Redis Subscriber Error","redisError":"Cannot read properties of undefined (reading 'value')","service":"udemy-api","timestamp":"2026-01-18 09:19:51"}
{"error":{"message":"Cannot read properties of undefined (reading 'value')"},"errorType":"TypeError","level":"error","message":"Redis Subscriber Error","redisError":"Cannot read properties of undefined (reading 'value')","service":"udemy-api","timestamp":"2026-01-18 09:19:51"}
{"error":{"message":"Cannot read properties of undefined (reading 'value')"},"errorType":"TypeError","level":"error","message":"Redis Subscriber Error","redisError":"Cannot read properties of undefined (reading 'value')","service":"udemy-api","timestamp":"2026-01-18 09:19:51"}
{"error":{"message":"Cannot read properties of undefined (reading 'value')"},"errorType":"TypeError","level":"error","message":"Redis Subscriber Error","redisError":"Cannot read properties of undefined (reading 'value')","service":"udemy-api","timestamp":"2026-01-18 09:19:51"}
{"error":{"message":"Cannot read properties of undefined (reading 'value')"},"errorType":"TypeError","level":"error","message":"Redis Subscriber Error","redisError":"Cannot read properties of undefined (reading 'value')","service":"udemy-api","timestamp":"2026-01-18 09:19:51"}
{"error":{"message":"Cannot read properties of undefined (reading 'value')"},"errorType":"TypeError","level":"error","message":"Redis Subscriber Error","redisError":"Cannot read properties of undefined (reading 'value')","service":"udemy-api","timestamp":"2026-01-18 09:19:51"}
{"error":{"message":"Cannot read properties of undefined (reading 'value')"},"errorType":"TypeError","level":"error","message":"Redis Subscriber Error","redisError":"Cannot read properties of undefined (reading 'value')","service":"udemy-api","timestamp":"2026-01-18 09:19:51"}
{"error":{"message":"Cannot read properties of undefined (reading 'value')"},"errorType":"TypeError","level":"error","message":"Redis Subscriber Error","redisError":"Cannot read properties of undefined (reading 'value')","service":"udemy-api","timestamp":"2026-01-18 09:19:51"}
{"error":{"message":"Cannot read properties of undefined (reading 'value')"},"errorType":"TypeError","level":"error","message":"Redis Subscriber Error","redisError":"Cannot read properties of undefined (reading 'value')","service":"udemy-api","timestamp":"2026-01-18 09:19:51"}
{"error":{"message":"Cannot read properties of undefined (reading 'value')"},"errorType":"TypeError","level":"error","message":"Redis Subscriber Error","redisError":"Cannot read properties of undefined (reading 'value')","service":"udemy-api","timestamp":"2026-01-18 09:19:51"}
{"error":{"message":"Cannot read properties of undefined (reading 'value')"},"errorType":"TypeError","level":"error","message":"Redis Subscriber Error","redisError":"Cannot read properties of undefined (reading 'value')","service":"udemy-api","timestamp":"2026-01-18 09:19:51"}
{"error":{"message":"Cannot read properties of undefined (reading 'value')"},"errorType":"TypeError","level":"error","message":"Redis Subscriber Error","redisError":"Cannot read properties of undefined (reading 'value')","service":"udemy-api","timestamp":"2026-01-18 09:19:51"}
{"error":{"message":"Cannot read properties of undefined (reading 'value')"},"errorType":"TypeError","level":"error","message":"Redis Subscriber Error","redisError":"Cannot read properties of undefined (reading 'value')","service":"udemy-api","timestamp":"2026-01-18 09:19:51"}
{"error":{"message":"Cannot read properties of undefined (reading 'value')"},"errorType":"TypeError","level":"error","message":"Redis Subscriber Error","redisError":"Cannot read properties of undefined (reading 'value')","service":"udemy-api","timestamp":"2026-01-18 09:19:51"}
{"error":{"message":"Cannot read properties of undefined (reading 'value')"},"errorType":"TypeError","level":"error","message":"Redis Subscriber Error","redisError":"Cannot read properties of undefined (reading 'value')","service":"udemy-api","timestamp":"2026-01-18 09:19:51"}
{"error":{"message":"Cannot read properties of undefined (reading 'value')"},"errorType":"TypeError","level":"error","message":"Redis Subscriber Error","redisError":"Cannot read properties of undefined (reading 'value')","service":"udemy-api","timestamp":"2026-01-18 09:19:51"}
{"error":{"message":"Cannot read properties of undefined (reading 'value')"},"errorType":"TypeError","level":"error","message":"Redis Subscriber Error","redisError":"Cannot read properties of undefined (reading 'value')","service":"udemy-api","timestamp":"2026-01-18 09:19:51"}
{"error":{"message":"listener is not a function"},"errorType":"TypeError","level":"error","message":"Redis Subscriber Error","redisError":"listener is not a function","service":"udemy-api","timestamp":"2026-01-18 09:24:07"}
{"error":{"message":"listener is not a function"},"errorType":"TypeError","level":"error","message":"Redis Subscriber Error","redisError":"listener is not a function","service":"udemy-api","timestamp":"2026-01-18 09:24:07"}
{"error":{"message":"Cannot read properties of undefined (reading 'value')"},"errorType":"TypeError","level":"error","message":"Redis Subscriber Error","redisError":"Cannot read properties of undefined (reading 'value')","service":"udemy-api","timestamp":"2026-01-18 09:24:07"}
{"error":{"message":"Cannot read properties of undefined (reading 'value')"},"errorType":"TypeError","level":"error","message":"Redis Subscriber Error","redisError":"Cannot read properties of undefined (reading 'value')","service":"udemy-api","timestamp":"2026-01-18 09:24:07"}
{"error":{"message":"Cannot read properties of undefined (reading 'value')"},"errorType":"TypeError","level":"error","message":"Redis Subscriber Error","redisError":"Cannot read properties of undefined (reading 'value')","service":"udemy-api","timestamp":"2026-01-18 09:24:07"}
{"error":{"message":"Cannot read properties of undefined (reading 'value')"},"errorType":"TypeError","level":"error","message":"Redis Subscriber Error","redisError":"Cannot read properties of undefined (reading 'value')","service":"udemy-api","timestamp":"2026-01-18 09:24:07"}
{"error":{"message":"Cannot read properties of undefined (reading 'value')"},"errorType":"TypeError","level":"error","message":"Redis Subscriber Error","redisError":"Cannot read properties of undefined (reading 'value')","service":"udemy-api","timestamp":"2026-01-18 09:24:07"}
{"error":{"message":"Cannot read properties of undefined (reading 'value')"},"errorType":"TypeError","level":"error","message":"Redis Subscriber Error","redisError":"Cannot read properties of undefined (reading 'value')","service":"udemy-api","timestamp":"2026-01-18 09:24:07"}
{"error":{"message":"Cannot read properties of undefined (reading 'value')"},"errorType":"TypeError","level":"error","message":"Redis Subscriber Error","redisError":"Cannot read properties of undefined (reading 'value')","service":"udemy-api","timestamp":"2026-01-18 09:24:07"}
{"error":{"message":"Cannot read properties of undefined (reading 'value')"},"errorType":"TypeError","level":"error","message":"Redis Subscriber Error","redisError":"Cannot read properties of undefined (reading 'value')","service":"udemy-api","timestamp":"2026-01-18 09:24:07"}
{"error":{"message":"Cannot read properties of undefined (reading 'value')"},"errorType":"TypeError","level":"error","message":"Redis Subscriber Error","redisError":"Cannot read properties of undefined (reading 'value')","service":"udemy-api","timestamp":"2026-01-18 09:24:07"}
{"error":{"message":"Cannot read properties of undefined (reading 'value')"},"errorType":"TypeError","level":"error","message":"Redis Subscriber Error","redisError":"Cannot read properties of undefined (reading 'value')","service":"udemy-api","timestamp":"2026-01-18 09:24:07"}
{"error":{"message":"Cannot read properties of undefined (reading 'value')"},"errorType":"TypeError","level":"error","message":"Redis Subscriber Error","redisError":"Cannot read properties of undefined (reading 'value')","service":"udemy-api","timestamp":"2026-01-18 09:24:07"}
{"error":{"message":"Cannot read properties of undefined (reading 'value')"},"errorType":"TypeError","level":"error","message":"Redis Subscriber Error","redisError":"Cannot read properties of undefined (reading 'value')","service":"udemy-api","timestamp":"2026-01-18 09:24:07"}
{"error":{"message":"Cannot read properties of undefined (reading 'value')"},"errorType":"TypeError","level":"error","message":"Redis Subscriber Error","redisError":"Cannot read properties of undefined (reading 'value')","service":"udemy-api","timestamp":"2026-01-18 09:24:07"}
{"error":{"message":"Cannot read properties of undefined (reading 'value')"},"errorType":"TypeError","level":"error","message":"Redis Subscriber Error","redisError":"Cannot read properties of undefined (reading 'value')","service":"udemy-api","timestamp":"2026-01-18 09:24:07"}
{"error":{"message":"Cannot read properties of undefined (reading 'value')"},"errorType":"TypeError","level":"error","message":"Redis Subscriber Error","redisError":"Cannot read properties of undefined (reading 'value')","service":"udemy-api","timestamp":"2026-01-18 09:24:07"}
