[2026-01-22 00:00:07] [INFO] [ENROLL_SUCCESS] [OrderId: 77] [TaskId: 112] [Email: dungl2903@gmail.com] {"orderId":77,"taskId":112,"email":"dungl2903@gmail.com","courseUrl":"https://samsungu.udemy.com/course/machinelearning/"}
[2026-01-22 00:29:19] [INFO] [ORDER_CREATED] [OrderId: 82] [Email: hun9nd@gmail.com] [Total: 30000] [Status: pending] [GetInfo: 1/1 Success] {"orderId":82,"email":"hun9nd@gmail.com","totalAmount":30000,"paymentStatus":"pending","validationDetails":{"successCount":1,"totalCount":1,"failedUrls":[]}}
[2026-01-22 00:30:41] [INFO] [PAYMENT_RECEIVED] [OrderId: 82] [Amount: 30000] [Method: TPBank] {"orderId":82,"amount":30000,"paymentMethod":"TPBank"}
[2026-01-22 00:30:43] [INFO] [EMAIL_SENT] [OrderId: 82] [To: hun9nd@gmail.com] [Type: payment_success] {"orderId":82,"email":"hun9nd@gmail.com","emailType":"payment_success"}
[2026-01-22 00:30:48] [INFO] [ENROLL_SUCCESS] [OrderId: 82] [TaskId: 120] [Email: hun9nd@gmail.com] {"orderId":82,"taskId":120,"email":"hun9nd@gmail.com","courseUrl":"https://samsungu.udemy.com/course/khoa-hoc-ung-dung-google-sheets-trong-quan-ly-du-an-phan-mem/"}
[2026-01-22 00:32:55] [INFO] [UPLOAD_SUCCESS] [TaskId: 112] [DriveLink: Folder: machinelearning] {"taskId":112,"driveLink":"Folder: machinelearning","folderName":"machinelearning","orderId":77}
[2026-01-22 00:32:55] [INFO] [DOWNLOAD_SUCCESS] [TaskId: 112] [Duration: 1964s] {"taskId":112,"duration":1964,"folderName":"machinelearning","orderId":77}
[2026-01-22 00:33:00] [INFO] [UPLOAD_SUCCESS] [TaskId: 112] [DriveLink: https://drive.google.com/drive/folders/18YIJRXkT_R69SRvHvEbx4oIxldrE0-vo] {"taskId":112,"driveLink":"https://drive.google.com/drive/folders/18YIJRXkT_R69SRvHvEbx4oIxldrE0-vo","folderName":"machinelearning","orderId":77}
[2026-01-22 00:33:02] [INFO] [EMAIL_SENT] [OrderId: 77] [To: dungl2903@gmail.com] [Type: completion] {"orderId":77,"email":"dungl2903@gmail.com","emailType":"completion"}
[2026-01-22 00:35:12] [INFO] [EMAIL_SENT] [OrderId: 77] [To: dungl2903@gmail.com] [Type: completion] {"orderId":77,"email":"dungl2903@gmail.com","emailType":"completion"}
[2026-01-22 00:39:08] [INFO] [UPLOAD_SUCCESS] [TaskId: 120] [DriveLink: Folder: khoa-hoc-ung-dung-google-sheets-trong-quan-ly-du-an-phan-mem] {"taskId":120,"driveLink":"Folder: khoa-hoc-ung-dung-google-sheets-trong-quan-ly-du-an-phan-mem","folderName":"khoa-hoc-ung-dung-google-sheets-trong-quan-ly-du-an-phan-mem","orderId":82}
[2026-01-22 00:39:09] [INFO] [DOWNLOAD_SUCCESS] [TaskId: 120] [Duration: 496s] {"taskId":120,"duration":496,"folderName":"khoa-hoc-ung-dung-google-sheets-trong-quan-ly-du-an-phan-mem","orderId":82}
[2026-01-22 00:39:18] [INFO] [UPLOAD_SUCCESS] [TaskId: 120] [DriveLink: https://drive.google.com/drive/folders/19xOc0YjzWKUL8dz95h-T0nhOCfxolSFc] {"taskId":120,"driveLink":"https://drive.google.com/drive/folders/19xOc0YjzWKUL8dz95h-T0nhOCfxolSFc","folderName":"khoa-hoc-ung-dung-google-sheets-trong-quan-ly-du-an-phan-mem","orderId":82}
[2026-01-22 00:39:21] [INFO] [EMAIL_SENT] [OrderId: 82] [To: hun9nd@gmail.com] [Type: completion] {"orderId":82,"email":"hun9nd@gmail.com","emailType":"completion"}
[2026-01-22 08:08:14] [INFO] [ORDER_CREATED] [OrderId: 83] [Email: nguyenkhaink110806@gmail.com] [Total: 30000] [Status: pending] [GetInfo: 1/1 Success] {"orderId":83,"email":"nguyenkhaink110806@gmail.com","totalAmount":30000,"paymentStatus":"pending","validationDetails":{"successCount":1,"totalCount":1,"failedUrls":[]}}
[2026-01-22 08:14:57] [INFO] [ORDER_CREATED] [OrderId: 84] [Email: nguyenkhaink110806@gmail.com] [Total: 30000] [Status: pending] [GetInfo: 1/1 Success] {"orderId":84,"email":"nguyenkhaink110806@gmail.com","totalAmount":30000,"paymentStatus":"pending","validationDetails":{"successCount":1,"totalCount":1,"failedUrls":[]}}
[2026-01-22 08:15:46] [INFO] [PAYMENT_RECEIVED] [OrderId: 84] [Amount: 30000] [Method: TPBank] {"orderId":84,"amount":30000,"paymentMethod":"TPBank"}
[2026-01-22 08:15:48] [INFO] [EMAIL_SENT] [OrderId: 84] [To: nguyenkhaink110806@gmail.com] [Type: payment_success] {"orderId":84,"email":"nguyenkhaink110806@gmail.com","emailType":"payment_success"}
[2026-01-22 08:15:52] [INFO] [ENROLL_SUCCESS] [OrderId: 84] [TaskId: 122] [Email: nguyenkhaink110806@gmail.com] {"orderId":84,"taskId":122,"email":"nguyenkhaink110806@gmail.com","courseUrl":"https://samsungu.udemy.com/course/microsoft-power-bi-up-running-with-power-bi-desktop/"}
[2026-01-22 08:40:23] [INFO] [UPLOAD_SUCCESS] [TaskId: 122] [DriveLink: Folder: microsoft-power-bi-up-running-with-power-bi-desktop] {"taskId":122,"driveLink":"Folder: microsoft-power-bi-up-running-with-power-bi-desktop","folderName":"microsoft-power-bi-up-running-with-power-bi-desktop","orderId":84}
[2026-01-22 08:40:23] [INFO] [DOWNLOAD_SUCCESS] [TaskId: 122] [Duration: 1467s] {"taskId":122,"duration":1467,"folderName":"microsoft-power-bi-up-running-with-power-bi-desktop","orderId":84}
[2026-01-22 08:40:29] [INFO] [UPLOAD_SUCCESS] [TaskId: 122] [DriveLink: https://drive.google.com/drive/folders/1hZM_NPXBPyQsRLvBu5zAt08NzADPBfVA] {"taskId":122,"driveLink":"https://drive.google.com/drive/folders/1hZM_NPXBPyQsRLvBu5zAt08NzADPBfVA","folderName":"microsoft-power-bi-up-running-with-power-bi-desktop","orderId":84}
[2026-01-22 08:40:31] [INFO] [EMAIL_SENT] [OrderId: 84] [To: nguyenkhaink110806@gmail.com] [Type: completion] {"orderId":84,"email":"nguyenkhaink110806@gmail.com","emailType":"completion"}
