[2026-01-17 00:12:59] [INFO] [ORDER_CREATED] [OrderId: 35] [Email: dobachkhoa2k1@gmail.com] [Total: 199000] [Status: pending] [GetInfo: 5/5 Success] {"orderId":35,"email":"dobachkhoa2k1@gmail.com","totalAmount":199000,"paymentStatus":"pending","validationDetails":{"successCount":5,"totalCount":5,"failedUrls":[]}}
[2026-01-17 00:13:33] [INFO] [PAYMENT_RECEIVED] [OrderId: 35] [Amount: 199000] [Method: TPBank] {"orderId":35,"amount":199000,"paymentMethod":"TPBank"}
[2026-01-17 00:13:35] [INFO] [EMAIL_SENT] [OrderId: 35] [To: dobachkhoa2k1@gmail.com] [Type: payment_success] {"orderId":35,"email":"dobachkhoa2k1@gmail.com","emailType":"payment_success"}
[2026-01-17 00:13:39] [INFO] [ENROLL_SUCCESS] [OrderId: 35] [TaskId: 53] [Email: dobachkhoa2k1@gmail.com] {"orderId":35,"taskId":53,"email":"dobachkhoa2k1@gmail.com","courseUrl":"https://samsungu.udemy.com/course/machine-learning-for-absolute-beginners-level-2/"}
[2026-01-17 00:13:48] [INFO] [ENROLL_SUCCESS] [OrderId: 35] [TaskId: 54] [Email: dobachkhoa2k1@gmail.com] {"orderId":35,"taskId":54,"email":"dobachkhoa2k1@gmail.com","courseUrl":"https://samsungu.udemy.com/course/intro-to-data-science/"}
[2026-01-17 00:13:58] [INFO] [ENROLL_SUCCESS] [OrderId: 35] [TaskId: 55] [Email: dobachkhoa2k1@gmail.com] {"orderId":35,"taskId":55,"email":"dobachkhoa2k1@gmail.com","courseUrl":"https://samsungu.udemy.com/course/r-analytics/"}
[2026-01-17 00:14:04] [INFO] [ENROLL_SUCCESS] [OrderId: 35] [TaskId: 56] [Email: dobachkhoa2k1@gmail.com] {"orderId":35,"taskId":56,"email":"dobachkhoa2k1@gmail.com","courseUrl":"https://samsungu.udemy.com/course/machine-learning-for-data-science/"}
[2026-01-17 00:14:13] [INFO] [ENROLL_SUCCESS] [OrderId: 35] [TaskId: 57] [Email: dobachkhoa2k1@gmail.com] {"orderId":35,"taskId":57,"email":"dobachkhoa2k1@gmail.com","courseUrl":"https://samsungu.udemy.com/course/statistics-for-data-science-and-business-analysis/"}
[2026-01-17 00:19:17] [INFO] [UPLOAD_SUCCESS] [TaskId: 53] [DriveLink: Folder: machine-learning-for-absolute-beginners-level-2] {"taskId":53,"driveLink":"Folder: machine-learning-for-absolute-beginners-level-2","folderName":"machine-learning-for-absolute-beginners-level-2","orderId":35}
[2026-01-17 00:19:17] [INFO] [DOWNLOAD_SUCCESS] [TaskId: 53] [Duration: 300s] {"taskId":53,"duration":300,"folderName":"machine-learning-for-absolute-beginners-level-2","orderId":35}
[2026-01-17 00:19:22] [INFO] [UPLOAD_SUCCESS] [TaskId: 53] [DriveLink: https://drive.google.com/drive/folders/1OYyZPpjCoTDDmUTWXAe-UC-yKeqZYdqJ] {"taskId":53,"driveLink":"https://drive.google.com/drive/folders/1OYyZPpjCoTDDmUTWXAe-UC-yKeqZYdqJ","folderName":"machine-learning-for-absolute-beginners-level-2","orderId":35}
[2026-01-17 00:21:00] [INFO] [UPLOAD_SUCCESS] [TaskId: 54] [DriveLink: Folder: intro-to-data-science] {"taskId":54,"driveLink":"Folder: intro-to-data-science","folderName":"intro-to-data-science","orderId":35}
[2026-01-17 00:21:00] [INFO] [DOWNLOAD_SUCCESS] [TaskId: 54] [Duration: 403s] {"taskId":54,"duration":403,"folderName":"intro-to-data-science","orderId":35}
[2026-01-17 00:21:05] [INFO] [UPLOAD_SUCCESS] [TaskId: 54] [DriveLink: https://drive.google.com/drive/folders/1UuVplXGB29b1f_6NG1d3LpbveRYnhAmz] {"taskId":54,"driveLink":"https://drive.google.com/drive/folders/1UuVplXGB29b1f_6NG1d3LpbveRYnhAmz","folderName":"intro-to-data-science","orderId":35}
[2026-01-17 00:25:29] [INFO] [UPLOAD_SUCCESS] [TaskId: 55] [DriveLink: Folder: r-analytics] {"taskId":55,"driveLink":"Folder: r-analytics","folderName":"r-analytics","orderId":35}
[2026-01-17 00:25:29] [INFO] [DOWNLOAD_SUCCESS] [TaskId: 55] [Duration: 366s] {"taskId":55,"duration":366,"folderName":"r-analytics","orderId":35}
[2026-01-17 00:25:32] [INFO] [UPLOAD_SUCCESS] [TaskId: 55] [DriveLink: https://drive.google.com/drive/folders/1fWIC5nMfuoOh4nQXvO6AmUUPmYrlZ5V3] {"taskId":55,"driveLink":"https://drive.google.com/drive/folders/1fWIC5nMfuoOh4nQXvO6AmUUPmYrlZ5V3","folderName":"r-analytics","orderId":35}
[2026-01-17 00:30:12] [INFO] [UPLOAD_SUCCESS] [TaskId: 56] [DriveLink: Folder: machine-learning-for-data-science] {"taskId":56,"driveLink":"Folder: machine-learning-for-data-science","folderName":"machine-learning-for-data-science","orderId":35}
[2026-01-17 00:30:12] [INFO] [DOWNLOAD_SUCCESS] [TaskId: 56] [Duration: 547s] {"taskId":56,"duration":547,"folderName":"machine-learning-for-data-science","orderId":35}
[2026-01-17 00:30:16] [INFO] [UPLOAD_SUCCESS] [TaskId: 56] [DriveLink: https://drive.google.com/drive/folders/1b8yjdQ3rcYztLe3btivsR2j4Df8WLHh3] {"taskId":56,"driveLink":"https://drive.google.com/drive/folders/1b8yjdQ3rcYztLe3btivsR2j4Df8WLHh3","folderName":"machine-learning-for-data-science","orderId":35}
[2026-01-17 00:35:54] [INFO] [UPLOAD_SUCCESS] [TaskId: 57] [DriveLink: Folder: statistics-for-data-science-and-business-analysis] {"taskId":57,"driveLink":"Folder: statistics-for-data-science-and-business-analysis","folderName":"statistics-for-data-science-and-business-analysis","orderId":35}
[2026-01-17 00:35:54] [INFO] [DOWNLOAD_SUCCESS] [TaskId: 57] [Duration: 621s] {"taskId":57,"duration":621,"folderName":"statistics-for-data-science-and-business-analysis","orderId":35}
[2026-01-17 00:35:58] [INFO] [UPLOAD_SUCCESS] [TaskId: 57] [DriveLink: https://drive.google.com/drive/folders/1k8uF8WeYPEqOur2QWHyYWoEGUzijaMmh] {"taskId":57,"driveLink":"https://drive.google.com/drive/folders/1k8uF8WeYPEqOur2QWHyYWoEGUzijaMmh","folderName":"statistics-for-data-science-and-business-analysis","orderId":35}
[2026-01-17 00:36:00] [INFO] [EMAIL_SENT] [OrderId: 35] [To: dobachkhoa2k1@gmail.com] [Type: completion] {"orderId":35,"email":"dobachkhoa2k1@gmail.com","emailType":"completion"}
[2026-01-17 09:33:55] [INFO] [EMAIL_SENT] [OrderId: 35] [To: dobachkhoa2k1@gmail.com] [Type: completion] {"orderId":35,"email":"dobachkhoa2k1@gmail.com","emailType":"completion"}
[2026-01-17 09:38:47] [INFO] [EMAIL_SENT] [OrderId: 35] [To: dobachkhoa2k1@gmail.com] [Type: completion] {"orderId":35,"email":"dobachkhoa2k1@gmail.com","emailType":"completion"}
[2026-01-17 09:48:56] [INFO] [EMAIL_SENT] [OrderId: 35] [To: dobachkhoa2k1@gmail.com] [Type: completion] {"orderId":35,"email":"dobachkhoa2k1@gmail.com","emailType":"completion"}
[2026-01-17 09:52:45] [INFO] [EMAIL_SENT] [OrderId: 35] [To: dobachkhoa2k1@gmail.com] [Type: completion] {"orderId":35,"email":"dobachkhoa2k1@gmail.com","emailType":"completion"}
[2026-01-17 09:54:43] [INFO] [EMAIL_SENT] [OrderId: 35] [To: dobachkhoa2k1@gmail.com] [Type: completion] {"orderId":35,"email":"dobachkhoa2k1@gmail.com","emailType":"completion"}
[2026-01-17 10:02:47] [INFO] [ORDER_CREATED] [OrderId: 36] [Email: nguyenhuuthanga3@gmail.com] [Total: 50000] [Status: pending] [GetInfo: 1/1 Success] {"orderId":36,"email":"nguyenhuuthanga3@gmail.com","totalAmount":50000,"paymentStatus":"pending","validationDetails":{"successCount":1,"totalCount":1,"failedUrls":[]}}
[2026-01-17 10:03:13] [INFO] [PAYMENT_RECEIVED] [OrderId: 36] [Amount: 50000] [Method: TPBank] {"orderId":36,"amount":50000,"paymentMethod":"TPBank"}
[2026-01-17 10:03:15] [INFO] [EMAIL_SENT] [OrderId: 36] [To: nguyenhuuthanga3@gmail.com] [Type: payment_success] {"orderId":36,"email":"nguyenhuuthanga3@gmail.com","emailType":"payment_success"}
[2026-01-17 10:03:20] [INFO] [ENROLL_SUCCESS] [OrderId: 36] [TaskId: 58] [Email: nguyenhuuthanga3@gmail.com] {"orderId":36,"taskId":58,"email":"nguyenhuuthanga3@gmail.com","courseUrl":"https://samsungu.udemy.com/course/machine-learning-for-data-science/"}
[2026-01-17 10:27:57] [INFO] [UPLOAD_SUCCESS] [TaskId: 58] [DriveLink: Folder: machine-learning-for-data-science] {"taskId":58,"driveLink":"Folder: machine-learning-for-data-science","folderName":"machine-learning-for-data-science","orderId":36}
[2026-01-17 10:27:57] [INFO] [DOWNLOAD_SUCCESS] [TaskId: 58] [Duration: 306s] {"taskId":58,"duration":306,"folderName":"machine-learning-for-data-science","orderId":36}
[2026-01-17 10:27:58] [INFO] [UPLOAD_SUCCESS] [TaskId: 58] [DriveLink: Folder: machine-learning-for-data-science] {"taskId":58,"driveLink":"Folder: machine-learning-for-data-science","folderName":"machine-learning-for-data-science","orderId":36}
[2026-01-17 10:27:58] [INFO] [DOWNLOAD_SUCCESS] [TaskId: 58] [Duration: 307s] {"taskId":58,"duration":307,"folderName":"machine-learning-for-data-science","orderId":36}
[2026-01-17 10:28:01] [INFO] [UPLOAD_SUCCESS] [TaskId: 58] [DriveLink: https://drive.google.com/drive/folders/1b8yjdQ3rcYztLe3btivsR2j4Df8WLHh3] {"taskId":58,"driveLink":"https://drive.google.com/drive/folders/1b8yjdQ3rcYztLe3btivsR2j4Df8WLHh3","folderName":"machine-learning-for-data-science","orderId":36}
[2026-01-17 10:28:02] [INFO] [UPLOAD_SUCCESS] [TaskId: 58] [DriveLink: https://drive.google.com/drive/folders/1b8yjdQ3rcYztLe3btivsR2j4Df8WLHh3] {"taskId":58,"driveLink":"https://drive.google.com/drive/folders/1b8yjdQ3rcYztLe3btivsR2j4Df8WLHh3","folderName":"machine-learning-for-data-science","orderId":36}
[2026-01-17 10:28:03] [INFO] [EMAIL_SENT] [OrderId: 36] [To: nguyenhuuthanga3@gmail.com] [Type: completion] {"orderId":36,"email":"nguyenhuuthanga3@gmail.com","emailType":"completion"}
[2026-01-17 10:28:04] [INFO] [EMAIL_SENT] [OrderId: 36] [To: nguyenhuuthanga3@gmail.com] [Type: completion] {"orderId":36,"email":"nguyenhuuthanga3@gmail.com","emailType":"completion"}
[2026-01-17 10:56:15] [INFO] [EMAIL_SENT] [OrderId: 36] [To: nguyenhuuthanga3@gmail.com] [Type: completion] {"orderId":36,"email":"nguyenhuuthanga3@gmail.com","emailType":"completion"}
[2026-01-17 14:12:58] [INFO] [ORDER_CREATED] [OrderId: 37] [Email: downloadudemyfull@gmail.com] [Total: 50000] [Status: pending] [GetInfo: 1/1 Success] {"orderId":37,"email":"downloadudemyfull@gmail.com","totalAmount":50000,"paymentStatus":"pending","validationDetails":{"successCount":1,"totalCount":1,"failedUrls":[]}}
[2026-01-17 14:13:13] [INFO] [PAYMENT_RECEIVED] [OrderId: 37] [Amount: 50000] [Method: TPBank] {"orderId":37,"amount":50000,"paymentMethod":"TPBank"}
[2026-01-17 14:13:16] [INFO] [EMAIL_SENT] [OrderId: 37] [To: downloadudemyfull@gmail.com] [Type: payment_success] {"orderId":37,"email":"downloadudemyfull@gmail.com","emailType":"payment_success"}
[2026-01-17 14:13:19] [INFO] [ENROLL_SUCCESS] [OrderId: 37] [TaskId: 59] [Email: downloadudemyfull@gmail.com] {"orderId":37,"taskId":59,"email":"downloadudemyfull@gmail.com","courseUrl":"https://samsungu.udemy.com/course/java-tutorial/"}
[2026-01-17 14:13:21] [INFO] [ENROLL_SUCCESS] [OrderId: 37] [TaskId: 59] [Email: downloadudemyfull@gmail.com] {"orderId":37,"taskId":59,"email":"downloadudemyfull@gmail.com","courseUrl":"https://samsungu.udemy.com/course/java-tutorial/"}
[2026-01-17 14:23:26] [INFO] [UPLOAD_SUCCESS] [TaskId: 59] [DriveLink: Folder: java-tutorial] {"taskId":59,"driveLink":"Folder: java-tutorial","folderName":"java-tutorial","orderId":37}
[2026-01-17 14:23:26] [INFO] [DOWNLOAD_SUCCESS] [TaskId: 59] [Duration: 600s] {"taskId":59,"duration":600,"folderName":"java-tutorial","orderId":37}
[2026-01-17 14:23:30] [INFO] [UPLOAD_SUCCESS] [TaskId: 59] [DriveLink: https://drive.google.com/drive/folders/1lYg4QaeSd-sKuS0wzi-a4gnJFdt0eR2r] {"taskId":59,"driveLink":"https://drive.google.com/drive/folders/1lYg4QaeSd-sKuS0wzi-a4gnJFdt0eR2r","folderName":"java-tutorial","orderId":37}
[2026-01-17 14:23:31] [INFO] [UPLOAD_SUCCESS] [TaskId: 59] [DriveLink: Folder: java-tutorial] {"taskId":59,"driveLink":"Folder: java-tutorial","folderName":"java-tutorial","orderId":37}
[2026-01-17 14:23:31] [INFO] [DOWNLOAD_SUCCESS] [TaskId: 59] [Duration: 607s] {"taskId":59,"duration":607,"folderName":"java-tutorial","orderId":37}
[2026-01-17 14:23:32] [INFO] [EMAIL_SENT] [OrderId: 37] [To: downloadudemyfull@gmail.com] [Type: completion] {"orderId":37,"email":"downloadudemyfull@gmail.com","emailType":"completion"}
[2026-01-17 14:23:35] [INFO] [UPLOAD_SUCCESS] [TaskId: 59] [DriveLink: https://drive.google.com/drive/folders/1lYg4QaeSd-sKuS0wzi-a4gnJFdt0eR2r] {"taskId":59,"driveLink":"https://drive.google.com/drive/folders/1lYg4QaeSd-sKuS0wzi-a4gnJFdt0eR2r","folderName":"java-tutorial","orderId":37}
[2026-01-17 14:23:36] [INFO] [EMAIL_SENT] [OrderId: 37] [To: downloadudemyfull@gmail.com] [Type: completion] {"orderId":37,"email":"downloadudemyfull@gmail.com","emailType":"completion"}
