[2026-01-15 11:14:56] [INFO] [ORDER_CREATED] [OrderId: 10] [Email: dobachkhoa2k1@gmail.com] [Total: 50000] [Status: pending] [GetInfo: 1/1 Success] {"orderId":10,"email":"dobachkhoa2k1@gmail.com","totalAmount":50000,"paymentStatus":"pending","validationDetails":{"successCount":1,"totalCount":1,"failedUrls":[]}}
[2026-01-15 11:15:37] [INFO] [PAYMENT_RECEIVED] [OrderId: 10] [Amount: 50000] [Method: TPBank] {"orderId":10,"amount":50000,"paymentMethod":"TPBank"}
[2026-01-15 11:15:41] [INFO] [ENROLL_SUCCESS] [OrderId: 9] [TaskId: 11] [Email: dobachkhoa2k1@gmail.com] {"orderId":9,"taskId":11,"email":"dobachkhoa2k1@gmail.com","courseUrl":"https://samsungu.udemy.com/course/creative-css-hover-and-animation-effects-in-hindi/"}
[2026-01-15 11:23:43] [INFO] [ORDER_CREATED] [OrderId: 11] [Email: dobachkhoa2k1@gmail.com] [Total: 50000] [Status: pending] [GetInfo: 1/1 Success] {"orderId":11,"email":"dobachkhoa2k1@gmail.com","totalAmount":50000,"paymentStatus":"pending","validationDetails":{"successCount":1,"totalCount":1,"failedUrls":[]}}
[2026-01-15 11:23:54] [INFO] [PAYMENT_RECEIVED] [OrderId: 11] [Amount: 50000] [Method: TPBank] {"orderId":11,"amount":50000,"paymentMethod":"TPBank"}
[2026-01-15 11:23:58] [INFO] [ENROLL_SUCCESS] [OrderId: 9] [TaskId: 11] [Email: dobachkhoa2k1@gmail.com] {"orderId":9,"taskId":11,"email":"dobachkhoa2k1@gmail.com","courseUrl":"https://samsungu.udemy.com/course/creative-css-hover-and-animation-effects-in-hindi/"}
[2026-01-15 11:26:32] [INFO] [ENROLL_SUCCESS] [OrderId: 11] [TaskId: 16] [Email: dobachkhoa2k1@gmail.com] {"orderId":11,"taskId":16,"email":"dobachkhoa2k1@gmail.com","courseUrl":"https://samsungu.udemy.com/course/creative-css-hover-and-animation-effects-in-hindi/"}
[2026-01-15 11:27:01] [INFO] [ORDER_CREATED] [OrderId: 12] [Email: dobachkhoa2k1@gmail.com] [Total: 50000] [Status: pending] [GetInfo: 1/1 Success] {"orderId":12,"email":"dobachkhoa2k1@gmail.com","totalAmount":50000,"paymentStatus":"pending","validationDetails":{"successCount":1,"totalCount":1,"failedUrls":[]}}
[2026-01-15 11:27:14] [INFO] [PAYMENT_RECEIVED] [OrderId: 12] [Amount: 50000] [Method: TPBank] {"orderId":12,"amount":50000,"paymentMethod":"TPBank"}
[2026-01-15 11:27:17] [INFO] [ENROLL_SUCCESS] [OrderId: 12] [TaskId: 17] [Email: dobachkhoa2k1@gmail.com] {"orderId":12,"taskId":17,"email":"dobachkhoa2k1@gmail.com","courseUrl":"https://samsungu.udemy.com/course/creative-css-hover-and-animation-effects-in-hindi/"}
[2026-01-15 11:27:20] [INFO] [ENROLL_SUCCESS] [OrderId: 12] [TaskId: 17] [Email: dobachkhoa2k1@gmail.com] {"orderId":12,"taskId":17,"email":"dobachkhoa2k1@gmail.com","courseUrl":"https://samsungu.udemy.com/course/creative-css-hover-and-animation-effects-in-hindi/"}
[2026-01-15 11:28:09] [INFO] [UPLOAD_SUCCESS] [TaskId: 17] [DriveLink: Folder: creative-css-hover-and-animation-effects-in-hindi] {"taskId":17,"driveLink":"Folder: creative-css-hover-and-animation-effects-in-hindi","folderName":"creative-css-hover-and-animation-effects-in-hindi","orderId":12}
[2026-01-15 11:28:09] [INFO] [DOWNLOAD_SUCCESS] [TaskId: 17] [Duration: 49s] {"taskId":17,"duration":49,"folderName":"creative-css-hover-and-animation-effects-in-hindi","orderId":12}
[2026-01-15 11:28:13] [INFO] [UPLOAD_SUCCESS] [TaskId: 17] [DriveLink: https://drive.google.com/drive/folders/16lXfGk2h86Rgn-4KErYHfD3K832_YtPI] {"taskId":17,"driveLink":"https://drive.google.com/drive/folders/16lXfGk2h86Rgn-4KErYHfD3K832_YtPI","folderName":"creative-css-hover-and-animation-effects-in-hindi","orderId":12}
[2026-01-15 11:28:16] [INFO] [EMAIL_SENT] [OrderId: 12] [To: dobachkhoa2k1@gmail.com] [Type: completion] {"orderId":12,"email":"dobachkhoa2k1@gmail.com","emailType":"completion"}
[2026-01-15 11:40:57] [INFO] [ORDER_CREATED] [OrderId: 13] [Email: test@example.com] [Total: 50000] [Status: pending] [GetInfo: 1/1 Success] {"orderId":13,"email":"test@example.com","totalAmount":50000,"paymentStatus":"pending","validationDetails":{"successCount":1,"totalCount":1,"failedUrls":[]}}
[2026-01-15 11:41:09] [INFO] [ORDER_CREATED] [OrderId: 14] [Email: test@example.com] [Total: 50000] [Status: pending] [GetInfo: 1/1 Success] {"orderId":14,"email":"test@example.com","totalAmount":50000,"paymentStatus":"pending","validationDetails":{"successCount":1,"totalCount":1,"failedUrls":[]}}
[2026-01-15 11:42:15] [INFO] [PAYMENT_RECEIVED] [OrderId: 14] [Amount: 50000] [Method: TPBank] {"orderId":14,"amount":50000,"paymentMethod":"TPBank"}
[2026-01-15 11:42:19] [INFO] [ENROLL_SUCCESS] [OrderId: 14] [TaskId: 19] [Email: test@example.com] {"orderId":14,"taskId":19,"email":"test@example.com","courseUrl":"https://samsungu.udemy.com/course/creative-css-hover-and-animation-effects-in-hindi/"}
[2026-01-15 11:42:22] [INFO] [ENROLL_SUCCESS] [OrderId: 14] [TaskId: 19] [Email: test@example.com] {"orderId":14,"taskId":19,"email":"test@example.com","courseUrl":"https://samsungu.udemy.com/course/creative-css-hover-and-animation-effects-in-hindi/"}
[2026-01-15 11:43:06] [INFO] [UPLOAD_SUCCESS] [TaskId: 19] [DriveLink: Folder: creative-css-hover-and-animation-effects-in-hindi] {"taskId":19,"driveLink":"Folder: creative-css-hover-and-animation-effects-in-hindi","folderName":"creative-css-hover-and-animation-effects-in-hindi","orderId":14}
[2026-01-15 11:43:06] [INFO] [DOWNLOAD_SUCCESS] [TaskId: 19] [Duration: 44s] {"taskId":19,"duration":44,"folderName":"creative-css-hover-and-animation-effects-in-hindi","orderId":14}
[2026-01-15 11:43:09] [INFO] [UPLOAD_SUCCESS] [TaskId: 19] [DriveLink: https://drive.google.com/drive/folders/16lXfGk2h86Rgn-4KErYHfD3K832_YtPI] {"taskId":19,"driveLink":"https://drive.google.com/drive/folders/16lXfGk2h86Rgn-4KErYHfD3K832_YtPI","folderName":"creative-css-hover-and-animation-effects-in-hindi","orderId":14}
[2026-01-15 11:43:11] [INFO] [EMAIL_SENT] [OrderId: 14] [To: test@example.com] [Type: completion] {"orderId":14,"email":"test@example.com","emailType":"completion"}
[2026-01-15 14:30:58] [INFO] [ORDER_CREATED] [OrderId: 15] [Email: nguyenhuuthanga3@gmail.com] [Total: 50000] [Status: pending] [GetInfo: 1/1 Success] {"orderId":15,"email":"nguyenhuuthanga3@gmail.com","totalAmount":50000,"paymentStatus":"pending","validationDetails":{"successCount":1,"totalCount":1,"failedUrls":[]}}
[2026-01-15 14:32:05] [INFO] [PAYMENT_RECEIVED] [OrderId: 15] [Amount: 50000] [Method: TPBank] {"orderId":15,"amount":50000,"paymentMethod":"TPBank"}
[2026-01-15 14:32:09] [INFO] [ENROLL_SUCCESS] [OrderId: 15] [TaskId: 20] [Email: nguyenhuuthanga3@gmail.com] {"orderId":15,"taskId":20,"email":"nguyenhuuthanga3@gmail.com","courseUrl":"https://samsungu.udemy.com/course/creative-css-hover-and-animation-effects-in-hindi/"}
[2026-01-15 14:33:50] [INFO] [UPLOAD_SUCCESS] [TaskId: 20] [DriveLink: Folder: creative-css-hover-and-animation-effects-in-hindi] {"taskId":20,"driveLink":"Folder: creative-css-hover-and-animation-effects-in-hindi","folderName":"creative-css-hover-and-animation-effects-in-hindi","orderId":15}
[2026-01-15 14:33:50] [INFO] [DOWNLOAD_SUCCESS] [TaskId: 20] [Duration: 97s] {"taskId":20,"duration":97,"folderName":"creative-css-hover-and-animation-effects-in-hindi","orderId":15}
[2026-01-15 14:33:53] [INFO] [UPLOAD_SUCCESS] [TaskId: 20] [DriveLink: https://drive.google.com/drive/folders/16lXfGk2h86Rgn-4KErYHfD3K832_YtPI] {"taskId":20,"driveLink":"https://drive.google.com/drive/folders/16lXfGk2h86Rgn-4KErYHfD3K832_YtPI","folderName":"creative-css-hover-and-animation-effects-in-hindi","orderId":15}
[2026-01-15 14:33:56] [INFO] [EMAIL_SENT] [OrderId: 15] [To: nguyenhuuthanga3@gmail.com] [Type: completion] {"orderId":15,"email":"nguyenhuuthanga3@gmail.com","emailType":"completion"}
[2026-01-15 14:45:59] [INFO] [ORDER_CREATED] [OrderId: 16] [Email: nguyenhuuthanga3@gmaill.com] [Total: 50000] [Status: pending] [GetInfo: 1/1 Success] {"orderId":16,"email":"nguyenhuuthanga3@gmaill.com","totalAmount":50000,"paymentStatus":"pending","validationDetails":{"successCount":1,"totalCount":1,"failedUrls":[]}}
[2026-01-15 14:46:13] [INFO] [ORDER_CREATED] [OrderId: 17] [Email: nguyenhuuthanga3@gmaill.com] [Total: 50000] [Status: pending] [GetInfo: 1/1 Success] {"orderId":17,"email":"nguyenhuuthanga3@gmaill.com","totalAmount":50000,"paymentStatus":"pending","validationDetails":{"successCount":1,"totalCount":1,"failedUrls":[]}}
[2026-01-15 14:48:42] [INFO] [ORDER_CREATED] [OrderId: 18] [Email: nguyenhuuthanga3@gmail.com] [Total: 50000] [Status: pending] [GetInfo: 1/1 Success] {"orderId":18,"email":"nguyenhuuthanga3@gmail.com","totalAmount":50000,"paymentStatus":"pending","validationDetails":{"successCount":1,"totalCount":1,"failedUrls":[]}}
[2026-01-15 14:49:14] [INFO] [PAYMENT_RECEIVED] [OrderId: 18] [Amount: 50000] [Method: TPBank] {"orderId":18,"amount":50000,"paymentMethod":"TPBank"}
[2026-01-15 14:49:19] [INFO] [ENROLL_SUCCESS] [OrderId: 18] [TaskId: 23] [Email: nguyenhuuthanga3@gmail.com] {"orderId":18,"taskId":23,"email":"nguyenhuuthanga3@gmail.com","courseUrl":"https://samsungu.udemy.com/course/30-days-of-code-the-complete-python-bootcamp-vietnamese/"}
