[2026-01-18 01:58:55] [INFO] [ORDER_CREATED] [OrderId: 38] [Email: nguyenhuuthanga3@gmail.com] [Total: 50000] [Status: pending] [GetInfo: 1/1 Success] {"orderId":38,"email":"nguyenhuuthanga3@gmail.com","totalAmount":50000,"paymentStatus":"pending","validationDetails":{"successCount":1,"totalCount":1,"failedUrls":[]}}
[2026-01-18 01:59:56] [INFO] [ORDER_CREATED] [OrderId: 39] [Email: nguyenhuuthanga3@gmail.com] [Total: 50000] [Status: pending] [GetInfo: 1/1 Success] {"orderId":39,"email":"nguyenhuuthanga3@gmail.com","totalAmount":50000,"paymentStatus":"pending","validationDetails":{"successCount":1,"totalCount":1,"failedUrls":[]}}
[2026-01-18 02:03:00] [INFO] [PAYMENT_RECEIVED] [OrderId: 39] [Amount: 50000] [Method: TPBank] {"orderId":39,"amount":50000,"paymentMethod":"TPBank"}
[2026-01-18 02:03:03] [INFO] [EMAIL_SENT] [OrderId: 39] [To: nguyenhuuthanga3@gmail.com] [Type: payment_success] {"orderId":39,"email":"nguyenhuuthanga3@gmail.com","emailType":"payment_success"}
[2026-01-18 02:03:11] [INFO] [ENROLL_SUCCESS] [OrderId: 39] [TaskId: 61] [Email: nguyenhuuthanga3@gmail.com] {"orderId":39,"taskId":61,"email":"nguyenhuuthanga3@gmail.com","courseUrl":"https://samsungu.udemy.com/course/r-analytics/"}
[2026-01-18 02:09:46] [INFO] [UPLOAD_SUCCESS] [TaskId: 61] [DriveLink: Folder: r-analytics] {"taskId":61,"driveLink":"Folder: r-analytics","folderName":"r-analytics","orderId":39}
[2026-01-18 02:09:47] [INFO] [DOWNLOAD_SUCCESS] [TaskId: 61] [Duration: 290s] {"taskId":61,"duration":290,"folderName":"r-analytics","orderId":39}
[2026-01-18 02:09:53] [INFO] [UPLOAD_SUCCESS] [TaskId: 61] [DriveLink: Folder: r-analytics] {"taskId":61,"driveLink":"Folder: r-analytics","folderName":"r-analytics","orderId":39}
[2026-01-18 02:09:54] [INFO] [DOWNLOAD_SUCCESS] [TaskId: 61] [Duration: 397s] {"taskId":61,"duration":397,"folderName":"r-analytics","orderId":39}
[2026-01-18 08:39:25] [INFO] [ORDER_CREATED] [OrderId: 40] [Email: test@example.com] [Total: 50000] [Status: pending] [GetInfo: 0/1 Success, Failed: https://www.udemy.com/course/test-course/] {"orderId":40,"email":"test@example.com","totalAmount":50000,"paymentStatus":"pending","validationDetails":{"successCount":0,"totalCount":1,"failedUrls":["https://www.udemy.com/course/test-course/"]}}
[2026-01-18 08:39:39] [INFO] [ORDER_CREATED] [OrderId: 41] [Email: test@example.com] [Total: 50000] [Status: pending] [GetInfo: 0/1 Success, Failed: https://www.udemy.com/course/test-course/] {"orderId":41,"email":"test@example.com","totalAmount":50000,"paymentStatus":"pending","validationDetails":{"successCount":0,"totalCount":1,"failedUrls":["https://www.udemy.com/course/test-course/"]}}
[2026-01-18 08:40:53] [INFO] [ORDER_CREATED] [OrderId: 42] [Email: test@example.com] [Total: 50000] [Status: pending] [GetInfo: 0/1 Success, Failed: https://www.udemy.com/course/test-course/] {"orderId":42,"email":"test@example.com","totalAmount":50000,"paymentStatus":"pending","validationDetails":{"successCount":0,"totalCount":1,"failedUrls":["https://www.udemy.com/course/test-course/"]}}
[2026-01-18 08:42:23] [INFO] [ORDER_CREATED] [OrderId: 43] [Email: test@example.com] [Total: 50000] [Status: pending] [GetInfo: 0/1 Success, Failed: https://www.udemy.com/course/test-course/] {"orderId":43,"email":"test@example.com","totalAmount":50000,"paymentStatus":"pending","validationDetails":{"successCount":0,"totalCount":1,"failedUrls":["https://www.udemy.com/course/test-course/"]}}
[2026-01-18 08:42:58] [INFO] [ORDER_CREATED] [OrderId: 44] [Email: test@example.com] [Total: 50000] [Status: pending] [GetInfo: 0/1 Success, Failed: https://www.udemy.com/course/test-course/] {"orderId":44,"email":"test@example.com","totalAmount":50000,"paymentStatus":"pending","validationDetails":{"successCount":0,"totalCount":1,"failedUrls":["https://www.udemy.com/course/test-course/"]}}
[2026-01-18 08:42:59] [INFO] [PAYMENT_RECEIVED] [OrderId: 44] [Amount: 50000] [Method: VCB] {"orderId":44,"amount":50000,"paymentMethod":"VCB"}
[2026-01-18 08:43:01] [INFO] [EMAIL_SENT] [OrderId: 44] [To: test@example.com] [Type: payment_success] {"orderId":44,"email":"test@example.com","emailType":"payment_success"}
[2026-01-18 08:47:38] [ERROR] [UPLOAD_ERROR] [TaskId: 66] [Reason: Drive folder not found after 10 retries] {"taskId":66,"reason":"Drive folder not found after 10 retries","folderName":"Test-Course-Complete","orderId":44}
[2026-01-18 08:47:40] [INFO] [EMAIL_SENT] [OrderId: 44] [To: test@example.com] [Type: completion] {"orderId":44,"email":"test@example.com","emailType":"completion"}
[2026-01-18 09:02:50] [INFO] [ORDER_CREATED] [OrderId: 45] [Email: nguyenhuuthanga3@gmail.com] [Total: 50000] [Status: pending] [GetInfo: 1/1 Success] {"orderId":45,"email":"nguyenhuuthanga3@gmail.com","totalAmount":50000,"paymentStatus":"pending","validationDetails":{"successCount":1,"totalCount":1,"failedUrls":[]}}
[2026-01-18 09:03:18] [INFO] [PAYMENT_RECEIVED] [OrderId: 45] [Amount: 50000] [Method: TPBank] {"orderId":45,"amount":50000,"paymentMethod":"TPBank"}
[2026-01-18 09:03:20] [INFO] [EMAIL_SENT] [OrderId: 45] [To: nguyenhuuthanga3@gmail.com] [Type: payment_success] {"orderId":45,"email":"nguyenhuuthanga3@gmail.com","emailType":"payment_success"}
[2026-01-18 09:03:24] [INFO] [ENROLL_SUCCESS] [OrderId: 45] [TaskId: 67] [Email: nguyenhuuthanga3@gmail.com] {"orderId":45,"taskId":67,"email":"nguyenhuuthanga3@gmail.com","courseUrl":"https://samsungu.udemy.com/course/microsoft-powerpoint-powerpoint-from-beginner-to-pro/"}
[2026-01-18 09:15:07] [INFO] [ORDER_CREATED] [OrderId: 46] [Email: dobachkhoa2k1@gmail.com] [Total: 50000] [Status: pending] [GetInfo: 1/1 Success] {"orderId":46,"email":"dobachkhoa2k1@gmail.com","totalAmount":50000,"paymentStatus":"pending","validationDetails":{"successCount":1,"totalCount":1,"failedUrls":[]}}
[2026-01-18 09:15:23] [INFO] [PAYMENT_RECEIVED] [OrderId: 46] [Amount: 50000] [Method: TPBank] {"orderId":46,"amount":50000,"paymentMethod":"TPBank"}
[2026-01-18 09:15:25] [INFO] [EMAIL_SENT] [OrderId: 46] [To: dobachkhoa2k1@gmail.com] [Type: payment_success] {"orderId":46,"email":"dobachkhoa2k1@gmail.com","emailType":"payment_success"}
[2026-01-18 09:15:27] [INFO] [ENROLL_SUCCESS] [OrderId: 46] [TaskId: 68] [Email: dobachkhoa2k1@gmail.com] {"orderId":46,"taskId":68,"email":"dobachkhoa2k1@gmail.com","courseUrl":"https://samsungu.udemy.com/course/introduction-to-cloud-computing/"}
[2026-01-18 09:17:24] [INFO] [UPLOAD_SUCCESS] [TaskId: 68] [DriveLink: Folder: introduction-to-cloud-computing] {"taskId":68,"driveLink":"Folder: introduction-to-cloud-computing","folderName":"introduction-to-cloud-computing","orderId":46}
[2026-01-18 09:17:24] [INFO] [DOWNLOAD_SUCCESS] [TaskId: 68] [Duration: 112s] {"taskId":68,"duration":112,"folderName":"introduction-to-cloud-computing","orderId":46}
[2026-01-18 09:37:21] [INFO] [UPLOAD_SUCCESS] [TaskId: 67] [DriveLink: Folder: microsoft-powerpoint-powerpoint-from-beginner-to-pro] {"taskId":67,"driveLink":"Folder: microsoft-powerpoint-powerpoint-from-beginner-to-pro","folderName":"microsoft-powerpoint-powerpoint-from-beginner-to-pro","orderId":45}
[2026-01-18 09:37:21] [INFO] [UPLOAD_SUCCESS] [TaskId: 67] [DriveLink: Folder: microsoft-powerpoint-powerpoint-from-beginner-to-pro] {"taskId":67,"driveLink":"Folder: microsoft-powerpoint-powerpoint-from-beginner-to-pro","folderName":"microsoft-powerpoint-powerpoint-from-beginner-to-pro","orderId":45}
[2026-01-18 09:37:22] [INFO] [DOWNLOAD_SUCCESS] [TaskId: 67] [Duration: 794s] {"taskId":67,"duration":794,"folderName":"microsoft-powerpoint-powerpoint-from-beginner-to-pro","orderId":45}
[2026-01-18 09:37:22] [INFO] [DOWNLOAD_SUCCESS] [TaskId: 67] [Duration: 795s] {"taskId":67,"duration":795,"folderName":"microsoft-powerpoint-powerpoint-from-beginner-to-pro","orderId":45}
[2026-01-18 09:37:27] [INFO] [UPLOAD_SUCCESS] [TaskId: 67] [DriveLink: https://drive.google.com/drive/folders/1FO6HLbw56kAvjLI1aaAJLF9ewE_mpFky] {"taskId":67,"driveLink":"https://drive.google.com/drive/folders/1FO6HLbw56kAvjLI1aaAJLF9ewE_mpFky","folderName":"microsoft-powerpoint-powerpoint-from-beginner-to-pro","orderId":45}
[2026-01-18 09:37:28] [INFO] [UPLOAD_SUCCESS] [TaskId: 67] [DriveLink: https://drive.google.com/drive/folders/1FO6HLbw56kAvjLI1aaAJLF9ewE_mpFky] {"taskId":67,"driveLink":"https://drive.google.com/drive/folders/1FO6HLbw56kAvjLI1aaAJLF9ewE_mpFky","folderName":"microsoft-powerpoint-powerpoint-from-beginner-to-pro","orderId":45}
[2026-01-18 09:37:29] [INFO] [EMAIL_SENT] [OrderId: 45] [To: nguyenhuuthanga3@gmail.com] [Type: completion] {"orderId":45,"email":"nguyenhuuthanga3@gmail.com","emailType":"completion"}
[2026-01-18 09:37:30] [INFO] [EMAIL_SENT] [OrderId: 45] [To: nguyenhuuthanga3@gmail.com] [Type: completion] {"orderId":45,"email":"nguyenhuuthanga3@gmail.com","emailType":"completion"}
[2026-01-18 17:13:59] [INFO] [EMAIL_SENT] [OrderId: 46] [To: dobachkhoa2k1@gmail.com] [Type: completion] {"orderId":46,"email":"dobachkhoa2k1@gmail.com","emailType":"completion"}
[2026-01-18 19:47:59] [INFO] [EMAIL_SENT] [OrderId: 46] [To: dobachkhoa2k1@gmail.com] [Type: completion] {"orderId":46,"email":"dobachkhoa2k1@gmail.com","emailType":"completion"}
[2026-01-18 19:54:49] [INFO] [ENROLL_SUCCESS] [OrderId: 46] [TaskId: 68] [Email: dobachkhoa2k1@gmail.com] {"orderId":46,"taskId":68,"email":"dobachkhoa2k1@gmail.com","courseUrl":"https://samsungu.udemy.com/course/introduction-to-cloud-computing/"}
[2026-01-18 19:56:14] [INFO] [UPLOAD_SUCCESS] [TaskId: 68] [DriveLink: Folder: introduction-to-cloud-computing] {"taskId":68,"driveLink":"Folder: introduction-to-cloud-computing","folderName":"introduction-to-cloud-computing","orderId":46}
[2026-01-18 19:56:14] [INFO] [DOWNLOAD_SUCCESS] [TaskId: 68] [Duration: 81s] {"taskId":68,"duration":81,"folderName":"introduction-to-cloud-computing","orderId":46}
[2026-01-18 19:56:18] [INFO] [UPLOAD_SUCCESS] [TaskId: 68] [DriveLink: https://drive.google.com/drive/folders/1Hjsy9xmOJU8l-wlK_90C5B5nb3kObreU] {"taskId":68,"driveLink":"https://drive.google.com/drive/folders/1Hjsy9xmOJU8l-wlK_90C5B5nb3kObreU","folderName":"introduction-to-cloud-computing","orderId":46}
[2026-01-18 19:56:21] [INFO] [EMAIL_SENT] [OrderId: 46] [To: dobachkhoa2k1@gmail.com] [Type: completion] {"orderId":46,"email":"dobachkhoa2k1@gmail.com","emailType":"completion"}
[2026-01-18 20:06:59] [INFO] [ORDER_CREATED] [OrderId: 47] [Email: Nguyenhuuthanga3@gmail.com] [Total: 50000] [Status: pending] [GetInfo: 1/1 Success] {"orderId":47,"email":"Nguyenhuuthanga3@gmail.com","totalAmount":50000,"paymentStatus":"pending","validationDetails":{"successCount":1,"totalCount":1,"failedUrls":[]}}
[2026-01-18 20:07:17] [INFO] [PAYMENT_RECEIVED] [OrderId: 47] [Amount: 50000] [Method: TPBank] {"orderId":47,"amount":50000,"paymentMethod":"TPBank"}
[2026-01-18 20:07:19] [INFO] [EMAIL_SENT] [OrderId: 47] [To: Nguyenhuuthanga3@gmail.com] [Type: payment_success] {"orderId":47,"email":"Nguyenhuuthanga3@gmail.com","emailType":"payment_success"}
[2026-01-18 20:07:24] [INFO] [ENROLL_SUCCESS] [OrderId: 47] [TaskId: 69] [Email: Nguyenhuuthanga3@gmail.com] {"orderId":47,"taskId":69,"email":"Nguyenhuuthanga3@gmail.com","courseUrl":"https://samsungu.udemy.com/course/java-oop-iter-academy/"}
[2026-01-18 20:10:57] [INFO] [UPLOAD_SUCCESS] [TaskId: 69] [DriveLink: Folder: java-oop-iter-academy] {"taskId":69,"driveLink":"Folder: java-oop-iter-academy","folderName":"java-oop-iter-academy","orderId":47}
[2026-01-18 20:10:58] [INFO] [DOWNLOAD_SUCCESS] [TaskId: 69] [Duration: 210s] {"taskId":69,"duration":210,"folderName":"java-oop-iter-academy","orderId":47}
[2026-01-18 20:11:01] [INFO] [UPLOAD_SUCCESS] [TaskId: 69] [DriveLink: https://drive.google.com/drive/folders/1FXolUkznDhhp_9e5i3YHMj5khBF6Ru8E] {"taskId":69,"driveLink":"https://drive.google.com/drive/folders/1FXolUkznDhhp_9e5i3YHMj5khBF6Ru8E","folderName":"java-oop-iter-academy","orderId":47}
[2026-01-18 20:11:03] [INFO] [EMAIL_SENT] [OrderId: 47] [To: Nguyenhuuthanga3@gmail.com] [Type: completion] {"orderId":47,"email":"Nguyenhuuthanga3@gmail.com","emailType":"completion"}
[2026-01-18 21:17:24] [INFO] [ORDER_CREATED] [OrderId: 48] [Email: downloadudemyfull@gmail.com] [Total: 50000] [Status: pending] [GetInfo: 1/1 Success] {"orderId":48,"email":"downloadudemyfull@gmail.com","totalAmount":50000,"paymentStatus":"pending","validationDetails":{"successCount":1,"totalCount":1,"failedUrls":[]}}
[2026-01-18 21:41:35] [INFO] [ORDER_CREATED] [OrderId: 49] [Email: Nguyenhuuthanga3@gmail.com] [Total: 50000] [Status: pending] [GetInfo: 1/1 Success] {"orderId":49,"email":"Nguyenhuuthanga3@gmail.com","totalAmount":50000,"paymentStatus":"pending","validationDetails":{"successCount":1,"totalCount":1,"failedUrls":[]}}
[2026-01-18 21:54:03] [INFO] [ORDER_CREATED] [OrderId: 50] [Email: nguyenhuuthanga3@gmail.com] [Total: 50000] [Status: pending] [GetInfo: 1/1 Success] {"orderId":50,"email":"nguyenhuuthanga3@gmail.com","totalAmount":50000,"paymentStatus":"pending","validationDetails":{"successCount":1,"totalCount":1,"failedUrls":[]}}
[2026-01-18 21:55:28] [INFO] [PAYMENT_RECEIVED] [OrderId: 50] [Amount: 50000] [Method: TPBank] {"orderId":50,"amount":50000,"paymentMethod":"TPBank"}
[2026-01-18 21:55:30] [INFO] [EMAIL_SENT] [OrderId: 50] [To: nguyenhuuthanga3@gmail.com] [Type: payment_success] {"orderId":50,"email":"nguyenhuuthanga3@gmail.com","emailType":"payment_success"}
[2026-01-18 21:55:35] [INFO] [ENROLL_SUCCESS] [OrderId: 50] [TaskId: 72] [Email: nguyenhuuthanga3@gmail.com] {"orderId":50,"taskId":72,"email":"nguyenhuuthanga3@gmail.com","courseUrl":"https://samsungu.udemy.com/course/huong-dan-chua-e-thi-tieng-nhat-cap-do-n5-jlpt/"}
[2026-01-18 21:59:39] [INFO] [UPLOAD_SUCCESS] [TaskId: 72] [DriveLink: Folder: huong-dan-chua-e-thi-tieng-nhat-cap-do-n5-jlpt] {"taskId":72,"driveLink":"Folder: huong-dan-chua-e-thi-tieng-nhat-cap-do-n5-jlpt","folderName":"huong-dan-chua-e-thi-tieng-nhat-cap-do-n5-jlpt","orderId":50}
[2026-01-18 21:59:39] [INFO] [DOWNLOAD_SUCCESS] [TaskId: 72] [Duration: 240s] {"taskId":72,"duration":240,"folderName":"huong-dan-chua-e-thi-tieng-nhat-cap-do-n5-jlpt","orderId":50}
[2026-01-18 21:59:44] [INFO] [UPLOAD_SUCCESS] [TaskId: 72] [DriveLink: https://drive.google.com/drive/folders/18oBmGhWePSeprSJ_SuM795_jgv8k7AE6] {"taskId":72,"driveLink":"https://drive.google.com/drive/folders/18oBmGhWePSeprSJ_SuM795_jgv8k7AE6","folderName":"huong-dan-chua-e-thi-tieng-nhat-cap-do-n5-jlpt","orderId":50}
[2026-01-18 21:59:46] [INFO] [EMAIL_SENT] [OrderId: 50] [To: nguyenhuuthanga3@gmail.com] [Type: completion] {"orderId":50,"email":"nguyenhuuthanga3@gmail.com","emailType":"completion"}
[2026-01-18 22:30:16] [INFO] [ORDER_CREATED] [OrderId: 51] [Email: Nguyenhuuthanga3@gmail.com] [Total: 50000] [Status: pending] [GetInfo: 1/1 Success] {"orderId":51,"email":"Nguyenhuuthanga3@gmail.com","totalAmount":50000,"paymentStatus":"pending","validationDetails":{"successCount":1,"totalCount":1,"failedUrls":[]}}
[2026-01-18 22:30:29] [INFO] [ORDER_CREATED] [OrderId: 52] [Email: nguyenhuuthanga3@gmail.com] [Total: 50000] [Status: pending] [GetInfo: 1/1 Success] {"orderId":52,"email":"nguyenhuuthanga3@gmail.com","totalAmount":50000,"paymentStatus":"pending","validationDetails":{"successCount":1,"totalCount":1,"failedUrls":[]}}
[2026-01-18 23:47:33] [INFO] [ORDER_CREATED] [OrderId: 53] [Email: Nguyenhuuthanga3@gmail.com] [Total: 50000] [Status: pending] [GetInfo: 1/1 Success] {"orderId":53,"email":"Nguyenhuuthanga3@gmail.com","totalAmount":50000,"paymentStatus":"pending","validationDetails":{"successCount":1,"totalCount":1,"failedUrls":[]}}
[2026-01-18 23:50:25] [INFO] [ORDER_CREATED] [OrderId: 54] [Email: Nguyenhuuthanga3@gmail.com] [Total: 50000] [Status: pending] [GetInfo: 1/1 Success] {"orderId":54,"email":"Nguyenhuuthanga3@gmail.com","totalAmount":50000,"paymentStatus":"pending","validationDetails":{"successCount":1,"totalCount":1,"failedUrls":[]}}
