2026-01-12 16:26:45 +07:00: [32m[04:26:45][0m [34m[udemy-downloader][0m [pre_run:376] [1;30mINFO:[0m Output directory set to /root/server/udemy_dl/Staging_Download/Task_99999
2026-01-12 16:26:45 +07:00: [32m[04:26:45][0m [34m[udemy-downloader][0m [pre_run:386] [1;30mWARNING:[0m [33m> Keyfile not found! You won't be able to decrypt any encrypted videos![0m
2026-01-12 16:26:46 +07:00: [32m[04:26:46][0m [34m[udemy-downloader][0m [visit:1185] [1;30mINFO:[0m Visit request successful
2026-01-12 16:26:46 +07:00: [32m[04:26:46][0m [34m[udemy-downloader][0m [main:2005] [1;30mINFO:[0m > Fetching course information, this may take a minute...
2026-01-12 16:26:47 +07:00: [32m[04:26:47][0m [34m[udemy-downloader][0m [_extract_course_info:1045] [1;30mCRITICAL:[0m [1;31mFailed to find the course, are you enrolled?[0m
2026-01-12 16:27:08 +07:00: [32m[04:27:08][0m [34m[udemy-downloader][0m [pre_run:376] [1;30mINFO:[0m Output directory set to /root/server/udemy_dl/Staging_Download/Task_99999
2026-01-12 16:27:08 +07:00: [32m[04:27:08][0m [34m[udemy-downloader][0m [pre_run:386] [1;30mWARNING:[0m [33m> Keyfile not found! You won't be able to decrypt any encrypted videos![0m
2026-01-12 16:27:09 +07:00: [32m[04:27:09][0m [34m[udemy-downloader][0m [visit:1185] [1;30mINFO:[0m Visit request successful
2026-01-12 16:27:09 +07:00: [32m[04:27:09][0m [34m[udemy-downloader][0m [main:2005] [1;30mINFO:[0m > Fetching course information, this may take a minute...
2026-01-12 16:27:10 +07:00: [32m[04:27:10][0m [34m[udemy-downloader][0m [_extract_course_info:1045] [1;30mCRITICAL:[0m [1;31mFailed to find the course, are you enrolled?[0m
2026-01-12 16:27:31 +07:00: [32m[04:27:31][0m [34m[udemy-downloader][0m [pre_run:376] [1;30mINFO:[0m Output directory set to /root/server/udemy_dl/Staging_Download/Task_99999
2026-01-12 16:27:31 +07:00: [32m[04:27:31][0m [34m[udemy-downloader][0m [pre_run:386] [1;30mWARNING:[0m [33m> Keyfile not found! You won't be able to decrypt any encrypted videos![0m
2026-01-12 16:27:31 +07:00: [32m[04:27:31][0m [34m[udemy-downloader][0m [visit:1185] [1;30mINFO:[0m Visit request successful
2026-01-12 16:27:31 +07:00: [32m[04:27:31][0m [34m[udemy-downloader][0m [main:2005] [1;30mINFO:[0m > Fetching course information, this may take a minute...
2026-01-12 16:27:32 +07:00: [32m[04:27:32][0m [34m[udemy-downloader][0m [_extract_course_info:1045] [1;30mCRITICAL:[0m [1;31mFailed to find the course, are you enrolled?[0m
2026-01-12 16:29:15 +07:00: [32m[04:29:15][0m [34m[udemy-downloader][0m [pre_run:376] [1;30mINFO:[0m Output directory set to /root/server/udemy_dl/Staging_Download/Task_19
2026-01-12 16:29:15 +07:00: [32m[04:29:15][0m [34m[udemy-downloader][0m [pre_run:386] [1;30mWARNING:[0m [33m> Keyfile not found! You won't be able to decrypt any encrypted videos![0m
2026-01-12 16:29:15 +07:00: [32m[04:29:15][0m [34m[udemy-downloader][0m [visit:1185] [1;30mINFO:[0m Visit request successful
2026-01-12 16:29:15 +07:00: [32m[04:29:15][0m [34m[udemy-downloader][0m [main:2005] [1;30mINFO:[0m > Fetching course information, this may take a minute...
2026-01-12 16:29:16 +07:00: [32m[04:29:16][0m [34m[udemy-downloader][0m [_handle_pagination:896] [1;30mINFO:[0m > Downloading data page 2/2
2026-01-12 16:29:17 +07:00: [32m[04:29:17][0m [34m[udemy-downloader][0m [main:2008] [1;30mINFO:[0m > Course information retrieved!
2026-01-12 16:29:17 +07:00: [32m[04:29:17][0m [34m[udemy-downloader][0m [main:2013] [1;30mINFO:[0m > Fetching course curriculum, this may take a minute...
2026-01-12 16:29:18 +07:00: [32m[04:29:18][0m [34m[udemy-downloader][0m [main:2037] [1;30mINFO:[0m > Course curriculum retrieved!
2026-01-12 16:29:18 +07:00: [32m[04:29:18][0m [34m[udemy-downloader][0m [main:2068] [1;30mINFO:[0m > Processing course data, this may take a minute. 
2026-01-12 16:29:18 +07:00: [32m[04:29:18][0m [34m[udemy-downloader][0m [main:2112] [1;30mINFO:[0m Processing 2 of 8
2026-01-12 16:29:18 +07:00: [32m[04:29:18][0m [34m[udemy-downloader][0m [main:2112] [1;30mINFO:[0m Processing 3 of 8
2026-01-12 16:29:18 +07:00: [32m[04:29:18][0m [34m[udemy-downloader][0m [main:2112] [1;30mINFO:[0m Processing 4 of 8
2026-01-12 16:29:18 +07:00: [32m[04:29:18][0m [34m[udemy-downloader][0m [main:2112] [1;30mINFO:[0m Processing 5 of 8
2026-01-12 16:29:18 +07:00: [32m[04:29:18][0m [34m[udemy-downloader][0m [main:2112] [1;30mINFO:[0m Processing 6 of 8
2026-01-12 16:29:18 +07:00: [32m[04:29:18][0m [34m[udemy-downloader][0m [main:2112] [1;30mINFO:[0m Processing 7 of 8
2026-01-12 16:29:18 +07:00: [32m[04:29:18][0m [34m[udemy-downloader][0m [main:2112] [1;30mINFO:[0m Processing 8 of 8
2026-01-12 16:29:18 +07:00: [32m[04:29:18][0m [34m[udemy-downloader][0m [parse_new:1713] [1;30mINFO:[0m Chapter(s) (1)
2026-01-12 16:29:18 +07:00: [32m[04:29:18][0m [34m[udemy-downloader][0m [parse_new:1714] [1;30mINFO:[0m Lecture(s) (7)
2026-01-12 16:29:18 +07:00: [32m[04:29:18][0m [34m[udemy-downloader][0m [parse_new:1736] [1;30mINFO:[0m ======= Processing chapter 1 of 1 =======
2026-01-12 16:29:22 +07:00: [32m[04:29:22][0m [34m[udemy-downloader][0m [parse_new:1764] [1;30mINFO:[0m   > Processing lecture 1 of 7
2026-01-12 16:29:22 +07:00: [32m[04:29:22][0m [34m[udemy-downloader][0m [process_lecture:1580] [1;30mINFO:[0m       > Lecture doesn't have DRM, attempting to download...
2026-01-12 16:29:22 +07:00: [32m[04:29:22][0m [34m[udemy-downloader][0m [process_lecture:1585] [1;30mINFO:[0m       ====== Selected quality: video 720
2026-01-12 16:29:24 +07:00: [32m[04:29:24][0m [34m[udemy-downloader][0m [parse_new:1790] [1;30mINFO:[0m Processing 0 caption(s)...
2026-01-12 16:29:24 +07:00: [32m[04:29:24][0m [34m[udemy-downloader][0m [parse_new:1804] [1;30mINFO:[0m     > Processing 0 asset(s) for lecture...
2026-01-12 16:29:29 +07:00: [32m[04:29:29][0m [34m[udemy-downloader][0m [parse_new:1764] [1;30mINFO:[0m   > Processing lecture 2 of 7
2026-01-12 16:29:29 +07:00: [32m[04:29:29][0m [34m[udemy-downloader][0m [process_lecture:1580] [1;30mINFO:[0m       > Lecture doesn't have DRM, attempting to download...
2026-01-12 16:29:29 +07:00: [32m[04:29:29][0m [34m[udemy-downloader][0m [process_lecture:1585] [1;30mINFO:[0m       ====== Selected quality: video 720
2026-01-12 16:29:30 +07:00: [32m[04:29:30][0m [34m[udemy-downloader][0m [parse_new:1790] [1;30mINFO:[0m Processing 0 caption(s)...
2026-01-12 16:29:30 +07:00: [32m[04:29:30][0m [34m[udemy-downloader][0m [parse_new:1804] [1;30mINFO:[0m     > Processing 0 asset(s) for lecture...
2026-01-12 16:29:34 +07:00: [32m[04:29:34][0m [34m[udemy-downloader][0m [parse_new:1764] [1;30mINFO:[0m   > Processing lecture 3 of 7
2026-01-12 16:29:34 +07:00: [32m[04:29:34][0m [34m[udemy-downloader][0m [process_lecture:1580] [1;30mINFO:[0m       > Lecture doesn't have DRM, attempting to download...
2026-01-12 16:29:34 +07:00: [32m[04:29:34][0m [34m[udemy-downloader][0m [process_lecture:1585] [1;30mINFO:[0m       ====== Selected quality: video 720
2026-01-12 16:29:36 +07:00: [32m[04:29:36][0m [34m[udemy-downloader][0m [parse_new:1790] [1;30mINFO:[0m Processing 0 caption(s)...
2026-01-12 16:29:36 +07:00: [32m[04:29:36][0m [34m[udemy-downloader][0m [parse_new:1804] [1;30mINFO:[0m     > Processing 0 asset(s) for lecture...
2026-01-12 16:29:39 +07:00: [32m[04:29:39][0m [34m[udemy-downloader][0m [parse_new:1764] [1;30mINFO:[0m   > Processing lecture 4 of 7
2026-01-12 16:29:39 +07:00: [32m[04:29:39][0m [34m[udemy-downloader][0m [process_lecture:1580] [1;30mINFO:[0m       > Lecture doesn't have DRM, attempting to download...
2026-01-12 16:29:39 +07:00: [32m[04:29:39][0m [34m[udemy-downloader][0m [process_lecture:1585] [1;30mINFO:[0m       ====== Selected quality: video 720
2026-01-12 16:29:41 +07:00: [32m[04:29:41][0m [34m[udemy-downloader][0m [parse_new:1790] [1;30mINFO:[0m Processing 0 caption(s)...
2026-01-12 16:29:41 +07:00: [32m[04:29:41][0m [34m[udemy-downloader][0m [parse_new:1804] [1;30mINFO:[0m     > Processing 0 asset(s) for lecture...
2026-01-12 16:29:45 +07:00: [32m[04:29:45][0m [34m[udemy-downloader][0m [parse_new:1764] [1;30mINFO:[0m   > Processing lecture 5 of 7
2026-01-12 16:29:45 +07:00: [32m[04:29:45][0m [34m[udemy-downloader][0m [process_lecture:1580] [1;30mINFO:[0m       > Lecture doesn't have DRM, attempting to download...
2026-01-12 16:29:45 +07:00: [32m[04:29:45][0m [34m[udemy-downloader][0m [process_lecture:1585] [1;30mINFO:[0m       ====== Selected quality: video 720
2026-01-12 16:29:47 +07:00: [32m[04:29:47][0m [34m[udemy-downloader][0m [parse_new:1790] [1;30mINFO:[0m Processing 0 caption(s)...
2026-01-12 16:29:47 +07:00: [32m[04:29:47][0m [34m[udemy-downloader][0m [parse_new:1804] [1;30mINFO:[0m     > Processing 0 asset(s) for lecture...
2026-01-12 16:29:50 +07:00: [32m[04:29:50][0m [34m[udemy-downloader][0m [parse_new:1764] [1;30mINFO:[0m   > Processing lecture 6 of 7
2026-01-12 16:29:50 +07:00: [32m[04:29:50][0m [34m[udemy-downloader][0m [process_lecture:1580] [1;30mINFO:[0m       > Lecture doesn't have DRM, attempting to download...
2026-01-12 16:29:50 +07:00: [32m[04:29:50][0m [34m[udemy-downloader][0m [process_lecture:1585] [1;30mINFO:[0m       ====== Selected quality: video 720
2026-01-12 16:29:52 +07:00: [32m[04:29:52][0m [34m[udemy-downloader][0m [parse_new:1790] [1;30mINFO:[0m Processing 0 caption(s)...
2026-01-12 16:29:52 +07:00: [32m[04:29:52][0m [34m[udemy-downloader][0m [parse_new:1804] [1;30mINFO:[0m     > Processing 0 asset(s) for lecture...
2026-01-12 16:29:55 +07:00: [32m[04:29:55][0m [34m[udemy-downloader][0m [parse_new:1764] [1;30mINFO:[0m   > Processing lecture 7 of 7
2026-01-12 16:29:55 +07:00: [32m[04:29:55][0m [34m[udemy-downloader][0m [process_lecture:1580] [1;30mINFO:[0m       > Lecture doesn't have DRM, attempting to download...
2026-01-12 16:29:55 +07:00: [32m[04:29:55][0m [34m[udemy-downloader][0m [process_lecture:1585] [1;30mINFO:[0m       ====== Selected quality: video 720
2026-01-12 16:29:57 +07:00: [32m[04:29:57][0m [34m[udemy-downloader][0m [parse_new:1790] [1;30mINFO:[0m Processing 0 caption(s)...
2026-01-12 16:29:57 +07:00: [32m[04:29:57][0m [34m[udemy-downloader][0m [parse_new:1804] [1;30mINFO:[0m     > Processing 0 asset(s) for lecture...
2026-01-12 16:39:15 +07:00: [32m[04:39:15][0m [34m[udemy-downloader][0m [pre_run:376] [1;30mINFO:[0m Output directory set to /root/server/udemy_dl/Staging_Download/Task_20
2026-01-12 16:39:15 +07:00: [32m[04:39:15][0m [34m[udemy-downloader][0m [pre_run:386] [1;30mWARNING:[0m [33m> Keyfile not found! You won't be able to decrypt any encrypted videos![0m
2026-01-12 16:39:16 +07:00: [32m[04:39:16][0m [34m[udemy-downloader][0m [visit:1185] [1;30mINFO:[0m Visit request successful
2026-01-12 16:39:16 +07:00: [32m[04:39:16][0m [34m[udemy-downloader][0m [main:2005] [1;30mINFO:[0m > Fetching course information, this may take a minute...
2026-01-12 16:39:18 +07:00: [32m[04:39:18][0m [34m[udemy-downloader][0m [_handle_pagination:896] [1;30mINFO:[0m > Downloading data page 2/2
2026-01-12 16:39:19 +07:00: [32m[04:39:19][0m [34m[udemy-downloader][0m [main:2008] [1;30mINFO:[0m > Course information retrieved!
2026-01-12 16:39:19 +07:00: [32m[04:39:19][0m [34m[udemy-downloader][0m [main:2013] [1;30mINFO:[0m > Fetching course curriculum, this may take a minute...
2026-01-12 16:39:19 +07:00: [32m[04:39:19][0m [34m[udemy-downloader][0m [main:2037] [1;30mINFO:[0m > Course curriculum retrieved!
2026-01-12 16:39:19 +07:00: [32m[04:39:19][0m [34m[udemy-downloader][0m [main:2068] [1;30mINFO:[0m > Processing course data, this may take a minute. 
2026-01-12 16:39:19 +07:00: [32m[04:39:19][0m [34m[udemy-downloader][0m [main:2112] [1;30mINFO:[0m Processing 2 of 8
2026-01-12 16:39:19 +07:00: [32m[04:39:19][0m [34m[udemy-downloader][0m [main:2112] [1;30mINFO:[0m Processing 3 of 8
2026-01-12 16:39:19 +07:00: [32m[04:39:19][0m [34m[udemy-downloader][0m [main:2112] [1;30mINFO:[0m Processing 4 of 8
2026-01-12 16:39:19 +07:00: [32m[04:39:19][0m [34m[udemy-downloader][0m [main:2112] [1;30mINFO:[0m Processing 5 of 8
2026-01-12 16:39:19 +07:00: [32m[04:39:19][0m [34m[udemy-downloader][0m [main:2112] [1;30mINFO:[0m Processing 6 of 8
2026-01-12 16:39:19 +07:00: [32m[04:39:19][0m [34m[udemy-downloader][0m [main:2112] [1;30mINFO:[0m Processing 7 of 8
2026-01-12 16:39:19 +07:00: [32m[04:39:19][0m [34m[udemy-downloader][0m [main:2112] [1;30mINFO:[0m Processing 8 of 8
2026-01-12 16:39:19 +07:00: [32m[04:39:19][0m [34m[udemy-downloader][0m [parse_new:1713] [1;30mINFO:[0m Chapter(s) (1)
2026-01-12 16:39:19 +07:00: [32m[04:39:19][0m [34m[udemy-downloader][0m [parse_new:1714] [1;30mINFO:[0m Lecture(s) (7)
2026-01-12 16:39:19 +07:00: [32m[04:39:19][0m [34m[udemy-downloader][0m [parse_new:1736] [1;30mINFO:[0m ======= Processing chapter 1 of 1 =======
2026-01-12 16:39:22 +07:00: [32m[04:39:22][0m [34m[udemy-downloader][0m [parse_new:1764] [1;30mINFO:[0m   > Processing lecture 1 of 7
2026-01-12 16:39:22 +07:00: [32m[04:39:22][0m [34m[udemy-downloader][0m [process_lecture:1580] [1;30mINFO:[0m       > Lecture doesn't have DRM, attempting to download...
2026-01-12 16:39:22 +07:00: [32m[04:39:22][0m [34m[udemy-downloader][0m [process_lecture:1585] [1;30mINFO:[0m       ====== Selected quality: video 720
2026-01-12 16:39:24 +07:00: [32m[04:39:24][0m [34m[udemy-downloader][0m [parse_new:1790] [1;30mINFO:[0m Processing 0 caption(s)...
2026-01-12 16:39:24 +07:00: [32m[04:39:24][0m [34m[udemy-downloader][0m [parse_new:1804] [1;30mINFO:[0m     > Processing 0 asset(s) for lecture...
2026-01-12 16:39:29 +07:00: [32m[04:39:29][0m [34m[udemy-downloader][0m [parse_new:1764] [1;30mINFO:[0m   > Processing lecture 2 of 7
2026-01-12 16:39:29 +07:00: [32m[04:39:29][0m [34m[udemy-downloader][0m [process_lecture:1580] [1;30mINFO:[0m       > Lecture doesn't have DRM, attempting to download...
2026-01-12 16:39:29 +07:00: [32m[04:39:29][0m [34m[udemy-downloader][0m [process_lecture:1585] [1;30mINFO:[0m       ====== Selected quality: video 720
2026-01-12 16:39:31 +07:00: [32m[04:39:31][0m [34m[udemy-downloader][0m [parse_new:1790] [1;30mINFO:[0m Processing 0 caption(s)...
2026-01-12 16:39:31 +07:00: [32m[04:39:31][0m [34m[udemy-downloader][0m [parse_new:1804] [1;30mINFO:[0m     > Processing 0 asset(s) for lecture...
2026-01-12 16:39:34 +07:00: [32m[04:39:34][0m [34m[udemy-downloader][0m [parse_new:1764] [1;30mINFO:[0m   > Processing lecture 3 of 7
2026-01-12 16:39:34 +07:00: [32m[04:39:34][0m [34m[udemy-downloader][0m [process_lecture:1580] [1;30mINFO:[0m       > Lecture doesn't have DRM, attempting to download...
2026-01-12 16:39:34 +07:00: [32m[04:39:34][0m [34m[udemy-downloader][0m [process_lecture:1585] [1;30mINFO:[0m       ====== Selected quality: video 720
2026-01-12 16:39:36 +07:00: [32m[04:39:36][0m [34m[udemy-downloader][0m [parse_new:1790] [1;30mINFO:[0m Processing 0 caption(s)...
2026-01-12 16:39:36 +07:00: [32m[04:39:36][0m [34m[udemy-downloader][0m [parse_new:1804] [1;30mINFO:[0m     > Processing 0 asset(s) for lecture...
2026-01-12 16:39:39 +07:00: [32m[04:39:39][0m [34m[udemy-downloader][0m [parse_new:1764] [1;30mINFO:[0m   > Processing lecture 4 of 7
2026-01-12 16:39:39 +07:00: [32m[04:39:39][0m [34m[udemy-downloader][0m [process_lecture:1580] [1;30mINFO:[0m       > Lecture doesn't have DRM, attempting to download...
2026-01-12 16:39:39 +07:00: [32m[04:39:39][0m [34m[udemy-downloader][0m [process_lecture:1585] [1;30mINFO:[0m       ====== Selected quality: video 720
2026-01-12 16:39:41 +07:00: [32m[04:39:41][0m [34m[udemy-downloader][0m [parse_new:1790] [1;30mINFO:[0m Processing 0 caption(s)...
2026-01-12 16:39:41 +07:00: [32m[04:39:41][0m [34m[udemy-downloader][0m [parse_new:1804] [1;30mINFO:[0m     > Processing 0 asset(s) for lecture...
2026-01-12 16:39:43 +07:00: [32m[04:39:43][0m [34m[udemy-downloader][0m [parse_new:1764] [1;30mINFO:[0m   > Processing lecture 5 of 7
2026-01-12 16:39:43 +07:00: [32m[04:39:43][0m [34m[udemy-downloader][0m [process_lecture:1580] [1;30mINFO:[0m       > Lecture doesn't have DRM, attempting to download...
2026-01-12 16:39:43 +07:00: [32m[04:39:43][0m [34m[udemy-downloader][0m [process_lecture:1585] [1;30mINFO:[0m       ====== Selected quality: video 720
2026-01-12 16:39:45 +07:00: [32m[04:39:45][0m [34m[udemy-downloader][0m [parse_new:1790] [1;30mINFO:[0m Processing 0 caption(s)...
2026-01-12 16:39:45 +07:00: [32m[04:39:45][0m [34m[udemy-downloader][0m [parse_new:1804] [1;30mINFO:[0m     > Processing 0 asset(s) for lecture...
2026-01-12 16:39:48 +07:00: [32m[04:39:48][0m [34m[udemy-downloader][0m [parse_new:1764] [1;30mINFO:[0m   > Processing lecture 6 of 7
2026-01-12 16:39:48 +07:00: [32m[04:39:48][0m [34m[udemy-downloader][0m [process_lecture:1580] [1;30mINFO:[0m       > Lecture doesn't have DRM, attempting to download...
2026-01-12 16:39:48 +07:00: [32m[04:39:48][0m [34m[udemy-downloader][0m [process_lecture:1585] [1;30mINFO:[0m       ====== Selected quality: video 720
2026-01-12 16:39:50 +07:00: [32m[04:39:50][0m [34m[udemy-downloader][0m [parse_new:1790] [1;30mINFO:[0m Processing 0 caption(s)...
2026-01-12 16:39:50 +07:00: [32m[04:39:50][0m [34m[udemy-downloader][0m [parse_new:1804] [1;30mINFO:[0m     > Processing 0 asset(s) for lecture...
2026-01-12 16:39:53 +07:00: [32m[04:39:53][0m [34m[udemy-downloader][0m [parse_new:1764] [1;30mINFO:[0m   > Processing lecture 7 of 7
2026-01-12 16:39:53 +07:00: [32m[04:39:53][0m [34m[udemy-downloader][0m [process_lecture:1580] [1;30mINFO:[0m       > Lecture doesn't have DRM, attempting to download...
2026-01-12 16:39:53 +07:00: [32m[04:39:53][0m [34m[udemy-downloader][0m [process_lecture:1585] [1;30mINFO:[0m       ====== Selected quality: video 720
2026-01-12 16:39:54 +07:00: [32m[04:39:54][0m [34m[udemy-downloader][0m [parse_new:1790] [1;30mINFO:[0m Processing 0 caption(s)...
2026-01-12 16:39:54 +07:00: [32m[04:39:54][0m [34m[udemy-downloader][0m [parse_new:1804] [1;30mINFO:[0m     > Processing 0 asset(s) for lecture...
